<?xml version="1.0" encoding="UTF-8"?>
<testsuite name="com.shop.service.CartServiceTest" tests="1" skipped="0" failures="0" errors="0" timestamp="2023-11-07T00:33:33" hostname="FULL8-000" time="0.037">
  <properties/>
  <testcase name="장바구니 담기 테스트" classname="com.shop.service.CartServiceTest" time="0.037"/>
  <system-out><![CDATA[2023-11-07 09:33:33.062  INFO 10456 --- [    Test worker] .b.t.c.SpringBootTestContextBootstrapper : Neither @ContextConfiguration nor @ContextHierarchy found for test class [com.shop.service.CartServiceTest], using SpringBootContextLoader
2023-11-07 09:33:33.062  INFO 10456 --- [    Test worker] o.s.t.c.support.AbstractContextLoader    : Could not detect default resource locations for test class [com.shop.service.CartServiceTest]: no resource found for suffixes {-context.xml, Context.groovy}.
2023-11-07 09:33:33.062  INFO 10456 --- [    Test worker] t.c.s.AnnotationConfigContextLoaderUtils : Could not detect default configuration classes for test class [com.shop.service.CartServiceTest]: CartServiceTest does not declare any static, non-private, non-final, nested classes annotated with @Configuration.
2023-11-07 09:33:33.063  INFO 10456 --- [    Test worker] .b.t.c.SpringBootTestContextBootstrapper : Found @SpringBootConfiguration com.shop.ShopApplication for test class com.shop.service.CartServiceTest
2023-11-07 09:33:33.064  INFO 10456 --- [    Test worker] .b.t.c.SpringBootTestContextBootstrapper : Loaded default TestExecutionListener class names from location [META-INF/spring.factories]: [org.springframework.security.test.context.support.WithSecurityContextTestExecutionListener, org.springframework.security.test.context.support.ReactorContextTestExecutionListener, org.springframework.boot.test.autoconfigure.restdocs.RestDocsTestExecutionListener, org.springframework.boot.test.autoconfigure.web.client.MockRestServiceServerResetTestExecutionListener, org.springframework.boot.test.autoconfigure.web.servlet.MockMvcPrintOnlyOnFailureTestExecutionListener, org.springframework.boot.test.autoconfigure.web.servlet.WebDriverTestExecutionListener, org.springframework.boot.test.autoconfigure.webservices.client.MockWebServiceServerTestExecutionListener, org.springframework.boot.test.mock.mockito.MockitoTestExecutionListener, org.springframework.boot.test.mock.mockito.ResetMocksTestExecutionListener, org.springframework.test.context.web.ServletTestExecutionListener, org.springframework.test.context.support.DirtiesContextBeforeModesTestExecutionListener, org.springframework.test.context.event.ApplicationEventsTestExecutionListener, org.springframework.test.context.support.DependencyInjectionTestExecutionListener, org.springframework.test.context.support.DirtiesContextTestExecutionListener, org.springframework.test.context.transaction.TransactionalTestExecutionListener, org.springframework.test.context.jdbc.SqlScriptsTestExecutionListener, org.springframework.test.context.event.EventPublishingTestExecutionListener]
2023-11-07 09:33:33.064  INFO 10456 --- [    Test worker] .b.t.c.SpringBootTestContextBootstrapper : Using TestExecutionListeners: [org.springframework.test.context.web.ServletTestExecutionListener@3eb60858, org.springframework.test.context.support.DirtiesContextBeforeModesTestExecutionListener@469f8de2, org.springframework.test.context.event.ApplicationEventsTestExecutionListener@14f13587, org.springframework.boot.test.mock.mockito.MockitoTestExecutionListener@24af33a1, org.springframework.boot.test.autoconfigure.SpringBootDependencyInjectionTestExecutionListener@2ad51ba4, org.springframework.test.context.support.DirtiesContextTestExecutionListener@109f7381, org.springframework.test.context.transaction.TransactionalTestExecutionListener@d5f3118, org.springframework.test.context.jdbc.SqlScriptsTestExecutionListener@50b03929, org.springframework.security.test.context.support.WithSecurityContextTestExecutionListener@523a10a0, org.springframework.test.context.event.EventPublishingTestExecutionListener@3952621d, org.springframework.security.test.context.support.ReactorContextTestExecutionListener@4d7143de, org.springframework.boot.test.autoconfigure.restdocs.RestDocsTestExecutionListener@1c595228, org.springframework.boot.test.autoconfigure.web.client.MockRestServiceServerResetTestExecutionListener@1e64ee13, org.springframework.boot.test.autoconfigure.web.servlet.MockMvcPrintOnlyOnFailureTestExecutionListener@348c2548, org.springframework.boot.test.autoconfigure.web.servlet.WebDriverTestExecutionListener@73a4efb4, org.springframework.boot.test.autoconfigure.webservices.client.MockWebServiceServerTestExecutionListener@253a2bfa, org.springframework.boot.test.mock.mockito.ResetMocksTestExecutionListener@1c175d38]
2023-11-07 09:33:33.066  INFO 10456 --- [    Test worker] o.s.t.c.transaction.TransactionContext   : Began transaction (1) for test context [DefaultTestContext@22c5c530 testClass = CartServiceTest, testInstance = com.shop.service.CartServiceTest@77eb383a, testMethod = addCart@CartServiceTest, testException = [null], mergedContextConfiguration = [WebMergedContextConfiguration@5a414ed4 testClass = CartServiceTest, locations = '{}', classes = '{class com.shop.ShopApplication}', contextInitializerClasses = '[]', activeProfiles = '{}', propertySourceLocations = '{classpath:application-test.properties}', propertySourceProperties = '{org.springframework.boot.test.context.SpringBootTestContextBootstrapper=true}', contextCustomizers = set[org.springframework.boot.test.autoconfigure.actuate.metrics.MetricsExportContextCustomizerFactory$DisableMetricExportContextCustomizer@51972dc7, org.springframework.boot.test.autoconfigure.properties.PropertyMappingContextCustomizer@0, org.springframework.boot.test.autoconfigure.web.servlet.WebDriverContextCustomizerFactory$Customizer@23fb172e, org.springframework.boot.test.context.filter.ExcludeFilterContextCustomizer@25a6944c, org.springframework.boot.test.json.DuplicateJsonObjectContextCustomizerFactory$DuplicateJsonObjectContextCustomizer@1d131e1b, org.springframework.boot.test.mock.mockito.MockitoContextCustomizer@0, org.springframework.boot.test.web.client.TestRestTemplateContextCustomizer@44e3a2b2, org.springframework.boot.test.context.SpringBootTestArgs@1, org.springframework.boot.test.context.SpringBootTestWebEnvironment@506ae4d4], resourceBasePath = 'src/main/webapp', contextLoader = 'org.springframework.boot.test.context.SpringBootContextLoader', parent = [null]], attributes = map['org.springframework.test.context.web.ServletTestExecutionListener.activateListener' -> true, 'org.springframework.test.context.web.ServletTestExecutionListener.populatedRequestContextHolder' -> true, 'org.springframework.test.context.web.ServletTestExecutionListener.resetRequestContextHolder' -> true, 'org.springframework.test.context.event.ApplicationEventsTestExecutionListener.recordApplicationEvents' -> false]]; transaction manager [org.springframework.orm.jpa.JpaTransactionManager@eaf3dd0]; rollback [true]
Hibernate: 
    call next value for hibernate_sequence
Hibernate: 
    call next value for hibernate_sequence
Hibernate: 
    insert 
    into
        item
        (reg_time, update_time, created_by, modified_by, item_detail, item_nm, item_sell_status, price, stock_number, item_id) 
    values
        (?, ?, ?, ?, ?, ?, ?, ?, ?, ?)
2023-11-07 09:33:33.076 TRACE 10456 --- [    Test worker] o.h.type.descriptor.sql.BasicBinder      : binding parameter [1] as [TIMESTAMP] - [2023-11-07T09:33:33.067233300]
2023-11-07 09:33:33.076 TRACE 10456 --- [    Test worker] o.h.type.descriptor.sql.BasicBinder      : binding parameter [2] as [TIMESTAMP] - [2023-11-07T09:33:33.067233300]
2023-11-07 09:33:33.077 TRACE 10456 --- [    Test worker] o.h.type.descriptor.sql.BasicBinder      : binding parameter [3] as [VARCHAR] - []
2023-11-07 09:33:33.077 TRACE 10456 --- [    Test worker] o.h.type.descriptor.sql.BasicBinder      : binding parameter [4] as [VARCHAR] - []
2023-11-07 09:33:33.077 TRACE 10456 --- [    Test worker] o.h.type.descriptor.sql.BasicBinder      : binding parameter [5] as [CLOB] - [테스트 상품 상세 설명]
2023-11-07 09:33:33.077 TRACE 10456 --- [    Test worker] o.h.type.descriptor.sql.BasicBinder      : binding parameter [6] as [VARCHAR] - [테스트 상품]
2023-11-07 09:33:33.077 TRACE 10456 --- [    Test worker] o.h.type.descriptor.sql.BasicBinder      : binding parameter [7] as [VARCHAR] - [SELL]
2023-11-07 09:33:33.077 TRACE 10456 --- [    Test worker] o.h.type.descriptor.sql.BasicBinder      : binding parameter [8] as [INTEGER] - [10000]
2023-11-07 09:33:33.077 TRACE 10456 --- [    Test worker] o.h.type.descriptor.sql.BasicBinder      : binding parameter [9] as [INTEGER] - [100]
2023-11-07 09:33:33.077 TRACE 10456 --- [    Test worker] o.h.type.descriptor.sql.BasicBinder      : binding parameter [10] as [BIGINT] - [100]
Hibernate: 
    insert 
    into
        member
        (reg_time, update_time, created_by, modified_by, address, email, name, password, role, member_id) 
    values
        (?, ?, ?, ?, ?, ?, ?, ?, ?, ?)
2023-11-07 09:33:33.078 TRACE 10456 --- [    Test worker] o.h.type.descriptor.sql.BasicBinder      : binding parameter [1] as [TIMESTAMP] - [2023-11-07T09:33:33.067233300]
2023-11-07 09:33:33.078 TRACE 10456 --- [    Test worker] o.h.type.descriptor.sql.BasicBinder      : binding parameter [2] as [TIMESTAMP] - [2023-11-07T09:33:33.067233300]
2023-11-07 09:33:33.078 TRACE 10456 --- [    Test worker] o.h.type.descriptor.sql.BasicBinder      : binding parameter [3] as [VARCHAR] - []
2023-11-07 09:33:33.078 TRACE 10456 --- [    Test worker] o.h.type.descriptor.sql.BasicBinder      : binding parameter [4] as [VARCHAR] - []
2023-11-07 09:33:33.078 TRACE 10456 --- [    Test worker] o.h.type.descriptor.sql.BasicBinder      : binding parameter [5] as [VARCHAR] - [null]
2023-11-07 09:33:33.078 TRACE 10456 --- [    Test worker] o.h.type.descriptor.sql.BasicBinder      : binding parameter [6] as [VARCHAR] - [test@test.com]
2023-11-07 09:33:33.078 TRACE 10456 --- [    Test worker] o.h.type.descriptor.sql.BasicBinder      : binding parameter [7] as [VARCHAR] - [null]
2023-11-07 09:33:33.078 TRACE 10456 --- [    Test worker] o.h.type.descriptor.sql.BasicBinder      : binding parameter [8] as [VARCHAR] - [null]
2023-11-07 09:33:33.078 TRACE 10456 --- [    Test worker] o.h.type.descriptor.sql.BasicBinder      : binding parameter [9] as [VARCHAR] - [null]
2023-11-07 09:33:33.078 TRACE 10456 --- [    Test worker] o.h.type.descriptor.sql.BasicBinder      : binding parameter [10] as [BIGINT] - [101]
Hibernate: 
    select
        member0_.member_id as member_i1_4_,
        member0_.reg_time as reg_time2_4_,
        member0_.update_time as update_t3_4_,
        member0_.created_by as created_4_4_,
        member0_.modified_by as modified5_4_,
        member0_.address as address6_4_,
        member0_.email as email7_4_,
        member0_.name as name8_4_,
        member0_.password as password9_4_,
        member0_.role as role10_4_ 
    from
        member member0_ 
    where
        member0_.email=?
2023-11-07 09:33:33.079 TRACE 10456 --- [    Test worker] o.h.type.descriptor.sql.BasicBinder      : binding parameter [1] as [VARCHAR] - [test@test.com]
2023-11-07 09:33:33.079 TRACE 10456 --- [    Test worker] o.h.type.descriptor.sql.BasicExtractor   : extracted value ([member_i1_4_] : [BIGINT]) - [101]
Hibernate: 
    select
        cart0_.cart_id as cart_id1_0_,
        cart0_.reg_time as reg_time2_0_,
        cart0_.update_time as update_t3_0_,
        cart0_.created_by as created_4_0_,
        cart0_.modified_by as modified5_0_,
        cart0_.member_id as member_i6_0_ 
    from
        cart cart0_ 
    left outer join
        member member1_ 
            on cart0_.member_id=member1_.member_id 
    where
        member1_.member_id=?
2023-11-07 09:33:33.091 TRACE 10456 --- [    Test worker] o.h.type.descriptor.sql.BasicBinder      : binding parameter [1] as [BIGINT] - [101]
Hibernate: 
    call next value for hibernate_sequence
Hibernate: 
    insert 
    into
        cart
        (reg_time, update_time, created_by, modified_by, member_id, cart_id) 
    values
        (?, ?, ?, ?, ?, ?)
2023-11-07 09:33:33.096 TRACE 10456 --- [    Test worker] o.h.type.descriptor.sql.BasicBinder      : binding parameter [1] as [TIMESTAMP] - [2023-11-07T09:33:33.092312400]
2023-11-07 09:33:33.096 TRACE 10456 --- [    Test worker] o.h.type.descriptor.sql.BasicBinder      : binding parameter [2] as [TIMESTAMP] - [2023-11-07T09:33:33.092312400]
2023-11-07 09:33:33.096 TRACE 10456 --- [    Test worker] o.h.type.descriptor.sql.BasicBinder      : binding parameter [3] as [VARCHAR] - []
2023-11-07 09:33:33.096 TRACE 10456 --- [    Test worker] o.h.type.descriptor.sql.BasicBinder      : binding parameter [4] as [VARCHAR] - []
2023-11-07 09:33:33.096 TRACE 10456 --- [    Test worker] o.h.type.descriptor.sql.BasicBinder      : binding parameter [5] as [BIGINT] - [101]
2023-11-07 09:33:33.096 TRACE 10456 --- [    Test worker] o.h.type.descriptor.sql.BasicBinder      : binding parameter [6] as [BIGINT] - [102]
Hibernate: 
    select
        cartitem0_.cart_item_id as cart_ite1_1_,
        cartitem0_.reg_time as reg_time2_1_,
        cartitem0_.update_time as update_t3_1_,
        cartitem0_.created_by as created_4_1_,
        cartitem0_.modified_by as modified5_1_,
        cartitem0_.cart_id as cart_id7_1_,
        cartitem0_.count as count6_1_,
        cartitem0_.item_id as item_id8_1_ 
    from
        cart_item cartitem0_ 
    left outer join
        cart cart1_ 
            on cartitem0_.cart_id=cart1_.cart_id 
    left outer join
        item item2_ 
            on cartitem0_.item_id=item2_.item_id 
    where
        cart1_.cart_id=? 
        and item2_.item_id=?
2023-11-07 09:33:33.096 TRACE 10456 --- [    Test worker] o.h.type.descriptor.sql.BasicBinder      : binding parameter [1] as [BIGINT] - [102]
2023-11-07 09:33:33.096 TRACE 10456 --- [    Test worker] o.h.type.descriptor.sql.BasicBinder      : binding parameter [2] as [BIGINT] - [100]
Hibernate: 
    call next value for hibernate_sequence
2023-11-07 09:33:33.102  INFO 10456 --- [    Test worker] o.s.t.c.transaction.TransactionContext   : Rolled back transaction for test: [DefaultTestContext@22c5c530 testClass = CartServiceTest, testInstance = com.shop.service.CartServiceTest@77eb383a, testMethod = addCart@CartServiceTest, testException = [null], mergedContextConfiguration = [WebMergedContextConfiguration@5a414ed4 testClass = CartServiceTest, locations = '{}', classes = '{class com.shop.ShopApplication}', contextInitializerClasses = '[]', activeProfiles = '{}', propertySourceLocations = '{classpath:application-test.properties}', propertySourceProperties = '{org.springframework.boot.test.context.SpringBootTestContextBootstrapper=true}', contextCustomizers = set[org.springframework.boot.test.autoconfigure.actuate.metrics.MetricsExportContextCustomizerFactory$DisableMetricExportContextCustomizer@51972dc7, org.springframework.boot.test.autoconfigure.properties.PropertyMappingContextCustomizer@0, org.springframework.boot.test.autoconfigure.web.servlet.WebDriverContextCustomizerFactory$Customizer@23fb172e, org.springframework.boot.test.context.filter.ExcludeFilterContextCustomizer@25a6944c, org.springframework.boot.test.json.DuplicateJsonObjectContextCustomizerFactory$DuplicateJsonObjectContextCustomizer@1d131e1b, org.springframework.boot.test.mock.mockito.MockitoContextCustomizer@0, org.springframework.boot.test.web.client.TestRestTemplateContextCustomizer@44e3a2b2, org.springframework.boot.test.context.SpringBootTestArgs@1, org.springframework.boot.test.context.SpringBootTestWebEnvironment@506ae4d4], resourceBasePath = 'src/main/webapp', contextLoader = 'org.springframework.boot.test.context.SpringBootContextLoader', parent = [null]], attributes = map['org.springframework.test.context.web.ServletTestExecutionListener.activateListener' -> true, 'org.springframework.test.context.web.ServletTestExecutionListener.populatedRequestContextHolder' -> true, 'org.springframework.test.context.web.ServletTestExecutionListener.resetRequestContextHolder' -> true, 'org.springframework.test.context.event.ApplicationEventsTestExecutionListener.recordApplicationEvents' -> false]]
]]></system-out>
  <system-err><![CDATA[]]></system-err>
</testsuite>
