<?xml version="1.0" encoding="UTF-8"?>
<testsuite name="com.shop.repository.ItemRepositoryTest" tests="8" skipped="0" failures="0" errors="0" timestamp="2023-11-07T00:33:32" hostname="FULL8-000" time="0.232">
  <properties/>
  <testcase name="가격 내림차순 조회 테스트" classname="com.shop.repository.ItemRepositoryTest" time="0.04"/>
  <testcase name="Querydsl 조회 테스트1" classname="com.shop.repository.ItemRepositoryTest" time="0.069"/>
  <testcase name="상품명, 상품상세설명 or 테스트" classname="com.shop.repository.ItemRepositoryTest" time="0.021"/>
  <testcase name="가격 LessThan 테스트" classname="com.shop.repository.ItemRepositoryTest" time="0.021"/>
  <testcase name="상품명 조회 테스트" classname="com.shop.repository.ItemRepositoryTest" time="0.015"/>
  <testcase name="@Query를 이용한 상품 조회 테스트" classname="com.shop.repository.ItemRepositoryTest" time="0.03"/>
  <testcase name="상품 저장 테스트" classname="com.shop.repository.ItemRepositoryTest" time="0.004"/>
  <testcase name="상품 Querydsl 조회 테스트 2" classname="com.shop.repository.ItemRepositoryTest" time="0.028"/>
  <system-out><![CDATA[2023-11-07 09:33:32.822  INFO 10456 --- [    Test worker] .b.t.c.SpringBootTestContextBootstrapper : Neither @ContextConfiguration nor @ContextHierarchy found for test class [com.shop.repository.ItemRepositoryTest], using SpringBootContextLoader
2023-11-07 09:33:32.822  INFO 10456 --- [    Test worker] o.s.t.c.support.AbstractContextLoader    : Could not detect default resource locations for test class [com.shop.repository.ItemRepositoryTest]: no resource found for suffixes {-context.xml, Context.groovy}.
2023-11-07 09:33:32.822  INFO 10456 --- [    Test worker] t.c.s.AnnotationConfigContextLoaderUtils : Could not detect default configuration classes for test class [com.shop.repository.ItemRepositoryTest]: ItemRepositoryTest does not declare any static, non-private, non-final, nested classes annotated with @Configuration.
2023-11-07 09:33:32.825  INFO 10456 --- [    Test worker] .b.t.c.SpringBootTestContextBootstrapper : Found @SpringBootConfiguration com.shop.ShopApplication for test class com.shop.repository.ItemRepositoryTest
2023-11-07 09:33:32.826  INFO 10456 --- [    Test worker] .b.t.c.SpringBootTestContextBootstrapper : Loaded default TestExecutionListener class names from location [META-INF/spring.factories]: [org.springframework.security.test.context.support.WithSecurityContextTestExecutionListener, org.springframework.security.test.context.support.ReactorContextTestExecutionListener, org.springframework.boot.test.autoconfigure.restdocs.RestDocsTestExecutionListener, org.springframework.boot.test.autoconfigure.web.client.MockRestServiceServerResetTestExecutionListener, org.springframework.boot.test.autoconfigure.web.servlet.MockMvcPrintOnlyOnFailureTestExecutionListener, org.springframework.boot.test.autoconfigure.web.servlet.WebDriverTestExecutionListener, org.springframework.boot.test.autoconfigure.webservices.client.MockWebServiceServerTestExecutionListener, org.springframework.boot.test.mock.mockito.MockitoTestExecutionListener, org.springframework.boot.test.mock.mockito.ResetMocksTestExecutionListener, org.springframework.test.context.web.ServletTestExecutionListener, org.springframework.test.context.support.DirtiesContextBeforeModesTestExecutionListener, org.springframework.test.context.event.ApplicationEventsTestExecutionListener, org.springframework.test.context.support.DependencyInjectionTestExecutionListener, org.springframework.test.context.support.DirtiesContextTestExecutionListener, org.springframework.test.context.transaction.TransactionalTestExecutionListener, org.springframework.test.context.jdbc.SqlScriptsTestExecutionListener, org.springframework.test.context.event.EventPublishingTestExecutionListener]
2023-11-07 09:33:32.826  INFO 10456 --- [    Test worker] .b.t.c.SpringBootTestContextBootstrapper : Using TestExecutionListeners: [org.springframework.test.context.web.ServletTestExecutionListener@16d9c898, org.springframework.test.context.support.DirtiesContextBeforeModesTestExecutionListener@2cca4a87, org.springframework.test.context.event.ApplicationEventsTestExecutionListener@23180ee3, org.springframework.boot.test.mock.mockito.MockitoTestExecutionListener@10e9aa29, org.springframework.boot.test.autoconfigure.SpringBootDependencyInjectionTestExecutionListener@48ac2da4, org.springframework.test.context.support.DirtiesContextTestExecutionListener@36ccc844, org.springframework.test.context.transaction.TransactionalTestExecutionListener@55c0a768, org.springframework.test.context.jdbc.SqlScriptsTestExecutionListener@8a5e71b, org.springframework.security.test.context.support.WithSecurityContextTestExecutionListener@214d2aa6, org.springframework.test.context.event.EventPublishingTestExecutionListener@71134823, org.springframework.security.test.context.support.ReactorContextTestExecutionListener@21384a8e, org.springframework.boot.test.autoconfigure.restdocs.RestDocsTestExecutionListener@682ec8d, org.springframework.boot.test.autoconfigure.web.client.MockRestServiceServerResetTestExecutionListener@4ed2eee1, org.springframework.boot.test.autoconfigure.web.servlet.MockMvcPrintOnlyOnFailureTestExecutionListener@25ebe548, org.springframework.boot.test.autoconfigure.web.servlet.WebDriverTestExecutionListener@4664b741, org.springframework.boot.test.autoconfigure.webservices.client.MockWebServiceServerTestExecutionListener@5793cd84, org.springframework.boot.test.mock.mockito.ResetMocksTestExecutionListener@eef9471]
Hibernate: 
    call next value for hibernate_sequence
Hibernate: 
    insert 
    into
        item
        (reg_time, update_time, created_by, modified_by, item_detail, item_nm, item_sell_status, price, stock_number, item_id) 
    values
        (?, ?, ?, ?, ?, ?, ?, ?, ?, ?)
2023-11-07 09:33:32.830 TRACE 10456 --- [    Test worker] o.h.type.descriptor.sql.BasicBinder      : binding parameter [1] as [TIMESTAMP] - [2023-11-07T09:33:32.829986800]
2023-11-07 09:33:32.830 TRACE 10456 --- [    Test worker] o.h.type.descriptor.sql.BasicBinder      : binding parameter [2] as [TIMESTAMP] - [2023-11-07T09:33:32.829986800]
2023-11-07 09:33:32.830 TRACE 10456 --- [    Test worker] o.h.type.descriptor.sql.BasicBinder      : binding parameter [3] as [VARCHAR] - []
2023-11-07 09:33:32.830 TRACE 10456 --- [    Test worker] o.h.type.descriptor.sql.BasicBinder      : binding parameter [4] as [VARCHAR] - []
2023-11-07 09:33:32.830 TRACE 10456 --- [    Test worker] o.h.type.descriptor.sql.BasicBinder      : binding parameter [5] as [CLOB] - [테스트 상품 상세 설명1]
2023-11-07 09:33:32.830 TRACE 10456 --- [    Test worker] o.h.type.descriptor.sql.BasicBinder      : binding parameter [6] as [VARCHAR] - [테스트 상품1]
2023-11-07 09:33:32.830 TRACE 10456 --- [    Test worker] o.h.type.descriptor.sql.BasicBinder      : binding parameter [7] as [VARCHAR] - [SELL]
2023-11-07 09:33:32.830 TRACE 10456 --- [    Test worker] o.h.type.descriptor.sql.BasicBinder      : binding parameter [8] as [INTEGER] - [10001]
2023-11-07 09:33:32.830 TRACE 10456 --- [    Test worker] o.h.type.descriptor.sql.BasicBinder      : binding parameter [9] as [INTEGER] - [100]
2023-11-07 09:33:32.830 TRACE 10456 --- [    Test worker] o.h.type.descriptor.sql.BasicBinder      : binding parameter [10] as [BIGINT] - [29]
Hibernate: 
    call next value for hibernate_sequence
Hibernate: 
    insert 
    into
        item
        (reg_time, update_time, created_by, modified_by, item_detail, item_nm, item_sell_status, price, stock_number, item_id) 
    values
        (?, ?, ?, ?, ?, ?, ?, ?, ?, ?)
2023-11-07 09:33:32.832 TRACE 10456 --- [    Test worker] o.h.type.descriptor.sql.BasicBinder      : binding parameter [1] as [TIMESTAMP] - [2023-11-07T09:33:32.831976200]
2023-11-07 09:33:32.832 TRACE 10456 --- [    Test worker] o.h.type.descriptor.sql.BasicBinder      : binding parameter [2] as [TIMESTAMP] - [2023-11-07T09:33:32.831976200]
2023-11-07 09:33:32.832 TRACE 10456 --- [    Test worker] o.h.type.descriptor.sql.BasicBinder      : binding parameter [3] as [VARCHAR] - []
2023-11-07 09:33:32.832 TRACE 10456 --- [    Test worker] o.h.type.descriptor.sql.BasicBinder      : binding parameter [4] as [VARCHAR] - []
2023-11-07 09:33:32.832 TRACE 10456 --- [    Test worker] o.h.type.descriptor.sql.BasicBinder      : binding parameter [5] as [CLOB] - [테스트 상품 상세 설명2]
2023-11-07 09:33:32.832 TRACE 10456 --- [    Test worker] o.h.type.descriptor.sql.BasicBinder      : binding parameter [6] as [VARCHAR] - [테스트 상품2]
2023-11-07 09:33:32.832 TRACE 10456 --- [    Test worker] o.h.type.descriptor.sql.BasicBinder      : binding parameter [7] as [VARCHAR] - [SELL]
2023-11-07 09:33:32.832 TRACE 10456 --- [    Test worker] o.h.type.descriptor.sql.BasicBinder      : binding parameter [8] as [INTEGER] - [10002]
2023-11-07 09:33:32.832 TRACE 10456 --- [    Test worker] o.h.type.descriptor.sql.BasicBinder      : binding parameter [9] as [INTEGER] - [100]
2023-11-07 09:33:32.832 TRACE 10456 --- [    Test worker] o.h.type.descriptor.sql.BasicBinder      : binding parameter [10] as [BIGINT] - [30]
Hibernate: 
    call next value for hibernate_sequence
Hibernate: 
    insert 
    into
        item
        (reg_time, update_time, created_by, modified_by, item_detail, item_nm, item_sell_status, price, stock_number, item_id) 
    values
        (?, ?, ?, ?, ?, ?, ?, ?, ?, ?)
2023-11-07 09:33:32.833 TRACE 10456 --- [    Test worker] o.h.type.descriptor.sql.BasicBinder      : binding parameter [1] as [TIMESTAMP] - [2023-11-07T09:33:32.833974500]
2023-11-07 09:33:32.833 TRACE 10456 --- [    Test worker] o.h.type.descriptor.sql.BasicBinder      : binding parameter [2] as [TIMESTAMP] - [2023-11-07T09:33:32.833974500]
2023-11-07 09:33:32.833 TRACE 10456 --- [    Test worker] o.h.type.descriptor.sql.BasicBinder      : binding parameter [3] as [VARCHAR] - []
2023-11-07 09:33:32.833 TRACE 10456 --- [    Test worker] o.h.type.descriptor.sql.BasicBinder      : binding parameter [4] as [VARCHAR] - []
2023-11-07 09:33:32.833 TRACE 10456 --- [    Test worker] o.h.type.descriptor.sql.BasicBinder      : binding parameter [5] as [CLOB] - [테스트 상품 상세 설명3]
2023-11-07 09:33:32.833 TRACE 10456 --- [    Test worker] o.h.type.descriptor.sql.BasicBinder      : binding parameter [6] as [VARCHAR] - [테스트 상품3]
2023-11-07 09:33:32.833 TRACE 10456 --- [    Test worker] o.h.type.descriptor.sql.BasicBinder      : binding parameter [7] as [VARCHAR] - [SELL]
2023-11-07 09:33:32.833 TRACE 10456 --- [    Test worker] o.h.type.descriptor.sql.BasicBinder      : binding parameter [8] as [INTEGER] - [10003]
2023-11-07 09:33:32.833 TRACE 10456 --- [    Test worker] o.h.type.descriptor.sql.BasicBinder      : binding parameter [9] as [INTEGER] - [100]
2023-11-07 09:33:32.833 TRACE 10456 --- [    Test worker] o.h.type.descriptor.sql.BasicBinder      : binding parameter [10] as [BIGINT] - [31]
Hibernate: 
    call next value for hibernate_sequence
Hibernate: 
    insert 
    into
        item
        (reg_time, update_time, created_by, modified_by, item_detail, item_nm, item_sell_status, price, stock_number, item_id) 
    values
        (?, ?, ?, ?, ?, ?, ?, ?, ?, ?)
2023-11-07 09:33:32.834 TRACE 10456 --- [    Test worker] o.h.type.descriptor.sql.BasicBinder      : binding parameter [1] as [TIMESTAMP] - [2023-11-07T09:33:32.834975200]
2023-11-07 09:33:32.834 TRACE 10456 --- [    Test worker] o.h.type.descriptor.sql.BasicBinder      : binding parameter [2] as [TIMESTAMP] - [2023-11-07T09:33:32.834975200]
2023-11-07 09:33:32.834 TRACE 10456 --- [    Test worker] o.h.type.descriptor.sql.BasicBinder      : binding parameter [3] as [VARCHAR] - []
2023-11-07 09:33:32.834 TRACE 10456 --- [    Test worker] o.h.type.descriptor.sql.BasicBinder      : binding parameter [4] as [VARCHAR] - []
2023-11-07 09:33:32.834 TRACE 10456 --- [    Test worker] o.h.type.descriptor.sql.BasicBinder      : binding parameter [5] as [CLOB] - [테스트 상품 상세 설명4]
2023-11-07 09:33:32.834 TRACE 10456 --- [    Test worker] o.h.type.descriptor.sql.BasicBinder      : binding parameter [6] as [VARCHAR] - [테스트 상품4]
2023-11-07 09:33:32.834 TRACE 10456 --- [    Test worker] o.h.type.descriptor.sql.BasicBinder      : binding parameter [7] as [VARCHAR] - [SELL]
2023-11-07 09:33:32.834 TRACE 10456 --- [    Test worker] o.h.type.descriptor.sql.BasicBinder      : binding parameter [8] as [INTEGER] - [10004]
2023-11-07 09:33:32.834 TRACE 10456 --- [    Test worker] o.h.type.descriptor.sql.BasicBinder      : binding parameter [9] as [INTEGER] - [100]
2023-11-07 09:33:32.834 TRACE 10456 --- [    Test worker] o.h.type.descriptor.sql.BasicBinder      : binding parameter [10] as [BIGINT] - [32]
Hibernate: 
    call next value for hibernate_sequence
Hibernate: 
    insert 
    into
        item
        (reg_time, update_time, created_by, modified_by, item_detail, item_nm, item_sell_status, price, stock_number, item_id) 
    values
        (?, ?, ?, ?, ?, ?, ?, ?, ?, ?)
2023-11-07 09:33:32.835 TRACE 10456 --- [    Test worker] o.h.type.descriptor.sql.BasicBinder      : binding parameter [1] as [TIMESTAMP] - [2023-11-07T09:33:32.835976100]
2023-11-07 09:33:32.835 TRACE 10456 --- [    Test worker] o.h.type.descriptor.sql.BasicBinder      : binding parameter [2] as [TIMESTAMP] - [2023-11-07T09:33:32.835976100]
2023-11-07 09:33:32.835 TRACE 10456 --- [    Test worker] o.h.type.descriptor.sql.BasicBinder      : binding parameter [3] as [VARCHAR] - []
2023-11-07 09:33:32.835 TRACE 10456 --- [    Test worker] o.h.type.descriptor.sql.BasicBinder      : binding parameter [4] as [VARCHAR] - []
2023-11-07 09:33:32.835 TRACE 10456 --- [    Test worker] o.h.type.descriptor.sql.BasicBinder      : binding parameter [5] as [CLOB] - [테스트 상품 상세 설명5]
2023-11-07 09:33:32.836 TRACE 10456 --- [    Test worker] o.h.type.descriptor.sql.BasicBinder      : binding parameter [6] as [VARCHAR] - [테스트 상품5]
2023-11-07 09:33:32.836 TRACE 10456 --- [    Test worker] o.h.type.descriptor.sql.BasicBinder      : binding parameter [7] as [VARCHAR] - [SELL]
2023-11-07 09:33:32.836 TRACE 10456 --- [    Test worker] o.h.type.descriptor.sql.BasicBinder      : binding parameter [8] as [INTEGER] - [10005]
2023-11-07 09:33:32.836 TRACE 10456 --- [    Test worker] o.h.type.descriptor.sql.BasicBinder      : binding parameter [9] as [INTEGER] - [100]
2023-11-07 09:33:32.836 TRACE 10456 --- [    Test worker] o.h.type.descriptor.sql.BasicBinder      : binding parameter [10] as [BIGINT] - [33]
Hibernate: 
    call next value for hibernate_sequence
Hibernate: 
    insert 
    into
        item
        (reg_time, update_time, created_by, modified_by, item_detail, item_nm, item_sell_status, price, stock_number, item_id) 
    values
        (?, ?, ?, ?, ?, ?, ?, ?, ?, ?)
2023-11-07 09:33:32.837 TRACE 10456 --- [    Test worker] o.h.type.descriptor.sql.BasicBinder      : binding parameter [1] as [TIMESTAMP] - [2023-11-07T09:33:32.836974700]
2023-11-07 09:33:32.837 TRACE 10456 --- [    Test worker] o.h.type.descriptor.sql.BasicBinder      : binding parameter [2] as [TIMESTAMP] - [2023-11-07T09:33:32.836974700]
2023-11-07 09:33:32.837 TRACE 10456 --- [    Test worker] o.h.type.descriptor.sql.BasicBinder      : binding parameter [3] as [VARCHAR] - []
2023-11-07 09:33:32.837 TRACE 10456 --- [    Test worker] o.h.type.descriptor.sql.BasicBinder      : binding parameter [4] as [VARCHAR] - []
2023-11-07 09:33:32.837 TRACE 10456 --- [    Test worker] o.h.type.descriptor.sql.BasicBinder      : binding parameter [5] as [CLOB] - [테스트 상품 상세 설명6]
2023-11-07 09:33:32.837 TRACE 10456 --- [    Test worker] o.h.type.descriptor.sql.BasicBinder      : binding parameter [6] as [VARCHAR] - [테스트 상품6]
2023-11-07 09:33:32.837 TRACE 10456 --- [    Test worker] o.h.type.descriptor.sql.BasicBinder      : binding parameter [7] as [VARCHAR] - [SELL]
2023-11-07 09:33:32.837 TRACE 10456 --- [    Test worker] o.h.type.descriptor.sql.BasicBinder      : binding parameter [8] as [INTEGER] - [10006]
2023-11-07 09:33:32.837 TRACE 10456 --- [    Test worker] o.h.type.descriptor.sql.BasicBinder      : binding parameter [9] as [INTEGER] - [100]
2023-11-07 09:33:32.837 TRACE 10456 --- [    Test worker] o.h.type.descriptor.sql.BasicBinder      : binding parameter [10] as [BIGINT] - [34]
Hibernate: 
    call next value for hibernate_sequence
Hibernate: 
    insert 
    into
        item
        (reg_time, update_time, created_by, modified_by, item_detail, item_nm, item_sell_status, price, stock_number, item_id) 
    values
        (?, ?, ?, ?, ?, ?, ?, ?, ?, ?)
2023-11-07 09:33:32.838 TRACE 10456 --- [    Test worker] o.h.type.descriptor.sql.BasicBinder      : binding parameter [1] as [TIMESTAMP] - [2023-11-07T09:33:32.838975400]
2023-11-07 09:33:32.838 TRACE 10456 --- [    Test worker] o.h.type.descriptor.sql.BasicBinder      : binding parameter [2] as [TIMESTAMP] - [2023-11-07T09:33:32.838975400]
2023-11-07 09:33:32.838 TRACE 10456 --- [    Test worker] o.h.type.descriptor.sql.BasicBinder      : binding parameter [3] as [VARCHAR] - []
2023-11-07 09:33:32.838 TRACE 10456 --- [    Test worker] o.h.type.descriptor.sql.BasicBinder      : binding parameter [4] as [VARCHAR] - []
2023-11-07 09:33:32.838 TRACE 10456 --- [    Test worker] o.h.type.descriptor.sql.BasicBinder      : binding parameter [5] as [CLOB] - [테스트 상품 상세 설명7]
2023-11-07 09:33:32.838 TRACE 10456 --- [    Test worker] o.h.type.descriptor.sql.BasicBinder      : binding parameter [6] as [VARCHAR] - [테스트 상품7]
2023-11-07 09:33:32.838 TRACE 10456 --- [    Test worker] o.h.type.descriptor.sql.BasicBinder      : binding parameter [7] as [VARCHAR] - [SELL]
2023-11-07 09:33:32.838 TRACE 10456 --- [    Test worker] o.h.type.descriptor.sql.BasicBinder      : binding parameter [8] as [INTEGER] - [10007]
2023-11-07 09:33:32.838 TRACE 10456 --- [    Test worker] o.h.type.descriptor.sql.BasicBinder      : binding parameter [9] as [INTEGER] - [100]
2023-11-07 09:33:32.838 TRACE 10456 --- [    Test worker] o.h.type.descriptor.sql.BasicBinder      : binding parameter [10] as [BIGINT] - [35]
Hibernate: 
    call next value for hibernate_sequence
Hibernate: 
    insert 
    into
        item
        (reg_time, update_time, created_by, modified_by, item_detail, item_nm, item_sell_status, price, stock_number, item_id) 
    values
        (?, ?, ?, ?, ?, ?, ?, ?, ?, ?)
2023-11-07 09:33:32.840 TRACE 10456 --- [    Test worker] o.h.type.descriptor.sql.BasicBinder      : binding parameter [1] as [TIMESTAMP] - [2023-11-07T09:33:32.839975500]
2023-11-07 09:33:32.840 TRACE 10456 --- [    Test worker] o.h.type.descriptor.sql.BasicBinder      : binding parameter [2] as [TIMESTAMP] - [2023-11-07T09:33:32.839975500]
2023-11-07 09:33:32.840 TRACE 10456 --- [    Test worker] o.h.type.descriptor.sql.BasicBinder      : binding parameter [3] as [VARCHAR] - []
2023-11-07 09:33:32.840 TRACE 10456 --- [    Test worker] o.h.type.descriptor.sql.BasicBinder      : binding parameter [4] as [VARCHAR] - []
2023-11-07 09:33:32.840 TRACE 10456 --- [    Test worker] o.h.type.descriptor.sql.BasicBinder      : binding parameter [5] as [CLOB] - [테스트 상품 상세 설명8]
2023-11-07 09:33:32.840 TRACE 10456 --- [    Test worker] o.h.type.descriptor.sql.BasicBinder      : binding parameter [6] as [VARCHAR] - [테스트 상품8]
2023-11-07 09:33:32.840 TRACE 10456 --- [    Test worker] o.h.type.descriptor.sql.BasicBinder      : binding parameter [7] as [VARCHAR] - [SELL]
2023-11-07 09:33:32.840 TRACE 10456 --- [    Test worker] o.h.type.descriptor.sql.BasicBinder      : binding parameter [8] as [INTEGER] - [10008]
2023-11-07 09:33:32.840 TRACE 10456 --- [    Test worker] o.h.type.descriptor.sql.BasicBinder      : binding parameter [9] as [INTEGER] - [100]
2023-11-07 09:33:32.840 TRACE 10456 --- [    Test worker] o.h.type.descriptor.sql.BasicBinder      : binding parameter [10] as [BIGINT] - [36]
Hibernate: 
    call next value for hibernate_sequence
Hibernate: 
    insert 
    into
        item
        (reg_time, update_time, created_by, modified_by, item_detail, item_nm, item_sell_status, price, stock_number, item_id) 
    values
        (?, ?, ?, ?, ?, ?, ?, ?, ?, ?)
2023-11-07 09:33:32.841 TRACE 10456 --- [    Test worker] o.h.type.descriptor.sql.BasicBinder      : binding parameter [1] as [TIMESTAMP] - [2023-11-07T09:33:32.840974600]
2023-11-07 09:33:32.841 TRACE 10456 --- [    Test worker] o.h.type.descriptor.sql.BasicBinder      : binding parameter [2] as [TIMESTAMP] - [2023-11-07T09:33:32.840974600]
2023-11-07 09:33:32.841 TRACE 10456 --- [    Test worker] o.h.type.descriptor.sql.BasicBinder      : binding parameter [3] as [VARCHAR] - []
2023-11-07 09:33:32.841 TRACE 10456 --- [    Test worker] o.h.type.descriptor.sql.BasicBinder      : binding parameter [4] as [VARCHAR] - []
2023-11-07 09:33:32.841 TRACE 10456 --- [    Test worker] o.h.type.descriptor.sql.BasicBinder      : binding parameter [5] as [CLOB] - [테스트 상품 상세 설명9]
2023-11-07 09:33:32.841 TRACE 10456 --- [    Test worker] o.h.type.descriptor.sql.BasicBinder      : binding parameter [6] as [VARCHAR] - [테스트 상품9]
2023-11-07 09:33:32.841 TRACE 10456 --- [    Test worker] o.h.type.descriptor.sql.BasicBinder      : binding parameter [7] as [VARCHAR] - [SELL]
2023-11-07 09:33:32.841 TRACE 10456 --- [    Test worker] o.h.type.descriptor.sql.BasicBinder      : binding parameter [8] as [INTEGER] - [10009]
2023-11-07 09:33:32.841 TRACE 10456 --- [    Test worker] o.h.type.descriptor.sql.BasicBinder      : binding parameter [9] as [INTEGER] - [100]
2023-11-07 09:33:32.841 TRACE 10456 --- [    Test worker] o.h.type.descriptor.sql.BasicBinder      : binding parameter [10] as [BIGINT] - [37]
Hibernate: 
    call next value for hibernate_sequence
Hibernate: 
    insert 
    into
        item
        (reg_time, update_time, created_by, modified_by, item_detail, item_nm, item_sell_status, price, stock_number, item_id) 
    values
        (?, ?, ?, ?, ?, ?, ?, ?, ?, ?)
2023-11-07 09:33:32.842 TRACE 10456 --- [    Test worker] o.h.type.descriptor.sql.BasicBinder      : binding parameter [1] as [TIMESTAMP] - [2023-11-07T09:33:32.842975300]
2023-11-07 09:33:32.842 TRACE 10456 --- [    Test worker] o.h.type.descriptor.sql.BasicBinder      : binding parameter [2] as [TIMESTAMP] - [2023-11-07T09:33:32.842975300]
2023-11-07 09:33:32.842 TRACE 10456 --- [    Test worker] o.h.type.descriptor.sql.BasicBinder      : binding parameter [3] as [VARCHAR] - []
2023-11-07 09:33:32.842 TRACE 10456 --- [    Test worker] o.h.type.descriptor.sql.BasicBinder      : binding parameter [4] as [VARCHAR] - []
2023-11-07 09:33:32.842 TRACE 10456 --- [    Test worker] o.h.type.descriptor.sql.BasicBinder      : binding parameter [5] as [CLOB] - [테스트 상품 상세 설명10]
2023-11-07 09:33:32.842 TRACE 10456 --- [    Test worker] o.h.type.descriptor.sql.BasicBinder      : binding parameter [6] as [VARCHAR] - [테스트 상품10]
2023-11-07 09:33:32.842 TRACE 10456 --- [    Test worker] o.h.type.descriptor.sql.BasicBinder      : binding parameter [7] as [VARCHAR] - [SELL]
2023-11-07 09:33:32.842 TRACE 10456 --- [    Test worker] o.h.type.descriptor.sql.BasicBinder      : binding parameter [8] as [INTEGER] - [10010]
2023-11-07 09:33:32.842 TRACE 10456 --- [    Test worker] o.h.type.descriptor.sql.BasicBinder      : binding parameter [9] as [INTEGER] - [100]
2023-11-07 09:33:32.842 TRACE 10456 --- [    Test worker] o.h.type.descriptor.sql.BasicBinder      : binding parameter [10] as [BIGINT] - [38]
Hibernate: 
    select
        item0_.item_id as item_id1_2_,
        item0_.reg_time as reg_time2_2_,
        item0_.update_time as update_t3_2_,
        item0_.created_by as created_4_2_,
        item0_.modified_by as modified5_2_,
        item0_.item_detail as item_det6_2_,
        item0_.item_nm as item_nm7_2_,
        item0_.item_sell_status as item_sel8_2_,
        item0_.price as price9_2_,
        item0_.stock_number as stock_n10_2_ 
    from
        item item0_ 
    where
        item0_.price<? 
    order by
        item0_.price desc
2023-11-07 09:33:32.857 TRACE 10456 --- [    Test worker] o.h.type.descriptor.sql.BasicBinder      : binding parameter [1] as [INTEGER] - [10005]
2023-11-07 09:33:32.858 TRACE 10456 --- [    Test worker] o.h.type.descriptor.sql.BasicExtractor   : extracted value ([item_id1_2_] : [BIGINT]) - [32]
2023-11-07 09:33:32.858 TRACE 10456 --- [    Test worker] o.h.type.descriptor.sql.BasicExtractor   : extracted value ([reg_time2_2_] : [TIMESTAMP]) - [2023-11-07T09:33:32.834975]
2023-11-07 09:33:32.858 TRACE 10456 --- [    Test worker] o.h.type.descriptor.sql.BasicExtractor   : extracted value ([update_t3_2_] : [TIMESTAMP]) - [2023-11-07T09:33:32.834975]
2023-11-07 09:33:32.858 TRACE 10456 --- [    Test worker] o.h.type.descriptor.sql.BasicExtractor   : extracted value ([created_4_2_] : [VARCHAR]) - []
2023-11-07 09:33:32.858 TRACE 10456 --- [    Test worker] o.h.type.descriptor.sql.BasicExtractor   : extracted value ([modified5_2_] : [VARCHAR]) - []
2023-11-07 09:33:32.860 TRACE 10456 --- [    Test worker] o.h.type.descriptor.sql.BasicExtractor   : extracted value ([item_det6_2_] : [CLOB]) - [테스트 상품 상세 설명4]
2023-11-07 09:33:32.860 TRACE 10456 --- [    Test worker] o.h.type.descriptor.sql.BasicExtractor   : extracted value ([item_nm7_2_] : [VARCHAR]) - [테스트 상품4]
2023-11-07 09:33:32.860 TRACE 10456 --- [    Test worker] o.h.type.descriptor.sql.BasicExtractor   : extracted value ([item_sel8_2_] : [VARCHAR]) - [SELL]
2023-11-07 09:33:32.860 TRACE 10456 --- [    Test worker] o.h.type.descriptor.sql.BasicExtractor   : extracted value ([price9_2_] : [INTEGER]) - [10004]
2023-11-07 09:33:32.860 TRACE 10456 --- [    Test worker] o.h.type.descriptor.sql.BasicExtractor   : extracted value ([stock_n10_2_] : [INTEGER]) - [100]
2023-11-07 09:33:32.860 TRACE 10456 --- [    Test worker] o.h.type.descriptor.sql.BasicExtractor   : extracted value ([item_id1_2_] : [BIGINT]) - [31]
2023-11-07 09:33:32.860 TRACE 10456 --- [    Test worker] o.h.type.descriptor.sql.BasicExtractor   : extracted value ([reg_time2_2_] : [TIMESTAMP]) - [2023-11-07T09:33:32.833975]
2023-11-07 09:33:32.860 TRACE 10456 --- [    Test worker] o.h.type.descriptor.sql.BasicExtractor   : extracted value ([update_t3_2_] : [TIMESTAMP]) - [2023-11-07T09:33:32.833975]
2023-11-07 09:33:32.860 TRACE 10456 --- [    Test worker] o.h.type.descriptor.sql.BasicExtractor   : extracted value ([created_4_2_] : [VARCHAR]) - []
2023-11-07 09:33:32.860 TRACE 10456 --- [    Test worker] o.h.type.descriptor.sql.BasicExtractor   : extracted value ([modified5_2_] : [VARCHAR]) - []
2023-11-07 09:33:32.860 TRACE 10456 --- [    Test worker] o.h.type.descriptor.sql.BasicExtractor   : extracted value ([item_det6_2_] : [CLOB]) - [테스트 상품 상세 설명3]
2023-11-07 09:33:32.860 TRACE 10456 --- [    Test worker] o.h.type.descriptor.sql.BasicExtractor   : extracted value ([item_nm7_2_] : [VARCHAR]) - [테스트 상품3]
2023-11-07 09:33:32.860 TRACE 10456 --- [    Test worker] o.h.type.descriptor.sql.BasicExtractor   : extracted value ([item_sel8_2_] : [VARCHAR]) - [SELL]
2023-11-07 09:33:32.860 TRACE 10456 --- [    Test worker] o.h.type.descriptor.sql.BasicExtractor   : extracted value ([price9_2_] : [INTEGER]) - [10003]
2023-11-07 09:33:32.860 TRACE 10456 --- [    Test worker] o.h.type.descriptor.sql.BasicExtractor   : extracted value ([stock_n10_2_] : [INTEGER]) - [100]
2023-11-07 09:33:32.861 TRACE 10456 --- [    Test worker] o.h.type.descriptor.sql.BasicExtractor   : extracted value ([item_id1_2_] : [BIGINT]) - [30]
2023-11-07 09:33:32.861 TRACE 10456 --- [    Test worker] o.h.type.descriptor.sql.BasicExtractor   : extracted value ([reg_time2_2_] : [TIMESTAMP]) - [2023-11-07T09:33:32.831976]
2023-11-07 09:33:32.861 TRACE 10456 --- [    Test worker] o.h.type.descriptor.sql.BasicExtractor   : extracted value ([update_t3_2_] : [TIMESTAMP]) - [2023-11-07T09:33:32.831976]
2023-11-07 09:33:32.861 TRACE 10456 --- [    Test worker] o.h.type.descriptor.sql.BasicExtractor   : extracted value ([created_4_2_] : [VARCHAR]) - []
2023-11-07 09:33:32.861 TRACE 10456 --- [    Test worker] o.h.type.descriptor.sql.BasicExtractor   : extracted value ([modified5_2_] : [VARCHAR]) - []
2023-11-07 09:33:32.861 TRACE 10456 --- [    Test worker] o.h.type.descriptor.sql.BasicExtractor   : extracted value ([item_det6_2_] : [CLOB]) - [테스트 상품 상세 설명2]
2023-11-07 09:33:32.861 TRACE 10456 --- [    Test worker] o.h.type.descriptor.sql.BasicExtractor   : extracted value ([item_nm7_2_] : [VARCHAR]) - [테스트 상품2]
2023-11-07 09:33:32.861 TRACE 10456 --- [    Test worker] o.h.type.descriptor.sql.BasicExtractor   : extracted value ([item_sel8_2_] : [VARCHAR]) - [SELL]
2023-11-07 09:33:32.861 TRACE 10456 --- [    Test worker] o.h.type.descriptor.sql.BasicExtractor   : extracted value ([price9_2_] : [INTEGER]) - [10002]
2023-11-07 09:33:32.861 TRACE 10456 --- [    Test worker] o.h.type.descriptor.sql.BasicExtractor   : extracted value ([stock_n10_2_] : [INTEGER]) - [100]
2023-11-07 09:33:32.861 TRACE 10456 --- [    Test worker] o.h.type.descriptor.sql.BasicExtractor   : extracted value ([item_id1_2_] : [BIGINT]) - [29]
2023-11-07 09:33:32.861 TRACE 10456 --- [    Test worker] o.h.type.descriptor.sql.BasicExtractor   : extracted value ([reg_time2_2_] : [TIMESTAMP]) - [2023-11-07T09:33:32.829987]
2023-11-07 09:33:32.861 TRACE 10456 --- [    Test worker] o.h.type.descriptor.sql.BasicExtractor   : extracted value ([update_t3_2_] : [TIMESTAMP]) - [2023-11-07T09:33:32.829987]
2023-11-07 09:33:32.861 TRACE 10456 --- [    Test worker] o.h.type.descriptor.sql.BasicExtractor   : extracted value ([created_4_2_] : [VARCHAR]) - []
2023-11-07 09:33:32.861 TRACE 10456 --- [    Test worker] o.h.type.descriptor.sql.BasicExtractor   : extracted value ([modified5_2_] : [VARCHAR]) - []
2023-11-07 09:33:32.861 TRACE 10456 --- [    Test worker] o.h.type.descriptor.sql.BasicExtractor   : extracted value ([item_det6_2_] : [CLOB]) - [테스트 상품 상세 설명1]
2023-11-07 09:33:32.861 TRACE 10456 --- [    Test worker] o.h.type.descriptor.sql.BasicExtractor   : extracted value ([item_nm7_2_] : [VARCHAR]) - [테스트 상품1]
2023-11-07 09:33:32.861 TRACE 10456 --- [    Test worker] o.h.type.descriptor.sql.BasicExtractor   : extracted value ([item_sel8_2_] : [VARCHAR]) - [SELL]
2023-11-07 09:33:32.861 TRACE 10456 --- [    Test worker] o.h.type.descriptor.sql.BasicExtractor   : extracted value ([price9_2_] : [INTEGER]) - [10001]
2023-11-07 09:33:32.861 TRACE 10456 --- [    Test worker] o.h.type.descriptor.sql.BasicExtractor   : extracted value ([stock_n10_2_] : [INTEGER]) - [100]
Item(id=32, itemNm=테스트 상품4, price=10004, stockNumber=100, itemDetail=테스트 상품 상세 설명4, itemSellStatus=SELL)
Item(id=31, itemNm=테스트 상품3, price=10003, stockNumber=100, itemDetail=테스트 상품 상세 설명3, itemSellStatus=SELL)
Item(id=30, itemNm=테스트 상품2, price=10002, stockNumber=100, itemDetail=테스트 상품 상세 설명2, itemSellStatus=SELL)
Item(id=29, itemNm=테스트 상품1, price=10001, stockNumber=100, itemDetail=테스트 상품 상세 설명1, itemSellStatus=SELL)
Hibernate: 
    call next value for hibernate_sequence
Hibernate: 
    insert 
    into
        item
        (reg_time, update_time, created_by, modified_by, item_detail, item_nm, item_sell_status, price, stock_number, item_id) 
    values
        (?, ?, ?, ?, ?, ?, ?, ?, ?, ?)
2023-11-07 09:33:32.870 TRACE 10456 --- [    Test worker] o.h.type.descriptor.sql.BasicBinder      : binding parameter [1] as [TIMESTAMP] - [2023-11-07T09:33:32.870139300]
2023-11-07 09:33:32.871 TRACE 10456 --- [    Test worker] o.h.type.descriptor.sql.BasicBinder      : binding parameter [2] as [TIMESTAMP] - [2023-11-07T09:33:32.870139300]
2023-11-07 09:33:32.871 TRACE 10456 --- [    Test worker] o.h.type.descriptor.sql.BasicBinder      : binding parameter [3] as [VARCHAR] - []
2023-11-07 09:33:32.871 TRACE 10456 --- [    Test worker] o.h.type.descriptor.sql.BasicBinder      : binding parameter [4] as [VARCHAR] - []
2023-11-07 09:33:32.871 TRACE 10456 --- [    Test worker] o.h.type.descriptor.sql.BasicBinder      : binding parameter [5] as [CLOB] - [테스트 상품 상세 설명1]
2023-11-07 09:33:32.871 TRACE 10456 --- [    Test worker] o.h.type.descriptor.sql.BasicBinder      : binding parameter [6] as [VARCHAR] - [테스트 상품1]
2023-11-07 09:33:32.871 TRACE 10456 --- [    Test worker] o.h.type.descriptor.sql.BasicBinder      : binding parameter [7] as [VARCHAR] - [SELL]
2023-11-07 09:33:32.871 TRACE 10456 --- [    Test worker] o.h.type.descriptor.sql.BasicBinder      : binding parameter [8] as [INTEGER] - [10001]
2023-11-07 09:33:32.871 TRACE 10456 --- [    Test worker] o.h.type.descriptor.sql.BasicBinder      : binding parameter [9] as [INTEGER] - [100]
2023-11-07 09:33:32.871 TRACE 10456 --- [    Test worker] o.h.type.descriptor.sql.BasicBinder      : binding parameter [10] as [BIGINT] - [39]
Hibernate: 
    call next value for hibernate_sequence
Hibernate: 
    insert 
    into
        item
        (reg_time, update_time, created_by, modified_by, item_detail, item_nm, item_sell_status, price, stock_number, item_id) 
    values
        (?, ?, ?, ?, ?, ?, ?, ?, ?, ?)
2023-11-07 09:33:32.872 TRACE 10456 --- [    Test worker] o.h.type.descriptor.sql.BasicBinder      : binding parameter [1] as [TIMESTAMP] - [2023-11-07T09:33:32.871138200]
2023-11-07 09:33:32.872 TRACE 10456 --- [    Test worker] o.h.type.descriptor.sql.BasicBinder      : binding parameter [2] as [TIMESTAMP] - [2023-11-07T09:33:32.871138200]
2023-11-07 09:33:32.872 TRACE 10456 --- [    Test worker] o.h.type.descriptor.sql.BasicBinder      : binding parameter [3] as [VARCHAR] - []
2023-11-07 09:33:32.872 TRACE 10456 --- [    Test worker] o.h.type.descriptor.sql.BasicBinder      : binding parameter [4] as [VARCHAR] - []
2023-11-07 09:33:32.872 TRACE 10456 --- [    Test worker] o.h.type.descriptor.sql.BasicBinder      : binding parameter [5] as [CLOB] - [테스트 상품 상세 설명2]
2023-11-07 09:33:32.872 TRACE 10456 --- [    Test worker] o.h.type.descriptor.sql.BasicBinder      : binding parameter [6] as [VARCHAR] - [테스트 상품2]
2023-11-07 09:33:32.872 TRACE 10456 --- [    Test worker] o.h.type.descriptor.sql.BasicBinder      : binding parameter [7] as [VARCHAR] - [SELL]
2023-11-07 09:33:32.872 TRACE 10456 --- [    Test worker] o.h.type.descriptor.sql.BasicBinder      : binding parameter [8] as [INTEGER] - [10002]
2023-11-07 09:33:32.872 TRACE 10456 --- [    Test worker] o.h.type.descriptor.sql.BasicBinder      : binding parameter [9] as [INTEGER] - [100]
2023-11-07 09:33:32.872 TRACE 10456 --- [    Test worker] o.h.type.descriptor.sql.BasicBinder      : binding parameter [10] as [BIGINT] - [40]
Hibernate: 
    call next value for hibernate_sequence
Hibernate: 
    insert 
    into
        item
        (reg_time, update_time, created_by, modified_by, item_detail, item_nm, item_sell_status, price, stock_number, item_id) 
    values
        (?, ?, ?, ?, ?, ?, ?, ?, ?, ?)
2023-11-07 09:33:32.873 TRACE 10456 --- [    Test worker] o.h.type.descriptor.sql.BasicBinder      : binding parameter [1] as [TIMESTAMP] - [2023-11-07T09:33:32.872147600]
2023-11-07 09:33:32.873 TRACE 10456 --- [    Test worker] o.h.type.descriptor.sql.BasicBinder      : binding parameter [2] as [TIMESTAMP] - [2023-11-07T09:33:32.872147600]
2023-11-07 09:33:32.873 TRACE 10456 --- [    Test worker] o.h.type.descriptor.sql.BasicBinder      : binding parameter [3] as [VARCHAR] - []
2023-11-07 09:33:32.873 TRACE 10456 --- [    Test worker] o.h.type.descriptor.sql.BasicBinder      : binding parameter [4] as [VARCHAR] - []
2023-11-07 09:33:32.873 TRACE 10456 --- [    Test worker] o.h.type.descriptor.sql.BasicBinder      : binding parameter [5] as [CLOB] - [테스트 상품 상세 설명3]
2023-11-07 09:33:32.873 TRACE 10456 --- [    Test worker] o.h.type.descriptor.sql.BasicBinder      : binding parameter [6] as [VARCHAR] - [테스트 상품3]
2023-11-07 09:33:32.873 TRACE 10456 --- [    Test worker] o.h.type.descriptor.sql.BasicBinder      : binding parameter [7] as [VARCHAR] - [SELL]
2023-11-07 09:33:32.873 TRACE 10456 --- [    Test worker] o.h.type.descriptor.sql.BasicBinder      : binding parameter [8] as [INTEGER] - [10003]
2023-11-07 09:33:32.873 TRACE 10456 --- [    Test worker] o.h.type.descriptor.sql.BasicBinder      : binding parameter [9] as [INTEGER] - [100]
2023-11-07 09:33:32.873 TRACE 10456 --- [    Test worker] o.h.type.descriptor.sql.BasicBinder      : binding parameter [10] as [BIGINT] - [41]
Hibernate: 
    call next value for hibernate_sequence
Hibernate: 
    insert 
    into
        item
        (reg_time, update_time, created_by, modified_by, item_detail, item_nm, item_sell_status, price, stock_number, item_id) 
    values
        (?, ?, ?, ?, ?, ?, ?, ?, ?, ?)
2023-11-07 09:33:32.874 TRACE 10456 --- [    Test worker] o.h.type.descriptor.sql.BasicBinder      : binding parameter [1] as [TIMESTAMP] - [2023-11-07T09:33:32.873138700]
2023-11-07 09:33:32.874 TRACE 10456 --- [    Test worker] o.h.type.descriptor.sql.BasicBinder      : binding parameter [2] as [TIMESTAMP] - [2023-11-07T09:33:32.873138700]
2023-11-07 09:33:32.874 TRACE 10456 --- [    Test worker] o.h.type.descriptor.sql.BasicBinder      : binding parameter [3] as [VARCHAR] - []
2023-11-07 09:33:32.874 TRACE 10456 --- [    Test worker] o.h.type.descriptor.sql.BasicBinder      : binding parameter [4] as [VARCHAR] - []
2023-11-07 09:33:32.874 TRACE 10456 --- [    Test worker] o.h.type.descriptor.sql.BasicBinder      : binding parameter [5] as [CLOB] - [테스트 상품 상세 설명4]
2023-11-07 09:33:32.874 TRACE 10456 --- [    Test worker] o.h.type.descriptor.sql.BasicBinder      : binding parameter [6] as [VARCHAR] - [테스트 상품4]
2023-11-07 09:33:32.874 TRACE 10456 --- [    Test worker] o.h.type.descriptor.sql.BasicBinder      : binding parameter [7] as [VARCHAR] - [SELL]
2023-11-07 09:33:32.874 TRACE 10456 --- [    Test worker] o.h.type.descriptor.sql.BasicBinder      : binding parameter [8] as [INTEGER] - [10004]
2023-11-07 09:33:32.874 TRACE 10456 --- [    Test worker] o.h.type.descriptor.sql.BasicBinder      : binding parameter [9] as [INTEGER] - [100]
2023-11-07 09:33:32.874 TRACE 10456 --- [    Test worker] o.h.type.descriptor.sql.BasicBinder      : binding parameter [10] as [BIGINT] - [42]
Hibernate: 
    call next value for hibernate_sequence
Hibernate: 
    insert 
    into
        item
        (reg_time, update_time, created_by, modified_by, item_detail, item_nm, item_sell_status, price, stock_number, item_id) 
    values
        (?, ?, ?, ?, ?, ?, ?, ?, ?, ?)
2023-11-07 09:33:32.874 TRACE 10456 --- [    Test worker] o.h.type.descriptor.sql.BasicBinder      : binding parameter [1] as [TIMESTAMP] - [2023-11-07T09:33:32.874148700]
2023-11-07 09:33:32.874 TRACE 10456 --- [    Test worker] o.h.type.descriptor.sql.BasicBinder      : binding parameter [2] as [TIMESTAMP] - [2023-11-07T09:33:32.874148700]
2023-11-07 09:33:32.874 TRACE 10456 --- [    Test worker] o.h.type.descriptor.sql.BasicBinder      : binding parameter [3] as [VARCHAR] - []
2023-11-07 09:33:32.874 TRACE 10456 --- [    Test worker] o.h.type.descriptor.sql.BasicBinder      : binding parameter [4] as [VARCHAR] - []
2023-11-07 09:33:32.874 TRACE 10456 --- [    Test worker] o.h.type.descriptor.sql.BasicBinder      : binding parameter [5] as [CLOB] - [테스트 상품 상세 설명5]
2023-11-07 09:33:32.875 TRACE 10456 --- [    Test worker] o.h.type.descriptor.sql.BasicBinder      : binding parameter [6] as [VARCHAR] - [테스트 상품5]
2023-11-07 09:33:32.875 TRACE 10456 --- [    Test worker] o.h.type.descriptor.sql.BasicBinder      : binding parameter [7] as [VARCHAR] - [SELL]
2023-11-07 09:33:32.875 TRACE 10456 --- [    Test worker] o.h.type.descriptor.sql.BasicBinder      : binding parameter [8] as [INTEGER] - [10005]
2023-11-07 09:33:32.875 TRACE 10456 --- [    Test worker] o.h.type.descriptor.sql.BasicBinder      : binding parameter [9] as [INTEGER] - [100]
2023-11-07 09:33:32.875 TRACE 10456 --- [    Test worker] o.h.type.descriptor.sql.BasicBinder      : binding parameter [10] as [BIGINT] - [43]
Hibernate: 
    call next value for hibernate_sequence
Hibernate: 
    insert 
    into
        item
        (reg_time, update_time, created_by, modified_by, item_detail, item_nm, item_sell_status, price, stock_number, item_id) 
    values
        (?, ?, ?, ?, ?, ?, ?, ?, ?, ?)
2023-11-07 09:33:32.875 TRACE 10456 --- [    Test worker] o.h.type.descriptor.sql.BasicBinder      : binding parameter [1] as [TIMESTAMP] - [2023-11-07T09:33:32.875138800]
2023-11-07 09:33:32.875 TRACE 10456 --- [    Test worker] o.h.type.descriptor.sql.BasicBinder      : binding parameter [2] as [TIMESTAMP] - [2023-11-07T09:33:32.875138800]
2023-11-07 09:33:32.875 TRACE 10456 --- [    Test worker] o.h.type.descriptor.sql.BasicBinder      : binding parameter [3] as [VARCHAR] - []
2023-11-07 09:33:32.875 TRACE 10456 --- [    Test worker] o.h.type.descriptor.sql.BasicBinder      : binding parameter [4] as [VARCHAR] - []
2023-11-07 09:33:32.875 TRACE 10456 --- [    Test worker] o.h.type.descriptor.sql.BasicBinder      : binding parameter [5] as [CLOB] - [테스트 상품 상세 설명6]
2023-11-07 09:33:32.875 TRACE 10456 --- [    Test worker] o.h.type.descriptor.sql.BasicBinder      : binding parameter [6] as [VARCHAR] - [테스트 상품6]
2023-11-07 09:33:32.875 TRACE 10456 --- [    Test worker] o.h.type.descriptor.sql.BasicBinder      : binding parameter [7] as [VARCHAR] - [SELL]
2023-11-07 09:33:32.875 TRACE 10456 --- [    Test worker] o.h.type.descriptor.sql.BasicBinder      : binding parameter [8] as [INTEGER] - [10006]
2023-11-07 09:33:32.876 TRACE 10456 --- [    Test worker] o.h.type.descriptor.sql.BasicBinder      : binding parameter [9] as [INTEGER] - [100]
2023-11-07 09:33:32.876 TRACE 10456 --- [    Test worker] o.h.type.descriptor.sql.BasicBinder      : binding parameter [10] as [BIGINT] - [44]
Hibernate: 
    call next value for hibernate_sequence
Hibernate: 
    insert 
    into
        item
        (reg_time, update_time, created_by, modified_by, item_detail, item_nm, item_sell_status, price, stock_number, item_id) 
    values
        (?, ?, ?, ?, ?, ?, ?, ?, ?, ?)
2023-11-07 09:33:32.877 TRACE 10456 --- [    Test worker] o.h.type.descriptor.sql.BasicBinder      : binding parameter [1] as [TIMESTAMP] - [2023-11-07T09:33:32.876139200]
2023-11-07 09:33:32.877 TRACE 10456 --- [    Test worker] o.h.type.descriptor.sql.BasicBinder      : binding parameter [2] as [TIMESTAMP] - [2023-11-07T09:33:32.876139200]
2023-11-07 09:33:32.877 TRACE 10456 --- [    Test worker] o.h.type.descriptor.sql.BasicBinder      : binding parameter [3] as [VARCHAR] - []
2023-11-07 09:33:32.877 TRACE 10456 --- [    Test worker] o.h.type.descriptor.sql.BasicBinder      : binding parameter [4] as [VARCHAR] - []
2023-11-07 09:33:32.877 TRACE 10456 --- [    Test worker] o.h.type.descriptor.sql.BasicBinder      : binding parameter [5] as [CLOB] - [테스트 상품 상세 설명7]
2023-11-07 09:33:32.877 TRACE 10456 --- [    Test worker] o.h.type.descriptor.sql.BasicBinder      : binding parameter [6] as [VARCHAR] - [테스트 상품7]
2023-11-07 09:33:32.877 TRACE 10456 --- [    Test worker] o.h.type.descriptor.sql.BasicBinder      : binding parameter [7] as [VARCHAR] - [SELL]
2023-11-07 09:33:32.877 TRACE 10456 --- [    Test worker] o.h.type.descriptor.sql.BasicBinder      : binding parameter [8] as [INTEGER] - [10007]
2023-11-07 09:33:32.877 TRACE 10456 --- [    Test worker] o.h.type.descriptor.sql.BasicBinder      : binding parameter [9] as [INTEGER] - [100]
2023-11-07 09:33:32.877 TRACE 10456 --- [    Test worker] o.h.type.descriptor.sql.BasicBinder      : binding parameter [10] as [BIGINT] - [45]
Hibernate: 
    call next value for hibernate_sequence
Hibernate: 
    insert 
    into
        item
        (reg_time, update_time, created_by, modified_by, item_detail, item_nm, item_sell_status, price, stock_number, item_id) 
    values
        (?, ?, ?, ?, ?, ?, ?, ?, ?, ?)
2023-11-07 09:33:32.878 TRACE 10456 --- [    Test worker] o.h.type.descriptor.sql.BasicBinder      : binding parameter [1] as [TIMESTAMP] - [2023-11-07T09:33:32.878141500]
2023-11-07 09:33:32.878 TRACE 10456 --- [    Test worker] o.h.type.descriptor.sql.BasicBinder      : binding parameter [2] as [TIMESTAMP] - [2023-11-07T09:33:32.878141500]
2023-11-07 09:33:32.878 TRACE 10456 --- [    Test worker] o.h.type.descriptor.sql.BasicBinder      : binding parameter [3] as [VARCHAR] - []
2023-11-07 09:33:32.878 TRACE 10456 --- [    Test worker] o.h.type.descriptor.sql.BasicBinder      : binding parameter [4] as [VARCHAR] - []
2023-11-07 09:33:32.878 TRACE 10456 --- [    Test worker] o.h.type.descriptor.sql.BasicBinder      : binding parameter [5] as [CLOB] - [테스트 상품 상세 설명8]
2023-11-07 09:33:32.878 TRACE 10456 --- [    Test worker] o.h.type.descriptor.sql.BasicBinder      : binding parameter [6] as [VARCHAR] - [테스트 상품8]
2023-11-07 09:33:32.878 TRACE 10456 --- [    Test worker] o.h.type.descriptor.sql.BasicBinder      : binding parameter [7] as [VARCHAR] - [SELL]
2023-11-07 09:33:32.878 TRACE 10456 --- [    Test worker] o.h.type.descriptor.sql.BasicBinder      : binding parameter [8] as [INTEGER] - [10008]
2023-11-07 09:33:32.878 TRACE 10456 --- [    Test worker] o.h.type.descriptor.sql.BasicBinder      : binding parameter [9] as [INTEGER] - [100]
2023-11-07 09:33:32.878 TRACE 10456 --- [    Test worker] o.h.type.descriptor.sql.BasicBinder      : binding parameter [10] as [BIGINT] - [46]
Hibernate: 
    call next value for hibernate_sequence
Hibernate: 
    insert 
    into
        item
        (reg_time, update_time, created_by, modified_by, item_detail, item_nm, item_sell_status, price, stock_number, item_id) 
    values
        (?, ?, ?, ?, ?, ?, ?, ?, ?, ?)
2023-11-07 09:33:32.879 TRACE 10456 --- [    Test worker] o.h.type.descriptor.sql.BasicBinder      : binding parameter [1] as [TIMESTAMP] - [2023-11-07T09:33:32.879138900]
2023-11-07 09:33:32.879 TRACE 10456 --- [    Test worker] o.h.type.descriptor.sql.BasicBinder      : binding parameter [2] as [TIMESTAMP] - [2023-11-07T09:33:32.879138900]
2023-11-07 09:33:32.879 TRACE 10456 --- [    Test worker] o.h.type.descriptor.sql.BasicBinder      : binding parameter [3] as [VARCHAR] - []
2023-11-07 09:33:32.879 TRACE 10456 --- [    Test worker] o.h.type.descriptor.sql.BasicBinder      : binding parameter [4] as [VARCHAR] - []
2023-11-07 09:33:32.879 TRACE 10456 --- [    Test worker] o.h.type.descriptor.sql.BasicBinder      : binding parameter [5] as [CLOB] - [테스트 상품 상세 설명9]
2023-11-07 09:33:32.879 TRACE 10456 --- [    Test worker] o.h.type.descriptor.sql.BasicBinder      : binding parameter [6] as [VARCHAR] - [테스트 상품9]
2023-11-07 09:33:32.879 TRACE 10456 --- [    Test worker] o.h.type.descriptor.sql.BasicBinder      : binding parameter [7] as [VARCHAR] - [SELL]
2023-11-07 09:33:32.879 TRACE 10456 --- [    Test worker] o.h.type.descriptor.sql.BasicBinder      : binding parameter [8] as [INTEGER] - [10009]
2023-11-07 09:33:32.879 TRACE 10456 --- [    Test worker] o.h.type.descriptor.sql.BasicBinder      : binding parameter [9] as [INTEGER] - [100]
2023-11-07 09:33:32.879 TRACE 10456 --- [    Test worker] o.h.type.descriptor.sql.BasicBinder      : binding parameter [10] as [BIGINT] - [47]
Hibernate: 
    call next value for hibernate_sequence
Hibernate: 
    insert 
    into
        item
        (reg_time, update_time, created_by, modified_by, item_detail, item_nm, item_sell_status, price, stock_number, item_id) 
    values
        (?, ?, ?, ?, ?, ?, ?, ?, ?, ?)
2023-11-07 09:33:32.880 TRACE 10456 --- [    Test worker] o.h.type.descriptor.sql.BasicBinder      : binding parameter [1] as [TIMESTAMP] - [2023-11-07T09:33:32.880140]
2023-11-07 09:33:32.880 TRACE 10456 --- [    Test worker] o.h.type.descriptor.sql.BasicBinder      : binding parameter [2] as [TIMESTAMP] - [2023-11-07T09:33:32.880140]
2023-11-07 09:33:32.880 TRACE 10456 --- [    Test worker] o.h.type.descriptor.sql.BasicBinder      : binding parameter [3] as [VARCHAR] - []
2023-11-07 09:33:32.880 TRACE 10456 --- [    Test worker] o.h.type.descriptor.sql.BasicBinder      : binding parameter [4] as [VARCHAR] - []
2023-11-07 09:33:32.880 TRACE 10456 --- [    Test worker] o.h.type.descriptor.sql.BasicBinder      : binding parameter [5] as [CLOB] - [테스트 상품 상세 설명10]
2023-11-07 09:33:32.880 TRACE 10456 --- [    Test worker] o.h.type.descriptor.sql.BasicBinder      : binding parameter [6] as [VARCHAR] - [테스트 상품10]
2023-11-07 09:33:32.880 TRACE 10456 --- [    Test worker] o.h.type.descriptor.sql.BasicBinder      : binding parameter [7] as [VARCHAR] - [SELL]
2023-11-07 09:33:32.880 TRACE 10456 --- [    Test worker] o.h.type.descriptor.sql.BasicBinder      : binding parameter [8] as [INTEGER] - [10010]
2023-11-07 09:33:32.880 TRACE 10456 --- [    Test worker] o.h.type.descriptor.sql.BasicBinder      : binding parameter [9] as [INTEGER] - [100]
2023-11-07 09:33:32.880 TRACE 10456 --- [    Test worker] o.h.type.descriptor.sql.BasicBinder      : binding parameter [10] as [BIGINT] - [48]
Hibernate: 
    select
        item0_.item_id as item_id1_2_,
        item0_.reg_time as reg_time2_2_,
        item0_.update_time as update_t3_2_,
        item0_.created_by as created_4_2_,
        item0_.modified_by as modified5_2_,
        item0_.item_detail as item_det6_2_,
        item0_.item_nm as item_nm7_2_,
        item0_.item_sell_status as item_sel8_2_,
        item0_.price as price9_2_,
        item0_.stock_number as stock_n10_2_ 
    from
        item item0_ 
    where
        item0_.item_sell_status=? 
        and (
            item0_.item_detail like ? escape '!'
        ) 
    order by
        item0_.price desc
2023-11-07 09:33:32.922 TRACE 10456 --- [    Test worker] o.h.type.descriptor.sql.BasicBinder      : binding parameter [1] as [VARCHAR] - [SELL]
2023-11-07 09:33:32.922 TRACE 10456 --- [    Test worker] o.h.type.descriptor.sql.BasicBinder      : binding parameter [2] as [CLOB] - [%테스트 상품 상세 설명%]
2023-11-07 09:33:32.923 TRACE 10456 --- [    Test worker] o.h.type.descriptor.sql.BasicExtractor   : extracted value ([item_id1_2_] : [BIGINT]) - [38]
2023-11-07 09:33:32.923 TRACE 10456 --- [    Test worker] o.h.type.descriptor.sql.BasicExtractor   : extracted value ([reg_time2_2_] : [TIMESTAMP]) - [2023-11-07T09:33:32.842975]
2023-11-07 09:33:32.923 TRACE 10456 --- [    Test worker] o.h.type.descriptor.sql.BasicExtractor   : extracted value ([update_t3_2_] : [TIMESTAMP]) - [2023-11-07T09:33:32.842975]
2023-11-07 09:33:32.923 TRACE 10456 --- [    Test worker] o.h.type.descriptor.sql.BasicExtractor   : extracted value ([created_4_2_] : [VARCHAR]) - []
2023-11-07 09:33:32.923 TRACE 10456 --- [    Test worker] o.h.type.descriptor.sql.BasicExtractor   : extracted value ([modified5_2_] : [VARCHAR]) - []
2023-11-07 09:33:32.923 TRACE 10456 --- [    Test worker] o.h.type.descriptor.sql.BasicExtractor   : extracted value ([item_det6_2_] : [CLOB]) - [테스트 상품 상세 설명10]
2023-11-07 09:33:32.923 TRACE 10456 --- [    Test worker] o.h.type.descriptor.sql.BasicExtractor   : extracted value ([item_nm7_2_] : [VARCHAR]) - [테스트 상품10]
2023-11-07 09:33:32.923 TRACE 10456 --- [    Test worker] o.h.type.descriptor.sql.BasicExtractor   : extracted value ([item_sel8_2_] : [VARCHAR]) - [SELL]
2023-11-07 09:33:32.924 TRACE 10456 --- [    Test worker] o.h.type.descriptor.sql.BasicExtractor   : extracted value ([price9_2_] : [INTEGER]) - [10010]
2023-11-07 09:33:32.924 TRACE 10456 --- [    Test worker] o.h.type.descriptor.sql.BasicExtractor   : extracted value ([stock_n10_2_] : [INTEGER]) - [100]
2023-11-07 09:33:32.924 TRACE 10456 --- [    Test worker] o.h.type.descriptor.sql.BasicExtractor   : extracted value ([item_id1_2_] : [BIGINT]) - [48]
2023-11-07 09:33:32.924 TRACE 10456 --- [    Test worker] o.h.type.descriptor.sql.BasicExtractor   : extracted value ([reg_time2_2_] : [TIMESTAMP]) - [2023-11-07T09:33:32.880140]
2023-11-07 09:33:32.924 TRACE 10456 --- [    Test worker] o.h.type.descriptor.sql.BasicExtractor   : extracted value ([update_t3_2_] : [TIMESTAMP]) - [2023-11-07T09:33:32.880140]
2023-11-07 09:33:32.924 TRACE 10456 --- [    Test worker] o.h.type.descriptor.sql.BasicExtractor   : extracted value ([created_4_2_] : [VARCHAR]) - []
2023-11-07 09:33:32.924 TRACE 10456 --- [    Test worker] o.h.type.descriptor.sql.BasicExtractor   : extracted value ([modified5_2_] : [VARCHAR]) - []
2023-11-07 09:33:32.924 TRACE 10456 --- [    Test worker] o.h.type.descriptor.sql.BasicExtractor   : extracted value ([item_det6_2_] : [CLOB]) - [테스트 상품 상세 설명10]
2023-11-07 09:33:32.924 TRACE 10456 --- [    Test worker] o.h.type.descriptor.sql.BasicExtractor   : extracted value ([item_nm7_2_] : [VARCHAR]) - [테스트 상품10]
2023-11-07 09:33:32.924 TRACE 10456 --- [    Test worker] o.h.type.descriptor.sql.BasicExtractor   : extracted value ([item_sel8_2_] : [VARCHAR]) - [SELL]
2023-11-07 09:33:32.924 TRACE 10456 --- [    Test worker] o.h.type.descriptor.sql.BasicExtractor   : extracted value ([price9_2_] : [INTEGER]) - [10010]
2023-11-07 09:33:32.924 TRACE 10456 --- [    Test worker] o.h.type.descriptor.sql.BasicExtractor   : extracted value ([stock_n10_2_] : [INTEGER]) - [100]
2023-11-07 09:33:32.924 TRACE 10456 --- [    Test worker] o.h.type.descriptor.sql.BasicExtractor   : extracted value ([item_id1_2_] : [BIGINT]) - [37]
2023-11-07 09:33:32.924 TRACE 10456 --- [    Test worker] o.h.type.descriptor.sql.BasicExtractor   : extracted value ([reg_time2_2_] : [TIMESTAMP]) - [2023-11-07T09:33:32.840975]
2023-11-07 09:33:32.924 TRACE 10456 --- [    Test worker] o.h.type.descriptor.sql.BasicExtractor   : extracted value ([update_t3_2_] : [TIMESTAMP]) - [2023-11-07T09:33:32.840975]
2023-11-07 09:33:32.924 TRACE 10456 --- [    Test worker] o.h.type.descriptor.sql.BasicExtractor   : extracted value ([created_4_2_] : [VARCHAR]) - []
2023-11-07 09:33:32.924 TRACE 10456 --- [    Test worker] o.h.type.descriptor.sql.BasicExtractor   : extracted value ([modified5_2_] : [VARCHAR]) - []
2023-11-07 09:33:32.924 TRACE 10456 --- [    Test worker] o.h.type.descriptor.sql.BasicExtractor   : extracted value ([item_det6_2_] : [CLOB]) - [테스트 상품 상세 설명9]
2023-11-07 09:33:32.924 TRACE 10456 --- [    Test worker] o.h.type.descriptor.sql.BasicExtractor   : extracted value ([item_nm7_2_] : [VARCHAR]) - [테스트 상품9]
2023-11-07 09:33:32.924 TRACE 10456 --- [    Test worker] o.h.type.descriptor.sql.BasicExtractor   : extracted value ([item_sel8_2_] : [VARCHAR]) - [SELL]
2023-11-07 09:33:32.924 TRACE 10456 --- [    Test worker] o.h.type.descriptor.sql.BasicExtractor   : extracted value ([price9_2_] : [INTEGER]) - [10009]
2023-11-07 09:33:32.924 TRACE 10456 --- [    Test worker] o.h.type.descriptor.sql.BasicExtractor   : extracted value ([stock_n10_2_] : [INTEGER]) - [100]
2023-11-07 09:33:32.925 TRACE 10456 --- [    Test worker] o.h.type.descriptor.sql.BasicExtractor   : extracted value ([item_id1_2_] : [BIGINT]) - [47]
2023-11-07 09:33:32.925 TRACE 10456 --- [    Test worker] o.h.type.descriptor.sql.BasicExtractor   : extracted value ([reg_time2_2_] : [TIMESTAMP]) - [2023-11-07T09:33:32.879139]
2023-11-07 09:33:32.925 TRACE 10456 --- [    Test worker] o.h.type.descriptor.sql.BasicExtractor   : extracted value ([update_t3_2_] : [TIMESTAMP]) - [2023-11-07T09:33:32.879139]
2023-11-07 09:33:32.925 TRACE 10456 --- [    Test worker] o.h.type.descriptor.sql.BasicExtractor   : extracted value ([created_4_2_] : [VARCHAR]) - []
2023-11-07 09:33:32.925 TRACE 10456 --- [    Test worker] o.h.type.descriptor.sql.BasicExtractor   : extracted value ([modified5_2_] : [VARCHAR]) - []
2023-11-07 09:33:32.925 TRACE 10456 --- [    Test worker] o.h.type.descriptor.sql.BasicExtractor   : extracted value ([item_det6_2_] : [CLOB]) - [테스트 상품 상세 설명9]
2023-11-07 09:33:32.925 TRACE 10456 --- [    Test worker] o.h.type.descriptor.sql.BasicExtractor   : extracted value ([item_nm7_2_] : [VARCHAR]) - [테스트 상품9]
2023-11-07 09:33:32.925 TRACE 10456 --- [    Test worker] o.h.type.descriptor.sql.BasicExtractor   : extracted value ([item_sel8_2_] : [VARCHAR]) - [SELL]
2023-11-07 09:33:32.925 TRACE 10456 --- [    Test worker] o.h.type.descriptor.sql.BasicExtractor   : extracted value ([price9_2_] : [INTEGER]) - [10009]
2023-11-07 09:33:32.925 TRACE 10456 --- [    Test worker] o.h.type.descriptor.sql.BasicExtractor   : extracted value ([stock_n10_2_] : [INTEGER]) - [100]
2023-11-07 09:33:32.925 TRACE 10456 --- [    Test worker] o.h.type.descriptor.sql.BasicExtractor   : extracted value ([item_id1_2_] : [BIGINT]) - [36]
2023-11-07 09:33:32.925 TRACE 10456 --- [    Test worker] o.h.type.descriptor.sql.BasicExtractor   : extracted value ([reg_time2_2_] : [TIMESTAMP]) - [2023-11-07T09:33:32.839976]
2023-11-07 09:33:32.925 TRACE 10456 --- [    Test worker] o.h.type.descriptor.sql.BasicExtractor   : extracted value ([update_t3_2_] : [TIMESTAMP]) - [2023-11-07T09:33:32.839976]
2023-11-07 09:33:32.925 TRACE 10456 --- [    Test worker] o.h.type.descriptor.sql.BasicExtractor   : extracted value ([created_4_2_] : [VARCHAR]) - []
2023-11-07 09:33:32.925 TRACE 10456 --- [    Test worker] o.h.type.descriptor.sql.BasicExtractor   : extracted value ([modified5_2_] : [VARCHAR]) - []
2023-11-07 09:33:32.925 TRACE 10456 --- [    Test worker] o.h.type.descriptor.sql.BasicExtractor   : extracted value ([item_det6_2_] : [CLOB]) - [테스트 상품 상세 설명8]
2023-11-07 09:33:32.925 TRACE 10456 --- [    Test worker] o.h.type.descriptor.sql.BasicExtractor   : extracted value ([item_nm7_2_] : [VARCHAR]) - [테스트 상품8]
2023-11-07 09:33:32.926 TRACE 10456 --- [    Test worker] o.h.type.descriptor.sql.BasicExtractor   : extracted value ([item_sel8_2_] : [VARCHAR]) - [SELL]
2023-11-07 09:33:32.926 TRACE 10456 --- [    Test worker] o.h.type.descriptor.sql.BasicExtractor   : extracted value ([price9_2_] : [INTEGER]) - [10008]
2023-11-07 09:33:32.926 TRACE 10456 --- [    Test worker] o.h.type.descriptor.sql.BasicExtractor   : extracted value ([stock_n10_2_] : [INTEGER]) - [100]
2023-11-07 09:33:32.926 TRACE 10456 --- [    Test worker] o.h.type.descriptor.sql.BasicExtractor   : extracted value ([item_id1_2_] : [BIGINT]) - [46]
2023-11-07 09:33:32.926 TRACE 10456 --- [    Test worker] o.h.type.descriptor.sql.BasicExtractor   : extracted value ([reg_time2_2_] : [TIMESTAMP]) - [2023-11-07T09:33:32.878142]
2023-11-07 09:33:32.926 TRACE 10456 --- [    Test worker] o.h.type.descriptor.sql.BasicExtractor   : extracted value ([update_t3_2_] : [TIMESTAMP]) - [2023-11-07T09:33:32.878142]
2023-11-07 09:33:32.926 TRACE 10456 --- [    Test worker] o.h.type.descriptor.sql.BasicExtractor   : extracted value ([created_4_2_] : [VARCHAR]) - []
2023-11-07 09:33:32.926 TRACE 10456 --- [    Test worker] o.h.type.descriptor.sql.BasicExtractor   : extracted value ([modified5_2_] : [VARCHAR]) - []
2023-11-07 09:33:32.926 TRACE 10456 --- [    Test worker] o.h.type.descriptor.sql.BasicExtractor   : extracted value ([item_det6_2_] : [CLOB]) - [테스트 상품 상세 설명8]
2023-11-07 09:33:32.926 TRACE 10456 --- [    Test worker] o.h.type.descriptor.sql.BasicExtractor   : extracted value ([item_nm7_2_] : [VARCHAR]) - [테스트 상품8]
2023-11-07 09:33:32.926 TRACE 10456 --- [    Test worker] o.h.type.descriptor.sql.BasicExtractor   : extracted value ([item_sel8_2_] : [VARCHAR]) - [SELL]
2023-11-07 09:33:32.926 TRACE 10456 --- [    Test worker] o.h.type.descriptor.sql.BasicExtractor   : extracted value ([price9_2_] : [INTEGER]) - [10008]
2023-11-07 09:33:32.926 TRACE 10456 --- [    Test worker] o.h.type.descriptor.sql.BasicExtractor   : extracted value ([stock_n10_2_] : [INTEGER]) - [100]
2023-11-07 09:33:32.926 TRACE 10456 --- [    Test worker] o.h.type.descriptor.sql.BasicExtractor   : extracted value ([item_id1_2_] : [BIGINT]) - [35]
2023-11-07 09:33:32.926 TRACE 10456 --- [    Test worker] o.h.type.descriptor.sql.BasicExtractor   : extracted value ([reg_time2_2_] : [TIMESTAMP]) - [2023-11-07T09:33:32.838975]
2023-11-07 09:33:32.926 TRACE 10456 --- [    Test worker] o.h.type.descriptor.sql.BasicExtractor   : extracted value ([update_t3_2_] : [TIMESTAMP]) - [2023-11-07T09:33:32.838975]
2023-11-07 09:33:32.926 TRACE 10456 --- [    Test worker] o.h.type.descriptor.sql.BasicExtractor   : extracted value ([created_4_2_] : [VARCHAR]) - []
2023-11-07 09:33:32.926 TRACE 10456 --- [    Test worker] o.h.type.descriptor.sql.BasicExtractor   : extracted value ([modified5_2_] : [VARCHAR]) - []
2023-11-07 09:33:32.926 TRACE 10456 --- [    Test worker] o.h.type.descriptor.sql.BasicExtractor   : extracted value ([item_det6_2_] : [CLOB]) - [테스트 상품 상세 설명7]
2023-11-07 09:33:32.926 TRACE 10456 --- [    Test worker] o.h.type.descriptor.sql.BasicExtractor   : extracted value ([item_nm7_2_] : [VARCHAR]) - [테스트 상품7]
2023-11-07 09:33:32.926 TRACE 10456 --- [    Test worker] o.h.type.descriptor.sql.BasicExtractor   : extracted value ([item_sel8_2_] : [VARCHAR]) - [SELL]
2023-11-07 09:33:32.926 TRACE 10456 --- [    Test worker] o.h.type.descriptor.sql.BasicExtractor   : extracted value ([price9_2_] : [INTEGER]) - [10007]
2023-11-07 09:33:32.926 TRACE 10456 --- [    Test worker] o.h.type.descriptor.sql.BasicExtractor   : extracted value ([stock_n10_2_] : [INTEGER]) - [100]
2023-11-07 09:33:32.927 TRACE 10456 --- [    Test worker] o.h.type.descriptor.sql.BasicExtractor   : extracted value ([item_id1_2_] : [BIGINT]) - [45]
2023-11-07 09:33:32.927 TRACE 10456 --- [    Test worker] o.h.type.descriptor.sql.BasicExtractor   : extracted value ([reg_time2_2_] : [TIMESTAMP]) - [2023-11-07T09:33:32.876139]
2023-11-07 09:33:32.927 TRACE 10456 --- [    Test worker] o.h.type.descriptor.sql.BasicExtractor   : extracted value ([update_t3_2_] : [TIMESTAMP]) - [2023-11-07T09:33:32.876139]
2023-11-07 09:33:32.927 TRACE 10456 --- [    Test worker] o.h.type.descriptor.sql.BasicExtractor   : extracted value ([created_4_2_] : [VARCHAR]) - []
2023-11-07 09:33:32.927 TRACE 10456 --- [    Test worker] o.h.type.descriptor.sql.BasicExtractor   : extracted value ([modified5_2_] : [VARCHAR]) - []
2023-11-07 09:33:32.928 TRACE 10456 --- [    Test worker] o.h.type.descriptor.sql.BasicExtractor   : extracted value ([item_det6_2_] : [CLOB]) - [테스트 상품 상세 설명7]
2023-11-07 09:33:32.928 TRACE 10456 --- [    Test worker] o.h.type.descriptor.sql.BasicExtractor   : extracted value ([item_nm7_2_] : [VARCHAR]) - [테스트 상품7]
2023-11-07 09:33:32.928 TRACE 10456 --- [    Test worker] o.h.type.descriptor.sql.BasicExtractor   : extracted value ([item_sel8_2_] : [VARCHAR]) - [SELL]
2023-11-07 09:33:32.928 TRACE 10456 --- [    Test worker] o.h.type.descriptor.sql.BasicExtractor   : extracted value ([price9_2_] : [INTEGER]) - [10007]
2023-11-07 09:33:32.928 TRACE 10456 --- [    Test worker] o.h.type.descriptor.sql.BasicExtractor   : extracted value ([stock_n10_2_] : [INTEGER]) - [100]
2023-11-07 09:33:32.928 TRACE 10456 --- [    Test worker] o.h.type.descriptor.sql.BasicExtractor   : extracted value ([item_id1_2_] : [BIGINT]) - [34]
2023-11-07 09:33:32.928 TRACE 10456 --- [    Test worker] o.h.type.descriptor.sql.BasicExtractor   : extracted value ([reg_time2_2_] : [TIMESTAMP]) - [2023-11-07T09:33:32.836975]
2023-11-07 09:33:32.928 TRACE 10456 --- [    Test worker] o.h.type.descriptor.sql.BasicExtractor   : extracted value ([update_t3_2_] : [TIMESTAMP]) - [2023-11-07T09:33:32.836975]
2023-11-07 09:33:32.928 TRACE 10456 --- [    Test worker] o.h.type.descriptor.sql.BasicExtractor   : extracted value ([created_4_2_] : [VARCHAR]) - []
2023-11-07 09:33:32.928 TRACE 10456 --- [    Test worker] o.h.type.descriptor.sql.BasicExtractor   : extracted value ([modified5_2_] : [VARCHAR]) - []
2023-11-07 09:33:32.928 TRACE 10456 --- [    Test worker] o.h.type.descriptor.sql.BasicExtractor   : extracted value ([item_det6_2_] : [CLOB]) - [테스트 상품 상세 설명6]
2023-11-07 09:33:32.928 TRACE 10456 --- [    Test worker] o.h.type.descriptor.sql.BasicExtractor   : extracted value ([item_nm7_2_] : [VARCHAR]) - [테스트 상품6]
2023-11-07 09:33:32.928 TRACE 10456 --- [    Test worker] o.h.type.descriptor.sql.BasicExtractor   : extracted value ([item_sel8_2_] : [VARCHAR]) - [SELL]
2023-11-07 09:33:32.928 TRACE 10456 --- [    Test worker] o.h.type.descriptor.sql.BasicExtractor   : extracted value ([price9_2_] : [INTEGER]) - [10006]
2023-11-07 09:33:32.928 TRACE 10456 --- [    Test worker] o.h.type.descriptor.sql.BasicExtractor   : extracted value ([stock_n10_2_] : [INTEGER]) - [100]
2023-11-07 09:33:32.928 TRACE 10456 --- [    Test worker] o.h.type.descriptor.sql.BasicExtractor   : extracted value ([item_id1_2_] : [BIGINT]) - [44]
2023-11-07 09:33:32.928 TRACE 10456 --- [    Test worker] o.h.type.descriptor.sql.BasicExtractor   : extracted value ([reg_time2_2_] : [TIMESTAMP]) - [2023-11-07T09:33:32.875139]
2023-11-07 09:33:32.928 TRACE 10456 --- [    Test worker] o.h.type.descriptor.sql.BasicExtractor   : extracted value ([update_t3_2_] : [TIMESTAMP]) - [2023-11-07T09:33:32.875139]
2023-11-07 09:33:32.928 TRACE 10456 --- [    Test worker] o.h.type.descriptor.sql.BasicExtractor   : extracted value ([created_4_2_] : [VARCHAR]) - []
2023-11-07 09:33:32.928 TRACE 10456 --- [    Test worker] o.h.type.descriptor.sql.BasicExtractor   : extracted value ([modified5_2_] : [VARCHAR]) - []
2023-11-07 09:33:32.928 TRACE 10456 --- [    Test worker] o.h.type.descriptor.sql.BasicExtractor   : extracted value ([item_det6_2_] : [CLOB]) - [테스트 상품 상세 설명6]
2023-11-07 09:33:32.928 TRACE 10456 --- [    Test worker] o.h.type.descriptor.sql.BasicExtractor   : extracted value ([item_nm7_2_] : [VARCHAR]) - [테스트 상품6]
2023-11-07 09:33:32.929 TRACE 10456 --- [    Test worker] o.h.type.descriptor.sql.BasicExtractor   : extracted value ([item_sel8_2_] : [VARCHAR]) - [SELL]
2023-11-07 09:33:32.929 TRACE 10456 --- [    Test worker] o.h.type.descriptor.sql.BasicExtractor   : extracted value ([price9_2_] : [INTEGER]) - [10006]
2023-11-07 09:33:32.929 TRACE 10456 --- [    Test worker] o.h.type.descriptor.sql.BasicExtractor   : extracted value ([stock_n10_2_] : [INTEGER]) - [100]
2023-11-07 09:33:32.929 TRACE 10456 --- [    Test worker] o.h.type.descriptor.sql.BasicExtractor   : extracted value ([item_id1_2_] : [BIGINT]) - [33]
2023-11-07 09:33:32.929 TRACE 10456 --- [    Test worker] o.h.type.descriptor.sql.BasicExtractor   : extracted value ([reg_time2_2_] : [TIMESTAMP]) - [2023-11-07T09:33:32.835976]
2023-11-07 09:33:32.929 TRACE 10456 --- [    Test worker] o.h.type.descriptor.sql.BasicExtractor   : extracted value ([update_t3_2_] : [TIMESTAMP]) - [2023-11-07T09:33:32.835976]
2023-11-07 09:33:32.929 TRACE 10456 --- [    Test worker] o.h.type.descriptor.sql.BasicExtractor   : extracted value ([created_4_2_] : [VARCHAR]) - []
2023-11-07 09:33:32.929 TRACE 10456 --- [    Test worker] o.h.type.descriptor.sql.BasicExtractor   : extracted value ([modified5_2_] : [VARCHAR]) - []
2023-11-07 09:33:32.929 TRACE 10456 --- [    Test worker] o.h.type.descriptor.sql.BasicExtractor   : extracted value ([item_det6_2_] : [CLOB]) - [테스트 상품 상세 설명5]
2023-11-07 09:33:32.929 TRACE 10456 --- [    Test worker] o.h.type.descriptor.sql.BasicExtractor   : extracted value ([item_nm7_2_] : [VARCHAR]) - [테스트 상품5]
2023-11-07 09:33:32.929 TRACE 10456 --- [    Test worker] o.h.type.descriptor.sql.BasicExtractor   : extracted value ([item_sel8_2_] : [VARCHAR]) - [SELL]
2023-11-07 09:33:32.929 TRACE 10456 --- [    Test worker] o.h.type.descriptor.sql.BasicExtractor   : extracted value ([price9_2_] : [INTEGER]) - [10005]
2023-11-07 09:33:32.929 TRACE 10456 --- [    Test worker] o.h.type.descriptor.sql.BasicExtractor   : extracted value ([stock_n10_2_] : [INTEGER]) - [100]
2023-11-07 09:33:32.929 TRACE 10456 --- [    Test worker] o.h.type.descriptor.sql.BasicExtractor   : extracted value ([item_id1_2_] : [BIGINT]) - [43]
2023-11-07 09:33:32.929 TRACE 10456 --- [    Test worker] o.h.type.descriptor.sql.BasicExtractor   : extracted value ([reg_time2_2_] : [TIMESTAMP]) - [2023-11-07T09:33:32.874149]
2023-11-07 09:33:32.929 TRACE 10456 --- [    Test worker] o.h.type.descriptor.sql.BasicExtractor   : extracted value ([update_t3_2_] : [TIMESTAMP]) - [2023-11-07T09:33:32.874149]
2023-11-07 09:33:32.929 TRACE 10456 --- [    Test worker] o.h.type.descriptor.sql.BasicExtractor   : extracted value ([created_4_2_] : [VARCHAR]) - []
2023-11-07 09:33:32.930 TRACE 10456 --- [    Test worker] o.h.type.descriptor.sql.BasicExtractor   : extracted value ([modified5_2_] : [VARCHAR]) - []
2023-11-07 09:33:32.930 TRACE 10456 --- [    Test worker] o.h.type.descriptor.sql.BasicExtractor   : extracted value ([item_det6_2_] : [CLOB]) - [테스트 상품 상세 설명5]
2023-11-07 09:33:32.930 TRACE 10456 --- [    Test worker] o.h.type.descriptor.sql.BasicExtractor   : extracted value ([item_nm7_2_] : [VARCHAR]) - [테스트 상품5]
2023-11-07 09:33:32.930 TRACE 10456 --- [    Test worker] o.h.type.descriptor.sql.BasicExtractor   : extracted value ([item_sel8_2_] : [VARCHAR]) - [SELL]
2023-11-07 09:33:32.930 TRACE 10456 --- [    Test worker] o.h.type.descriptor.sql.BasicExtractor   : extracted value ([price9_2_] : [INTEGER]) - [10005]
2023-11-07 09:33:32.930 TRACE 10456 --- [    Test worker] o.h.type.descriptor.sql.BasicExtractor   : extracted value ([stock_n10_2_] : [INTEGER]) - [100]
2023-11-07 09:33:32.930 TRACE 10456 --- [    Test worker] o.h.type.descriptor.sql.BasicExtractor   : extracted value ([item_id1_2_] : [BIGINT]) - [32]
2023-11-07 09:33:32.930 TRACE 10456 --- [    Test worker] o.h.type.descriptor.sql.BasicExtractor   : extracted value ([reg_time2_2_] : [TIMESTAMP]) - [2023-11-07T09:33:32.834975]
2023-11-07 09:33:32.930 TRACE 10456 --- [    Test worker] o.h.type.descriptor.sql.BasicExtractor   : extracted value ([update_t3_2_] : [TIMESTAMP]) - [2023-11-07T09:33:32.834975]
2023-11-07 09:33:32.930 TRACE 10456 --- [    Test worker] o.h.type.descriptor.sql.BasicExtractor   : extracted value ([created_4_2_] : [VARCHAR]) - []
2023-11-07 09:33:32.930 TRACE 10456 --- [    Test worker] o.h.type.descriptor.sql.BasicExtractor   : extracted value ([modified5_2_] : [VARCHAR]) - []
2023-11-07 09:33:32.930 TRACE 10456 --- [    Test worker] o.h.type.descriptor.sql.BasicExtractor   : extracted value ([item_det6_2_] : [CLOB]) - [테스트 상품 상세 설명4]
2023-11-07 09:33:32.930 TRACE 10456 --- [    Test worker] o.h.type.descriptor.sql.BasicExtractor   : extracted value ([item_nm7_2_] : [VARCHAR]) - [테스트 상품4]
2023-11-07 09:33:32.930 TRACE 10456 --- [    Test worker] o.h.type.descriptor.sql.BasicExtractor   : extracted value ([item_sel8_2_] : [VARCHAR]) - [SELL]
2023-11-07 09:33:32.930 TRACE 10456 --- [    Test worker] o.h.type.descriptor.sql.BasicExtractor   : extracted value ([price9_2_] : [INTEGER]) - [10004]
2023-11-07 09:33:32.930 TRACE 10456 --- [    Test worker] o.h.type.descriptor.sql.BasicExtractor   : extracted value ([stock_n10_2_] : [INTEGER]) - [100]
2023-11-07 09:33:32.930 TRACE 10456 --- [    Test worker] o.h.type.descriptor.sql.BasicExtractor   : extracted value ([item_id1_2_] : [BIGINT]) - [42]
2023-11-07 09:33:32.931 TRACE 10456 --- [    Test worker] o.h.type.descriptor.sql.BasicExtractor   : extracted value ([reg_time2_2_] : [TIMESTAMP]) - [2023-11-07T09:33:32.873139]
2023-11-07 09:33:32.931 TRACE 10456 --- [    Test worker] o.h.type.descriptor.sql.BasicExtractor   : extracted value ([update_t3_2_] : [TIMESTAMP]) - [2023-11-07T09:33:32.873139]
2023-11-07 09:33:32.931 TRACE 10456 --- [    Test worker] o.h.type.descriptor.sql.BasicExtractor   : extracted value ([created_4_2_] : [VARCHAR]) - []
2023-11-07 09:33:32.931 TRACE 10456 --- [    Test worker] o.h.type.descriptor.sql.BasicExtractor   : extracted value ([modified5_2_] : [VARCHAR]) - []
2023-11-07 09:33:32.931 TRACE 10456 --- [    Test worker] o.h.type.descriptor.sql.BasicExtractor   : extracted value ([item_det6_2_] : [CLOB]) - [테스트 상품 상세 설명4]
2023-11-07 09:33:32.931 TRACE 10456 --- [    Test worker] o.h.type.descriptor.sql.BasicExtractor   : extracted value ([item_nm7_2_] : [VARCHAR]) - [테스트 상품4]
2023-11-07 09:33:32.931 TRACE 10456 --- [    Test worker] o.h.type.descriptor.sql.BasicExtractor   : extracted value ([item_sel8_2_] : [VARCHAR]) - [SELL]
2023-11-07 09:33:32.931 TRACE 10456 --- [    Test worker] o.h.type.descriptor.sql.BasicExtractor   : extracted value ([price9_2_] : [INTEGER]) - [10004]
2023-11-07 09:33:32.931 TRACE 10456 --- [    Test worker] o.h.type.descriptor.sql.BasicExtractor   : extracted value ([stock_n10_2_] : [INTEGER]) - [100]
2023-11-07 09:33:32.931 TRACE 10456 --- [    Test worker] o.h.type.descriptor.sql.BasicExtractor   : extracted value ([item_id1_2_] : [BIGINT]) - [31]
2023-11-07 09:33:32.931 TRACE 10456 --- [    Test worker] o.h.type.descriptor.sql.BasicExtractor   : extracted value ([reg_time2_2_] : [TIMESTAMP]) - [2023-11-07T09:33:32.833975]
2023-11-07 09:33:32.931 TRACE 10456 --- [    Test worker] o.h.type.descriptor.sql.BasicExtractor   : extracted value ([update_t3_2_] : [TIMESTAMP]) - [2023-11-07T09:33:32.833975]
2023-11-07 09:33:32.931 TRACE 10456 --- [    Test worker] o.h.type.descriptor.sql.BasicExtractor   : extracted value ([created_4_2_] : [VARCHAR]) - []
2023-11-07 09:33:32.931 TRACE 10456 --- [    Test worker] o.h.type.descriptor.sql.BasicExtractor   : extracted value ([modified5_2_] : [VARCHAR]) - []
2023-11-07 09:33:32.931 TRACE 10456 --- [    Test worker] o.h.type.descriptor.sql.BasicExtractor   : extracted value ([item_det6_2_] : [CLOB]) - [테스트 상품 상세 설명3]
2023-11-07 09:33:32.931 TRACE 10456 --- [    Test worker] o.h.type.descriptor.sql.BasicExtractor   : extracted value ([item_nm7_2_] : [VARCHAR]) - [테스트 상품3]
2023-11-07 09:33:32.931 TRACE 10456 --- [    Test worker] o.h.type.descriptor.sql.BasicExtractor   : extracted value ([item_sel8_2_] : [VARCHAR]) - [SELL]
2023-11-07 09:33:32.931 TRACE 10456 --- [    Test worker] o.h.type.descriptor.sql.BasicExtractor   : extracted value ([price9_2_] : [INTEGER]) - [10003]
2023-11-07 09:33:32.931 TRACE 10456 --- [    Test worker] o.h.type.descriptor.sql.BasicExtractor   : extracted value ([stock_n10_2_] : [INTEGER]) - [100]
2023-11-07 09:33:32.932 TRACE 10456 --- [    Test worker] o.h.type.descriptor.sql.BasicExtractor   : extracted value ([item_id1_2_] : [BIGINT]) - [41]
2023-11-07 09:33:32.932 TRACE 10456 --- [    Test worker] o.h.type.descriptor.sql.BasicExtractor   : extracted value ([reg_time2_2_] : [TIMESTAMP]) - [2023-11-07T09:33:32.872148]
2023-11-07 09:33:32.932 TRACE 10456 --- [    Test worker] o.h.type.descriptor.sql.BasicExtractor   : extracted value ([update_t3_2_] : [TIMESTAMP]) - [2023-11-07T09:33:32.872148]
2023-11-07 09:33:32.932 TRACE 10456 --- [    Test worker] o.h.type.descriptor.sql.BasicExtractor   : extracted value ([created_4_2_] : [VARCHAR]) - []
2023-11-07 09:33:32.932 TRACE 10456 --- [    Test worker] o.h.type.descriptor.sql.BasicExtractor   : extracted value ([modified5_2_] : [VARCHAR]) - []
2023-11-07 09:33:32.932 TRACE 10456 --- [    Test worker] o.h.type.descriptor.sql.BasicExtractor   : extracted value ([item_det6_2_] : [CLOB]) - [테스트 상품 상세 설명3]
2023-11-07 09:33:32.932 TRACE 10456 --- [    Test worker] o.h.type.descriptor.sql.BasicExtractor   : extracted value ([item_nm7_2_] : [VARCHAR]) - [테스트 상품3]
2023-11-07 09:33:32.932 TRACE 10456 --- [    Test worker] o.h.type.descriptor.sql.BasicExtractor   : extracted value ([item_sel8_2_] : [VARCHAR]) - [SELL]
2023-11-07 09:33:32.932 TRACE 10456 --- [    Test worker] o.h.type.descriptor.sql.BasicExtractor   : extracted value ([price9_2_] : [INTEGER]) - [10003]
2023-11-07 09:33:32.932 TRACE 10456 --- [    Test worker] o.h.type.descriptor.sql.BasicExtractor   : extracted value ([stock_n10_2_] : [INTEGER]) - [100]
2023-11-07 09:33:32.932 TRACE 10456 --- [    Test worker] o.h.type.descriptor.sql.BasicExtractor   : extracted value ([item_id1_2_] : [BIGINT]) - [30]
2023-11-07 09:33:32.932 TRACE 10456 --- [    Test worker] o.h.type.descriptor.sql.BasicExtractor   : extracted value ([reg_time2_2_] : [TIMESTAMP]) - [2023-11-07T09:33:32.831976]
2023-11-07 09:33:32.932 TRACE 10456 --- [    Test worker] o.h.type.descriptor.sql.BasicExtractor   : extracted value ([update_t3_2_] : [TIMESTAMP]) - [2023-11-07T09:33:32.831976]
2023-11-07 09:33:32.932 TRACE 10456 --- [    Test worker] o.h.type.descriptor.sql.BasicExtractor   : extracted value ([created_4_2_] : [VARCHAR]) - []
2023-11-07 09:33:32.932 TRACE 10456 --- [    Test worker] o.h.type.descriptor.sql.BasicExtractor   : extracted value ([modified5_2_] : [VARCHAR]) - []
2023-11-07 09:33:32.932 TRACE 10456 --- [    Test worker] o.h.type.descriptor.sql.BasicExtractor   : extracted value ([item_det6_2_] : [CLOB]) - [테스트 상품 상세 설명2]
2023-11-07 09:33:32.933 TRACE 10456 --- [    Test worker] o.h.type.descriptor.sql.BasicExtractor   : extracted value ([item_nm7_2_] : [VARCHAR]) - [테스트 상품2]
2023-11-07 09:33:32.933 TRACE 10456 --- [    Test worker] o.h.type.descriptor.sql.BasicExtractor   : extracted value ([item_sel8_2_] : [VARCHAR]) - [SELL]
2023-11-07 09:33:32.933 TRACE 10456 --- [    Test worker] o.h.type.descriptor.sql.BasicExtractor   : extracted value ([price9_2_] : [INTEGER]) - [10002]
2023-11-07 09:33:32.933 TRACE 10456 --- [    Test worker] o.h.type.descriptor.sql.BasicExtractor   : extracted value ([stock_n10_2_] : [INTEGER]) - [100]
2023-11-07 09:33:32.933 TRACE 10456 --- [    Test worker] o.h.type.descriptor.sql.BasicExtractor   : extracted value ([item_id1_2_] : [BIGINT]) - [40]
2023-11-07 09:33:32.933 TRACE 10456 --- [    Test worker] o.h.type.descriptor.sql.BasicExtractor   : extracted value ([reg_time2_2_] : [TIMESTAMP]) - [2023-11-07T09:33:32.871138]
2023-11-07 09:33:32.933 TRACE 10456 --- [    Test worker] o.h.type.descriptor.sql.BasicExtractor   : extracted value ([update_t3_2_] : [TIMESTAMP]) - [2023-11-07T09:33:32.871138]
2023-11-07 09:33:32.933 TRACE 10456 --- [    Test worker] o.h.type.descriptor.sql.BasicExtractor   : extracted value ([created_4_2_] : [VARCHAR]) - []
2023-11-07 09:33:32.933 TRACE 10456 --- [    Test worker] o.h.type.descriptor.sql.BasicExtractor   : extracted value ([modified5_2_] : [VARCHAR]) - []
2023-11-07 09:33:32.933 TRACE 10456 --- [    Test worker] o.h.type.descriptor.sql.BasicExtractor   : extracted value ([item_det6_2_] : [CLOB]) - [테스트 상품 상세 설명2]
2023-11-07 09:33:32.933 TRACE 10456 --- [    Test worker] o.h.type.descriptor.sql.BasicExtractor   : extracted value ([item_nm7_2_] : [VARCHAR]) - [테스트 상품2]
2023-11-07 09:33:32.933 TRACE 10456 --- [    Test worker] o.h.type.descriptor.sql.BasicExtractor   : extracted value ([item_sel8_2_] : [VARCHAR]) - [SELL]
2023-11-07 09:33:32.933 TRACE 10456 --- [    Test worker] o.h.type.descriptor.sql.BasicExtractor   : extracted value ([price9_2_] : [INTEGER]) - [10002]
2023-11-07 09:33:32.933 TRACE 10456 --- [    Test worker] o.h.type.descriptor.sql.BasicExtractor   : extracted value ([stock_n10_2_] : [INTEGER]) - [100]
2023-11-07 09:33:32.933 TRACE 10456 --- [    Test worker] o.h.type.descriptor.sql.BasicExtractor   : extracted value ([item_id1_2_] : [BIGINT]) - [29]
2023-11-07 09:33:32.933 TRACE 10456 --- [    Test worker] o.h.type.descriptor.sql.BasicExtractor   : extracted value ([reg_time2_2_] : [TIMESTAMP]) - [2023-11-07T09:33:32.829987]
2023-11-07 09:33:32.933 TRACE 10456 --- [    Test worker] o.h.type.descriptor.sql.BasicExtractor   : extracted value ([update_t3_2_] : [TIMESTAMP]) - [2023-11-07T09:33:32.829987]
2023-11-07 09:33:32.933 TRACE 10456 --- [    Test worker] o.h.type.descriptor.sql.BasicExtractor   : extracted value ([created_4_2_] : [VARCHAR]) - []
2023-11-07 09:33:32.933 TRACE 10456 --- [    Test worker] o.h.type.descriptor.sql.BasicExtractor   : extracted value ([modified5_2_] : [VARCHAR]) - []
2023-11-07 09:33:32.933 TRACE 10456 --- [    Test worker] o.h.type.descriptor.sql.BasicExtractor   : extracted value ([item_det6_2_] : [CLOB]) - [테스트 상품 상세 설명1]
2023-11-07 09:33:32.933 TRACE 10456 --- [    Test worker] o.h.type.descriptor.sql.BasicExtractor   : extracted value ([item_nm7_2_] : [VARCHAR]) - [테스트 상품1]
2023-11-07 09:33:32.933 TRACE 10456 --- [    Test worker] o.h.type.descriptor.sql.BasicExtractor   : extracted value ([item_sel8_2_] : [VARCHAR]) - [SELL]
2023-11-07 09:33:32.933 TRACE 10456 --- [    Test worker] o.h.type.descriptor.sql.BasicExtractor   : extracted value ([price9_2_] : [INTEGER]) - [10001]
2023-11-07 09:33:32.933 TRACE 10456 --- [    Test worker] o.h.type.descriptor.sql.BasicExtractor   : extracted value ([stock_n10_2_] : [INTEGER]) - [100]
2023-11-07 09:33:32.933 TRACE 10456 --- [    Test worker] o.h.type.descriptor.sql.BasicExtractor   : extracted value ([item_id1_2_] : [BIGINT]) - [39]
2023-11-07 09:33:32.934 TRACE 10456 --- [    Test worker] o.h.type.descriptor.sql.BasicExtractor   : extracted value ([reg_time2_2_] : [TIMESTAMP]) - [2023-11-07T09:33:32.870139]
2023-11-07 09:33:32.934 TRACE 10456 --- [    Test worker] o.h.type.descriptor.sql.BasicExtractor   : extracted value ([update_t3_2_] : [TIMESTAMP]) - [2023-11-07T09:33:32.870139]
2023-11-07 09:33:32.934 TRACE 10456 --- [    Test worker] o.h.type.descriptor.sql.BasicExtractor   : extracted value ([created_4_2_] : [VARCHAR]) - []
2023-11-07 09:33:32.934 TRACE 10456 --- [    Test worker] o.h.type.descriptor.sql.BasicExtractor   : extracted value ([modified5_2_] : [VARCHAR]) - []
2023-11-07 09:33:32.934 TRACE 10456 --- [    Test worker] o.h.type.descriptor.sql.BasicExtractor   : extracted value ([item_det6_2_] : [CLOB]) - [테스트 상품 상세 설명1]
2023-11-07 09:33:32.934 TRACE 10456 --- [    Test worker] o.h.type.descriptor.sql.BasicExtractor   : extracted value ([item_nm7_2_] : [VARCHAR]) - [테스트 상품1]
2023-11-07 09:33:32.934 TRACE 10456 --- [    Test worker] o.h.type.descriptor.sql.BasicExtractor   : extracted value ([item_sel8_2_] : [VARCHAR]) - [SELL]
2023-11-07 09:33:32.934 TRACE 10456 --- [    Test worker] o.h.type.descriptor.sql.BasicExtractor   : extracted value ([price9_2_] : [INTEGER]) - [10001]
2023-11-07 09:33:32.934 TRACE 10456 --- [    Test worker] o.h.type.descriptor.sql.BasicExtractor   : extracted value ([stock_n10_2_] : [INTEGER]) - [100]
Item(id=38, itemNm=테스트 상품10, price=10010, stockNumber=100, itemDetail=테스트 상품 상세 설명10, itemSellStatus=SELL)
Item(id=48, itemNm=테스트 상품10, price=10010, stockNumber=100, itemDetail=테스트 상품 상세 설명10, itemSellStatus=SELL)
Item(id=37, itemNm=테스트 상품9, price=10009, stockNumber=100, itemDetail=테스트 상품 상세 설명9, itemSellStatus=SELL)
Item(id=47, itemNm=테스트 상품9, price=10009, stockNumber=100, itemDetail=테스트 상품 상세 설명9, itemSellStatus=SELL)
Item(id=36, itemNm=테스트 상품8, price=10008, stockNumber=100, itemDetail=테스트 상품 상세 설명8, itemSellStatus=SELL)
Item(id=46, itemNm=테스트 상품8, price=10008, stockNumber=100, itemDetail=테스트 상품 상세 설명8, itemSellStatus=SELL)
Item(id=35, itemNm=테스트 상품7, price=10007, stockNumber=100, itemDetail=테스트 상품 상세 설명7, itemSellStatus=SELL)
Item(id=45, itemNm=테스트 상품7, price=10007, stockNumber=100, itemDetail=테스트 상품 상세 설명7, itemSellStatus=SELL)
Item(id=34, itemNm=테스트 상품6, price=10006, stockNumber=100, itemDetail=테스트 상품 상세 설명6, itemSellStatus=SELL)
Item(id=44, itemNm=테스트 상품6, price=10006, stockNumber=100, itemDetail=테스트 상품 상세 설명6, itemSellStatus=SELL)
Item(id=33, itemNm=테스트 상품5, price=10005, stockNumber=100, itemDetail=테스트 상품 상세 설명5, itemSellStatus=SELL)
Item(id=43, itemNm=테스트 상품5, price=10005, stockNumber=100, itemDetail=테스트 상품 상세 설명5, itemSellStatus=SELL)
Item(id=32, itemNm=테스트 상품4, price=10004, stockNumber=100, itemDetail=테스트 상품 상세 설명4, itemSellStatus=SELL)
Item(id=42, itemNm=테스트 상품4, price=10004, stockNumber=100, itemDetail=테스트 상품 상세 설명4, itemSellStatus=SELL)
Item(id=31, itemNm=테스트 상품3, price=10003, stockNumber=100, itemDetail=테스트 상품 상세 설명3, itemSellStatus=SELL)
Item(id=41, itemNm=테스트 상품3, price=10003, stockNumber=100, itemDetail=테스트 상품 상세 설명3, itemSellStatus=SELL)
Item(id=30, itemNm=테스트 상품2, price=10002, stockNumber=100, itemDetail=테스트 상품 상세 설명2, itemSellStatus=SELL)
Item(id=40, itemNm=테스트 상품2, price=10002, stockNumber=100, itemDetail=테스트 상품 상세 설명2, itemSellStatus=SELL)
Item(id=29, itemNm=테스트 상품1, price=10001, stockNumber=100, itemDetail=테스트 상품 상세 설명1, itemSellStatus=SELL)
Item(id=39, itemNm=테스트 상품1, price=10001, stockNumber=100, itemDetail=테스트 상품 상세 설명1, itemSellStatus=SELL)
Hibernate: 
    call next value for hibernate_sequence
Hibernate: 
    insert 
    into
        item
        (reg_time, update_time, created_by, modified_by, item_detail, item_nm, item_sell_status, price, stock_number, item_id) 
    values
        (?, ?, ?, ?, ?, ?, ?, ?, ?, ?)
2023-11-07 09:33:32.940 TRACE 10456 --- [    Test worker] o.h.type.descriptor.sql.BasicBinder      : binding parameter [1] as [TIMESTAMP] - [2023-11-07T09:33:32.939713]
2023-11-07 09:33:32.940 TRACE 10456 --- [    Test worker] o.h.type.descriptor.sql.BasicBinder      : binding parameter [2] as [TIMESTAMP] - [2023-11-07T09:33:32.939713]
2023-11-07 09:33:32.940 TRACE 10456 --- [    Test worker] o.h.type.descriptor.sql.BasicBinder      : binding parameter [3] as [VARCHAR] - []
2023-11-07 09:33:32.940 TRACE 10456 --- [    Test worker] o.h.type.descriptor.sql.BasicBinder      : binding parameter [4] as [VARCHAR] - []
2023-11-07 09:33:32.940 TRACE 10456 --- [    Test worker] o.h.type.descriptor.sql.BasicBinder      : binding parameter [5] as [CLOB] - [테스트 상품 상세 설명1]
2023-11-07 09:33:32.940 TRACE 10456 --- [    Test worker] o.h.type.descriptor.sql.BasicBinder      : binding parameter [6] as [VARCHAR] - [테스트 상품1]
2023-11-07 09:33:32.940 TRACE 10456 --- [    Test worker] o.h.type.descriptor.sql.BasicBinder      : binding parameter [7] as [VARCHAR] - [SELL]
2023-11-07 09:33:32.940 TRACE 10456 --- [    Test worker] o.h.type.descriptor.sql.BasicBinder      : binding parameter [8] as [INTEGER] - [10001]
2023-11-07 09:33:32.940 TRACE 10456 --- [    Test worker] o.h.type.descriptor.sql.BasicBinder      : binding parameter [9] as [INTEGER] - [100]
2023-11-07 09:33:32.940 TRACE 10456 --- [    Test worker] o.h.type.descriptor.sql.BasicBinder      : binding parameter [10] as [BIGINT] - [49]
Hibernate: 
    call next value for hibernate_sequence
Hibernate: 
    insert 
    into
        item
        (reg_time, update_time, created_by, modified_by, item_detail, item_nm, item_sell_status, price, stock_number, item_id) 
    values
        (?, ?, ?, ?, ?, ?, ?, ?, ?, ?)
2023-11-07 09:33:32.941 TRACE 10456 --- [    Test worker] o.h.type.descriptor.sql.BasicBinder      : binding parameter [1] as [TIMESTAMP] - [2023-11-07T09:33:32.941711500]
2023-11-07 09:33:32.941 TRACE 10456 --- [    Test worker] o.h.type.descriptor.sql.BasicBinder      : binding parameter [2] as [TIMESTAMP] - [2023-11-07T09:33:32.941711500]
2023-11-07 09:33:32.941 TRACE 10456 --- [    Test worker] o.h.type.descriptor.sql.BasicBinder      : binding parameter [3] as [VARCHAR] - []
2023-11-07 09:33:32.941 TRACE 10456 --- [    Test worker] o.h.type.descriptor.sql.BasicBinder      : binding parameter [4] as [VARCHAR] - []
2023-11-07 09:33:32.941 TRACE 10456 --- [    Test worker] o.h.type.descriptor.sql.BasicBinder      : binding parameter [5] as [CLOB] - [테스트 상품 상세 설명2]
2023-11-07 09:33:32.942 TRACE 10456 --- [    Test worker] o.h.type.descriptor.sql.BasicBinder      : binding parameter [6] as [VARCHAR] - [테스트 상품2]
2023-11-07 09:33:32.942 TRACE 10456 --- [    Test worker] o.h.type.descriptor.sql.BasicBinder      : binding parameter [7] as [VARCHAR] - [SELL]
2023-11-07 09:33:32.942 TRACE 10456 --- [    Test worker] o.h.type.descriptor.sql.BasicBinder      : binding parameter [8] as [INTEGER] - [10002]
2023-11-07 09:33:32.942 TRACE 10456 --- [    Test worker] o.h.type.descriptor.sql.BasicBinder      : binding parameter [9] as [INTEGER] - [100]
2023-11-07 09:33:32.942 TRACE 10456 --- [    Test worker] o.h.type.descriptor.sql.BasicBinder      : binding parameter [10] as [BIGINT] - [50]
Hibernate: 
    call next value for hibernate_sequence
Hibernate: 
    insert 
    into
        item
        (reg_time, update_time, created_by, modified_by, item_detail, item_nm, item_sell_status, price, stock_number, item_id) 
    values
        (?, ?, ?, ?, ?, ?, ?, ?, ?, ?)
2023-11-07 09:33:32.943 TRACE 10456 --- [    Test worker] o.h.type.descriptor.sql.BasicBinder      : binding parameter [1] as [TIMESTAMP] - [2023-11-07T09:33:32.942704600]
2023-11-07 09:33:32.943 TRACE 10456 --- [    Test worker] o.h.type.descriptor.sql.BasicBinder      : binding parameter [2] as [TIMESTAMP] - [2023-11-07T09:33:32.942704600]
2023-11-07 09:33:32.943 TRACE 10456 --- [    Test worker] o.h.type.descriptor.sql.BasicBinder      : binding parameter [3] as [VARCHAR] - []
2023-11-07 09:33:32.943 TRACE 10456 --- [    Test worker] o.h.type.descriptor.sql.BasicBinder      : binding parameter [4] as [VARCHAR] - []
2023-11-07 09:33:32.943 TRACE 10456 --- [    Test worker] o.h.type.descriptor.sql.BasicBinder      : binding parameter [5] as [CLOB] - [테스트 상품 상세 설명3]
2023-11-07 09:33:32.943 TRACE 10456 --- [    Test worker] o.h.type.descriptor.sql.BasicBinder      : binding parameter [6] as [VARCHAR] - [테스트 상품3]
2023-11-07 09:33:32.943 TRACE 10456 --- [    Test worker] o.h.type.descriptor.sql.BasicBinder      : binding parameter [7] as [VARCHAR] - [SELL]
2023-11-07 09:33:32.943 TRACE 10456 --- [    Test worker] o.h.type.descriptor.sql.BasicBinder      : binding parameter [8] as [INTEGER] - [10003]
2023-11-07 09:33:32.943 TRACE 10456 --- [    Test worker] o.h.type.descriptor.sql.BasicBinder      : binding parameter [9] as [INTEGER] - [100]
2023-11-07 09:33:32.943 TRACE 10456 --- [    Test worker] o.h.type.descriptor.sql.BasicBinder      : binding parameter [10] as [BIGINT] - [51]
Hibernate: 
    call next value for hibernate_sequence
Hibernate: 
    insert 
    into
        item
        (reg_time, update_time, created_by, modified_by, item_detail, item_nm, item_sell_status, price, stock_number, item_id) 
    values
        (?, ?, ?, ?, ?, ?, ?, ?, ?, ?)
2023-11-07 09:33:32.945 TRACE 10456 --- [    Test worker] o.h.type.descriptor.sql.BasicBinder      : binding parameter [1] as [TIMESTAMP] - [2023-11-07T09:33:32.944702700]
2023-11-07 09:33:32.945 TRACE 10456 --- [    Test worker] o.h.type.descriptor.sql.BasicBinder      : binding parameter [2] as [TIMESTAMP] - [2023-11-07T09:33:32.944702700]
2023-11-07 09:33:32.945 TRACE 10456 --- [    Test worker] o.h.type.descriptor.sql.BasicBinder      : binding parameter [3] as [VARCHAR] - []
2023-11-07 09:33:32.945 TRACE 10456 --- [    Test worker] o.h.type.descriptor.sql.BasicBinder      : binding parameter [4] as [VARCHAR] - []
2023-11-07 09:33:32.945 TRACE 10456 --- [    Test worker] o.h.type.descriptor.sql.BasicBinder      : binding parameter [5] as [CLOB] - [테스트 상품 상세 설명4]
2023-11-07 09:33:32.945 TRACE 10456 --- [    Test worker] o.h.type.descriptor.sql.BasicBinder      : binding parameter [6] as [VARCHAR] - [테스트 상품4]
2023-11-07 09:33:32.945 TRACE 10456 --- [    Test worker] o.h.type.descriptor.sql.BasicBinder      : binding parameter [7] as [VARCHAR] - [SELL]
2023-11-07 09:33:32.945 TRACE 10456 --- [    Test worker] o.h.type.descriptor.sql.BasicBinder      : binding parameter [8] as [INTEGER] - [10004]
2023-11-07 09:33:32.945 TRACE 10456 --- [    Test worker] o.h.type.descriptor.sql.BasicBinder      : binding parameter [9] as [INTEGER] - [100]
2023-11-07 09:33:32.945 TRACE 10456 --- [    Test worker] o.h.type.descriptor.sql.BasicBinder      : binding parameter [10] as [BIGINT] - [52]
Hibernate: 
    call next value for hibernate_sequence
Hibernate: 
    insert 
    into
        item
        (reg_time, update_time, created_by, modified_by, item_detail, item_nm, item_sell_status, price, stock_number, item_id) 
    values
        (?, ?, ?, ?, ?, ?, ?, ?, ?, ?)
2023-11-07 09:33:32.946 TRACE 10456 --- [    Test worker] o.h.type.descriptor.sql.BasicBinder      : binding parameter [1] as [TIMESTAMP] - [2023-11-07T09:33:32.946704700]
2023-11-07 09:33:32.946 TRACE 10456 --- [    Test worker] o.h.type.descriptor.sql.BasicBinder      : binding parameter [2] as [TIMESTAMP] - [2023-11-07T09:33:32.946704700]
2023-11-07 09:33:32.946 TRACE 10456 --- [    Test worker] o.h.type.descriptor.sql.BasicBinder      : binding parameter [3] as [VARCHAR] - []
2023-11-07 09:33:32.946 TRACE 10456 --- [    Test worker] o.h.type.descriptor.sql.BasicBinder      : binding parameter [4] as [VARCHAR] - []
2023-11-07 09:33:32.946 TRACE 10456 --- [    Test worker] o.h.type.descriptor.sql.BasicBinder      : binding parameter [5] as [CLOB] - [테스트 상품 상세 설명5]
2023-11-07 09:33:32.946 TRACE 10456 --- [    Test worker] o.h.type.descriptor.sql.BasicBinder      : binding parameter [6] as [VARCHAR] - [테스트 상품5]
2023-11-07 09:33:32.946 TRACE 10456 --- [    Test worker] o.h.type.descriptor.sql.BasicBinder      : binding parameter [7] as [VARCHAR] - [SELL]
2023-11-07 09:33:32.946 TRACE 10456 --- [    Test worker] o.h.type.descriptor.sql.BasicBinder      : binding parameter [8] as [INTEGER] - [10005]
2023-11-07 09:33:32.947 TRACE 10456 --- [    Test worker] o.h.type.descriptor.sql.BasicBinder      : binding parameter [9] as [INTEGER] - [100]
2023-11-07 09:33:32.947 TRACE 10456 --- [    Test worker] o.h.type.descriptor.sql.BasicBinder      : binding parameter [10] as [BIGINT] - [53]
Hibernate: 
    call next value for hibernate_sequence
Hibernate: 
    insert 
    into
        item
        (reg_time, update_time, created_by, modified_by, item_detail, item_nm, item_sell_status, price, stock_number, item_id) 
    values
        (?, ?, ?, ?, ?, ?, ?, ?, ?, ?)
2023-11-07 09:33:32.947 TRACE 10456 --- [    Test worker] o.h.type.descriptor.sql.BasicBinder      : binding parameter [1] as [TIMESTAMP] - [2023-11-07T09:33:32.947703400]
2023-11-07 09:33:32.947 TRACE 10456 --- [    Test worker] o.h.type.descriptor.sql.BasicBinder      : binding parameter [2] as [TIMESTAMP] - [2023-11-07T09:33:32.947703400]
2023-11-07 09:33:32.947 TRACE 10456 --- [    Test worker] o.h.type.descriptor.sql.BasicBinder      : binding parameter [3] as [VARCHAR] - []
2023-11-07 09:33:32.947 TRACE 10456 --- [    Test worker] o.h.type.descriptor.sql.BasicBinder      : binding parameter [4] as [VARCHAR] - []
2023-11-07 09:33:32.947 TRACE 10456 --- [    Test worker] o.h.type.descriptor.sql.BasicBinder      : binding parameter [5] as [CLOB] - [테스트 상품 상세 설명6]
2023-11-07 09:33:32.948 TRACE 10456 --- [    Test worker] o.h.type.descriptor.sql.BasicBinder      : binding parameter [6] as [VARCHAR] - [테스트 상품6]
2023-11-07 09:33:32.948 TRACE 10456 --- [    Test worker] o.h.type.descriptor.sql.BasicBinder      : binding parameter [7] as [VARCHAR] - [SELL]
2023-11-07 09:33:32.948 TRACE 10456 --- [    Test worker] o.h.type.descriptor.sql.BasicBinder      : binding parameter [8] as [INTEGER] - [10006]
2023-11-07 09:33:32.948 TRACE 10456 --- [    Test worker] o.h.type.descriptor.sql.BasicBinder      : binding parameter [9] as [INTEGER] - [100]
2023-11-07 09:33:32.948 TRACE 10456 --- [    Test worker] o.h.type.descriptor.sql.BasicBinder      : binding parameter [10] as [BIGINT] - [54]
Hibernate: 
    call next value for hibernate_sequence
Hibernate: 
    insert 
    into
        item
        (reg_time, update_time, created_by, modified_by, item_detail, item_nm, item_sell_status, price, stock_number, item_id) 
    values
        (?, ?, ?, ?, ?, ?, ?, ?, ?, ?)
2023-11-07 09:33:32.948 TRACE 10456 --- [    Test worker] o.h.type.descriptor.sql.BasicBinder      : binding parameter [1] as [TIMESTAMP] - [2023-11-07T09:33:32.948702700]
2023-11-07 09:33:32.949 TRACE 10456 --- [    Test worker] o.h.type.descriptor.sql.BasicBinder      : binding parameter [2] as [TIMESTAMP] - [2023-11-07T09:33:32.948702700]
2023-11-07 09:33:32.949 TRACE 10456 --- [    Test worker] o.h.type.descriptor.sql.BasicBinder      : binding parameter [3] as [VARCHAR] - []
2023-11-07 09:33:32.949 TRACE 10456 --- [    Test worker] o.h.type.descriptor.sql.BasicBinder      : binding parameter [4] as [VARCHAR] - []
2023-11-07 09:33:32.949 TRACE 10456 --- [    Test worker] o.h.type.descriptor.sql.BasicBinder      : binding parameter [5] as [CLOB] - [테스트 상품 상세 설명7]
2023-11-07 09:33:32.949 TRACE 10456 --- [    Test worker] o.h.type.descriptor.sql.BasicBinder      : binding parameter [6] as [VARCHAR] - [테스트 상품7]
2023-11-07 09:33:32.949 TRACE 10456 --- [    Test worker] o.h.type.descriptor.sql.BasicBinder      : binding parameter [7] as [VARCHAR] - [SELL]
2023-11-07 09:33:32.949 TRACE 10456 --- [    Test worker] o.h.type.descriptor.sql.BasicBinder      : binding parameter [8] as [INTEGER] - [10007]
2023-11-07 09:33:32.949 TRACE 10456 --- [    Test worker] o.h.type.descriptor.sql.BasicBinder      : binding parameter [9] as [INTEGER] - [100]
2023-11-07 09:33:32.949 TRACE 10456 --- [    Test worker] o.h.type.descriptor.sql.BasicBinder      : binding parameter [10] as [BIGINT] - [55]
Hibernate: 
    call next value for hibernate_sequence
Hibernate: 
    insert 
    into
        item
        (reg_time, update_time, created_by, modified_by, item_detail, item_nm, item_sell_status, price, stock_number, item_id) 
    values
        (?, ?, ?, ?, ?, ?, ?, ?, ?, ?)
2023-11-07 09:33:32.949 TRACE 10456 --- [    Test worker] o.h.type.descriptor.sql.BasicBinder      : binding parameter [1] as [TIMESTAMP] - [2023-11-07T09:33:32.949704500]
2023-11-07 09:33:32.949 TRACE 10456 --- [    Test worker] o.h.type.descriptor.sql.BasicBinder      : binding parameter [2] as [TIMESTAMP] - [2023-11-07T09:33:32.949704500]
2023-11-07 09:33:32.949 TRACE 10456 --- [    Test worker] o.h.type.descriptor.sql.BasicBinder      : binding parameter [3] as [VARCHAR] - []
2023-11-07 09:33:32.949 TRACE 10456 --- [    Test worker] o.h.type.descriptor.sql.BasicBinder      : binding parameter [4] as [VARCHAR] - []
2023-11-07 09:33:32.949 TRACE 10456 --- [    Test worker] o.h.type.descriptor.sql.BasicBinder      : binding parameter [5] as [CLOB] - [테스트 상품 상세 설명8]
2023-11-07 09:33:32.949 TRACE 10456 --- [    Test worker] o.h.type.descriptor.sql.BasicBinder      : binding parameter [6] as [VARCHAR] - [테스트 상품8]
2023-11-07 09:33:32.949 TRACE 10456 --- [    Test worker] o.h.type.descriptor.sql.BasicBinder      : binding parameter [7] as [VARCHAR] - [SELL]
2023-11-07 09:33:32.949 TRACE 10456 --- [    Test worker] o.h.type.descriptor.sql.BasicBinder      : binding parameter [8] as [INTEGER] - [10008]
2023-11-07 09:33:32.949 TRACE 10456 --- [    Test worker] o.h.type.descriptor.sql.BasicBinder      : binding parameter [9] as [INTEGER] - [100]
2023-11-07 09:33:32.949 TRACE 10456 --- [    Test worker] o.h.type.descriptor.sql.BasicBinder      : binding parameter [10] as [BIGINT] - [56]
Hibernate: 
    call next value for hibernate_sequence
Hibernate: 
    insert 
    into
        item
        (reg_time, update_time, created_by, modified_by, item_detail, item_nm, item_sell_status, price, stock_number, item_id) 
    values
        (?, ?, ?, ?, ?, ?, ?, ?, ?, ?)
2023-11-07 09:33:32.950 TRACE 10456 --- [    Test worker] o.h.type.descriptor.sql.BasicBinder      : binding parameter [1] as [TIMESTAMP] - [2023-11-07T09:33:32.950703700]
2023-11-07 09:33:32.950 TRACE 10456 --- [    Test worker] o.h.type.descriptor.sql.BasicBinder      : binding parameter [2] as [TIMESTAMP] - [2023-11-07T09:33:32.950703700]
2023-11-07 09:33:32.950 TRACE 10456 --- [    Test worker] o.h.type.descriptor.sql.BasicBinder      : binding parameter [3] as [VARCHAR] - []
2023-11-07 09:33:32.950 TRACE 10456 --- [    Test worker] o.h.type.descriptor.sql.BasicBinder      : binding parameter [4] as [VARCHAR] - []
2023-11-07 09:33:32.950 TRACE 10456 --- [    Test worker] o.h.type.descriptor.sql.BasicBinder      : binding parameter [5] as [CLOB] - [테스트 상품 상세 설명9]
2023-11-07 09:33:32.950 TRACE 10456 --- [    Test worker] o.h.type.descriptor.sql.BasicBinder      : binding parameter [6] as [VARCHAR] - [테스트 상품9]
2023-11-07 09:33:32.950 TRACE 10456 --- [    Test worker] o.h.type.descriptor.sql.BasicBinder      : binding parameter [7] as [VARCHAR] - [SELL]
2023-11-07 09:33:32.950 TRACE 10456 --- [    Test worker] o.h.type.descriptor.sql.BasicBinder      : binding parameter [8] as [INTEGER] - [10009]
2023-11-07 09:33:32.950 TRACE 10456 --- [    Test worker] o.h.type.descriptor.sql.BasicBinder      : binding parameter [9] as [INTEGER] - [100]
2023-11-07 09:33:32.950 TRACE 10456 --- [    Test worker] o.h.type.descriptor.sql.BasicBinder      : binding parameter [10] as [BIGINT] - [57]
Hibernate: 
    call next value for hibernate_sequence
Hibernate: 
    insert 
    into
        item
        (reg_time, update_time, created_by, modified_by, item_detail, item_nm, item_sell_status, price, stock_number, item_id) 
    values
        (?, ?, ?, ?, ?, ?, ?, ?, ?, ?)
2023-11-07 09:33:32.951 TRACE 10456 --- [    Test worker] o.h.type.descriptor.sql.BasicBinder      : binding parameter [1] as [TIMESTAMP] - [2023-11-07T09:33:32.951703]
2023-11-07 09:33:32.951 TRACE 10456 --- [    Test worker] o.h.type.descriptor.sql.BasicBinder      : binding parameter [2] as [TIMESTAMP] - [2023-11-07T09:33:32.951703]
2023-11-07 09:33:32.951 TRACE 10456 --- [    Test worker] o.h.type.descriptor.sql.BasicBinder      : binding parameter [3] as [VARCHAR] - []
2023-11-07 09:33:32.951 TRACE 10456 --- [    Test worker] o.h.type.descriptor.sql.BasicBinder      : binding parameter [4] as [VARCHAR] - []
2023-11-07 09:33:32.951 TRACE 10456 --- [    Test worker] o.h.type.descriptor.sql.BasicBinder      : binding parameter [5] as [CLOB] - [테스트 상품 상세 설명10]
2023-11-07 09:33:32.951 TRACE 10456 --- [    Test worker] o.h.type.descriptor.sql.BasicBinder      : binding parameter [6] as [VARCHAR] - [테스트 상품10]
2023-11-07 09:33:32.951 TRACE 10456 --- [    Test worker] o.h.type.descriptor.sql.BasicBinder      : binding parameter [7] as [VARCHAR] - [SELL]
2023-11-07 09:33:32.951 TRACE 10456 --- [    Test worker] o.h.type.descriptor.sql.BasicBinder      : binding parameter [8] as [INTEGER] - [10010]
2023-11-07 09:33:32.951 TRACE 10456 --- [    Test worker] o.h.type.descriptor.sql.BasicBinder      : binding parameter [9] as [INTEGER] - [100]
2023-11-07 09:33:32.951 TRACE 10456 --- [    Test worker] o.h.type.descriptor.sql.BasicBinder      : binding parameter [10] as [BIGINT] - [58]
Hibernate: 
    select
        item0_.item_id as item_id1_2_,
        item0_.reg_time as reg_time2_2_,
        item0_.update_time as update_t3_2_,
        item0_.created_by as created_4_2_,
        item0_.modified_by as modified5_2_,
        item0_.item_detail as item_det6_2_,
        item0_.item_nm as item_nm7_2_,
        item0_.item_sell_status as item_sel8_2_,
        item0_.price as price9_2_,
        item0_.stock_number as stock_n10_2_ 
    from
        item item0_ 
    where
        item0_.item_nm=? 
        or item0_.item_detail=?
2023-11-07 09:33:32.954 TRACE 10456 --- [    Test worker] o.h.type.descriptor.sql.BasicBinder      : binding parameter [1] as [VARCHAR] - [테스트 상품1]
2023-11-07 09:33:32.955 TRACE 10456 --- [    Test worker] o.h.type.descriptor.sql.BasicBinder      : binding parameter [2] as [CLOB] - [테스트 상품 상세 설명5]
2023-11-07 09:33:32.955 TRACE 10456 --- [    Test worker] o.h.type.descriptor.sql.BasicExtractor   : extracted value ([item_id1_2_] : [BIGINT]) - [29]
2023-11-07 09:33:32.955 TRACE 10456 --- [    Test worker] o.h.type.descriptor.sql.BasicExtractor   : extracted value ([reg_time2_2_] : [TIMESTAMP]) - [2023-11-07T09:33:32.829987]
2023-11-07 09:33:32.955 TRACE 10456 --- [    Test worker] o.h.type.descriptor.sql.BasicExtractor   : extracted value ([update_t3_2_] : [TIMESTAMP]) - [2023-11-07T09:33:32.829987]
2023-11-07 09:33:32.955 TRACE 10456 --- [    Test worker] o.h.type.descriptor.sql.BasicExtractor   : extracted value ([created_4_2_] : [VARCHAR]) - []
2023-11-07 09:33:32.955 TRACE 10456 --- [    Test worker] o.h.type.descriptor.sql.BasicExtractor   : extracted value ([modified5_2_] : [VARCHAR]) - []
2023-11-07 09:33:32.956 TRACE 10456 --- [    Test worker] o.h.type.descriptor.sql.BasicExtractor   : extracted value ([item_det6_2_] : [CLOB]) - [테스트 상품 상세 설명1]
2023-11-07 09:33:32.956 TRACE 10456 --- [    Test worker] o.h.type.descriptor.sql.BasicExtractor   : extracted value ([item_nm7_2_] : [VARCHAR]) - [테스트 상품1]
2023-11-07 09:33:32.956 TRACE 10456 --- [    Test worker] o.h.type.descriptor.sql.BasicExtractor   : extracted value ([item_sel8_2_] : [VARCHAR]) - [SELL]
2023-11-07 09:33:32.956 TRACE 10456 --- [    Test worker] o.h.type.descriptor.sql.BasicExtractor   : extracted value ([price9_2_] : [INTEGER]) - [10001]
2023-11-07 09:33:32.956 TRACE 10456 --- [    Test worker] o.h.type.descriptor.sql.BasicExtractor   : extracted value ([stock_n10_2_] : [INTEGER]) - [100]
2023-11-07 09:33:32.956 TRACE 10456 --- [    Test worker] o.h.type.descriptor.sql.BasicExtractor   : extracted value ([item_id1_2_] : [BIGINT]) - [33]
2023-11-07 09:33:32.956 TRACE 10456 --- [    Test worker] o.h.type.descriptor.sql.BasicExtractor   : extracted value ([reg_time2_2_] : [TIMESTAMP]) - [2023-11-07T09:33:32.835976]
2023-11-07 09:33:32.956 TRACE 10456 --- [    Test worker] o.h.type.descriptor.sql.BasicExtractor   : extracted value ([update_t3_2_] : [TIMESTAMP]) - [2023-11-07T09:33:32.835976]
2023-11-07 09:33:32.956 TRACE 10456 --- [    Test worker] o.h.type.descriptor.sql.BasicExtractor   : extracted value ([created_4_2_] : [VARCHAR]) - []
2023-11-07 09:33:32.956 TRACE 10456 --- [    Test worker] o.h.type.descriptor.sql.BasicExtractor   : extracted value ([modified5_2_] : [VARCHAR]) - []
2023-11-07 09:33:32.956 TRACE 10456 --- [    Test worker] o.h.type.descriptor.sql.BasicExtractor   : extracted value ([item_det6_2_] : [CLOB]) - [테스트 상품 상세 설명5]
2023-11-07 09:33:32.956 TRACE 10456 --- [    Test worker] o.h.type.descriptor.sql.BasicExtractor   : extracted value ([item_nm7_2_] : [VARCHAR]) - [테스트 상품5]
2023-11-07 09:33:32.956 TRACE 10456 --- [    Test worker] o.h.type.descriptor.sql.BasicExtractor   : extracted value ([item_sel8_2_] : [VARCHAR]) - [SELL]
2023-11-07 09:33:32.956 TRACE 10456 --- [    Test worker] o.h.type.descriptor.sql.BasicExtractor   : extracted value ([price9_2_] : [INTEGER]) - [10005]
2023-11-07 09:33:32.956 TRACE 10456 --- [    Test worker] o.h.type.descriptor.sql.BasicExtractor   : extracted value ([stock_n10_2_] : [INTEGER]) - [100]
2023-11-07 09:33:32.956 TRACE 10456 --- [    Test worker] o.h.type.descriptor.sql.BasicExtractor   : extracted value ([item_id1_2_] : [BIGINT]) - [39]
2023-11-07 09:33:32.956 TRACE 10456 --- [    Test worker] o.h.type.descriptor.sql.BasicExtractor   : extracted value ([reg_time2_2_] : [TIMESTAMP]) - [2023-11-07T09:33:32.870139]
2023-11-07 09:33:32.956 TRACE 10456 --- [    Test worker] o.h.type.descriptor.sql.BasicExtractor   : extracted value ([update_t3_2_] : [TIMESTAMP]) - [2023-11-07T09:33:32.870139]
2023-11-07 09:33:32.956 TRACE 10456 --- [    Test worker] o.h.type.descriptor.sql.BasicExtractor   : extracted value ([created_4_2_] : [VARCHAR]) - []
2023-11-07 09:33:32.956 TRACE 10456 --- [    Test worker] o.h.type.descriptor.sql.BasicExtractor   : extracted value ([modified5_2_] : [VARCHAR]) - []
2023-11-07 09:33:32.956 TRACE 10456 --- [    Test worker] o.h.type.descriptor.sql.BasicExtractor   : extracted value ([item_det6_2_] : [CLOB]) - [테스트 상품 상세 설명1]
2023-11-07 09:33:32.956 TRACE 10456 --- [    Test worker] o.h.type.descriptor.sql.BasicExtractor   : extracted value ([item_nm7_2_] : [VARCHAR]) - [테스트 상품1]
2023-11-07 09:33:32.956 TRACE 10456 --- [    Test worker] o.h.type.descriptor.sql.BasicExtractor   : extracted value ([item_sel8_2_] : [VARCHAR]) - [SELL]
2023-11-07 09:33:32.956 TRACE 10456 --- [    Test worker] o.h.type.descriptor.sql.BasicExtractor   : extracted value ([price9_2_] : [INTEGER]) - [10001]
2023-11-07 09:33:32.956 TRACE 10456 --- [    Test worker] o.h.type.descriptor.sql.BasicExtractor   : extracted value ([stock_n10_2_] : [INTEGER]) - [100]
2023-11-07 09:33:32.956 TRACE 10456 --- [    Test worker] o.h.type.descriptor.sql.BasicExtractor   : extracted value ([item_id1_2_] : [BIGINT]) - [43]
2023-11-07 09:33:32.956 TRACE 10456 --- [    Test worker] o.h.type.descriptor.sql.BasicExtractor   : extracted value ([reg_time2_2_] : [TIMESTAMP]) - [2023-11-07T09:33:32.874149]
2023-11-07 09:33:32.956 TRACE 10456 --- [    Test worker] o.h.type.descriptor.sql.BasicExtractor   : extracted value ([update_t3_2_] : [TIMESTAMP]) - [2023-11-07T09:33:32.874149]
2023-11-07 09:33:32.956 TRACE 10456 --- [    Test worker] o.h.type.descriptor.sql.BasicExtractor   : extracted value ([created_4_2_] : [VARCHAR]) - []
2023-11-07 09:33:32.956 TRACE 10456 --- [    Test worker] o.h.type.descriptor.sql.BasicExtractor   : extracted value ([modified5_2_] : [VARCHAR]) - []
2023-11-07 09:33:32.956 TRACE 10456 --- [    Test worker] o.h.type.descriptor.sql.BasicExtractor   : extracted value ([item_det6_2_] : [CLOB]) - [테스트 상품 상세 설명5]
2023-11-07 09:33:32.956 TRACE 10456 --- [    Test worker] o.h.type.descriptor.sql.BasicExtractor   : extracted value ([item_nm7_2_] : [VARCHAR]) - [테스트 상품5]
2023-11-07 09:33:32.956 TRACE 10456 --- [    Test worker] o.h.type.descriptor.sql.BasicExtractor   : extracted value ([item_sel8_2_] : [VARCHAR]) - [SELL]
2023-11-07 09:33:32.956 TRACE 10456 --- [    Test worker] o.h.type.descriptor.sql.BasicExtractor   : extracted value ([price9_2_] : [INTEGER]) - [10005]
2023-11-07 09:33:32.956 TRACE 10456 --- [    Test worker] o.h.type.descriptor.sql.BasicExtractor   : extracted value ([stock_n10_2_] : [INTEGER]) - [100]
2023-11-07 09:33:32.956 TRACE 10456 --- [    Test worker] o.h.type.descriptor.sql.BasicExtractor   : extracted value ([item_id1_2_] : [BIGINT]) - [49]
2023-11-07 09:33:32.956 TRACE 10456 --- [    Test worker] o.h.type.descriptor.sql.BasicExtractor   : extracted value ([reg_time2_2_] : [TIMESTAMP]) - [2023-11-07T09:33:32.939713]
2023-11-07 09:33:32.956 TRACE 10456 --- [    Test worker] o.h.type.descriptor.sql.BasicExtractor   : extracted value ([update_t3_2_] : [TIMESTAMP]) - [2023-11-07T09:33:32.939713]
2023-11-07 09:33:32.956 TRACE 10456 --- [    Test worker] o.h.type.descriptor.sql.BasicExtractor   : extracted value ([created_4_2_] : [VARCHAR]) - []
2023-11-07 09:33:32.956 TRACE 10456 --- [    Test worker] o.h.type.descriptor.sql.BasicExtractor   : extracted value ([modified5_2_] : [VARCHAR]) - []
2023-11-07 09:33:32.956 TRACE 10456 --- [    Test worker] o.h.type.descriptor.sql.BasicExtractor   : extracted value ([item_det6_2_] : [CLOB]) - [테스트 상품 상세 설명1]
2023-11-07 09:33:32.956 TRACE 10456 --- [    Test worker] o.h.type.descriptor.sql.BasicExtractor   : extracted value ([item_nm7_2_] : [VARCHAR]) - [테스트 상품1]
2023-11-07 09:33:32.956 TRACE 10456 --- [    Test worker] o.h.type.descriptor.sql.BasicExtractor   : extracted value ([item_sel8_2_] : [VARCHAR]) - [SELL]
2023-11-07 09:33:32.956 TRACE 10456 --- [    Test worker] o.h.type.descriptor.sql.BasicExtractor   : extracted value ([price9_2_] : [INTEGER]) - [10001]
2023-11-07 09:33:32.956 TRACE 10456 --- [    Test worker] o.h.type.descriptor.sql.BasicExtractor   : extracted value ([stock_n10_2_] : [INTEGER]) - [100]
2023-11-07 09:33:32.957 TRACE 10456 --- [    Test worker] o.h.type.descriptor.sql.BasicExtractor   : extracted value ([item_id1_2_] : [BIGINT]) - [53]
2023-11-07 09:33:32.957 TRACE 10456 --- [    Test worker] o.h.type.descriptor.sql.BasicExtractor   : extracted value ([reg_time2_2_] : [TIMESTAMP]) - [2023-11-07T09:33:32.946705]
2023-11-07 09:33:32.957 TRACE 10456 --- [    Test worker] o.h.type.descriptor.sql.BasicExtractor   : extracted value ([update_t3_2_] : [TIMESTAMP]) - [2023-11-07T09:33:32.946705]
2023-11-07 09:33:32.957 TRACE 10456 --- [    Test worker] o.h.type.descriptor.sql.BasicExtractor   : extracted value ([created_4_2_] : [VARCHAR]) - []
2023-11-07 09:33:32.957 TRACE 10456 --- [    Test worker] o.h.type.descriptor.sql.BasicExtractor   : extracted value ([modified5_2_] : [VARCHAR]) - []
2023-11-07 09:33:32.957 TRACE 10456 --- [    Test worker] o.h.type.descriptor.sql.BasicExtractor   : extracted value ([item_det6_2_] : [CLOB]) - [테스트 상품 상세 설명5]
2023-11-07 09:33:32.957 TRACE 10456 --- [    Test worker] o.h.type.descriptor.sql.BasicExtractor   : extracted value ([item_nm7_2_] : [VARCHAR]) - [테스트 상품5]
2023-11-07 09:33:32.957 TRACE 10456 --- [    Test worker] o.h.type.descriptor.sql.BasicExtractor   : extracted value ([item_sel8_2_] : [VARCHAR]) - [SELL]
2023-11-07 09:33:32.957 TRACE 10456 --- [    Test worker] o.h.type.descriptor.sql.BasicExtractor   : extracted value ([price9_2_] : [INTEGER]) - [10005]
2023-11-07 09:33:32.957 TRACE 10456 --- [    Test worker] o.h.type.descriptor.sql.BasicExtractor   : extracted value ([stock_n10_2_] : [INTEGER]) - [100]
Item(id=29, itemNm=테스트 상품1, price=10001, stockNumber=100, itemDetail=테스트 상품 상세 설명1, itemSellStatus=SELL)
Item(id=33, itemNm=테스트 상품5, price=10005, stockNumber=100, itemDetail=테스트 상품 상세 설명5, itemSellStatus=SELL)
Item(id=39, itemNm=테스트 상품1, price=10001, stockNumber=100, itemDetail=테스트 상품 상세 설명1, itemSellStatus=SELL)
Item(id=43, itemNm=테스트 상품5, price=10005, stockNumber=100, itemDetail=테스트 상품 상세 설명5, itemSellStatus=SELL)
Item(id=49, itemNm=테스트 상품1, price=10001, stockNumber=100, itemDetail=테스트 상품 상세 설명1, itemSellStatus=SELL)
Item(id=53, itemNm=테스트 상품5, price=10005, stockNumber=100, itemDetail=테스트 상품 상세 설명5, itemSellStatus=SELL)
Hibernate: 
    call next value for hibernate_sequence
Hibernate: 
    insert 
    into
        item
        (reg_time, update_time, created_by, modified_by, item_detail, item_nm, item_sell_status, price, stock_number, item_id) 
    values
        (?, ?, ?, ?, ?, ?, ?, ?, ?, ?)
2023-11-07 09:33:32.961 TRACE 10456 --- [    Test worker] o.h.type.descriptor.sql.BasicBinder      : binding parameter [1] as [TIMESTAMP] - [2023-11-07T09:33:32.961716300]
2023-11-07 09:33:32.961 TRACE 10456 --- [    Test worker] o.h.type.descriptor.sql.BasicBinder      : binding parameter [2] as [TIMESTAMP] - [2023-11-07T09:33:32.961716300]
2023-11-07 09:33:32.961 TRACE 10456 --- [    Test worker] o.h.type.descriptor.sql.BasicBinder      : binding parameter [3] as [VARCHAR] - []
2023-11-07 09:33:32.961 TRACE 10456 --- [    Test worker] o.h.type.descriptor.sql.BasicBinder      : binding parameter [4] as [VARCHAR] - []
2023-11-07 09:33:32.961 TRACE 10456 --- [    Test worker] o.h.type.descriptor.sql.BasicBinder      : binding parameter [5] as [CLOB] - [테스트 상품 상세 설명1]
2023-11-07 09:33:32.961 TRACE 10456 --- [    Test worker] o.h.type.descriptor.sql.BasicBinder      : binding parameter [6] as [VARCHAR] - [테스트 상품1]
2023-11-07 09:33:32.962 TRACE 10456 --- [    Test worker] o.h.type.descriptor.sql.BasicBinder      : binding parameter [7] as [VARCHAR] - [SELL]
2023-11-07 09:33:32.962 TRACE 10456 --- [    Test worker] o.h.type.descriptor.sql.BasicBinder      : binding parameter [8] as [INTEGER] - [10001]
2023-11-07 09:33:32.962 TRACE 10456 --- [    Test worker] o.h.type.descriptor.sql.BasicBinder      : binding parameter [9] as [INTEGER] - [100]
2023-11-07 09:33:32.962 TRACE 10456 --- [    Test worker] o.h.type.descriptor.sql.BasicBinder      : binding parameter [10] as [BIGINT] - [59]
Hibernate: 
    call next value for hibernate_sequence
Hibernate: 
    insert 
    into
        item
        (reg_time, update_time, created_by, modified_by, item_detail, item_nm, item_sell_status, price, stock_number, item_id) 
    values
        (?, ?, ?, ?, ?, ?, ?, ?, ?, ?)
2023-11-07 09:33:32.963 TRACE 10456 --- [    Test worker] o.h.type.descriptor.sql.BasicBinder      : binding parameter [1] as [TIMESTAMP] - [2023-11-07T09:33:32.962703900]
2023-11-07 09:33:32.963 TRACE 10456 --- [    Test worker] o.h.type.descriptor.sql.BasicBinder      : binding parameter [2] as [TIMESTAMP] - [2023-11-07T09:33:32.962703900]
2023-11-07 09:33:32.963 TRACE 10456 --- [    Test worker] o.h.type.descriptor.sql.BasicBinder      : binding parameter [3] as [VARCHAR] - []
2023-11-07 09:33:32.963 TRACE 10456 --- [    Test worker] o.h.type.descriptor.sql.BasicBinder      : binding parameter [4] as [VARCHAR] - []
2023-11-07 09:33:32.963 TRACE 10456 --- [    Test worker] o.h.type.descriptor.sql.BasicBinder      : binding parameter [5] as [CLOB] - [테스트 상품 상세 설명2]
2023-11-07 09:33:32.963 TRACE 10456 --- [    Test worker] o.h.type.descriptor.sql.BasicBinder      : binding parameter [6] as [VARCHAR] - [테스트 상품2]
2023-11-07 09:33:32.963 TRACE 10456 --- [    Test worker] o.h.type.descriptor.sql.BasicBinder      : binding parameter [7] as [VARCHAR] - [SELL]
2023-11-07 09:33:32.963 TRACE 10456 --- [    Test worker] o.h.type.descriptor.sql.BasicBinder      : binding parameter [8] as [INTEGER] - [10002]
2023-11-07 09:33:32.963 TRACE 10456 --- [    Test worker] o.h.type.descriptor.sql.BasicBinder      : binding parameter [9] as [INTEGER] - [100]
2023-11-07 09:33:32.963 TRACE 10456 --- [    Test worker] o.h.type.descriptor.sql.BasicBinder      : binding parameter [10] as [BIGINT] - [60]
Hibernate: 
    call next value for hibernate_sequence
Hibernate: 
    insert 
    into
        item
        (reg_time, update_time, created_by, modified_by, item_detail, item_nm, item_sell_status, price, stock_number, item_id) 
    values
        (?, ?, ?, ?, ?, ?, ?, ?, ?, ?)
2023-11-07 09:33:32.964 TRACE 10456 --- [    Test worker] o.h.type.descriptor.sql.BasicBinder      : binding parameter [1] as [TIMESTAMP] - [2023-11-07T09:33:32.963703]
2023-11-07 09:33:32.964 TRACE 10456 --- [    Test worker] o.h.type.descriptor.sql.BasicBinder      : binding parameter [2] as [TIMESTAMP] - [2023-11-07T09:33:32.963703]
2023-11-07 09:33:32.964 TRACE 10456 --- [    Test worker] o.h.type.descriptor.sql.BasicBinder      : binding parameter [3] as [VARCHAR] - []
2023-11-07 09:33:32.964 TRACE 10456 --- [    Test worker] o.h.type.descriptor.sql.BasicBinder      : binding parameter [4] as [VARCHAR] - []
2023-11-07 09:33:32.964 TRACE 10456 --- [    Test worker] o.h.type.descriptor.sql.BasicBinder      : binding parameter [5] as [CLOB] - [테스트 상품 상세 설명3]
2023-11-07 09:33:32.964 TRACE 10456 --- [    Test worker] o.h.type.descriptor.sql.BasicBinder      : binding parameter [6] as [VARCHAR] - [테스트 상품3]
2023-11-07 09:33:32.964 TRACE 10456 --- [    Test worker] o.h.type.descriptor.sql.BasicBinder      : binding parameter [7] as [VARCHAR] - [SELL]
2023-11-07 09:33:32.964 TRACE 10456 --- [    Test worker] o.h.type.descriptor.sql.BasicBinder      : binding parameter [8] as [INTEGER] - [10003]
2023-11-07 09:33:32.964 TRACE 10456 --- [    Test worker] o.h.type.descriptor.sql.BasicBinder      : binding parameter [9] as [INTEGER] - [100]
2023-11-07 09:33:32.964 TRACE 10456 --- [    Test worker] o.h.type.descriptor.sql.BasicBinder      : binding parameter [10] as [BIGINT] - [61]
Hibernate: 
    call next value for hibernate_sequence
Hibernate: 
    insert 
    into
        item
        (reg_time, update_time, created_by, modified_by, item_detail, item_nm, item_sell_status, price, stock_number, item_id) 
    values
        (?, ?, ?, ?, ?, ?, ?, ?, ?, ?)
2023-11-07 09:33:32.965 TRACE 10456 --- [    Test worker] o.h.type.descriptor.sql.BasicBinder      : binding parameter [1] as [TIMESTAMP] - [2023-11-07T09:33:32.964711800]
2023-11-07 09:33:32.965 TRACE 10456 --- [    Test worker] o.h.type.descriptor.sql.BasicBinder      : binding parameter [2] as [TIMESTAMP] - [2023-11-07T09:33:32.964711800]
2023-11-07 09:33:32.965 TRACE 10456 --- [    Test worker] o.h.type.descriptor.sql.BasicBinder      : binding parameter [3] as [VARCHAR] - []
2023-11-07 09:33:32.965 TRACE 10456 --- [    Test worker] o.h.type.descriptor.sql.BasicBinder      : binding parameter [4] as [VARCHAR] - []
2023-11-07 09:33:32.965 TRACE 10456 --- [    Test worker] o.h.type.descriptor.sql.BasicBinder      : binding parameter [5] as [CLOB] - [테스트 상품 상세 설명4]
2023-11-07 09:33:32.965 TRACE 10456 --- [    Test worker] o.h.type.descriptor.sql.BasicBinder      : binding parameter [6] as [VARCHAR] - [테스트 상품4]
2023-11-07 09:33:32.965 TRACE 10456 --- [    Test worker] o.h.type.descriptor.sql.BasicBinder      : binding parameter [7] as [VARCHAR] - [SELL]
2023-11-07 09:33:32.965 TRACE 10456 --- [    Test worker] o.h.type.descriptor.sql.BasicBinder      : binding parameter [8] as [INTEGER] - [10004]
2023-11-07 09:33:32.965 TRACE 10456 --- [    Test worker] o.h.type.descriptor.sql.BasicBinder      : binding parameter [9] as [INTEGER] - [100]
2023-11-07 09:33:32.965 TRACE 10456 --- [    Test worker] o.h.type.descriptor.sql.BasicBinder      : binding parameter [10] as [BIGINT] - [62]
Hibernate: 
    call next value for hibernate_sequence
Hibernate: 
    insert 
    into
        item
        (reg_time, update_time, created_by, modified_by, item_detail, item_nm, item_sell_status, price, stock_number, item_id) 
    values
        (?, ?, ?, ?, ?, ?, ?, ?, ?, ?)
2023-11-07 09:33:32.966 TRACE 10456 --- [    Test worker] o.h.type.descriptor.sql.BasicBinder      : binding parameter [1] as [TIMESTAMP] - [2023-11-07T09:33:32.966703800]
2023-11-07 09:33:32.966 TRACE 10456 --- [    Test worker] o.h.type.descriptor.sql.BasicBinder      : binding parameter [2] as [TIMESTAMP] - [2023-11-07T09:33:32.966703800]
2023-11-07 09:33:32.966 TRACE 10456 --- [    Test worker] o.h.type.descriptor.sql.BasicBinder      : binding parameter [3] as [VARCHAR] - []
2023-11-07 09:33:32.966 TRACE 10456 --- [    Test worker] o.h.type.descriptor.sql.BasicBinder      : binding parameter [4] as [VARCHAR] - []
2023-11-07 09:33:32.966 TRACE 10456 --- [    Test worker] o.h.type.descriptor.sql.BasicBinder      : binding parameter [5] as [CLOB] - [테스트 상품 상세 설명5]
2023-11-07 09:33:32.966 TRACE 10456 --- [    Test worker] o.h.type.descriptor.sql.BasicBinder      : binding parameter [6] as [VARCHAR] - [테스트 상품5]
2023-11-07 09:33:32.967 TRACE 10456 --- [    Test worker] o.h.type.descriptor.sql.BasicBinder      : binding parameter [7] as [VARCHAR] - [SELL]
2023-11-07 09:33:32.967 TRACE 10456 --- [    Test worker] o.h.type.descriptor.sql.BasicBinder      : binding parameter [8] as [INTEGER] - [10005]
2023-11-07 09:33:32.967 TRACE 10456 --- [    Test worker] o.h.type.descriptor.sql.BasicBinder      : binding parameter [9] as [INTEGER] - [100]
2023-11-07 09:33:32.967 TRACE 10456 --- [    Test worker] o.h.type.descriptor.sql.BasicBinder      : binding parameter [10] as [BIGINT] - [63]
Hibernate: 
    call next value for hibernate_sequence
Hibernate: 
    insert 
    into
        item
        (reg_time, update_time, created_by, modified_by, item_detail, item_nm, item_sell_status, price, stock_number, item_id) 
    values
        (?, ?, ?, ?, ?, ?, ?, ?, ?, ?)
2023-11-07 09:33:32.968 TRACE 10456 --- [    Test worker] o.h.type.descriptor.sql.BasicBinder      : binding parameter [1] as [TIMESTAMP] - [2023-11-07T09:33:32.967702500]
2023-11-07 09:33:32.968 TRACE 10456 --- [    Test worker] o.h.type.descriptor.sql.BasicBinder      : binding parameter [2] as [TIMESTAMP] - [2023-11-07T09:33:32.967702500]
2023-11-07 09:33:32.968 TRACE 10456 --- [    Test worker] o.h.type.descriptor.sql.BasicBinder      : binding parameter [3] as [VARCHAR] - []
2023-11-07 09:33:32.968 TRACE 10456 --- [    Test worker] o.h.type.descriptor.sql.BasicBinder      : binding parameter [4] as [VARCHAR] - []
2023-11-07 09:33:32.968 TRACE 10456 --- [    Test worker] o.h.type.descriptor.sql.BasicBinder      : binding parameter [5] as [CLOB] - [테스트 상품 상세 설명6]
2023-11-07 09:33:32.968 TRACE 10456 --- [    Test worker] o.h.type.descriptor.sql.BasicBinder      : binding parameter [6] as [VARCHAR] - [테스트 상품6]
2023-11-07 09:33:32.968 TRACE 10456 --- [    Test worker] o.h.type.descriptor.sql.BasicBinder      : binding parameter [7] as [VARCHAR] - [SELL]
2023-11-07 09:33:32.968 TRACE 10456 --- [    Test worker] o.h.type.descriptor.sql.BasicBinder      : binding parameter [8] as [INTEGER] - [10006]
2023-11-07 09:33:32.968 TRACE 10456 --- [    Test worker] o.h.type.descriptor.sql.BasicBinder      : binding parameter [9] as [INTEGER] - [100]
2023-11-07 09:33:32.968 TRACE 10456 --- [    Test worker] o.h.type.descriptor.sql.BasicBinder      : binding parameter [10] as [BIGINT] - [64]
Hibernate: 
    call next value for hibernate_sequence
Hibernate: 
    insert 
    into
        item
        (reg_time, update_time, created_by, modified_by, item_detail, item_nm, item_sell_status, price, stock_number, item_id) 
    values
        (?, ?, ?, ?, ?, ?, ?, ?, ?, ?)
2023-11-07 09:33:32.969 TRACE 10456 --- [    Test worker] o.h.type.descriptor.sql.BasicBinder      : binding parameter [1] as [TIMESTAMP] - [2023-11-07T09:33:32.969714200]
2023-11-07 09:33:32.969 TRACE 10456 --- [    Test worker] o.h.type.descriptor.sql.BasicBinder      : binding parameter [2] as [TIMESTAMP] - [2023-11-07T09:33:32.969714200]
2023-11-07 09:33:32.969 TRACE 10456 --- [    Test worker] o.h.type.descriptor.sql.BasicBinder      : binding parameter [3] as [VARCHAR] - []
2023-11-07 09:33:32.969 TRACE 10456 --- [    Test worker] o.h.type.descriptor.sql.BasicBinder      : binding parameter [4] as [VARCHAR] - []
2023-11-07 09:33:32.969 TRACE 10456 --- [    Test worker] o.h.type.descriptor.sql.BasicBinder      : binding parameter [5] as [CLOB] - [테스트 상품 상세 설명7]
2023-11-07 09:33:32.969 TRACE 10456 --- [    Test worker] o.h.type.descriptor.sql.BasicBinder      : binding parameter [6] as [VARCHAR] - [테스트 상품7]
2023-11-07 09:33:32.969 TRACE 10456 --- [    Test worker] o.h.type.descriptor.sql.BasicBinder      : binding parameter [7] as [VARCHAR] - [SELL]
2023-11-07 09:33:32.969 TRACE 10456 --- [    Test worker] o.h.type.descriptor.sql.BasicBinder      : binding parameter [8] as [INTEGER] - [10007]
2023-11-07 09:33:32.969 TRACE 10456 --- [    Test worker] o.h.type.descriptor.sql.BasicBinder      : binding parameter [9] as [INTEGER] - [100]
2023-11-07 09:33:32.969 TRACE 10456 --- [    Test worker] o.h.type.descriptor.sql.BasicBinder      : binding parameter [10] as [BIGINT] - [65]
Hibernate: 
    call next value for hibernate_sequence
Hibernate: 
    insert 
    into
        item
        (reg_time, update_time, created_by, modified_by, item_detail, item_nm, item_sell_status, price, stock_number, item_id) 
    values
        (?, ?, ?, ?, ?, ?, ?, ?, ?, ?)
2023-11-07 09:33:32.970 TRACE 10456 --- [    Test worker] o.h.type.descriptor.sql.BasicBinder      : binding parameter [1] as [TIMESTAMP] - [2023-11-07T09:33:32.970703700]
2023-11-07 09:33:32.970 TRACE 10456 --- [    Test worker] o.h.type.descriptor.sql.BasicBinder      : binding parameter [2] as [TIMESTAMP] - [2023-11-07T09:33:32.970703700]
2023-11-07 09:33:32.971 TRACE 10456 --- [    Test worker] o.h.type.descriptor.sql.BasicBinder      : binding parameter [3] as [VARCHAR] - []
2023-11-07 09:33:32.971 TRACE 10456 --- [    Test worker] o.h.type.descriptor.sql.BasicBinder      : binding parameter [4] as [VARCHAR] - []
2023-11-07 09:33:32.971 TRACE 10456 --- [    Test worker] o.h.type.descriptor.sql.BasicBinder      : binding parameter [5] as [CLOB] - [테스트 상품 상세 설명8]
2023-11-07 09:33:32.971 TRACE 10456 --- [    Test worker] o.h.type.descriptor.sql.BasicBinder      : binding parameter [6] as [VARCHAR] - [테스트 상품8]
2023-11-07 09:33:32.971 TRACE 10456 --- [    Test worker] o.h.type.descriptor.sql.BasicBinder      : binding parameter [7] as [VARCHAR] - [SELL]
2023-11-07 09:33:32.971 TRACE 10456 --- [    Test worker] o.h.type.descriptor.sql.BasicBinder      : binding parameter [8] as [INTEGER] - [10008]
2023-11-07 09:33:32.971 TRACE 10456 --- [    Test worker] o.h.type.descriptor.sql.BasicBinder      : binding parameter [9] as [INTEGER] - [100]
2023-11-07 09:33:32.971 TRACE 10456 --- [    Test worker] o.h.type.descriptor.sql.BasicBinder      : binding parameter [10] as [BIGINT] - [66]
Hibernate: 
    call next value for hibernate_sequence
Hibernate: 
    insert 
    into
        item
        (reg_time, update_time, created_by, modified_by, item_detail, item_nm, item_sell_status, price, stock_number, item_id) 
    values
        (?, ?, ?, ?, ?, ?, ?, ?, ?, ?)
2023-11-07 09:33:32.972 TRACE 10456 --- [    Test worker] o.h.type.descriptor.sql.BasicBinder      : binding parameter [1] as [TIMESTAMP] - [2023-11-07T09:33:32.971702700]
2023-11-07 09:33:32.972 TRACE 10456 --- [    Test worker] o.h.type.descriptor.sql.BasicBinder      : binding parameter [2] as [TIMESTAMP] - [2023-11-07T09:33:32.971702700]
2023-11-07 09:33:32.972 TRACE 10456 --- [    Test worker] o.h.type.descriptor.sql.BasicBinder      : binding parameter [3] as [VARCHAR] - []
2023-11-07 09:33:32.972 TRACE 10456 --- [    Test worker] o.h.type.descriptor.sql.BasicBinder      : binding parameter [4] as [VARCHAR] - []
2023-11-07 09:33:32.972 TRACE 10456 --- [    Test worker] o.h.type.descriptor.sql.BasicBinder      : binding parameter [5] as [CLOB] - [테스트 상품 상세 설명9]
2023-11-07 09:33:32.972 TRACE 10456 --- [    Test worker] o.h.type.descriptor.sql.BasicBinder      : binding parameter [6] as [VARCHAR] - [테스트 상품9]
2023-11-07 09:33:32.972 TRACE 10456 --- [    Test worker] o.h.type.descriptor.sql.BasicBinder      : binding parameter [7] as [VARCHAR] - [SELL]
2023-11-07 09:33:32.972 TRACE 10456 --- [    Test worker] o.h.type.descriptor.sql.BasicBinder      : binding parameter [8] as [INTEGER] - [10009]
2023-11-07 09:33:32.972 TRACE 10456 --- [    Test worker] o.h.type.descriptor.sql.BasicBinder      : binding parameter [9] as [INTEGER] - [100]
2023-11-07 09:33:32.972 TRACE 10456 --- [    Test worker] o.h.type.descriptor.sql.BasicBinder      : binding parameter [10] as [BIGINT] - [67]
Hibernate: 
    call next value for hibernate_sequence
Hibernate: 
    insert 
    into
        item
        (reg_time, update_time, created_by, modified_by, item_detail, item_nm, item_sell_status, price, stock_number, item_id) 
    values
        (?, ?, ?, ?, ?, ?, ?, ?, ?, ?)
2023-11-07 09:33:32.972 TRACE 10456 --- [    Test worker] o.h.type.descriptor.sql.BasicBinder      : binding parameter [1] as [TIMESTAMP] - [2023-11-07T09:33:32.972709]
2023-11-07 09:33:32.972 TRACE 10456 --- [    Test worker] o.h.type.descriptor.sql.BasicBinder      : binding parameter [2] as [TIMESTAMP] - [2023-11-07T09:33:32.972709]
2023-11-07 09:33:32.972 TRACE 10456 --- [    Test worker] o.h.type.descriptor.sql.BasicBinder      : binding parameter [3] as [VARCHAR] - []
2023-11-07 09:33:32.972 TRACE 10456 --- [    Test worker] o.h.type.descriptor.sql.BasicBinder      : binding parameter [4] as [VARCHAR] - []
2023-11-07 09:33:32.973 TRACE 10456 --- [    Test worker] o.h.type.descriptor.sql.BasicBinder      : binding parameter [5] as [CLOB] - [테스트 상품 상세 설명10]
2023-11-07 09:33:32.973 TRACE 10456 --- [    Test worker] o.h.type.descriptor.sql.BasicBinder      : binding parameter [6] as [VARCHAR] - [테스트 상품10]
2023-11-07 09:33:32.973 TRACE 10456 --- [    Test worker] o.h.type.descriptor.sql.BasicBinder      : binding parameter [7] as [VARCHAR] - [SELL]
2023-11-07 09:33:32.973 TRACE 10456 --- [    Test worker] o.h.type.descriptor.sql.BasicBinder      : binding parameter [8] as [INTEGER] - [10010]
2023-11-07 09:33:32.973 TRACE 10456 --- [    Test worker] o.h.type.descriptor.sql.BasicBinder      : binding parameter [9] as [INTEGER] - [100]
2023-11-07 09:33:32.973 TRACE 10456 --- [    Test worker] o.h.type.descriptor.sql.BasicBinder      : binding parameter [10] as [BIGINT] - [68]
Hibernate: 
    select
        item0_.item_id as item_id1_2_,
        item0_.reg_time as reg_time2_2_,
        item0_.update_time as update_t3_2_,
        item0_.created_by as created_4_2_,
        item0_.modified_by as modified5_2_,
        item0_.item_detail as item_det6_2_,
        item0_.item_nm as item_nm7_2_,
        item0_.item_sell_status as item_sel8_2_,
        item0_.price as price9_2_,
        item0_.stock_number as stock_n10_2_ 
    from
        item item0_ 
    where
        item0_.price<?
2023-11-07 09:33:32.974 TRACE 10456 --- [    Test worker] o.h.type.descriptor.sql.BasicBinder      : binding parameter [1] as [INTEGER] - [10005]
2023-11-07 09:33:32.975 TRACE 10456 --- [    Test worker] o.h.type.descriptor.sql.BasicExtractor   : extracted value ([item_id1_2_] : [BIGINT]) - [29]
2023-11-07 09:33:32.975 TRACE 10456 --- [    Test worker] o.h.type.descriptor.sql.BasicExtractor   : extracted value ([reg_time2_2_] : [TIMESTAMP]) - [2023-11-07T09:33:32.829987]
2023-11-07 09:33:32.975 TRACE 10456 --- [    Test worker] o.h.type.descriptor.sql.BasicExtractor   : extracted value ([update_t3_2_] : [TIMESTAMP]) - [2023-11-07T09:33:32.829987]
2023-11-07 09:33:32.975 TRACE 10456 --- [    Test worker] o.h.type.descriptor.sql.BasicExtractor   : extracted value ([created_4_2_] : [VARCHAR]) - []
2023-11-07 09:33:32.975 TRACE 10456 --- [    Test worker] o.h.type.descriptor.sql.BasicExtractor   : extracted value ([modified5_2_] : [VARCHAR]) - []
2023-11-07 09:33:32.975 TRACE 10456 --- [    Test worker] o.h.type.descriptor.sql.BasicExtractor   : extracted value ([item_det6_2_] : [CLOB]) - [테스트 상품 상세 설명1]
2023-11-07 09:33:32.975 TRACE 10456 --- [    Test worker] o.h.type.descriptor.sql.BasicExtractor   : extracted value ([item_nm7_2_] : [VARCHAR]) - [테스트 상품1]
2023-11-07 09:33:32.975 TRACE 10456 --- [    Test worker] o.h.type.descriptor.sql.BasicExtractor   : extracted value ([item_sel8_2_] : [VARCHAR]) - [SELL]
2023-11-07 09:33:32.975 TRACE 10456 --- [    Test worker] o.h.type.descriptor.sql.BasicExtractor   : extracted value ([price9_2_] : [INTEGER]) - [10001]
2023-11-07 09:33:32.975 TRACE 10456 --- [    Test worker] o.h.type.descriptor.sql.BasicExtractor   : extracted value ([stock_n10_2_] : [INTEGER]) - [100]
2023-11-07 09:33:32.975 TRACE 10456 --- [    Test worker] o.h.type.descriptor.sql.BasicExtractor   : extracted value ([item_id1_2_] : [BIGINT]) - [30]
2023-11-07 09:33:32.975 TRACE 10456 --- [    Test worker] o.h.type.descriptor.sql.BasicExtractor   : extracted value ([reg_time2_2_] : [TIMESTAMP]) - [2023-11-07T09:33:32.831976]
2023-11-07 09:33:32.975 TRACE 10456 --- [    Test worker] o.h.type.descriptor.sql.BasicExtractor   : extracted value ([update_t3_2_] : [TIMESTAMP]) - [2023-11-07T09:33:32.831976]
2023-11-07 09:33:32.975 TRACE 10456 --- [    Test worker] o.h.type.descriptor.sql.BasicExtractor   : extracted value ([created_4_2_] : [VARCHAR]) - []
2023-11-07 09:33:32.975 TRACE 10456 --- [    Test worker] o.h.type.descriptor.sql.BasicExtractor   : extracted value ([modified5_2_] : [VARCHAR]) - []
2023-11-07 09:33:32.976 TRACE 10456 --- [    Test worker] o.h.type.descriptor.sql.BasicExtractor   : extracted value ([item_det6_2_] : [CLOB]) - [테스트 상품 상세 설명2]
2023-11-07 09:33:32.976 TRACE 10456 --- [    Test worker] o.h.type.descriptor.sql.BasicExtractor   : extracted value ([item_nm7_2_] : [VARCHAR]) - [테스트 상품2]
2023-11-07 09:33:32.976 TRACE 10456 --- [    Test worker] o.h.type.descriptor.sql.BasicExtractor   : extracted value ([item_sel8_2_] : [VARCHAR]) - [SELL]
2023-11-07 09:33:32.976 TRACE 10456 --- [    Test worker] o.h.type.descriptor.sql.BasicExtractor   : extracted value ([price9_2_] : [INTEGER]) - [10002]
2023-11-07 09:33:32.976 TRACE 10456 --- [    Test worker] o.h.type.descriptor.sql.BasicExtractor   : extracted value ([stock_n10_2_] : [INTEGER]) - [100]
2023-11-07 09:33:32.976 TRACE 10456 --- [    Test worker] o.h.type.descriptor.sql.BasicExtractor   : extracted value ([item_id1_2_] : [BIGINT]) - [31]
2023-11-07 09:33:32.976 TRACE 10456 --- [    Test worker] o.h.type.descriptor.sql.BasicExtractor   : extracted value ([reg_time2_2_] : [TIMESTAMP]) - [2023-11-07T09:33:32.833975]
2023-11-07 09:33:32.976 TRACE 10456 --- [    Test worker] o.h.type.descriptor.sql.BasicExtractor   : extracted value ([update_t3_2_] : [TIMESTAMP]) - [2023-11-07T09:33:32.833975]
2023-11-07 09:33:32.976 TRACE 10456 --- [    Test worker] o.h.type.descriptor.sql.BasicExtractor   : extracted value ([created_4_2_] : [VARCHAR]) - []
2023-11-07 09:33:32.976 TRACE 10456 --- [    Test worker] o.h.type.descriptor.sql.BasicExtractor   : extracted value ([modified5_2_] : [VARCHAR]) - []
2023-11-07 09:33:32.976 TRACE 10456 --- [    Test worker] o.h.type.descriptor.sql.BasicExtractor   : extracted value ([item_det6_2_] : [CLOB]) - [테스트 상품 상세 설명3]
2023-11-07 09:33:32.976 TRACE 10456 --- [    Test worker] o.h.type.descriptor.sql.BasicExtractor   : extracted value ([item_nm7_2_] : [VARCHAR]) - [테스트 상품3]
2023-11-07 09:33:32.976 TRACE 10456 --- [    Test worker] o.h.type.descriptor.sql.BasicExtractor   : extracted value ([item_sel8_2_] : [VARCHAR]) - [SELL]
2023-11-07 09:33:32.976 TRACE 10456 --- [    Test worker] o.h.type.descriptor.sql.BasicExtractor   : extracted value ([price9_2_] : [INTEGER]) - [10003]
2023-11-07 09:33:32.976 TRACE 10456 --- [    Test worker] o.h.type.descriptor.sql.BasicExtractor   : extracted value ([stock_n10_2_] : [INTEGER]) - [100]
2023-11-07 09:33:32.976 TRACE 10456 --- [    Test worker] o.h.type.descriptor.sql.BasicExtractor   : extracted value ([item_id1_2_] : [BIGINT]) - [32]
2023-11-07 09:33:32.976 TRACE 10456 --- [    Test worker] o.h.type.descriptor.sql.BasicExtractor   : extracted value ([reg_time2_2_] : [TIMESTAMP]) - [2023-11-07T09:33:32.834975]
2023-11-07 09:33:32.976 TRACE 10456 --- [    Test worker] o.h.type.descriptor.sql.BasicExtractor   : extracted value ([update_t3_2_] : [TIMESTAMP]) - [2023-11-07T09:33:32.834975]
2023-11-07 09:33:32.976 TRACE 10456 --- [    Test worker] o.h.type.descriptor.sql.BasicExtractor   : extracted value ([created_4_2_] : [VARCHAR]) - []
2023-11-07 09:33:32.976 TRACE 10456 --- [    Test worker] o.h.type.descriptor.sql.BasicExtractor   : extracted value ([modified5_2_] : [VARCHAR]) - []
2023-11-07 09:33:32.976 TRACE 10456 --- [    Test worker] o.h.type.descriptor.sql.BasicExtractor   : extracted value ([item_det6_2_] : [CLOB]) - [테스트 상품 상세 설명4]
2023-11-07 09:33:32.976 TRACE 10456 --- [    Test worker] o.h.type.descriptor.sql.BasicExtractor   : extracted value ([item_nm7_2_] : [VARCHAR]) - [테스트 상품4]
2023-11-07 09:33:32.976 TRACE 10456 --- [    Test worker] o.h.type.descriptor.sql.BasicExtractor   : extracted value ([item_sel8_2_] : [VARCHAR]) - [SELL]
2023-11-07 09:33:32.976 TRACE 10456 --- [    Test worker] o.h.type.descriptor.sql.BasicExtractor   : extracted value ([price9_2_] : [INTEGER]) - [10004]
2023-11-07 09:33:32.976 TRACE 10456 --- [    Test worker] o.h.type.descriptor.sql.BasicExtractor   : extracted value ([stock_n10_2_] : [INTEGER]) - [100]
2023-11-07 09:33:32.976 TRACE 10456 --- [    Test worker] o.h.type.descriptor.sql.BasicExtractor   : extracted value ([item_id1_2_] : [BIGINT]) - [39]
2023-11-07 09:33:32.976 TRACE 10456 --- [    Test worker] o.h.type.descriptor.sql.BasicExtractor   : extracted value ([reg_time2_2_] : [TIMESTAMP]) - [2023-11-07T09:33:32.870139]
2023-11-07 09:33:32.976 TRACE 10456 --- [    Test worker] o.h.type.descriptor.sql.BasicExtractor   : extracted value ([update_t3_2_] : [TIMESTAMP]) - [2023-11-07T09:33:32.870139]
2023-11-07 09:33:32.976 TRACE 10456 --- [    Test worker] o.h.type.descriptor.sql.BasicExtractor   : extracted value ([created_4_2_] : [VARCHAR]) - []
2023-11-07 09:33:32.976 TRACE 10456 --- [    Test worker] o.h.type.descriptor.sql.BasicExtractor   : extracted value ([modified5_2_] : [VARCHAR]) - []
2023-11-07 09:33:32.976 TRACE 10456 --- [    Test worker] o.h.type.descriptor.sql.BasicExtractor   : extracted value ([item_det6_2_] : [CLOB]) - [테스트 상품 상세 설명1]
2023-11-07 09:33:32.976 TRACE 10456 --- [    Test worker] o.h.type.descriptor.sql.BasicExtractor   : extracted value ([item_nm7_2_] : [VARCHAR]) - [테스트 상품1]
2023-11-07 09:33:32.976 TRACE 10456 --- [    Test worker] o.h.type.descriptor.sql.BasicExtractor   : extracted value ([item_sel8_2_] : [VARCHAR]) - [SELL]
2023-11-07 09:33:32.977 TRACE 10456 --- [    Test worker] o.h.type.descriptor.sql.BasicExtractor   : extracted value ([price9_2_] : [INTEGER]) - [10001]
2023-11-07 09:33:32.977 TRACE 10456 --- [    Test worker] o.h.type.descriptor.sql.BasicExtractor   : extracted value ([stock_n10_2_] : [INTEGER]) - [100]
2023-11-07 09:33:32.977 TRACE 10456 --- [    Test worker] o.h.type.descriptor.sql.BasicExtractor   : extracted value ([item_id1_2_] : [BIGINT]) - [40]
2023-11-07 09:33:32.977 TRACE 10456 --- [    Test worker] o.h.type.descriptor.sql.BasicExtractor   : extracted value ([reg_time2_2_] : [TIMESTAMP]) - [2023-11-07T09:33:32.871138]
2023-11-07 09:33:32.977 TRACE 10456 --- [    Test worker] o.h.type.descriptor.sql.BasicExtractor   : extracted value ([update_t3_2_] : [TIMESTAMP]) - [2023-11-07T09:33:32.871138]
2023-11-07 09:33:32.977 TRACE 10456 --- [    Test worker] o.h.type.descriptor.sql.BasicExtractor   : extracted value ([created_4_2_] : [VARCHAR]) - []
2023-11-07 09:33:32.977 TRACE 10456 --- [    Test worker] o.h.type.descriptor.sql.BasicExtractor   : extracted value ([modified5_2_] : [VARCHAR]) - []
2023-11-07 09:33:32.977 TRACE 10456 --- [    Test worker] o.h.type.descriptor.sql.BasicExtractor   : extracted value ([item_det6_2_] : [CLOB]) - [테스트 상품 상세 설명2]
2023-11-07 09:33:32.977 TRACE 10456 --- [    Test worker] o.h.type.descriptor.sql.BasicExtractor   : extracted value ([item_nm7_2_] : [VARCHAR]) - [테스트 상품2]
2023-11-07 09:33:32.977 TRACE 10456 --- [    Test worker] o.h.type.descriptor.sql.BasicExtractor   : extracted value ([item_sel8_2_] : [VARCHAR]) - [SELL]
2023-11-07 09:33:32.977 TRACE 10456 --- [    Test worker] o.h.type.descriptor.sql.BasicExtractor   : extracted value ([price9_2_] : [INTEGER]) - [10002]
2023-11-07 09:33:32.977 TRACE 10456 --- [    Test worker] o.h.type.descriptor.sql.BasicExtractor   : extracted value ([stock_n10_2_] : [INTEGER]) - [100]
2023-11-07 09:33:32.977 TRACE 10456 --- [    Test worker] o.h.type.descriptor.sql.BasicExtractor   : extracted value ([item_id1_2_] : [BIGINT]) - [41]
2023-11-07 09:33:32.977 TRACE 10456 --- [    Test worker] o.h.type.descriptor.sql.BasicExtractor   : extracted value ([reg_time2_2_] : [TIMESTAMP]) - [2023-11-07T09:33:32.872148]
2023-11-07 09:33:32.977 TRACE 10456 --- [    Test worker] o.h.type.descriptor.sql.BasicExtractor   : extracted value ([update_t3_2_] : [TIMESTAMP]) - [2023-11-07T09:33:32.872148]
2023-11-07 09:33:32.977 TRACE 10456 --- [    Test worker] o.h.type.descriptor.sql.BasicExtractor   : extracted value ([created_4_2_] : [VARCHAR]) - []
2023-11-07 09:33:32.977 TRACE 10456 --- [    Test worker] o.h.type.descriptor.sql.BasicExtractor   : extracted value ([modified5_2_] : [VARCHAR]) - []
2023-11-07 09:33:32.977 TRACE 10456 --- [    Test worker] o.h.type.descriptor.sql.BasicExtractor   : extracted value ([item_det6_2_] : [CLOB]) - [테스트 상품 상세 설명3]
2023-11-07 09:33:32.977 TRACE 10456 --- [    Test worker] o.h.type.descriptor.sql.BasicExtractor   : extracted value ([item_nm7_2_] : [VARCHAR]) - [테스트 상품3]
2023-11-07 09:33:32.977 TRACE 10456 --- [    Test worker] o.h.type.descriptor.sql.BasicExtractor   : extracted value ([item_sel8_2_] : [VARCHAR]) - [SELL]
2023-11-07 09:33:32.977 TRACE 10456 --- [    Test worker] o.h.type.descriptor.sql.BasicExtractor   : extracted value ([price9_2_] : [INTEGER]) - [10003]
2023-11-07 09:33:32.977 TRACE 10456 --- [    Test worker] o.h.type.descriptor.sql.BasicExtractor   : extracted value ([stock_n10_2_] : [INTEGER]) - [100]
2023-11-07 09:33:32.977 TRACE 10456 --- [    Test worker] o.h.type.descriptor.sql.BasicExtractor   : extracted value ([item_id1_2_] : [BIGINT]) - [42]
2023-11-07 09:33:32.977 TRACE 10456 --- [    Test worker] o.h.type.descriptor.sql.BasicExtractor   : extracted value ([reg_time2_2_] : [TIMESTAMP]) - [2023-11-07T09:33:32.873139]
2023-11-07 09:33:32.977 TRACE 10456 --- [    Test worker] o.h.type.descriptor.sql.BasicExtractor   : extracted value ([update_t3_2_] : [TIMESTAMP]) - [2023-11-07T09:33:32.873139]
2023-11-07 09:33:32.977 TRACE 10456 --- [    Test worker] o.h.type.descriptor.sql.BasicExtractor   : extracted value ([created_4_2_] : [VARCHAR]) - []
2023-11-07 09:33:32.977 TRACE 10456 --- [    Test worker] o.h.type.descriptor.sql.BasicExtractor   : extracted value ([modified5_2_] : [VARCHAR]) - []
2023-11-07 09:33:32.977 TRACE 10456 --- [    Test worker] o.h.type.descriptor.sql.BasicExtractor   : extracted value ([item_det6_2_] : [CLOB]) - [테스트 상품 상세 설명4]
2023-11-07 09:33:32.977 TRACE 10456 --- [    Test worker] o.h.type.descriptor.sql.BasicExtractor   : extracted value ([item_nm7_2_] : [VARCHAR]) - [테스트 상품4]
2023-11-07 09:33:32.977 TRACE 10456 --- [    Test worker] o.h.type.descriptor.sql.BasicExtractor   : extracted value ([item_sel8_2_] : [VARCHAR]) - [SELL]
2023-11-07 09:33:32.977 TRACE 10456 --- [    Test worker] o.h.type.descriptor.sql.BasicExtractor   : extracted value ([price9_2_] : [INTEGER]) - [10004]
2023-11-07 09:33:32.977 TRACE 10456 --- [    Test worker] o.h.type.descriptor.sql.BasicExtractor   : extracted value ([stock_n10_2_] : [INTEGER]) - [100]
2023-11-07 09:33:32.977 TRACE 10456 --- [    Test worker] o.h.type.descriptor.sql.BasicExtractor   : extracted value ([item_id1_2_] : [BIGINT]) - [49]
2023-11-07 09:33:32.977 TRACE 10456 --- [    Test worker] o.h.type.descriptor.sql.BasicExtractor   : extracted value ([reg_time2_2_] : [TIMESTAMP]) - [2023-11-07T09:33:32.939713]
2023-11-07 09:33:32.977 TRACE 10456 --- [    Test worker] o.h.type.descriptor.sql.BasicExtractor   : extracted value ([update_t3_2_] : [TIMESTAMP]) - [2023-11-07T09:33:32.939713]
2023-11-07 09:33:32.977 TRACE 10456 --- [    Test worker] o.h.type.descriptor.sql.BasicExtractor   : extracted value ([created_4_2_] : [VARCHAR]) - []
2023-11-07 09:33:32.977 TRACE 10456 --- [    Test worker] o.h.type.descriptor.sql.BasicExtractor   : extracted value ([modified5_2_] : [VARCHAR]) - []
2023-11-07 09:33:32.977 TRACE 10456 --- [    Test worker] o.h.type.descriptor.sql.BasicExtractor   : extracted value ([item_det6_2_] : [CLOB]) - [테스트 상품 상세 설명1]
2023-11-07 09:33:32.977 TRACE 10456 --- [    Test worker] o.h.type.descriptor.sql.BasicExtractor   : extracted value ([item_nm7_2_] : [VARCHAR]) - [테스트 상품1]
2023-11-07 09:33:32.977 TRACE 10456 --- [    Test worker] o.h.type.descriptor.sql.BasicExtractor   : extracted value ([item_sel8_2_] : [VARCHAR]) - [SELL]
2023-11-07 09:33:32.977 TRACE 10456 --- [    Test worker] o.h.type.descriptor.sql.BasicExtractor   : extracted value ([price9_2_] : [INTEGER]) - [10001]
2023-11-07 09:33:32.977 TRACE 10456 --- [    Test worker] o.h.type.descriptor.sql.BasicExtractor   : extracted value ([stock_n10_2_] : [INTEGER]) - [100]
2023-11-07 09:33:32.977 TRACE 10456 --- [    Test worker] o.h.type.descriptor.sql.BasicExtractor   : extracted value ([item_id1_2_] : [BIGINT]) - [50]
2023-11-07 09:33:32.977 TRACE 10456 --- [    Test worker] o.h.type.descriptor.sql.BasicExtractor   : extracted value ([reg_time2_2_] : [TIMESTAMP]) - [2023-11-07T09:33:32.941712]
2023-11-07 09:33:32.977 TRACE 10456 --- [    Test worker] o.h.type.descriptor.sql.BasicExtractor   : extracted value ([update_t3_2_] : [TIMESTAMP]) - [2023-11-07T09:33:32.941712]
2023-11-07 09:33:32.977 TRACE 10456 --- [    Test worker] o.h.type.descriptor.sql.BasicExtractor   : extracted value ([created_4_2_] : [VARCHAR]) - []
2023-11-07 09:33:32.977 TRACE 10456 --- [    Test worker] o.h.type.descriptor.sql.BasicExtractor   : extracted value ([modified5_2_] : [VARCHAR]) - []
2023-11-07 09:33:32.977 TRACE 10456 --- [    Test worker] o.h.type.descriptor.sql.BasicExtractor   : extracted value ([item_det6_2_] : [CLOB]) - [테스트 상품 상세 설명2]
2023-11-07 09:33:32.977 TRACE 10456 --- [    Test worker] o.h.type.descriptor.sql.BasicExtractor   : extracted value ([item_nm7_2_] : [VARCHAR]) - [테스트 상품2]
2023-11-07 09:33:32.977 TRACE 10456 --- [    Test worker] o.h.type.descriptor.sql.BasicExtractor   : extracted value ([item_sel8_2_] : [VARCHAR]) - [SELL]
2023-11-07 09:33:32.977 TRACE 10456 --- [    Test worker] o.h.type.descriptor.sql.BasicExtractor   : extracted value ([price9_2_] : [INTEGER]) - [10002]
2023-11-07 09:33:32.977 TRACE 10456 --- [    Test worker] o.h.type.descriptor.sql.BasicExtractor   : extracted value ([stock_n10_2_] : [INTEGER]) - [100]
2023-11-07 09:33:32.977 TRACE 10456 --- [    Test worker] o.h.type.descriptor.sql.BasicExtractor   : extracted value ([item_id1_2_] : [BIGINT]) - [51]
2023-11-07 09:33:32.977 TRACE 10456 --- [    Test worker] o.h.type.descriptor.sql.BasicExtractor   : extracted value ([reg_time2_2_] : [TIMESTAMP]) - [2023-11-07T09:33:32.942705]
2023-11-07 09:33:32.977 TRACE 10456 --- [    Test worker] o.h.type.descriptor.sql.BasicExtractor   : extracted value ([update_t3_2_] : [TIMESTAMP]) - [2023-11-07T09:33:32.942705]
2023-11-07 09:33:32.977 TRACE 10456 --- [    Test worker] o.h.type.descriptor.sql.BasicExtractor   : extracted value ([created_4_2_] : [VARCHAR]) - []
2023-11-07 09:33:32.977 TRACE 10456 --- [    Test worker] o.h.type.descriptor.sql.BasicExtractor   : extracted value ([modified5_2_] : [VARCHAR]) - []
2023-11-07 09:33:32.977 TRACE 10456 --- [    Test worker] o.h.type.descriptor.sql.BasicExtractor   : extracted value ([item_det6_2_] : [CLOB]) - [테스트 상품 상세 설명3]
2023-11-07 09:33:32.978 TRACE 10456 --- [    Test worker] o.h.type.descriptor.sql.BasicExtractor   : extracted value ([item_nm7_2_] : [VARCHAR]) - [테스트 상품3]
2023-11-07 09:33:32.978 TRACE 10456 --- [    Test worker] o.h.type.descriptor.sql.BasicExtractor   : extracted value ([item_sel8_2_] : [VARCHAR]) - [SELL]
2023-11-07 09:33:32.978 TRACE 10456 --- [    Test worker] o.h.type.descriptor.sql.BasicExtractor   : extracted value ([price9_2_] : [INTEGER]) - [10003]
2023-11-07 09:33:32.978 TRACE 10456 --- [    Test worker] o.h.type.descriptor.sql.BasicExtractor   : extracted value ([stock_n10_2_] : [INTEGER]) - [100]
2023-11-07 09:33:32.978 TRACE 10456 --- [    Test worker] o.h.type.descriptor.sql.BasicExtractor   : extracted value ([item_id1_2_] : [BIGINT]) - [52]
2023-11-07 09:33:32.978 TRACE 10456 --- [    Test worker] o.h.type.descriptor.sql.BasicExtractor   : extracted value ([reg_time2_2_] : [TIMESTAMP]) - [2023-11-07T09:33:32.944703]
2023-11-07 09:33:32.978 TRACE 10456 --- [    Test worker] o.h.type.descriptor.sql.BasicExtractor   : extracted value ([update_t3_2_] : [TIMESTAMP]) - [2023-11-07T09:33:32.944703]
2023-11-07 09:33:32.978 TRACE 10456 --- [    Test worker] o.h.type.descriptor.sql.BasicExtractor   : extracted value ([created_4_2_] : [VARCHAR]) - []
2023-11-07 09:33:32.978 TRACE 10456 --- [    Test worker] o.h.type.descriptor.sql.BasicExtractor   : extracted value ([modified5_2_] : [VARCHAR]) - []
2023-11-07 09:33:32.978 TRACE 10456 --- [    Test worker] o.h.type.descriptor.sql.BasicExtractor   : extracted value ([item_det6_2_] : [CLOB]) - [테스트 상품 상세 설명4]
2023-11-07 09:33:32.978 TRACE 10456 --- [    Test worker] o.h.type.descriptor.sql.BasicExtractor   : extracted value ([item_nm7_2_] : [VARCHAR]) - [테스트 상품4]
2023-11-07 09:33:32.978 TRACE 10456 --- [    Test worker] o.h.type.descriptor.sql.BasicExtractor   : extracted value ([item_sel8_2_] : [VARCHAR]) - [SELL]
2023-11-07 09:33:32.978 TRACE 10456 --- [    Test worker] o.h.type.descriptor.sql.BasicExtractor   : extracted value ([price9_2_] : [INTEGER]) - [10004]
2023-11-07 09:33:32.978 TRACE 10456 --- [    Test worker] o.h.type.descriptor.sql.BasicExtractor   : extracted value ([stock_n10_2_] : [INTEGER]) - [100]
2023-11-07 09:33:32.978 TRACE 10456 --- [    Test worker] o.h.type.descriptor.sql.BasicExtractor   : extracted value ([item_id1_2_] : [BIGINT]) - [59]
2023-11-07 09:33:32.978 TRACE 10456 --- [    Test worker] o.h.type.descriptor.sql.BasicExtractor   : extracted value ([reg_time2_2_] : [TIMESTAMP]) - [2023-11-07T09:33:32.961716]
2023-11-07 09:33:32.978 TRACE 10456 --- [    Test worker] o.h.type.descriptor.sql.BasicExtractor   : extracted value ([update_t3_2_] : [TIMESTAMP]) - [2023-11-07T09:33:32.961716]
2023-11-07 09:33:32.978 TRACE 10456 --- [    Test worker] o.h.type.descriptor.sql.BasicExtractor   : extracted value ([created_4_2_] : [VARCHAR]) - []
2023-11-07 09:33:32.978 TRACE 10456 --- [    Test worker] o.h.type.descriptor.sql.BasicExtractor   : extracted value ([modified5_2_] : [VARCHAR]) - []
2023-11-07 09:33:32.978 TRACE 10456 --- [    Test worker] o.h.type.descriptor.sql.BasicExtractor   : extracted value ([item_det6_2_] : [CLOB]) - [테스트 상품 상세 설명1]
2023-11-07 09:33:32.978 TRACE 10456 --- [    Test worker] o.h.type.descriptor.sql.BasicExtractor   : extracted value ([item_nm7_2_] : [VARCHAR]) - [테스트 상품1]
2023-11-07 09:33:32.978 TRACE 10456 --- [    Test worker] o.h.type.descriptor.sql.BasicExtractor   : extracted value ([item_sel8_2_] : [VARCHAR]) - [SELL]
2023-11-07 09:33:32.978 TRACE 10456 --- [    Test worker] o.h.type.descriptor.sql.BasicExtractor   : extracted value ([price9_2_] : [INTEGER]) - [10001]
2023-11-07 09:33:32.978 TRACE 10456 --- [    Test worker] o.h.type.descriptor.sql.BasicExtractor   : extracted value ([stock_n10_2_] : [INTEGER]) - [100]
2023-11-07 09:33:32.978 TRACE 10456 --- [    Test worker] o.h.type.descriptor.sql.BasicExtractor   : extracted value ([item_id1_2_] : [BIGINT]) - [60]
2023-11-07 09:33:32.978 TRACE 10456 --- [    Test worker] o.h.type.descriptor.sql.BasicExtractor   : extracted value ([reg_time2_2_] : [TIMESTAMP]) - [2023-11-07T09:33:32.962704]
2023-11-07 09:33:32.978 TRACE 10456 --- [    Test worker] o.h.type.descriptor.sql.BasicExtractor   : extracted value ([update_t3_2_] : [TIMESTAMP]) - [2023-11-07T09:33:32.962704]
2023-11-07 09:33:32.978 TRACE 10456 --- [    Test worker] o.h.type.descriptor.sql.BasicExtractor   : extracted value ([created_4_2_] : [VARCHAR]) - []
2023-11-07 09:33:32.978 TRACE 10456 --- [    Test worker] o.h.type.descriptor.sql.BasicExtractor   : extracted value ([modified5_2_] : [VARCHAR]) - []
2023-11-07 09:33:32.978 TRACE 10456 --- [    Test worker] o.h.type.descriptor.sql.BasicExtractor   : extracted value ([item_det6_2_] : [CLOB]) - [테스트 상품 상세 설명2]
2023-11-07 09:33:32.978 TRACE 10456 --- [    Test worker] o.h.type.descriptor.sql.BasicExtractor   : extracted value ([item_nm7_2_] : [VARCHAR]) - [테스트 상품2]
2023-11-07 09:33:32.978 TRACE 10456 --- [    Test worker] o.h.type.descriptor.sql.BasicExtractor   : extracted value ([item_sel8_2_] : [VARCHAR]) - [SELL]
2023-11-07 09:33:32.978 TRACE 10456 --- [    Test worker] o.h.type.descriptor.sql.BasicExtractor   : extracted value ([price9_2_] : [INTEGER]) - [10002]
2023-11-07 09:33:32.978 TRACE 10456 --- [    Test worker] o.h.type.descriptor.sql.BasicExtractor   : extracted value ([stock_n10_2_] : [INTEGER]) - [100]
2023-11-07 09:33:32.978 TRACE 10456 --- [    Test worker] o.h.type.descriptor.sql.BasicExtractor   : extracted value ([item_id1_2_] : [BIGINT]) - [61]
2023-11-07 09:33:32.978 TRACE 10456 --- [    Test worker] o.h.type.descriptor.sql.BasicExtractor   : extracted value ([reg_time2_2_] : [TIMESTAMP]) - [2023-11-07T09:33:32.963703]
2023-11-07 09:33:32.978 TRACE 10456 --- [    Test worker] o.h.type.descriptor.sql.BasicExtractor   : extracted value ([update_t3_2_] : [TIMESTAMP]) - [2023-11-07T09:33:32.963703]
2023-11-07 09:33:32.978 TRACE 10456 --- [    Test worker] o.h.type.descriptor.sql.BasicExtractor   : extracted value ([created_4_2_] : [VARCHAR]) - []
2023-11-07 09:33:32.978 TRACE 10456 --- [    Test worker] o.h.type.descriptor.sql.BasicExtractor   : extracted value ([modified5_2_] : [VARCHAR]) - []
2023-11-07 09:33:32.979 TRACE 10456 --- [    Test worker] o.h.type.descriptor.sql.BasicExtractor   : extracted value ([item_det6_2_] : [CLOB]) - [테스트 상품 상세 설명3]
2023-11-07 09:33:32.979 TRACE 10456 --- [    Test worker] o.h.type.descriptor.sql.BasicExtractor   : extracted value ([item_nm7_2_] : [VARCHAR]) - [테스트 상품3]
2023-11-07 09:33:32.979 TRACE 10456 --- [    Test worker] o.h.type.descriptor.sql.BasicExtractor   : extracted value ([item_sel8_2_] : [VARCHAR]) - [SELL]
2023-11-07 09:33:32.979 TRACE 10456 --- [    Test worker] o.h.type.descriptor.sql.BasicExtractor   : extracted value ([price9_2_] : [INTEGER]) - [10003]
2023-11-07 09:33:32.979 TRACE 10456 --- [    Test worker] o.h.type.descriptor.sql.BasicExtractor   : extracted value ([stock_n10_2_] : [INTEGER]) - [100]
2023-11-07 09:33:32.979 TRACE 10456 --- [    Test worker] o.h.type.descriptor.sql.BasicExtractor   : extracted value ([item_id1_2_] : [BIGINT]) - [62]
2023-11-07 09:33:32.979 TRACE 10456 --- [    Test worker] o.h.type.descriptor.sql.BasicExtractor   : extracted value ([reg_time2_2_] : [TIMESTAMP]) - [2023-11-07T09:33:32.964712]
2023-11-07 09:33:32.979 TRACE 10456 --- [    Test worker] o.h.type.descriptor.sql.BasicExtractor   : extracted value ([update_t3_2_] : [TIMESTAMP]) - [2023-11-07T09:33:32.964712]
2023-11-07 09:33:32.979 TRACE 10456 --- [    Test worker] o.h.type.descriptor.sql.BasicExtractor   : extracted value ([created_4_2_] : [VARCHAR]) - []
2023-11-07 09:33:32.979 TRACE 10456 --- [    Test worker] o.h.type.descriptor.sql.BasicExtractor   : extracted value ([modified5_2_] : [VARCHAR]) - []
2023-11-07 09:33:32.979 TRACE 10456 --- [    Test worker] o.h.type.descriptor.sql.BasicExtractor   : extracted value ([item_det6_2_] : [CLOB]) - [테스트 상품 상세 설명4]
2023-11-07 09:33:32.979 TRACE 10456 --- [    Test worker] o.h.type.descriptor.sql.BasicExtractor   : extracted value ([item_nm7_2_] : [VARCHAR]) - [테스트 상품4]
2023-11-07 09:33:32.979 TRACE 10456 --- [    Test worker] o.h.type.descriptor.sql.BasicExtractor   : extracted value ([item_sel8_2_] : [VARCHAR]) - [SELL]
2023-11-07 09:33:32.979 TRACE 10456 --- [    Test worker] o.h.type.descriptor.sql.BasicExtractor   : extracted value ([price9_2_] : [INTEGER]) - [10004]
2023-11-07 09:33:32.979 TRACE 10456 --- [    Test worker] o.h.type.descriptor.sql.BasicExtractor   : extracted value ([stock_n10_2_] : [INTEGER]) - [100]
Item(id=29, itemNm=테스트 상품1, price=10001, stockNumber=100, itemDetail=테스트 상품 상세 설명1, itemSellStatus=SELL)
Item(id=30, itemNm=테스트 상품2, price=10002, stockNumber=100, itemDetail=테스트 상품 상세 설명2, itemSellStatus=SELL)
Item(id=31, itemNm=테스트 상품3, price=10003, stockNumber=100, itemDetail=테스트 상품 상세 설명3, itemSellStatus=SELL)
Item(id=32, itemNm=테스트 상품4, price=10004, stockNumber=100, itemDetail=테스트 상품 상세 설명4, itemSellStatus=SELL)
Item(id=39, itemNm=테스트 상품1, price=10001, stockNumber=100, itemDetail=테스트 상품 상세 설명1, itemSellStatus=SELL)
Item(id=40, itemNm=테스트 상품2, price=10002, stockNumber=100, itemDetail=테스트 상품 상세 설명2, itemSellStatus=SELL)
Item(id=41, itemNm=테스트 상품3, price=10003, stockNumber=100, itemDetail=테스트 상품 상세 설명3, itemSellStatus=SELL)
Item(id=42, itemNm=테스트 상품4, price=10004, stockNumber=100, itemDetail=테스트 상품 상세 설명4, itemSellStatus=SELL)
Item(id=49, itemNm=테스트 상품1, price=10001, stockNumber=100, itemDetail=테스트 상품 상세 설명1, itemSellStatus=SELL)
Item(id=50, itemNm=테스트 상품2, price=10002, stockNumber=100, itemDetail=테스트 상품 상세 설명2, itemSellStatus=SELL)
Item(id=51, itemNm=테스트 상품3, price=10003, stockNumber=100, itemDetail=테스트 상품 상세 설명3, itemSellStatus=SELL)
Item(id=52, itemNm=테스트 상품4, price=10004, stockNumber=100, itemDetail=테스트 상품 상세 설명4, itemSellStatus=SELL)
Item(id=59, itemNm=테스트 상품1, price=10001, stockNumber=100, itemDetail=테스트 상품 상세 설명1, itemSellStatus=SELL)
Item(id=60, itemNm=테스트 상품2, price=10002, stockNumber=100, itemDetail=테스트 상품 상세 설명2, itemSellStatus=SELL)
Item(id=61, itemNm=테스트 상품3, price=10003, stockNumber=100, itemDetail=테스트 상품 상세 설명3, itemSellStatus=SELL)
Item(id=62, itemNm=테스트 상품4, price=10004, stockNumber=100, itemDetail=테스트 상품 상세 설명4, itemSellStatus=SELL)
Hibernate: 
    call next value for hibernate_sequence
Hibernate: 
    insert 
    into
        item
        (reg_time, update_time, created_by, modified_by, item_detail, item_nm, item_sell_status, price, stock_number, item_id) 
    values
        (?, ?, ?, ?, ?, ?, ?, ?, ?, ?)
2023-11-07 09:33:32.983 TRACE 10456 --- [    Test worker] o.h.type.descriptor.sql.BasicBinder      : binding parameter [1] as [TIMESTAMP] - [2023-11-07T09:33:32.983703900]
2023-11-07 09:33:32.983 TRACE 10456 --- [    Test worker] o.h.type.descriptor.sql.BasicBinder      : binding parameter [2] as [TIMESTAMP] - [2023-11-07T09:33:32.983703900]
2023-11-07 09:33:32.984 TRACE 10456 --- [    Test worker] o.h.type.descriptor.sql.BasicBinder      : binding parameter [3] as [VARCHAR] - []
2023-11-07 09:33:32.984 TRACE 10456 --- [    Test worker] o.h.type.descriptor.sql.BasicBinder      : binding parameter [4] as [VARCHAR] - []
2023-11-07 09:33:32.984 TRACE 10456 --- [    Test worker] o.h.type.descriptor.sql.BasicBinder      : binding parameter [5] as [CLOB] - [테스트 상품 상세 설명1]
2023-11-07 09:33:32.984 TRACE 10456 --- [    Test worker] o.h.type.descriptor.sql.BasicBinder      : binding parameter [6] as [VARCHAR] - [테스트 상품1]
2023-11-07 09:33:32.984 TRACE 10456 --- [    Test worker] o.h.type.descriptor.sql.BasicBinder      : binding parameter [7] as [VARCHAR] - [SELL]
2023-11-07 09:33:32.984 TRACE 10456 --- [    Test worker] o.h.type.descriptor.sql.BasicBinder      : binding parameter [8] as [INTEGER] - [10001]
2023-11-07 09:33:32.984 TRACE 10456 --- [    Test worker] o.h.type.descriptor.sql.BasicBinder      : binding parameter [9] as [INTEGER] - [100]
2023-11-07 09:33:32.984 TRACE 10456 --- [    Test worker] o.h.type.descriptor.sql.BasicBinder      : binding parameter [10] as [BIGINT] - [69]
Hibernate: 
    call next value for hibernate_sequence
Hibernate: 
    insert 
    into
        item
        (reg_time, update_time, created_by, modified_by, item_detail, item_nm, item_sell_status, price, stock_number, item_id) 
    values
        (?, ?, ?, ?, ?, ?, ?, ?, ?, ?)
2023-11-07 09:33:32.985 TRACE 10456 --- [    Test worker] o.h.type.descriptor.sql.BasicBinder      : binding parameter [1] as [TIMESTAMP] - [2023-11-07T09:33:32.984703800]
2023-11-07 09:33:32.985 TRACE 10456 --- [    Test worker] o.h.type.descriptor.sql.BasicBinder      : binding parameter [2] as [TIMESTAMP] - [2023-11-07T09:33:32.984703800]
2023-11-07 09:33:32.985 TRACE 10456 --- [    Test worker] o.h.type.descriptor.sql.BasicBinder      : binding parameter [3] as [VARCHAR] - []
2023-11-07 09:33:32.985 TRACE 10456 --- [    Test worker] o.h.type.descriptor.sql.BasicBinder      : binding parameter [4] as [VARCHAR] - []
2023-11-07 09:33:32.985 TRACE 10456 --- [    Test worker] o.h.type.descriptor.sql.BasicBinder      : binding parameter [5] as [CLOB] - [테스트 상품 상세 설명2]
2023-11-07 09:33:32.985 TRACE 10456 --- [    Test worker] o.h.type.descriptor.sql.BasicBinder      : binding parameter [6] as [VARCHAR] - [테스트 상품2]
2023-11-07 09:33:32.985 TRACE 10456 --- [    Test worker] o.h.type.descriptor.sql.BasicBinder      : binding parameter [7] as [VARCHAR] - [SELL]
2023-11-07 09:33:32.985 TRACE 10456 --- [    Test worker] o.h.type.descriptor.sql.BasicBinder      : binding parameter [8] as [INTEGER] - [10002]
2023-11-07 09:33:32.985 TRACE 10456 --- [    Test worker] o.h.type.descriptor.sql.BasicBinder      : binding parameter [9] as [INTEGER] - [100]
2023-11-07 09:33:32.985 TRACE 10456 --- [    Test worker] o.h.type.descriptor.sql.BasicBinder      : binding parameter [10] as [BIGINT] - [70]
Hibernate: 
    call next value for hibernate_sequence
Hibernate: 
    insert 
    into
        item
        (reg_time, update_time, created_by, modified_by, item_detail, item_nm, item_sell_status, price, stock_number, item_id) 
    values
        (?, ?, ?, ?, ?, ?, ?, ?, ?, ?)
2023-11-07 09:33:32.986 TRACE 10456 --- [    Test worker] o.h.type.descriptor.sql.BasicBinder      : binding parameter [1] as [TIMESTAMP] - [2023-11-07T09:33:32.986704100]
2023-11-07 09:33:32.986 TRACE 10456 --- [    Test worker] o.h.type.descriptor.sql.BasicBinder      : binding parameter [2] as [TIMESTAMP] - [2023-11-07T09:33:32.986704100]
2023-11-07 09:33:32.986 TRACE 10456 --- [    Test worker] o.h.type.descriptor.sql.BasicBinder      : binding parameter [3] as [VARCHAR] - []
2023-11-07 09:33:32.986 TRACE 10456 --- [    Test worker] o.h.type.descriptor.sql.BasicBinder      : binding parameter [4] as [VARCHAR] - []
2023-11-07 09:33:32.986 TRACE 10456 --- [    Test worker] o.h.type.descriptor.sql.BasicBinder      : binding parameter [5] as [CLOB] - [테스트 상품 상세 설명3]
2023-11-07 09:33:32.986 TRACE 10456 --- [    Test worker] o.h.type.descriptor.sql.BasicBinder      : binding parameter [6] as [VARCHAR] - [테스트 상품3]
2023-11-07 09:33:32.986 TRACE 10456 --- [    Test worker] o.h.type.descriptor.sql.BasicBinder      : binding parameter [7] as [VARCHAR] - [SELL]
2023-11-07 09:33:32.986 TRACE 10456 --- [    Test worker] o.h.type.descriptor.sql.BasicBinder      : binding parameter [8] as [INTEGER] - [10003]
2023-11-07 09:33:32.986 TRACE 10456 --- [    Test worker] o.h.type.descriptor.sql.BasicBinder      : binding parameter [9] as [INTEGER] - [100]
2023-11-07 09:33:32.986 TRACE 10456 --- [    Test worker] o.h.type.descriptor.sql.BasicBinder      : binding parameter [10] as [BIGINT] - [71]
Hibernate: 
    call next value for hibernate_sequence
Hibernate: 
    insert 
    into
        item
        (reg_time, update_time, created_by, modified_by, item_detail, item_nm, item_sell_status, price, stock_number, item_id) 
    values
        (?, ?, ?, ?, ?, ?, ?, ?, ?, ?)
2023-11-07 09:33:32.987 TRACE 10456 --- [    Test worker] o.h.type.descriptor.sql.BasicBinder      : binding parameter [1] as [TIMESTAMP] - [2023-11-07T09:33:32.987710300]
2023-11-07 09:33:32.987 TRACE 10456 --- [    Test worker] o.h.type.descriptor.sql.BasicBinder      : binding parameter [2] as [TIMESTAMP] - [2023-11-07T09:33:32.987710300]
2023-11-07 09:33:32.987 TRACE 10456 --- [    Test worker] o.h.type.descriptor.sql.BasicBinder      : binding parameter [3] as [VARCHAR] - []
2023-11-07 09:33:32.987 TRACE 10456 --- [    Test worker] o.h.type.descriptor.sql.BasicBinder      : binding parameter [4] as [VARCHAR] - []
2023-11-07 09:33:32.987 TRACE 10456 --- [    Test worker] o.h.type.descriptor.sql.BasicBinder      : binding parameter [5] as [CLOB] - [테스트 상품 상세 설명4]
2023-11-07 09:33:32.987 TRACE 10456 --- [    Test worker] o.h.type.descriptor.sql.BasicBinder      : binding parameter [6] as [VARCHAR] - [테스트 상품4]
2023-11-07 09:33:32.987 TRACE 10456 --- [    Test worker] o.h.type.descriptor.sql.BasicBinder      : binding parameter [7] as [VARCHAR] - [SELL]
2023-11-07 09:33:32.987 TRACE 10456 --- [    Test worker] o.h.type.descriptor.sql.BasicBinder      : binding parameter [8] as [INTEGER] - [10004]
2023-11-07 09:33:32.987 TRACE 10456 --- [    Test worker] o.h.type.descriptor.sql.BasicBinder      : binding parameter [9] as [INTEGER] - [100]
2023-11-07 09:33:32.987 TRACE 10456 --- [    Test worker] o.h.type.descriptor.sql.BasicBinder      : binding parameter [10] as [BIGINT] - [72]
Hibernate: 
    call next value for hibernate_sequence
Hibernate: 
    insert 
    into
        item
        (reg_time, update_time, created_by, modified_by, item_detail, item_nm, item_sell_status, price, stock_number, item_id) 
    values
        (?, ?, ?, ?, ?, ?, ?, ?, ?, ?)
2023-11-07 09:33:32.988 TRACE 10456 --- [    Test worker] o.h.type.descriptor.sql.BasicBinder      : binding parameter [1] as [TIMESTAMP] - [2023-11-07T09:33:32.988710300]
2023-11-07 09:33:32.988 TRACE 10456 --- [    Test worker] o.h.type.descriptor.sql.BasicBinder      : binding parameter [2] as [TIMESTAMP] - [2023-11-07T09:33:32.988710300]
2023-11-07 09:33:32.988 TRACE 10456 --- [    Test worker] o.h.type.descriptor.sql.BasicBinder      : binding parameter [3] as [VARCHAR] - []
2023-11-07 09:33:32.988 TRACE 10456 --- [    Test worker] o.h.type.descriptor.sql.BasicBinder      : binding parameter [4] as [VARCHAR] - []
2023-11-07 09:33:32.988 TRACE 10456 --- [    Test worker] o.h.type.descriptor.sql.BasicBinder      : binding parameter [5] as [CLOB] - [테스트 상품 상세 설명5]
2023-11-07 09:33:32.988 TRACE 10456 --- [    Test worker] o.h.type.descriptor.sql.BasicBinder      : binding parameter [6] as [VARCHAR] - [테스트 상품5]
2023-11-07 09:33:32.988 TRACE 10456 --- [    Test worker] o.h.type.descriptor.sql.BasicBinder      : binding parameter [7] as [VARCHAR] - [SELL]
2023-11-07 09:33:32.988 TRACE 10456 --- [    Test worker] o.h.type.descriptor.sql.BasicBinder      : binding parameter [8] as [INTEGER] - [10005]
2023-11-07 09:33:32.988 TRACE 10456 --- [    Test worker] o.h.type.descriptor.sql.BasicBinder      : binding parameter [9] as [INTEGER] - [100]
2023-11-07 09:33:32.988 TRACE 10456 --- [    Test worker] o.h.type.descriptor.sql.BasicBinder      : binding parameter [10] as [BIGINT] - [73]
Hibernate: 
    call next value for hibernate_sequence
Hibernate: 
    insert 
    into
        item
        (reg_time, update_time, created_by, modified_by, item_detail, item_nm, item_sell_status, price, stock_number, item_id) 
    values
        (?, ?, ?, ?, ?, ?, ?, ?, ?, ?)
2023-11-07 09:33:32.989 TRACE 10456 --- [    Test worker] o.h.type.descriptor.sql.BasicBinder      : binding parameter [1] as [TIMESTAMP] - [2023-11-07T09:33:32.989709700]
2023-11-07 09:33:32.989 TRACE 10456 --- [    Test worker] o.h.type.descriptor.sql.BasicBinder      : binding parameter [2] as [TIMESTAMP] - [2023-11-07T09:33:32.989709700]
2023-11-07 09:33:32.989 TRACE 10456 --- [    Test worker] o.h.type.descriptor.sql.BasicBinder      : binding parameter [3] as [VARCHAR] - []
2023-11-07 09:33:32.989 TRACE 10456 --- [    Test worker] o.h.type.descriptor.sql.BasicBinder      : binding parameter [4] as [VARCHAR] - []
2023-11-07 09:33:32.989 TRACE 10456 --- [    Test worker] o.h.type.descriptor.sql.BasicBinder      : binding parameter [5] as [CLOB] - [테스트 상품 상세 설명6]
2023-11-07 09:33:32.989 TRACE 10456 --- [    Test worker] o.h.type.descriptor.sql.BasicBinder      : binding parameter [6] as [VARCHAR] - [테스트 상품6]
2023-11-07 09:33:32.989 TRACE 10456 --- [    Test worker] o.h.type.descriptor.sql.BasicBinder      : binding parameter [7] as [VARCHAR] - [SELL]
2023-11-07 09:33:32.989 TRACE 10456 --- [    Test worker] o.h.type.descriptor.sql.BasicBinder      : binding parameter [8] as [INTEGER] - [10006]
2023-11-07 09:33:32.989 TRACE 10456 --- [    Test worker] o.h.type.descriptor.sql.BasicBinder      : binding parameter [9] as [INTEGER] - [100]
2023-11-07 09:33:32.989 TRACE 10456 --- [    Test worker] o.h.type.descriptor.sql.BasicBinder      : binding parameter [10] as [BIGINT] - [74]
Hibernate: 
    call next value for hibernate_sequence
Hibernate: 
    insert 
    into
        item
        (reg_time, update_time, created_by, modified_by, item_detail, item_nm, item_sell_status, price, stock_number, item_id) 
    values
        (?, ?, ?, ?, ?, ?, ?, ?, ?, ?)
2023-11-07 09:33:32.990 TRACE 10456 --- [    Test worker] o.h.type.descriptor.sql.BasicBinder      : binding parameter [1] as [TIMESTAMP] - [2023-11-07T09:33:32.990709700]
2023-11-07 09:33:32.990 TRACE 10456 --- [    Test worker] o.h.type.descriptor.sql.BasicBinder      : binding parameter [2] as [TIMESTAMP] - [2023-11-07T09:33:32.990709700]
2023-11-07 09:33:32.990 TRACE 10456 --- [    Test worker] o.h.type.descriptor.sql.BasicBinder      : binding parameter [3] as [VARCHAR] - []
2023-11-07 09:33:32.990 TRACE 10456 --- [    Test worker] o.h.type.descriptor.sql.BasicBinder      : binding parameter [4] as [VARCHAR] - []
2023-11-07 09:33:32.990 TRACE 10456 --- [    Test worker] o.h.type.descriptor.sql.BasicBinder      : binding parameter [5] as [CLOB] - [테스트 상품 상세 설명7]
2023-11-07 09:33:32.990 TRACE 10456 --- [    Test worker] o.h.type.descriptor.sql.BasicBinder      : binding parameter [6] as [VARCHAR] - [테스트 상품7]
2023-11-07 09:33:32.990 TRACE 10456 --- [    Test worker] o.h.type.descriptor.sql.BasicBinder      : binding parameter [7] as [VARCHAR] - [SELL]
2023-11-07 09:33:32.990 TRACE 10456 --- [    Test worker] o.h.type.descriptor.sql.BasicBinder      : binding parameter [8] as [INTEGER] - [10007]
2023-11-07 09:33:32.990 TRACE 10456 --- [    Test worker] o.h.type.descriptor.sql.BasicBinder      : binding parameter [9] as [INTEGER] - [100]
2023-11-07 09:33:32.990 TRACE 10456 --- [    Test worker] o.h.type.descriptor.sql.BasicBinder      : binding parameter [10] as [BIGINT] - [75]
Hibernate: 
    call next value for hibernate_sequence
Hibernate: 
    insert 
    into
        item
        (reg_time, update_time, created_by, modified_by, item_detail, item_nm, item_sell_status, price, stock_number, item_id) 
    values
        (?, ?, ?, ?, ?, ?, ?, ?, ?, ?)
2023-11-07 09:33:32.991 TRACE 10456 --- [    Test worker] o.h.type.descriptor.sql.BasicBinder      : binding parameter [1] as [TIMESTAMP] - [2023-11-07T09:33:32.991718800]
2023-11-07 09:33:32.991 TRACE 10456 --- [    Test worker] o.h.type.descriptor.sql.BasicBinder      : binding parameter [2] as [TIMESTAMP] - [2023-11-07T09:33:32.991718800]
2023-11-07 09:33:32.991 TRACE 10456 --- [    Test worker] o.h.type.descriptor.sql.BasicBinder      : binding parameter [3] as [VARCHAR] - []
2023-11-07 09:33:32.991 TRACE 10456 --- [    Test worker] o.h.type.descriptor.sql.BasicBinder      : binding parameter [4] as [VARCHAR] - []
2023-11-07 09:33:32.991 TRACE 10456 --- [    Test worker] o.h.type.descriptor.sql.BasicBinder      : binding parameter [5] as [CLOB] - [테스트 상품 상세 설명8]
2023-11-07 09:33:32.991 TRACE 10456 --- [    Test worker] o.h.type.descriptor.sql.BasicBinder      : binding parameter [6] as [VARCHAR] - [테스트 상품8]
2023-11-07 09:33:32.991 TRACE 10456 --- [    Test worker] o.h.type.descriptor.sql.BasicBinder      : binding parameter [7] as [VARCHAR] - [SELL]
2023-11-07 09:33:32.991 TRACE 10456 --- [    Test worker] o.h.type.descriptor.sql.BasicBinder      : binding parameter [8] as [INTEGER] - [10008]
2023-11-07 09:33:32.991 TRACE 10456 --- [    Test worker] o.h.type.descriptor.sql.BasicBinder      : binding parameter [9] as [INTEGER] - [100]
2023-11-07 09:33:32.991 TRACE 10456 --- [    Test worker] o.h.type.descriptor.sql.BasicBinder      : binding parameter [10] as [BIGINT] - [76]
Hibernate: 
    call next value for hibernate_sequence
Hibernate: 
    insert 
    into
        item
        (reg_time, update_time, created_by, modified_by, item_detail, item_nm, item_sell_status, price, stock_number, item_id) 
    values
        (?, ?, ?, ?, ?, ?, ?, ?, ?, ?)
2023-11-07 09:33:32.992 TRACE 10456 --- [    Test worker] o.h.type.descriptor.sql.BasicBinder      : binding parameter [1] as [TIMESTAMP] - [2023-11-07T09:33:32.991718800]
2023-11-07 09:33:32.992 TRACE 10456 --- [    Test worker] o.h.type.descriptor.sql.BasicBinder      : binding parameter [2] as [TIMESTAMP] - [2023-11-07T09:33:32.991718800]
2023-11-07 09:33:32.992 TRACE 10456 --- [    Test worker] o.h.type.descriptor.sql.BasicBinder      : binding parameter [3] as [VARCHAR] - []
2023-11-07 09:33:32.992 TRACE 10456 --- [    Test worker] o.h.type.descriptor.sql.BasicBinder      : binding parameter [4] as [VARCHAR] - []
2023-11-07 09:33:32.992 TRACE 10456 --- [    Test worker] o.h.type.descriptor.sql.BasicBinder      : binding parameter [5] as [CLOB] - [테스트 상품 상세 설명9]
2023-11-07 09:33:32.992 TRACE 10456 --- [    Test worker] o.h.type.descriptor.sql.BasicBinder      : binding parameter [6] as [VARCHAR] - [테스트 상품9]
2023-11-07 09:33:32.992 TRACE 10456 --- [    Test worker] o.h.type.descriptor.sql.BasicBinder      : binding parameter [7] as [VARCHAR] - [SELL]
2023-11-07 09:33:32.992 TRACE 10456 --- [    Test worker] o.h.type.descriptor.sql.BasicBinder      : binding parameter [8] as [INTEGER] - [10009]
2023-11-07 09:33:32.992 TRACE 10456 --- [    Test worker] o.h.type.descriptor.sql.BasicBinder      : binding parameter [9] as [INTEGER] - [100]
2023-11-07 09:33:32.992 TRACE 10456 --- [    Test worker] o.h.type.descriptor.sql.BasicBinder      : binding parameter [10] as [BIGINT] - [77]
Hibernate: 
    call next value for hibernate_sequence
Hibernate: 
    insert 
    into
        item
        (reg_time, update_time, created_by, modified_by, item_detail, item_nm, item_sell_status, price, stock_number, item_id) 
    values
        (?, ?, ?, ?, ?, ?, ?, ?, ?, ?)
2023-11-07 09:33:32.992 TRACE 10456 --- [    Test worker] o.h.type.descriptor.sql.BasicBinder      : binding parameter [1] as [TIMESTAMP] - [2023-11-07T09:33:32.992719500]
2023-11-07 09:33:32.992 TRACE 10456 --- [    Test worker] o.h.type.descriptor.sql.BasicBinder      : binding parameter [2] as [TIMESTAMP] - [2023-11-07T09:33:32.992719500]
2023-11-07 09:33:32.992 TRACE 10456 --- [    Test worker] o.h.type.descriptor.sql.BasicBinder      : binding parameter [3] as [VARCHAR] - []
2023-11-07 09:33:32.992 TRACE 10456 --- [    Test worker] o.h.type.descriptor.sql.BasicBinder      : binding parameter [4] as [VARCHAR] - []
2023-11-07 09:33:32.992 TRACE 10456 --- [    Test worker] o.h.type.descriptor.sql.BasicBinder      : binding parameter [5] as [CLOB] - [테스트 상품 상세 설명10]
2023-11-07 09:33:32.992 TRACE 10456 --- [    Test worker] o.h.type.descriptor.sql.BasicBinder      : binding parameter [6] as [VARCHAR] - [테스트 상품10]
2023-11-07 09:33:32.992 TRACE 10456 --- [    Test worker] o.h.type.descriptor.sql.BasicBinder      : binding parameter [7] as [VARCHAR] - [SELL]
2023-11-07 09:33:32.992 TRACE 10456 --- [    Test worker] o.h.type.descriptor.sql.BasicBinder      : binding parameter [8] as [INTEGER] - [10010]
2023-11-07 09:33:32.993 TRACE 10456 --- [    Test worker] o.h.type.descriptor.sql.BasicBinder      : binding parameter [9] as [INTEGER] - [100]
2023-11-07 09:33:32.993 TRACE 10456 --- [    Test worker] o.h.type.descriptor.sql.BasicBinder      : binding parameter [10] as [BIGINT] - [78]
Hibernate: 
    select
        item0_.item_id as item_id1_2_,
        item0_.reg_time as reg_time2_2_,
        item0_.update_time as update_t3_2_,
        item0_.created_by as created_4_2_,
        item0_.modified_by as modified5_2_,
        item0_.item_detail as item_det6_2_,
        item0_.item_nm as item_nm7_2_,
        item0_.item_sell_status as item_sel8_2_,
        item0_.price as price9_2_,
        item0_.stock_number as stock_n10_2_ 
    from
        item item0_ 
    where
        item0_.item_nm=?
2023-11-07 09:33:32.994 TRACE 10456 --- [    Test worker] o.h.type.descriptor.sql.BasicBinder      : binding parameter [1] as [VARCHAR] - [테스트 상품1]
2023-11-07 09:33:32.994 TRACE 10456 --- [    Test worker] o.h.type.descriptor.sql.BasicExtractor   : extracted value ([item_id1_2_] : [BIGINT]) - [29]
2023-11-07 09:33:32.994 TRACE 10456 --- [    Test worker] o.h.type.descriptor.sql.BasicExtractor   : extracted value ([reg_time2_2_] : [TIMESTAMP]) - [2023-11-07T09:33:32.829987]
2023-11-07 09:33:32.994 TRACE 10456 --- [    Test worker] o.h.type.descriptor.sql.BasicExtractor   : extracted value ([update_t3_2_] : [TIMESTAMP]) - [2023-11-07T09:33:32.829987]
2023-11-07 09:33:32.994 TRACE 10456 --- [    Test worker] o.h.type.descriptor.sql.BasicExtractor   : extracted value ([created_4_2_] : [VARCHAR]) - []
2023-11-07 09:33:32.995 TRACE 10456 --- [    Test worker] o.h.type.descriptor.sql.BasicExtractor   : extracted value ([modified5_2_] : [VARCHAR]) - []
2023-11-07 09:33:32.995 TRACE 10456 --- [    Test worker] o.h.type.descriptor.sql.BasicExtractor   : extracted value ([item_det6_2_] : [CLOB]) - [테스트 상품 상세 설명1]
2023-11-07 09:33:32.995 TRACE 10456 --- [    Test worker] o.h.type.descriptor.sql.BasicExtractor   : extracted value ([item_nm7_2_] : [VARCHAR]) - [테스트 상품1]
2023-11-07 09:33:32.995 TRACE 10456 --- [    Test worker] o.h.type.descriptor.sql.BasicExtractor   : extracted value ([item_sel8_2_] : [VARCHAR]) - [SELL]
2023-11-07 09:33:32.995 TRACE 10456 --- [    Test worker] o.h.type.descriptor.sql.BasicExtractor   : extracted value ([price9_2_] : [INTEGER]) - [10001]
2023-11-07 09:33:32.995 TRACE 10456 --- [    Test worker] o.h.type.descriptor.sql.BasicExtractor   : extracted value ([stock_n10_2_] : [INTEGER]) - [100]
2023-11-07 09:33:32.995 TRACE 10456 --- [    Test worker] o.h.type.descriptor.sql.BasicExtractor   : extracted value ([item_id1_2_] : [BIGINT]) - [39]
2023-11-07 09:33:32.995 TRACE 10456 --- [    Test worker] o.h.type.descriptor.sql.BasicExtractor   : extracted value ([reg_time2_2_] : [TIMESTAMP]) - [2023-11-07T09:33:32.870139]
2023-11-07 09:33:32.995 TRACE 10456 --- [    Test worker] o.h.type.descriptor.sql.BasicExtractor   : extracted value ([update_t3_2_] : [TIMESTAMP]) - [2023-11-07T09:33:32.870139]
2023-11-07 09:33:32.995 TRACE 10456 --- [    Test worker] o.h.type.descriptor.sql.BasicExtractor   : extracted value ([created_4_2_] : [VARCHAR]) - []
2023-11-07 09:33:32.995 TRACE 10456 --- [    Test worker] o.h.type.descriptor.sql.BasicExtractor   : extracted value ([modified5_2_] : [VARCHAR]) - []
2023-11-07 09:33:32.995 TRACE 10456 --- [    Test worker] o.h.type.descriptor.sql.BasicExtractor   : extracted value ([item_det6_2_] : [CLOB]) - [테스트 상품 상세 설명1]
2023-11-07 09:33:32.995 TRACE 10456 --- [    Test worker] o.h.type.descriptor.sql.BasicExtractor   : extracted value ([item_nm7_2_] : [VARCHAR]) - [테스트 상품1]
2023-11-07 09:33:32.995 TRACE 10456 --- [    Test worker] o.h.type.descriptor.sql.BasicExtractor   : extracted value ([item_sel8_2_] : [VARCHAR]) - [SELL]
2023-11-07 09:33:32.995 TRACE 10456 --- [    Test worker] o.h.type.descriptor.sql.BasicExtractor   : extracted value ([price9_2_] : [INTEGER]) - [10001]
2023-11-07 09:33:32.995 TRACE 10456 --- [    Test worker] o.h.type.descriptor.sql.BasicExtractor   : extracted value ([stock_n10_2_] : [INTEGER]) - [100]
2023-11-07 09:33:32.995 TRACE 10456 --- [    Test worker] o.h.type.descriptor.sql.BasicExtractor   : extracted value ([item_id1_2_] : [BIGINT]) - [49]
2023-11-07 09:33:32.995 TRACE 10456 --- [    Test worker] o.h.type.descriptor.sql.BasicExtractor   : extracted value ([reg_time2_2_] : [TIMESTAMP]) - [2023-11-07T09:33:32.939713]
2023-11-07 09:33:32.995 TRACE 10456 --- [    Test worker] o.h.type.descriptor.sql.BasicExtractor   : extracted value ([update_t3_2_] : [TIMESTAMP]) - [2023-11-07T09:33:32.939713]
2023-11-07 09:33:32.995 TRACE 10456 --- [    Test worker] o.h.type.descriptor.sql.BasicExtractor   : extracted value ([created_4_2_] : [VARCHAR]) - []
2023-11-07 09:33:32.995 TRACE 10456 --- [    Test worker] o.h.type.descriptor.sql.BasicExtractor   : extracted value ([modified5_2_] : [VARCHAR]) - []
2023-11-07 09:33:32.995 TRACE 10456 --- [    Test worker] o.h.type.descriptor.sql.BasicExtractor   : extracted value ([item_det6_2_] : [CLOB]) - [테스트 상품 상세 설명1]
2023-11-07 09:33:32.995 TRACE 10456 --- [    Test worker] o.h.type.descriptor.sql.BasicExtractor   : extracted value ([item_nm7_2_] : [VARCHAR]) - [테스트 상품1]
2023-11-07 09:33:32.995 TRACE 10456 --- [    Test worker] o.h.type.descriptor.sql.BasicExtractor   : extracted value ([item_sel8_2_] : [VARCHAR]) - [SELL]
2023-11-07 09:33:32.995 TRACE 10456 --- [    Test worker] o.h.type.descriptor.sql.BasicExtractor   : extracted value ([price9_2_] : [INTEGER]) - [10001]
2023-11-07 09:33:32.995 TRACE 10456 --- [    Test worker] o.h.type.descriptor.sql.BasicExtractor   : extracted value ([stock_n10_2_] : [INTEGER]) - [100]
2023-11-07 09:33:32.995 TRACE 10456 --- [    Test worker] o.h.type.descriptor.sql.BasicExtractor   : extracted value ([item_id1_2_] : [BIGINT]) - [59]
2023-11-07 09:33:32.995 TRACE 10456 --- [    Test worker] o.h.type.descriptor.sql.BasicExtractor   : extracted value ([reg_time2_2_] : [TIMESTAMP]) - [2023-11-07T09:33:32.961716]
2023-11-07 09:33:32.995 TRACE 10456 --- [    Test worker] o.h.type.descriptor.sql.BasicExtractor   : extracted value ([update_t3_2_] : [TIMESTAMP]) - [2023-11-07T09:33:32.961716]
2023-11-07 09:33:32.995 TRACE 10456 --- [    Test worker] o.h.type.descriptor.sql.BasicExtractor   : extracted value ([created_4_2_] : [VARCHAR]) - []
2023-11-07 09:33:32.995 TRACE 10456 --- [    Test worker] o.h.type.descriptor.sql.BasicExtractor   : extracted value ([modified5_2_] : [VARCHAR]) - []
2023-11-07 09:33:32.995 TRACE 10456 --- [    Test worker] o.h.type.descriptor.sql.BasicExtractor   : extracted value ([item_det6_2_] : [CLOB]) - [테스트 상품 상세 설명1]
2023-11-07 09:33:32.995 TRACE 10456 --- [    Test worker] o.h.type.descriptor.sql.BasicExtractor   : extracted value ([item_nm7_2_] : [VARCHAR]) - [테스트 상품1]
2023-11-07 09:33:32.995 TRACE 10456 --- [    Test worker] o.h.type.descriptor.sql.BasicExtractor   : extracted value ([item_sel8_2_] : [VARCHAR]) - [SELL]
2023-11-07 09:33:32.995 TRACE 10456 --- [    Test worker] o.h.type.descriptor.sql.BasicExtractor   : extracted value ([price9_2_] : [INTEGER]) - [10001]
2023-11-07 09:33:32.995 TRACE 10456 --- [    Test worker] o.h.type.descriptor.sql.BasicExtractor   : extracted value ([stock_n10_2_] : [INTEGER]) - [100]
2023-11-07 09:33:32.995 TRACE 10456 --- [    Test worker] o.h.type.descriptor.sql.BasicExtractor   : extracted value ([item_id1_2_] : [BIGINT]) - [69]
2023-11-07 09:33:32.995 TRACE 10456 --- [    Test worker] o.h.type.descriptor.sql.BasicExtractor   : extracted value ([reg_time2_2_] : [TIMESTAMP]) - [2023-11-07T09:33:32.983704]
2023-11-07 09:33:32.995 TRACE 10456 --- [    Test worker] o.h.type.descriptor.sql.BasicExtractor   : extracted value ([update_t3_2_] : [TIMESTAMP]) - [2023-11-07T09:33:32.983704]
2023-11-07 09:33:32.995 TRACE 10456 --- [    Test worker] o.h.type.descriptor.sql.BasicExtractor   : extracted value ([created_4_2_] : [VARCHAR]) - []
2023-11-07 09:33:32.995 TRACE 10456 --- [    Test worker] o.h.type.descriptor.sql.BasicExtractor   : extracted value ([modified5_2_] : [VARCHAR]) - []
2023-11-07 09:33:32.995 TRACE 10456 --- [    Test worker] o.h.type.descriptor.sql.BasicExtractor   : extracted value ([item_det6_2_] : [CLOB]) - [테스트 상품 상세 설명1]
2023-11-07 09:33:32.995 TRACE 10456 --- [    Test worker] o.h.type.descriptor.sql.BasicExtractor   : extracted value ([item_nm7_2_] : [VARCHAR]) - [테스트 상품1]
2023-11-07 09:33:32.995 TRACE 10456 --- [    Test worker] o.h.type.descriptor.sql.BasicExtractor   : extracted value ([item_sel8_2_] : [VARCHAR]) - [SELL]
2023-11-07 09:33:32.995 TRACE 10456 --- [    Test worker] o.h.type.descriptor.sql.BasicExtractor   : extracted value ([price9_2_] : [INTEGER]) - [10001]
2023-11-07 09:33:32.995 TRACE 10456 --- [    Test worker] o.h.type.descriptor.sql.BasicExtractor   : extracted value ([stock_n10_2_] : [INTEGER]) - [100]
Item(id=29, itemNm=테스트 상품1, price=10001, stockNumber=100, itemDetail=테스트 상품 상세 설명1, itemSellStatus=SELL)
Item(id=39, itemNm=테스트 상품1, price=10001, stockNumber=100, itemDetail=테스트 상품 상세 설명1, itemSellStatus=SELL)
Item(id=49, itemNm=테스트 상품1, price=10001, stockNumber=100, itemDetail=테스트 상품 상세 설명1, itemSellStatus=SELL)
Item(id=59, itemNm=테스트 상품1, price=10001, stockNumber=100, itemDetail=테스트 상품 상세 설명1, itemSellStatus=SELL)
Item(id=69, itemNm=테스트 상품1, price=10001, stockNumber=100, itemDetail=테스트 상품 상세 설명1, itemSellStatus=SELL)
Hibernate: 
    call next value for hibernate_sequence
Hibernate: 
    insert 
    into
        item
        (reg_time, update_time, created_by, modified_by, item_detail, item_nm, item_sell_status, price, stock_number, item_id) 
    values
        (?, ?, ?, ?, ?, ?, ?, ?, ?, ?)
2023-11-07 09:33:32.999 TRACE 10456 --- [    Test worker] o.h.type.descriptor.sql.BasicBinder      : binding parameter [1] as [TIMESTAMP] - [2023-11-07T09:33:32.999718400]
2023-11-07 09:33:32.999 TRACE 10456 --- [    Test worker] o.h.type.descriptor.sql.BasicBinder      : binding parameter [2] as [TIMESTAMP] - [2023-11-07T09:33:32.999718400]
2023-11-07 09:33:32.999 TRACE 10456 --- [    Test worker] o.h.type.descriptor.sql.BasicBinder      : binding parameter [3] as [VARCHAR] - []
2023-11-07 09:33:32.999 TRACE 10456 --- [    Test worker] o.h.type.descriptor.sql.BasicBinder      : binding parameter [4] as [VARCHAR] - []
2023-11-07 09:33:32.999 TRACE 10456 --- [    Test worker] o.h.type.descriptor.sql.BasicBinder      : binding parameter [5] as [CLOB] - [테스트 상품 상세 설명1]
2023-11-07 09:33:32.999 TRACE 10456 --- [    Test worker] o.h.type.descriptor.sql.BasicBinder      : binding parameter [6] as [VARCHAR] - [테스트 상품1]
2023-11-07 09:33:32.999 TRACE 10456 --- [    Test worker] o.h.type.descriptor.sql.BasicBinder      : binding parameter [7] as [VARCHAR] - [SELL]
2023-11-07 09:33:32.999 TRACE 10456 --- [    Test worker] o.h.type.descriptor.sql.BasicBinder      : binding parameter [8] as [INTEGER] - [10001]
2023-11-07 09:33:32.999 TRACE 10456 --- [    Test worker] o.h.type.descriptor.sql.BasicBinder      : binding parameter [9] as [INTEGER] - [100]
2023-11-07 09:33:32.999 TRACE 10456 --- [    Test worker] o.h.type.descriptor.sql.BasicBinder      : binding parameter [10] as [BIGINT] - [79]
Hibernate: 
    call next value for hibernate_sequence
Hibernate: 
    insert 
    into
        item
        (reg_time, update_time, created_by, modified_by, item_detail, item_nm, item_sell_status, price, stock_number, item_id) 
    values
        (?, ?, ?, ?, ?, ?, ?, ?, ?, ?)
2023-11-07 09:33:33.000 TRACE 10456 --- [    Test worker] o.h.type.descriptor.sql.BasicBinder      : binding parameter [1] as [TIMESTAMP] - [2023-11-07T09:33:33.000709100]
2023-11-07 09:33:33.000 TRACE 10456 --- [    Test worker] o.h.type.descriptor.sql.BasicBinder      : binding parameter [2] as [TIMESTAMP] - [2023-11-07T09:33:33.000709100]
2023-11-07 09:33:33.000 TRACE 10456 --- [    Test worker] o.h.type.descriptor.sql.BasicBinder      : binding parameter [3] as [VARCHAR] - []
2023-11-07 09:33:33.000 TRACE 10456 --- [    Test worker] o.h.type.descriptor.sql.BasicBinder      : binding parameter [4] as [VARCHAR] - []
2023-11-07 09:33:33.000 TRACE 10456 --- [    Test worker] o.h.type.descriptor.sql.BasicBinder      : binding parameter [5] as [CLOB] - [테스트 상품 상세 설명2]
2023-11-07 09:33:33.000 TRACE 10456 --- [    Test worker] o.h.type.descriptor.sql.BasicBinder      : binding parameter [6] as [VARCHAR] - [테스트 상품2]
2023-11-07 09:33:33.000 TRACE 10456 --- [    Test worker] o.h.type.descriptor.sql.BasicBinder      : binding parameter [7] as [VARCHAR] - [SELL]
2023-11-07 09:33:33.000 TRACE 10456 --- [    Test worker] o.h.type.descriptor.sql.BasicBinder      : binding parameter [8] as [INTEGER] - [10002]
2023-11-07 09:33:33.000 TRACE 10456 --- [    Test worker] o.h.type.descriptor.sql.BasicBinder      : binding parameter [9] as [INTEGER] - [100]
2023-11-07 09:33:33.000 TRACE 10456 --- [    Test worker] o.h.type.descriptor.sql.BasicBinder      : binding parameter [10] as [BIGINT] - [80]
Hibernate: 
    call next value for hibernate_sequence
Hibernate: 
    insert 
    into
        item
        (reg_time, update_time, created_by, modified_by, item_detail, item_nm, item_sell_status, price, stock_number, item_id) 
    values
        (?, ?, ?, ?, ?, ?, ?, ?, ?, ?)
2023-11-07 09:33:33.000 TRACE 10456 --- [    Test worker] o.h.type.descriptor.sql.BasicBinder      : binding parameter [1] as [TIMESTAMP] - [2023-11-07T09:33:33.000709100]
2023-11-07 09:33:33.000 TRACE 10456 --- [    Test worker] o.h.type.descriptor.sql.BasicBinder      : binding parameter [2] as [TIMESTAMP] - [2023-11-07T09:33:33.000709100]
2023-11-07 09:33:33.000 TRACE 10456 --- [    Test worker] o.h.type.descriptor.sql.BasicBinder      : binding parameter [3] as [VARCHAR] - []
2023-11-07 09:33:33.000 TRACE 10456 --- [    Test worker] o.h.type.descriptor.sql.BasicBinder      : binding parameter [4] as [VARCHAR] - []
2023-11-07 09:33:33.000 TRACE 10456 --- [    Test worker] o.h.type.descriptor.sql.BasicBinder      : binding parameter [5] as [CLOB] - [테스트 상품 상세 설명3]
2023-11-07 09:33:33.000 TRACE 10456 --- [    Test worker] o.h.type.descriptor.sql.BasicBinder      : binding parameter [6] as [VARCHAR] - [테스트 상품3]
2023-11-07 09:33:33.000 TRACE 10456 --- [    Test worker] o.h.type.descriptor.sql.BasicBinder      : binding parameter [7] as [VARCHAR] - [SELL]
2023-11-07 09:33:33.000 TRACE 10456 --- [    Test worker] o.h.type.descriptor.sql.BasicBinder      : binding parameter [8] as [INTEGER] - [10003]
2023-11-07 09:33:33.000 TRACE 10456 --- [    Test worker] o.h.type.descriptor.sql.BasicBinder      : binding parameter [9] as [INTEGER] - [100]
2023-11-07 09:33:33.000 TRACE 10456 --- [    Test worker] o.h.type.descriptor.sql.BasicBinder      : binding parameter [10] as [BIGINT] - [81]
Hibernate: 
    call next value for hibernate_sequence
Hibernate: 
    insert 
    into
        item
        (reg_time, update_time, created_by, modified_by, item_detail, item_nm, item_sell_status, price, stock_number, item_id) 
    values
        (?, ?, ?, ?, ?, ?, ?, ?, ?, ?)
2023-11-07 09:33:33.004 TRACE 10456 --- [    Test worker] o.h.type.descriptor.sql.BasicBinder      : binding parameter [1] as [TIMESTAMP] - [2023-11-07T09:33:33.002214300]
2023-11-07 09:33:33.004 TRACE 10456 --- [    Test worker] o.h.type.descriptor.sql.BasicBinder      : binding parameter [2] as [TIMESTAMP] - [2023-11-07T09:33:33.002214300]
2023-11-07 09:33:33.004 TRACE 10456 --- [    Test worker] o.h.type.descriptor.sql.BasicBinder      : binding parameter [3] as [VARCHAR] - []
2023-11-07 09:33:33.004 TRACE 10456 --- [    Test worker] o.h.type.descriptor.sql.BasicBinder      : binding parameter [4] as [VARCHAR] - []
2023-11-07 09:33:33.004 TRACE 10456 --- [    Test worker] o.h.type.descriptor.sql.BasicBinder      : binding parameter [5] as [CLOB] - [테스트 상품 상세 설명4]
2023-11-07 09:33:33.004 TRACE 10456 --- [    Test worker] o.h.type.descriptor.sql.BasicBinder      : binding parameter [6] as [VARCHAR] - [테스트 상품4]
2023-11-07 09:33:33.004 TRACE 10456 --- [    Test worker] o.h.type.descriptor.sql.BasicBinder      : binding parameter [7] as [VARCHAR] - [SELL]
2023-11-07 09:33:33.004 TRACE 10456 --- [    Test worker] o.h.type.descriptor.sql.BasicBinder      : binding parameter [8] as [INTEGER] - [10004]
2023-11-07 09:33:33.004 TRACE 10456 --- [    Test worker] o.h.type.descriptor.sql.BasicBinder      : binding parameter [9] as [INTEGER] - [100]
2023-11-07 09:33:33.004 TRACE 10456 --- [    Test worker] o.h.type.descriptor.sql.BasicBinder      : binding parameter [10] as [BIGINT] - [82]
Hibernate: 
    call next value for hibernate_sequence
Hibernate: 
    insert 
    into
        item
        (reg_time, update_time, created_by, modified_by, item_detail, item_nm, item_sell_status, price, stock_number, item_id) 
    values
        (?, ?, ?, ?, ?, ?, ?, ?, ?, ?)
2023-11-07 09:33:33.004 TRACE 10456 --- [    Test worker] o.h.type.descriptor.sql.BasicBinder      : binding parameter [1] as [TIMESTAMP] - [2023-11-07T09:33:33.004222]
2023-11-07 09:33:33.005 TRACE 10456 --- [    Test worker] o.h.type.descriptor.sql.BasicBinder      : binding parameter [2] as [TIMESTAMP] - [2023-11-07T09:33:33.004222]
2023-11-07 09:33:33.005 TRACE 10456 --- [    Test worker] o.h.type.descriptor.sql.BasicBinder      : binding parameter [3] as [VARCHAR] - []
2023-11-07 09:33:33.005 TRACE 10456 --- [    Test worker] o.h.type.descriptor.sql.BasicBinder      : binding parameter [4] as [VARCHAR] - []
2023-11-07 09:33:33.005 TRACE 10456 --- [    Test worker] o.h.type.descriptor.sql.BasicBinder      : binding parameter [5] as [CLOB] - [테스트 상품 상세 설명5]
2023-11-07 09:33:33.005 TRACE 10456 --- [    Test worker] o.h.type.descriptor.sql.BasicBinder      : binding parameter [6] as [VARCHAR] - [테스트 상품5]
2023-11-07 09:33:33.005 TRACE 10456 --- [    Test worker] o.h.type.descriptor.sql.BasicBinder      : binding parameter [7] as [VARCHAR] - [SELL]
2023-11-07 09:33:33.005 TRACE 10456 --- [    Test worker] o.h.type.descriptor.sql.BasicBinder      : binding parameter [8] as [INTEGER] - [10005]
2023-11-07 09:33:33.005 TRACE 10456 --- [    Test worker] o.h.type.descriptor.sql.BasicBinder      : binding parameter [9] as [INTEGER] - [100]
2023-11-07 09:33:33.005 TRACE 10456 --- [    Test worker] o.h.type.descriptor.sql.BasicBinder      : binding parameter [10] as [BIGINT] - [83]
Hibernate: 
    call next value for hibernate_sequence
Hibernate: 
    insert 
    into
        item
        (reg_time, update_time, created_by, modified_by, item_detail, item_nm, item_sell_status, price, stock_number, item_id) 
    values
        (?, ?, ?, ?, ?, ?, ?, ?, ?, ?)
2023-11-07 09:33:33.005 TRACE 10456 --- [    Test worker] o.h.type.descriptor.sql.BasicBinder      : binding parameter [1] as [TIMESTAMP] - [2023-11-07T09:33:33.005221500]
2023-11-07 09:33:33.005 TRACE 10456 --- [    Test worker] o.h.type.descriptor.sql.BasicBinder      : binding parameter [2] as [TIMESTAMP] - [2023-11-07T09:33:33.005221500]
2023-11-07 09:33:33.005 TRACE 10456 --- [    Test worker] o.h.type.descriptor.sql.BasicBinder      : binding parameter [3] as [VARCHAR] - []
2023-11-07 09:33:33.006 TRACE 10456 --- [    Test worker] o.h.type.descriptor.sql.BasicBinder      : binding parameter [4] as [VARCHAR] - []
2023-11-07 09:33:33.006 TRACE 10456 --- [    Test worker] o.h.type.descriptor.sql.BasicBinder      : binding parameter [5] as [CLOB] - [테스트 상품 상세 설명6]
2023-11-07 09:33:33.006 TRACE 10456 --- [    Test worker] o.h.type.descriptor.sql.BasicBinder      : binding parameter [6] as [VARCHAR] - [테스트 상품6]
2023-11-07 09:33:33.006 TRACE 10456 --- [    Test worker] o.h.type.descriptor.sql.BasicBinder      : binding parameter [7] as [VARCHAR] - [SELL]
2023-11-07 09:33:33.006 TRACE 10456 --- [    Test worker] o.h.type.descriptor.sql.BasicBinder      : binding parameter [8] as [INTEGER] - [10006]
2023-11-07 09:33:33.006 TRACE 10456 --- [    Test worker] o.h.type.descriptor.sql.BasicBinder      : binding parameter [9] as [INTEGER] - [100]
2023-11-07 09:33:33.006 TRACE 10456 --- [    Test worker] o.h.type.descriptor.sql.BasicBinder      : binding parameter [10] as [BIGINT] - [84]
Hibernate: 
    call next value for hibernate_sequence
Hibernate: 
    insert 
    into
        item
        (reg_time, update_time, created_by, modified_by, item_detail, item_nm, item_sell_status, price, stock_number, item_id) 
    values
        (?, ?, ?, ?, ?, ?, ?, ?, ?, ?)
2023-11-07 09:33:33.006 TRACE 10456 --- [    Test worker] o.h.type.descriptor.sql.BasicBinder      : binding parameter [1] as [TIMESTAMP] - [2023-11-07T09:33:33.006220900]
2023-11-07 09:33:33.007 TRACE 10456 --- [    Test worker] o.h.type.descriptor.sql.BasicBinder      : binding parameter [2] as [TIMESTAMP] - [2023-11-07T09:33:33.006220900]
2023-11-07 09:33:33.007 TRACE 10456 --- [    Test worker] o.h.type.descriptor.sql.BasicBinder      : binding parameter [3] as [VARCHAR] - []
2023-11-07 09:33:33.007 TRACE 10456 --- [    Test worker] o.h.type.descriptor.sql.BasicBinder      : binding parameter [4] as [VARCHAR] - []
2023-11-07 09:33:33.007 TRACE 10456 --- [    Test worker] o.h.type.descriptor.sql.BasicBinder      : binding parameter [5] as [CLOB] - [테스트 상품 상세 설명7]
2023-11-07 09:33:33.007 TRACE 10456 --- [    Test worker] o.h.type.descriptor.sql.BasicBinder      : binding parameter [6] as [VARCHAR] - [테스트 상품7]
2023-11-07 09:33:33.007 TRACE 10456 --- [    Test worker] o.h.type.descriptor.sql.BasicBinder      : binding parameter [7] as [VARCHAR] - [SELL]
2023-11-07 09:33:33.007 TRACE 10456 --- [    Test worker] o.h.type.descriptor.sql.BasicBinder      : binding parameter [8] as [INTEGER] - [10007]
2023-11-07 09:33:33.007 TRACE 10456 --- [    Test worker] o.h.type.descriptor.sql.BasicBinder      : binding parameter [9] as [INTEGER] - [100]
2023-11-07 09:33:33.007 TRACE 10456 --- [    Test worker] o.h.type.descriptor.sql.BasicBinder      : binding parameter [10] as [BIGINT] - [85]
Hibernate: 
    call next value for hibernate_sequence
Hibernate: 
    insert 
    into
        item
        (reg_time, update_time, created_by, modified_by, item_detail, item_nm, item_sell_status, price, stock_number, item_id) 
    values
        (?, ?, ?, ?, ?, ?, ?, ?, ?, ?)
2023-11-07 09:33:33.007 TRACE 10456 --- [    Test worker] o.h.type.descriptor.sql.BasicBinder      : binding parameter [1] as [TIMESTAMP] - [2023-11-07T09:33:33.007222300]
2023-11-07 09:33:33.007 TRACE 10456 --- [    Test worker] o.h.type.descriptor.sql.BasicBinder      : binding parameter [2] as [TIMESTAMP] - [2023-11-07T09:33:33.007222300]
2023-11-07 09:33:33.007 TRACE 10456 --- [    Test worker] o.h.type.descriptor.sql.BasicBinder      : binding parameter [3] as [VARCHAR] - []
2023-11-07 09:33:33.007 TRACE 10456 --- [    Test worker] o.h.type.descriptor.sql.BasicBinder      : binding parameter [4] as [VARCHAR] - []
2023-11-07 09:33:33.007 TRACE 10456 --- [    Test worker] o.h.type.descriptor.sql.BasicBinder      : binding parameter [5] as [CLOB] - [테스트 상품 상세 설명8]
2023-11-07 09:33:33.007 TRACE 10456 --- [    Test worker] o.h.type.descriptor.sql.BasicBinder      : binding parameter [6] as [VARCHAR] - [테스트 상품8]
2023-11-07 09:33:33.007 TRACE 10456 --- [    Test worker] o.h.type.descriptor.sql.BasicBinder      : binding parameter [7] as [VARCHAR] - [SELL]
2023-11-07 09:33:33.007 TRACE 10456 --- [    Test worker] o.h.type.descriptor.sql.BasicBinder      : binding parameter [8] as [INTEGER] - [10008]
2023-11-07 09:33:33.007 TRACE 10456 --- [    Test worker] o.h.type.descriptor.sql.BasicBinder      : binding parameter [9] as [INTEGER] - [100]
2023-11-07 09:33:33.007 TRACE 10456 --- [    Test worker] o.h.type.descriptor.sql.BasicBinder      : binding parameter [10] as [BIGINT] - [86]
Hibernate: 
    call next value for hibernate_sequence
Hibernate: 
    insert 
    into
        item
        (reg_time, update_time, created_by, modified_by, item_detail, item_nm, item_sell_status, price, stock_number, item_id) 
    values
        (?, ?, ?, ?, ?, ?, ?, ?, ?, ?)
2023-11-07 09:33:33.008 TRACE 10456 --- [    Test worker] o.h.type.descriptor.sql.BasicBinder      : binding parameter [1] as [TIMESTAMP] - [2023-11-07T09:33:33.008220600]
2023-11-07 09:33:33.008 TRACE 10456 --- [    Test worker] o.h.type.descriptor.sql.BasicBinder      : binding parameter [2] as [TIMESTAMP] - [2023-11-07T09:33:33.008220600]
2023-11-07 09:33:33.008 TRACE 10456 --- [    Test worker] o.h.type.descriptor.sql.BasicBinder      : binding parameter [3] as [VARCHAR] - []
2023-11-07 09:33:33.008 TRACE 10456 --- [    Test worker] o.h.type.descriptor.sql.BasicBinder      : binding parameter [4] as [VARCHAR] - []
2023-11-07 09:33:33.008 TRACE 10456 --- [    Test worker] o.h.type.descriptor.sql.BasicBinder      : binding parameter [5] as [CLOB] - [테스트 상품 상세 설명9]
2023-11-07 09:33:33.008 TRACE 10456 --- [    Test worker] o.h.type.descriptor.sql.BasicBinder      : binding parameter [6] as [VARCHAR] - [테스트 상품9]
2023-11-07 09:33:33.008 TRACE 10456 --- [    Test worker] o.h.type.descriptor.sql.BasicBinder      : binding parameter [7] as [VARCHAR] - [SELL]
2023-11-07 09:33:33.008 TRACE 10456 --- [    Test worker] o.h.type.descriptor.sql.BasicBinder      : binding parameter [8] as [INTEGER] - [10009]
2023-11-07 09:33:33.008 TRACE 10456 --- [    Test worker] o.h.type.descriptor.sql.BasicBinder      : binding parameter [9] as [INTEGER] - [100]
2023-11-07 09:33:33.008 TRACE 10456 --- [    Test worker] o.h.type.descriptor.sql.BasicBinder      : binding parameter [10] as [BIGINT] - [87]
Hibernate: 
    call next value for hibernate_sequence
Hibernate: 
    insert 
    into
        item
        (reg_time, update_time, created_by, modified_by, item_detail, item_nm, item_sell_status, price, stock_number, item_id) 
    values
        (?, ?, ?, ?, ?, ?, ?, ?, ?, ?)
2023-11-07 09:33:33.009 TRACE 10456 --- [    Test worker] o.h.type.descriptor.sql.BasicBinder      : binding parameter [1] as [TIMESTAMP] - [2023-11-07T09:33:33.008220600]
2023-11-07 09:33:33.009 TRACE 10456 --- [    Test worker] o.h.type.descriptor.sql.BasicBinder      : binding parameter [2] as [TIMESTAMP] - [2023-11-07T09:33:33.008220600]
2023-11-07 09:33:33.009 TRACE 10456 --- [    Test worker] o.h.type.descriptor.sql.BasicBinder      : binding parameter [3] as [VARCHAR] - []
2023-11-07 09:33:33.009 TRACE 10456 --- [    Test worker] o.h.type.descriptor.sql.BasicBinder      : binding parameter [4] as [VARCHAR] - []
2023-11-07 09:33:33.009 TRACE 10456 --- [    Test worker] o.h.type.descriptor.sql.BasicBinder      : binding parameter [5] as [CLOB] - [테스트 상품 상세 설명10]
2023-11-07 09:33:33.009 TRACE 10456 --- [    Test worker] o.h.type.descriptor.sql.BasicBinder      : binding parameter [6] as [VARCHAR] - [테스트 상품10]
2023-11-07 09:33:33.009 TRACE 10456 --- [    Test worker] o.h.type.descriptor.sql.BasicBinder      : binding parameter [7] as [VARCHAR] - [SELL]
2023-11-07 09:33:33.009 TRACE 10456 --- [    Test worker] o.h.type.descriptor.sql.BasicBinder      : binding parameter [8] as [INTEGER] - [10010]
2023-11-07 09:33:33.009 TRACE 10456 --- [    Test worker] o.h.type.descriptor.sql.BasicBinder      : binding parameter [9] as [INTEGER] - [100]
2023-11-07 09:33:33.009 TRACE 10456 --- [    Test worker] o.h.type.descriptor.sql.BasicBinder      : binding parameter [10] as [BIGINT] - [88]
Hibernate: 
    select
        item0_.item_id as item_id1_2_,
        item0_.reg_time as reg_time2_2_,
        item0_.update_time as update_t3_2_,
        item0_.created_by as created_4_2_,
        item0_.modified_by as modified5_2_,
        item0_.item_detail as item_det6_2_,
        item0_.item_nm as item_nm7_2_,
        item0_.item_sell_status as item_sel8_2_,
        item0_.price as price9_2_,
        item0_.stock_number as stock_n10_2_ 
    from
        item item0_ 
    where
        item0_.item_detail like ? 
    order by
        item0_.price desc
2023-11-07 09:33:33.013 TRACE 10456 --- [    Test worker] o.h.type.descriptor.sql.BasicBinder      : binding parameter [1] as [CLOB] - [%테스트 상품 상세 설명%]
2023-11-07 09:33:33.015 TRACE 10456 --- [    Test worker] o.h.type.descriptor.sql.BasicExtractor   : extracted value ([item_id1_2_] : [BIGINT]) - [38]
2023-11-07 09:33:33.015 TRACE 10456 --- [    Test worker] o.h.type.descriptor.sql.BasicExtractor   : extracted value ([reg_time2_2_] : [TIMESTAMP]) - [2023-11-07T09:33:32.842975]
2023-11-07 09:33:33.015 TRACE 10456 --- [    Test worker] o.h.type.descriptor.sql.BasicExtractor   : extracted value ([update_t3_2_] : [TIMESTAMP]) - [2023-11-07T09:33:32.842975]
2023-11-07 09:33:33.015 TRACE 10456 --- [    Test worker] o.h.type.descriptor.sql.BasicExtractor   : extracted value ([created_4_2_] : [VARCHAR]) - []
2023-11-07 09:33:33.015 TRACE 10456 --- [    Test worker] o.h.type.descriptor.sql.BasicExtractor   : extracted value ([modified5_2_] : [VARCHAR]) - []
2023-11-07 09:33:33.015 TRACE 10456 --- [    Test worker] o.h.type.descriptor.sql.BasicExtractor   : extracted value ([item_det6_2_] : [CLOB]) - [테스트 상품 상세 설명10]
2023-11-07 09:33:33.015 TRACE 10456 --- [    Test worker] o.h.type.descriptor.sql.BasicExtractor   : extracted value ([item_nm7_2_] : [VARCHAR]) - [테스트 상품10]
2023-11-07 09:33:33.015 TRACE 10456 --- [    Test worker] o.h.type.descriptor.sql.BasicExtractor   : extracted value ([item_sel8_2_] : [VARCHAR]) - [SELL]
2023-11-07 09:33:33.015 TRACE 10456 --- [    Test worker] o.h.type.descriptor.sql.BasicExtractor   : extracted value ([price9_2_] : [INTEGER]) - [10010]
2023-11-07 09:33:33.015 TRACE 10456 --- [    Test worker] o.h.type.descriptor.sql.BasicExtractor   : extracted value ([stock_n10_2_] : [INTEGER]) - [100]
2023-11-07 09:33:33.015 TRACE 10456 --- [    Test worker] o.h.type.descriptor.sql.BasicExtractor   : extracted value ([item_id1_2_] : [BIGINT]) - [48]
2023-11-07 09:33:33.015 TRACE 10456 --- [    Test worker] o.h.type.descriptor.sql.BasicExtractor   : extracted value ([reg_time2_2_] : [TIMESTAMP]) - [2023-11-07T09:33:32.880140]
2023-11-07 09:33:33.015 TRACE 10456 --- [    Test worker] o.h.type.descriptor.sql.BasicExtractor   : extracted value ([update_t3_2_] : [TIMESTAMP]) - [2023-11-07T09:33:32.880140]
2023-11-07 09:33:33.015 TRACE 10456 --- [    Test worker] o.h.type.descriptor.sql.BasicExtractor   : extracted value ([created_4_2_] : [VARCHAR]) - []
2023-11-07 09:33:33.015 TRACE 10456 --- [    Test worker] o.h.type.descriptor.sql.BasicExtractor   : extracted value ([modified5_2_] : [VARCHAR]) - []
2023-11-07 09:33:33.015 TRACE 10456 --- [    Test worker] o.h.type.descriptor.sql.BasicExtractor   : extracted value ([item_det6_2_] : [CLOB]) - [테스트 상품 상세 설명10]
2023-11-07 09:33:33.015 TRACE 10456 --- [    Test worker] o.h.type.descriptor.sql.BasicExtractor   : extracted value ([item_nm7_2_] : [VARCHAR]) - [테스트 상품10]
2023-11-07 09:33:33.015 TRACE 10456 --- [    Test worker] o.h.type.descriptor.sql.BasicExtractor   : extracted value ([item_sel8_2_] : [VARCHAR]) - [SELL]
2023-11-07 09:33:33.015 TRACE 10456 --- [    Test worker] o.h.type.descriptor.sql.BasicExtractor   : extracted value ([price9_2_] : [INTEGER]) - [10010]
2023-11-07 09:33:33.015 TRACE 10456 --- [    Test worker] o.h.type.descriptor.sql.BasicExtractor   : extracted value ([stock_n10_2_] : [INTEGER]) - [100]
2023-11-07 09:33:33.015 TRACE 10456 --- [    Test worker] o.h.type.descriptor.sql.BasicExtractor   : extracted value ([item_id1_2_] : [BIGINT]) - [58]
2023-11-07 09:33:33.015 TRACE 10456 --- [    Test worker] o.h.type.descriptor.sql.BasicExtractor   : extracted value ([reg_time2_2_] : [TIMESTAMP]) - [2023-11-07T09:33:32.951703]
2023-11-07 09:33:33.015 TRACE 10456 --- [    Test worker] o.h.type.descriptor.sql.BasicExtractor   : extracted value ([update_t3_2_] : [TIMESTAMP]) - [2023-11-07T09:33:32.951703]
2023-11-07 09:33:33.015 TRACE 10456 --- [    Test worker] o.h.type.descriptor.sql.BasicExtractor   : extracted value ([created_4_2_] : [VARCHAR]) - []
2023-11-07 09:33:33.015 TRACE 10456 --- [    Test worker] o.h.type.descriptor.sql.BasicExtractor   : extracted value ([modified5_2_] : [VARCHAR]) - []
2023-11-07 09:33:33.015 TRACE 10456 --- [    Test worker] o.h.type.descriptor.sql.BasicExtractor   : extracted value ([item_det6_2_] : [CLOB]) - [테스트 상품 상세 설명10]
2023-11-07 09:33:33.015 TRACE 10456 --- [    Test worker] o.h.type.descriptor.sql.BasicExtractor   : extracted value ([item_nm7_2_] : [VARCHAR]) - [테스트 상품10]
2023-11-07 09:33:33.015 TRACE 10456 --- [    Test worker] o.h.type.descriptor.sql.BasicExtractor   : extracted value ([item_sel8_2_] : [VARCHAR]) - [SELL]
2023-11-07 09:33:33.015 TRACE 10456 --- [    Test worker] o.h.type.descriptor.sql.BasicExtractor   : extracted value ([price9_2_] : [INTEGER]) - [10010]
2023-11-07 09:33:33.015 TRACE 10456 --- [    Test worker] o.h.type.descriptor.sql.BasicExtractor   : extracted value ([stock_n10_2_] : [INTEGER]) - [100]
2023-11-07 09:33:33.015 TRACE 10456 --- [    Test worker] o.h.type.descriptor.sql.BasicExtractor   : extracted value ([item_id1_2_] : [BIGINT]) - [68]
2023-11-07 09:33:33.015 TRACE 10456 --- [    Test worker] o.h.type.descriptor.sql.BasicExtractor   : extracted value ([reg_time2_2_] : [TIMESTAMP]) - [2023-11-07T09:33:32.972709]
2023-11-07 09:33:33.015 TRACE 10456 --- [    Test worker] o.h.type.descriptor.sql.BasicExtractor   : extracted value ([update_t3_2_] : [TIMESTAMP]) - [2023-11-07T09:33:32.972709]
2023-11-07 09:33:33.015 TRACE 10456 --- [    Test worker] o.h.type.descriptor.sql.BasicExtractor   : extracted value ([created_4_2_] : [VARCHAR]) - []
2023-11-07 09:33:33.015 TRACE 10456 --- [    Test worker] o.h.type.descriptor.sql.BasicExtractor   : extracted value ([modified5_2_] : [VARCHAR]) - []
2023-11-07 09:33:33.015 TRACE 10456 --- [    Test worker] o.h.type.descriptor.sql.BasicExtractor   : extracted value ([item_det6_2_] : [CLOB]) - [테스트 상품 상세 설명10]
2023-11-07 09:33:33.015 TRACE 10456 --- [    Test worker] o.h.type.descriptor.sql.BasicExtractor   : extracted value ([item_nm7_2_] : [VARCHAR]) - [테스트 상품10]
2023-11-07 09:33:33.015 TRACE 10456 --- [    Test worker] o.h.type.descriptor.sql.BasicExtractor   : extracted value ([item_sel8_2_] : [VARCHAR]) - [SELL]
2023-11-07 09:33:33.015 TRACE 10456 --- [    Test worker] o.h.type.descriptor.sql.BasicExtractor   : extracted value ([price9_2_] : [INTEGER]) - [10010]
2023-11-07 09:33:33.015 TRACE 10456 --- [    Test worker] o.h.type.descriptor.sql.BasicExtractor   : extracted value ([stock_n10_2_] : [INTEGER]) - [100]
2023-11-07 09:33:33.015 TRACE 10456 --- [    Test worker] o.h.type.descriptor.sql.BasicExtractor   : extracted value ([item_id1_2_] : [BIGINT]) - [78]
2023-11-07 09:33:33.015 TRACE 10456 --- [    Test worker] o.h.type.descriptor.sql.BasicExtractor   : extracted value ([reg_time2_2_] : [TIMESTAMP]) - [2023-11-07T09:33:32.992720]
2023-11-07 09:33:33.015 TRACE 10456 --- [    Test worker] o.h.type.descriptor.sql.BasicExtractor   : extracted value ([update_t3_2_] : [TIMESTAMP]) - [2023-11-07T09:33:32.992720]
2023-11-07 09:33:33.015 TRACE 10456 --- [    Test worker] o.h.type.descriptor.sql.BasicExtractor   : extracted value ([created_4_2_] : [VARCHAR]) - []
2023-11-07 09:33:33.015 TRACE 10456 --- [    Test worker] o.h.type.descriptor.sql.BasicExtractor   : extracted value ([modified5_2_] : [VARCHAR]) - []
2023-11-07 09:33:33.016 TRACE 10456 --- [    Test worker] o.h.type.descriptor.sql.BasicExtractor   : extracted value ([item_det6_2_] : [CLOB]) - [테스트 상품 상세 설명10]
2023-11-07 09:33:33.016 TRACE 10456 --- [    Test worker] o.h.type.descriptor.sql.BasicExtractor   : extracted value ([item_nm7_2_] : [VARCHAR]) - [테스트 상품10]
2023-11-07 09:33:33.016 TRACE 10456 --- [    Test worker] o.h.type.descriptor.sql.BasicExtractor   : extracted value ([item_sel8_2_] : [VARCHAR]) - [SELL]
2023-11-07 09:33:33.016 TRACE 10456 --- [    Test worker] o.h.type.descriptor.sql.BasicExtractor   : extracted value ([price9_2_] : [INTEGER]) - [10010]
2023-11-07 09:33:33.016 TRACE 10456 --- [    Test worker] o.h.type.descriptor.sql.BasicExtractor   : extracted value ([stock_n10_2_] : [INTEGER]) - [100]
2023-11-07 09:33:33.016 TRACE 10456 --- [    Test worker] o.h.type.descriptor.sql.BasicExtractor   : extracted value ([item_id1_2_] : [BIGINT]) - [88]
2023-11-07 09:33:33.016 TRACE 10456 --- [    Test worker] o.h.type.descriptor.sql.BasicExtractor   : extracted value ([reg_time2_2_] : [TIMESTAMP]) - [2023-11-07T09:33:33.008221]
2023-11-07 09:33:33.016 TRACE 10456 --- [    Test worker] o.h.type.descriptor.sql.BasicExtractor   : extracted value ([update_t3_2_] : [TIMESTAMP]) - [2023-11-07T09:33:33.008221]
2023-11-07 09:33:33.016 TRACE 10456 --- [    Test worker] o.h.type.descriptor.sql.BasicExtractor   : extracted value ([created_4_2_] : [VARCHAR]) - []
2023-11-07 09:33:33.016 TRACE 10456 --- [    Test worker] o.h.type.descriptor.sql.BasicExtractor   : extracted value ([modified5_2_] : [VARCHAR]) - []
2023-11-07 09:33:33.016 TRACE 10456 --- [    Test worker] o.h.type.descriptor.sql.BasicExtractor   : extracted value ([item_det6_2_] : [CLOB]) - [테스트 상품 상세 설명10]
2023-11-07 09:33:33.016 TRACE 10456 --- [    Test worker] o.h.type.descriptor.sql.BasicExtractor   : extracted value ([item_nm7_2_] : [VARCHAR]) - [테스트 상품10]
2023-11-07 09:33:33.016 TRACE 10456 --- [    Test worker] o.h.type.descriptor.sql.BasicExtractor   : extracted value ([item_sel8_2_] : [VARCHAR]) - [SELL]
2023-11-07 09:33:33.016 TRACE 10456 --- [    Test worker] o.h.type.descriptor.sql.BasicExtractor   : extracted value ([price9_2_] : [INTEGER]) - [10010]
2023-11-07 09:33:33.016 TRACE 10456 --- [    Test worker] o.h.type.descriptor.sql.BasicExtractor   : extracted value ([stock_n10_2_] : [INTEGER]) - [100]
2023-11-07 09:33:33.016 TRACE 10456 --- [    Test worker] o.h.type.descriptor.sql.BasicExtractor   : extracted value ([item_id1_2_] : [BIGINT]) - [37]
2023-11-07 09:33:33.016 TRACE 10456 --- [    Test worker] o.h.type.descriptor.sql.BasicExtractor   : extracted value ([reg_time2_2_] : [TIMESTAMP]) - [2023-11-07T09:33:32.840975]
2023-11-07 09:33:33.016 TRACE 10456 --- [    Test worker] o.h.type.descriptor.sql.BasicExtractor   : extracted value ([update_t3_2_] : [TIMESTAMP]) - [2023-11-07T09:33:32.840975]
2023-11-07 09:33:33.016 TRACE 10456 --- [    Test worker] o.h.type.descriptor.sql.BasicExtractor   : extracted value ([created_4_2_] : [VARCHAR]) - []
2023-11-07 09:33:33.016 TRACE 10456 --- [    Test worker] o.h.type.descriptor.sql.BasicExtractor   : extracted value ([modified5_2_] : [VARCHAR]) - []
2023-11-07 09:33:33.016 TRACE 10456 --- [    Test worker] o.h.type.descriptor.sql.BasicExtractor   : extracted value ([item_det6_2_] : [CLOB]) - [테스트 상품 상세 설명9]
2023-11-07 09:33:33.016 TRACE 10456 --- [    Test worker] o.h.type.descriptor.sql.BasicExtractor   : extracted value ([item_nm7_2_] : [VARCHAR]) - [테스트 상품9]
2023-11-07 09:33:33.016 TRACE 10456 --- [    Test worker] o.h.type.descriptor.sql.BasicExtractor   : extracted value ([item_sel8_2_] : [VARCHAR]) - [SELL]
2023-11-07 09:33:33.016 TRACE 10456 --- [    Test worker] o.h.type.descriptor.sql.BasicExtractor   : extracted value ([price9_2_] : [INTEGER]) - [10009]
2023-11-07 09:33:33.016 TRACE 10456 --- [    Test worker] o.h.type.descriptor.sql.BasicExtractor   : extracted value ([stock_n10_2_] : [INTEGER]) - [100]
2023-11-07 09:33:33.016 TRACE 10456 --- [    Test worker] o.h.type.descriptor.sql.BasicExtractor   : extracted value ([item_id1_2_] : [BIGINT]) - [47]
2023-11-07 09:33:33.016 TRACE 10456 --- [    Test worker] o.h.type.descriptor.sql.BasicExtractor   : extracted value ([reg_time2_2_] : [TIMESTAMP]) - [2023-11-07T09:33:32.879139]
2023-11-07 09:33:33.016 TRACE 10456 --- [    Test worker] o.h.type.descriptor.sql.BasicExtractor   : extracted value ([update_t3_2_] : [TIMESTAMP]) - [2023-11-07T09:33:32.879139]
2023-11-07 09:33:33.016 TRACE 10456 --- [    Test worker] o.h.type.descriptor.sql.BasicExtractor   : extracted value ([created_4_2_] : [VARCHAR]) - []
2023-11-07 09:33:33.016 TRACE 10456 --- [    Test worker] o.h.type.descriptor.sql.BasicExtractor   : extracted value ([modified5_2_] : [VARCHAR]) - []
2023-11-07 09:33:33.016 TRACE 10456 --- [    Test worker] o.h.type.descriptor.sql.BasicExtractor   : extracted value ([item_det6_2_] : [CLOB]) - [테스트 상품 상세 설명9]
2023-11-07 09:33:33.016 TRACE 10456 --- [    Test worker] o.h.type.descriptor.sql.BasicExtractor   : extracted value ([item_nm7_2_] : [VARCHAR]) - [테스트 상품9]
2023-11-07 09:33:33.016 TRACE 10456 --- [    Test worker] o.h.type.descriptor.sql.BasicExtractor   : extracted value ([item_sel8_2_] : [VARCHAR]) - [SELL]
2023-11-07 09:33:33.016 TRACE 10456 --- [    Test worker] o.h.type.descriptor.sql.BasicExtractor   : extracted value ([price9_2_] : [INTEGER]) - [10009]
2023-11-07 09:33:33.016 TRACE 10456 --- [    Test worker] o.h.type.descriptor.sql.BasicExtractor   : extracted value ([stock_n10_2_] : [INTEGER]) - [100]
2023-11-07 09:33:33.016 TRACE 10456 --- [    Test worker] o.h.type.descriptor.sql.BasicExtractor   : extracted value ([item_id1_2_] : [BIGINT]) - [57]
2023-11-07 09:33:33.016 TRACE 10456 --- [    Test worker] o.h.type.descriptor.sql.BasicExtractor   : extracted value ([reg_time2_2_] : [TIMESTAMP]) - [2023-11-07T09:33:32.950704]
2023-11-07 09:33:33.016 TRACE 10456 --- [    Test worker] o.h.type.descriptor.sql.BasicExtractor   : extracted value ([update_t3_2_] : [TIMESTAMP]) - [2023-11-07T09:33:32.950704]
2023-11-07 09:33:33.016 TRACE 10456 --- [    Test worker] o.h.type.descriptor.sql.BasicExtractor   : extracted value ([created_4_2_] : [VARCHAR]) - []
2023-11-07 09:33:33.016 TRACE 10456 --- [    Test worker] o.h.type.descriptor.sql.BasicExtractor   : extracted value ([modified5_2_] : [VARCHAR]) - []
2023-11-07 09:33:33.016 TRACE 10456 --- [    Test worker] o.h.type.descriptor.sql.BasicExtractor   : extracted value ([item_det6_2_] : [CLOB]) - [테스트 상품 상세 설명9]
2023-11-07 09:33:33.016 TRACE 10456 --- [    Test worker] o.h.type.descriptor.sql.BasicExtractor   : extracted value ([item_nm7_2_] : [VARCHAR]) - [테스트 상품9]
2023-11-07 09:33:33.016 TRACE 10456 --- [    Test worker] o.h.type.descriptor.sql.BasicExtractor   : extracted value ([item_sel8_2_] : [VARCHAR]) - [SELL]
2023-11-07 09:33:33.016 TRACE 10456 --- [    Test worker] o.h.type.descriptor.sql.BasicExtractor   : extracted value ([price9_2_] : [INTEGER]) - [10009]
2023-11-07 09:33:33.016 TRACE 10456 --- [    Test worker] o.h.type.descriptor.sql.BasicExtractor   : extracted value ([stock_n10_2_] : [INTEGER]) - [100]
2023-11-07 09:33:33.016 TRACE 10456 --- [    Test worker] o.h.type.descriptor.sql.BasicExtractor   : extracted value ([item_id1_2_] : [BIGINT]) - [67]
2023-11-07 09:33:33.016 TRACE 10456 --- [    Test worker] o.h.type.descriptor.sql.BasicExtractor   : extracted value ([reg_time2_2_] : [TIMESTAMP]) - [2023-11-07T09:33:32.971703]
2023-11-07 09:33:33.016 TRACE 10456 --- [    Test worker] o.h.type.descriptor.sql.BasicExtractor   : extracted value ([update_t3_2_] : [TIMESTAMP]) - [2023-11-07T09:33:32.971703]
2023-11-07 09:33:33.016 TRACE 10456 --- [    Test worker] o.h.type.descriptor.sql.BasicExtractor   : extracted value ([created_4_2_] : [VARCHAR]) - []
2023-11-07 09:33:33.016 TRACE 10456 --- [    Test worker] o.h.type.descriptor.sql.BasicExtractor   : extracted value ([modified5_2_] : [VARCHAR]) - []
2023-11-07 09:33:33.016 TRACE 10456 --- [    Test worker] o.h.type.descriptor.sql.BasicExtractor   : extracted value ([item_det6_2_] : [CLOB]) - [테스트 상품 상세 설명9]
2023-11-07 09:33:33.016 TRACE 10456 --- [    Test worker] o.h.type.descriptor.sql.BasicExtractor   : extracted value ([item_nm7_2_] : [VARCHAR]) - [테스트 상품9]
2023-11-07 09:33:33.016 TRACE 10456 --- [    Test worker] o.h.type.descriptor.sql.BasicExtractor   : extracted value ([item_sel8_2_] : [VARCHAR]) - [SELL]
2023-11-07 09:33:33.016 TRACE 10456 --- [    Test worker] o.h.type.descriptor.sql.BasicExtractor   : extracted value ([price9_2_] : [INTEGER]) - [10009]
2023-11-07 09:33:33.016 TRACE 10456 --- [    Test worker] o.h.type.descriptor.sql.BasicExtractor   : extracted value ([stock_n10_2_] : [INTEGER]) - [100]
2023-11-07 09:33:33.016 TRACE 10456 --- [    Test worker] o.h.type.descriptor.sql.BasicExtractor   : extracted value ([item_id1_2_] : [BIGINT]) - [77]
2023-11-07 09:33:33.017 TRACE 10456 --- [    Test worker] o.h.type.descriptor.sql.BasicExtractor   : extracted value ([reg_time2_2_] : [TIMESTAMP]) - [2023-11-07T09:33:32.991719]
2023-11-07 09:33:33.017 TRACE 10456 --- [    Test worker] o.h.type.descriptor.sql.BasicExtractor   : extracted value ([update_t3_2_] : [TIMESTAMP]) - [2023-11-07T09:33:32.991719]
2023-11-07 09:33:33.017 TRACE 10456 --- [    Test worker] o.h.type.descriptor.sql.BasicExtractor   : extracted value ([created_4_2_] : [VARCHAR]) - []
2023-11-07 09:33:33.017 TRACE 10456 --- [    Test worker] o.h.type.descriptor.sql.BasicExtractor   : extracted value ([modified5_2_] : [VARCHAR]) - []
2023-11-07 09:33:33.017 TRACE 10456 --- [    Test worker] o.h.type.descriptor.sql.BasicExtractor   : extracted value ([item_det6_2_] : [CLOB]) - [테스트 상품 상세 설명9]
2023-11-07 09:33:33.017 TRACE 10456 --- [    Test worker] o.h.type.descriptor.sql.BasicExtractor   : extracted value ([item_nm7_2_] : [VARCHAR]) - [테스트 상품9]
2023-11-07 09:33:33.017 TRACE 10456 --- [    Test worker] o.h.type.descriptor.sql.BasicExtractor   : extracted value ([item_sel8_2_] : [VARCHAR]) - [SELL]
2023-11-07 09:33:33.017 TRACE 10456 --- [    Test worker] o.h.type.descriptor.sql.BasicExtractor   : extracted value ([price9_2_] : [INTEGER]) - [10009]
2023-11-07 09:33:33.017 TRACE 10456 --- [    Test worker] o.h.type.descriptor.sql.BasicExtractor   : extracted value ([stock_n10_2_] : [INTEGER]) - [100]
2023-11-07 09:33:33.017 TRACE 10456 --- [    Test worker] o.h.type.descriptor.sql.BasicExtractor   : extracted value ([item_id1_2_] : [BIGINT]) - [87]
2023-11-07 09:33:33.017 TRACE 10456 --- [    Test worker] o.h.type.descriptor.sql.BasicExtractor   : extracted value ([reg_time2_2_] : [TIMESTAMP]) - [2023-11-07T09:33:33.008221]
2023-11-07 09:33:33.017 TRACE 10456 --- [    Test worker] o.h.type.descriptor.sql.BasicExtractor   : extracted value ([update_t3_2_] : [TIMESTAMP]) - [2023-11-07T09:33:33.008221]
2023-11-07 09:33:33.017 TRACE 10456 --- [    Test worker] o.h.type.descriptor.sql.BasicExtractor   : extracted value ([created_4_2_] : [VARCHAR]) - []
2023-11-07 09:33:33.017 TRACE 10456 --- [    Test worker] o.h.type.descriptor.sql.BasicExtractor   : extracted value ([modified5_2_] : [VARCHAR]) - []
2023-11-07 09:33:33.017 TRACE 10456 --- [    Test worker] o.h.type.descriptor.sql.BasicExtractor   : extracted value ([item_det6_2_] : [CLOB]) - [테스트 상품 상세 설명9]
2023-11-07 09:33:33.017 TRACE 10456 --- [    Test worker] o.h.type.descriptor.sql.BasicExtractor   : extracted value ([item_nm7_2_] : [VARCHAR]) - [테스트 상품9]
2023-11-07 09:33:33.017 TRACE 10456 --- [    Test worker] o.h.type.descriptor.sql.BasicExtractor   : extracted value ([item_sel8_2_] : [VARCHAR]) - [SELL]
2023-11-07 09:33:33.017 TRACE 10456 --- [    Test worker] o.h.type.descriptor.sql.BasicExtractor   : extracted value ([price9_2_] : [INTEGER]) - [10009]
2023-11-07 09:33:33.017 TRACE 10456 --- [    Test worker] o.h.type.descriptor.sql.BasicExtractor   : extracted value ([stock_n10_2_] : [INTEGER]) - [100]
2023-11-07 09:33:33.017 TRACE 10456 --- [    Test worker] o.h.type.descriptor.sql.BasicExtractor   : extracted value ([item_id1_2_] : [BIGINT]) - [36]
2023-11-07 09:33:33.017 TRACE 10456 --- [    Test worker] o.h.type.descriptor.sql.BasicExtractor   : extracted value ([reg_time2_2_] : [TIMESTAMP]) - [2023-11-07T09:33:32.839976]
2023-11-07 09:33:33.017 TRACE 10456 --- [    Test worker] o.h.type.descriptor.sql.BasicExtractor   : extracted value ([update_t3_2_] : [TIMESTAMP]) - [2023-11-07T09:33:32.839976]
2023-11-07 09:33:33.017 TRACE 10456 --- [    Test worker] o.h.type.descriptor.sql.BasicExtractor   : extracted value ([created_4_2_] : [VARCHAR]) - []
2023-11-07 09:33:33.017 TRACE 10456 --- [    Test worker] o.h.type.descriptor.sql.BasicExtractor   : extracted value ([modified5_2_] : [VARCHAR]) - []
2023-11-07 09:33:33.017 TRACE 10456 --- [    Test worker] o.h.type.descriptor.sql.BasicExtractor   : extracted value ([item_det6_2_] : [CLOB]) - [테스트 상품 상세 설명8]
2023-11-07 09:33:33.017 TRACE 10456 --- [    Test worker] o.h.type.descriptor.sql.BasicExtractor   : extracted value ([item_nm7_2_] : [VARCHAR]) - [테스트 상품8]
2023-11-07 09:33:33.017 TRACE 10456 --- [    Test worker] o.h.type.descriptor.sql.BasicExtractor   : extracted value ([item_sel8_2_] : [VARCHAR]) - [SELL]
2023-11-07 09:33:33.017 TRACE 10456 --- [    Test worker] o.h.type.descriptor.sql.BasicExtractor   : extracted value ([price9_2_] : [INTEGER]) - [10008]
2023-11-07 09:33:33.017 TRACE 10456 --- [    Test worker] o.h.type.descriptor.sql.BasicExtractor   : extracted value ([stock_n10_2_] : [INTEGER]) - [100]
2023-11-07 09:33:33.017 TRACE 10456 --- [    Test worker] o.h.type.descriptor.sql.BasicExtractor   : extracted value ([item_id1_2_] : [BIGINT]) - [46]
2023-11-07 09:33:33.017 TRACE 10456 --- [    Test worker] o.h.type.descriptor.sql.BasicExtractor   : extracted value ([reg_time2_2_] : [TIMESTAMP]) - [2023-11-07T09:33:32.878142]
2023-11-07 09:33:33.017 TRACE 10456 --- [    Test worker] o.h.type.descriptor.sql.BasicExtractor   : extracted value ([update_t3_2_] : [TIMESTAMP]) - [2023-11-07T09:33:32.878142]
2023-11-07 09:33:33.017 TRACE 10456 --- [    Test worker] o.h.type.descriptor.sql.BasicExtractor   : extracted value ([created_4_2_] : [VARCHAR]) - []
2023-11-07 09:33:33.017 TRACE 10456 --- [    Test worker] o.h.type.descriptor.sql.BasicExtractor   : extracted value ([modified5_2_] : [VARCHAR]) - []
2023-11-07 09:33:33.017 TRACE 10456 --- [    Test worker] o.h.type.descriptor.sql.BasicExtractor   : extracted value ([item_det6_2_] : [CLOB]) - [테스트 상품 상세 설명8]
2023-11-07 09:33:33.017 TRACE 10456 --- [    Test worker] o.h.type.descriptor.sql.BasicExtractor   : extracted value ([item_nm7_2_] : [VARCHAR]) - [테스트 상품8]
2023-11-07 09:33:33.017 TRACE 10456 --- [    Test worker] o.h.type.descriptor.sql.BasicExtractor   : extracted value ([item_sel8_2_] : [VARCHAR]) - [SELL]
2023-11-07 09:33:33.017 TRACE 10456 --- [    Test worker] o.h.type.descriptor.sql.BasicExtractor   : extracted value ([price9_2_] : [INTEGER]) - [10008]
2023-11-07 09:33:33.017 TRACE 10456 --- [    Test worker] o.h.type.descriptor.sql.BasicExtractor   : extracted value ([stock_n10_2_] : [INTEGER]) - [100]
2023-11-07 09:33:33.017 TRACE 10456 --- [    Test worker] o.h.type.descriptor.sql.BasicExtractor   : extracted value ([item_id1_2_] : [BIGINT]) - [56]
2023-11-07 09:33:33.017 TRACE 10456 --- [    Test worker] o.h.type.descriptor.sql.BasicExtractor   : extracted value ([reg_time2_2_] : [TIMESTAMP]) - [2023-11-07T09:33:32.949705]
2023-11-07 09:33:33.017 TRACE 10456 --- [    Test worker] o.h.type.descriptor.sql.BasicExtractor   : extracted value ([update_t3_2_] : [TIMESTAMP]) - [2023-11-07T09:33:32.949705]
2023-11-07 09:33:33.017 TRACE 10456 --- [    Test worker] o.h.type.descriptor.sql.BasicExtractor   : extracted value ([created_4_2_] : [VARCHAR]) - []
2023-11-07 09:33:33.017 TRACE 10456 --- [    Test worker] o.h.type.descriptor.sql.BasicExtractor   : extracted value ([modified5_2_] : [VARCHAR]) - []
2023-11-07 09:33:33.017 TRACE 10456 --- [    Test worker] o.h.type.descriptor.sql.BasicExtractor   : extracted value ([item_det6_2_] : [CLOB]) - [테스트 상품 상세 설명8]
2023-11-07 09:33:33.017 TRACE 10456 --- [    Test worker] o.h.type.descriptor.sql.BasicExtractor   : extracted value ([item_nm7_2_] : [VARCHAR]) - [테스트 상품8]
2023-11-07 09:33:33.017 TRACE 10456 --- [    Test worker] o.h.type.descriptor.sql.BasicExtractor   : extracted value ([item_sel8_2_] : [VARCHAR]) - [SELL]
2023-11-07 09:33:33.017 TRACE 10456 --- [    Test worker] o.h.type.descriptor.sql.BasicExtractor   : extracted value ([price9_2_] : [INTEGER]) - [10008]
2023-11-07 09:33:33.017 TRACE 10456 --- [    Test worker] o.h.type.descriptor.sql.BasicExtractor   : extracted value ([stock_n10_2_] : [INTEGER]) - [100]
2023-11-07 09:33:33.017 TRACE 10456 --- [    Test worker] o.h.type.descriptor.sql.BasicExtractor   : extracted value ([item_id1_2_] : [BIGINT]) - [66]
2023-11-07 09:33:33.017 TRACE 10456 --- [    Test worker] o.h.type.descriptor.sql.BasicExtractor   : extracted value ([reg_time2_2_] : [TIMESTAMP]) - [2023-11-07T09:33:32.970704]
2023-11-07 09:33:33.017 TRACE 10456 --- [    Test worker] o.h.type.descriptor.sql.BasicExtractor   : extracted value ([update_t3_2_] : [TIMESTAMP]) - [2023-11-07T09:33:32.970704]
2023-11-07 09:33:33.017 TRACE 10456 --- [    Test worker] o.h.type.descriptor.sql.BasicExtractor   : extracted value ([created_4_2_] : [VARCHAR]) - []
2023-11-07 09:33:33.017 TRACE 10456 --- [    Test worker] o.h.type.descriptor.sql.BasicExtractor   : extracted value ([modified5_2_] : [VARCHAR]) - []
2023-11-07 09:33:33.018 TRACE 10456 --- [    Test worker] o.h.type.descriptor.sql.BasicExtractor   : extracted value ([item_det6_2_] : [CLOB]) - [테스트 상품 상세 설명8]
2023-11-07 09:33:33.018 TRACE 10456 --- [    Test worker] o.h.type.descriptor.sql.BasicExtractor   : extracted value ([item_nm7_2_] : [VARCHAR]) - [테스트 상품8]
2023-11-07 09:33:33.018 TRACE 10456 --- [    Test worker] o.h.type.descriptor.sql.BasicExtractor   : extracted value ([item_sel8_2_] : [VARCHAR]) - [SELL]
2023-11-07 09:33:33.018 TRACE 10456 --- [    Test worker] o.h.type.descriptor.sql.BasicExtractor   : extracted value ([price9_2_] : [INTEGER]) - [10008]
2023-11-07 09:33:33.018 TRACE 10456 --- [    Test worker] o.h.type.descriptor.sql.BasicExtractor   : extracted value ([stock_n10_2_] : [INTEGER]) - [100]
2023-11-07 09:33:33.018 TRACE 10456 --- [    Test worker] o.h.type.descriptor.sql.BasicExtractor   : extracted value ([item_id1_2_] : [BIGINT]) - [76]
2023-11-07 09:33:33.018 TRACE 10456 --- [    Test worker] o.h.type.descriptor.sql.BasicExtractor   : extracted value ([reg_time2_2_] : [TIMESTAMP]) - [2023-11-07T09:33:32.991719]
2023-11-07 09:33:33.018 TRACE 10456 --- [    Test worker] o.h.type.descriptor.sql.BasicExtractor   : extracted value ([update_t3_2_] : [TIMESTAMP]) - [2023-11-07T09:33:32.991719]
2023-11-07 09:33:33.018 TRACE 10456 --- [    Test worker] o.h.type.descriptor.sql.BasicExtractor   : extracted value ([created_4_2_] : [VARCHAR]) - []
2023-11-07 09:33:33.018 TRACE 10456 --- [    Test worker] o.h.type.descriptor.sql.BasicExtractor   : extracted value ([modified5_2_] : [VARCHAR]) - []
2023-11-07 09:33:33.018 TRACE 10456 --- [    Test worker] o.h.type.descriptor.sql.BasicExtractor   : extracted value ([item_det6_2_] : [CLOB]) - [테스트 상품 상세 설명8]
2023-11-07 09:33:33.018 TRACE 10456 --- [    Test worker] o.h.type.descriptor.sql.BasicExtractor   : extracted value ([item_nm7_2_] : [VARCHAR]) - [테스트 상품8]
2023-11-07 09:33:33.018 TRACE 10456 --- [    Test worker] o.h.type.descriptor.sql.BasicExtractor   : extracted value ([item_sel8_2_] : [VARCHAR]) - [SELL]
2023-11-07 09:33:33.018 TRACE 10456 --- [    Test worker] o.h.type.descriptor.sql.BasicExtractor   : extracted value ([price9_2_] : [INTEGER]) - [10008]
2023-11-07 09:33:33.018 TRACE 10456 --- [    Test worker] o.h.type.descriptor.sql.BasicExtractor   : extracted value ([stock_n10_2_] : [INTEGER]) - [100]
2023-11-07 09:33:33.018 TRACE 10456 --- [    Test worker] o.h.type.descriptor.sql.BasicExtractor   : extracted value ([item_id1_2_] : [BIGINT]) - [86]
2023-11-07 09:33:33.018 TRACE 10456 --- [    Test worker] o.h.type.descriptor.sql.BasicExtractor   : extracted value ([reg_time2_2_] : [TIMESTAMP]) - [2023-11-07T09:33:33.007222]
2023-11-07 09:33:33.018 TRACE 10456 --- [    Test worker] o.h.type.descriptor.sql.BasicExtractor   : extracted value ([update_t3_2_] : [TIMESTAMP]) - [2023-11-07T09:33:33.007222]
2023-11-07 09:33:33.018 TRACE 10456 --- [    Test worker] o.h.type.descriptor.sql.BasicExtractor   : extracted value ([created_4_2_] : [VARCHAR]) - []
2023-11-07 09:33:33.018 TRACE 10456 --- [    Test worker] o.h.type.descriptor.sql.BasicExtractor   : extracted value ([modified5_2_] : [VARCHAR]) - []
2023-11-07 09:33:33.018 TRACE 10456 --- [    Test worker] o.h.type.descriptor.sql.BasicExtractor   : extracted value ([item_det6_2_] : [CLOB]) - [테스트 상품 상세 설명8]
2023-11-07 09:33:33.018 TRACE 10456 --- [    Test worker] o.h.type.descriptor.sql.BasicExtractor   : extracted value ([item_nm7_2_] : [VARCHAR]) - [테스트 상품8]
2023-11-07 09:33:33.018 TRACE 10456 --- [    Test worker] o.h.type.descriptor.sql.BasicExtractor   : extracted value ([item_sel8_2_] : [VARCHAR]) - [SELL]
2023-11-07 09:33:33.018 TRACE 10456 --- [    Test worker] o.h.type.descriptor.sql.BasicExtractor   : extracted value ([price9_2_] : [INTEGER]) - [10008]
2023-11-07 09:33:33.018 TRACE 10456 --- [    Test worker] o.h.type.descriptor.sql.BasicExtractor   : extracted value ([stock_n10_2_] : [INTEGER]) - [100]
2023-11-07 09:33:33.018 TRACE 10456 --- [    Test worker] o.h.type.descriptor.sql.BasicExtractor   : extracted value ([item_id1_2_] : [BIGINT]) - [35]
2023-11-07 09:33:33.018 TRACE 10456 --- [    Test worker] o.h.type.descriptor.sql.BasicExtractor   : extracted value ([reg_time2_2_] : [TIMESTAMP]) - [2023-11-07T09:33:32.838975]
2023-11-07 09:33:33.018 TRACE 10456 --- [    Test worker] o.h.type.descriptor.sql.BasicExtractor   : extracted value ([update_t3_2_] : [TIMESTAMP]) - [2023-11-07T09:33:32.838975]
2023-11-07 09:33:33.018 TRACE 10456 --- [    Test worker] o.h.type.descriptor.sql.BasicExtractor   : extracted value ([created_4_2_] : [VARCHAR]) - []
2023-11-07 09:33:33.018 TRACE 10456 --- [    Test worker] o.h.type.descriptor.sql.BasicExtractor   : extracted value ([modified5_2_] : [VARCHAR]) - []
2023-11-07 09:33:33.018 TRACE 10456 --- [    Test worker] o.h.type.descriptor.sql.BasicExtractor   : extracted value ([item_det6_2_] : [CLOB]) - [테스트 상품 상세 설명7]
2023-11-07 09:33:33.018 TRACE 10456 --- [    Test worker] o.h.type.descriptor.sql.BasicExtractor   : extracted value ([item_nm7_2_] : [VARCHAR]) - [테스트 상품7]
2023-11-07 09:33:33.018 TRACE 10456 --- [    Test worker] o.h.type.descriptor.sql.BasicExtractor   : extracted value ([item_sel8_2_] : [VARCHAR]) - [SELL]
2023-11-07 09:33:33.018 TRACE 10456 --- [    Test worker] o.h.type.descriptor.sql.BasicExtractor   : extracted value ([price9_2_] : [INTEGER]) - [10007]
2023-11-07 09:33:33.018 TRACE 10456 --- [    Test worker] o.h.type.descriptor.sql.BasicExtractor   : extracted value ([stock_n10_2_] : [INTEGER]) - [100]
2023-11-07 09:33:33.018 TRACE 10456 --- [    Test worker] o.h.type.descriptor.sql.BasicExtractor   : extracted value ([item_id1_2_] : [BIGINT]) - [45]
2023-11-07 09:33:33.018 TRACE 10456 --- [    Test worker] o.h.type.descriptor.sql.BasicExtractor   : extracted value ([reg_time2_2_] : [TIMESTAMP]) - [2023-11-07T09:33:32.876139]
2023-11-07 09:33:33.018 TRACE 10456 --- [    Test worker] o.h.type.descriptor.sql.BasicExtractor   : extracted value ([update_t3_2_] : [TIMESTAMP]) - [2023-11-07T09:33:32.876139]
2023-11-07 09:33:33.018 TRACE 10456 --- [    Test worker] o.h.type.descriptor.sql.BasicExtractor   : extracted value ([created_4_2_] : [VARCHAR]) - []
2023-11-07 09:33:33.018 TRACE 10456 --- [    Test worker] o.h.type.descriptor.sql.BasicExtractor   : extracted value ([modified5_2_] : [VARCHAR]) - []
2023-11-07 09:33:33.018 TRACE 10456 --- [    Test worker] o.h.type.descriptor.sql.BasicExtractor   : extracted value ([item_det6_2_] : [CLOB]) - [테스트 상품 상세 설명7]
2023-11-07 09:33:33.018 TRACE 10456 --- [    Test worker] o.h.type.descriptor.sql.BasicExtractor   : extracted value ([item_nm7_2_] : [VARCHAR]) - [테스트 상품7]
2023-11-07 09:33:33.018 TRACE 10456 --- [    Test worker] o.h.type.descriptor.sql.BasicExtractor   : extracted value ([item_sel8_2_] : [VARCHAR]) - [SELL]
2023-11-07 09:33:33.018 TRACE 10456 --- [    Test worker] o.h.type.descriptor.sql.BasicExtractor   : extracted value ([price9_2_] : [INTEGER]) - [10007]
2023-11-07 09:33:33.018 TRACE 10456 --- [    Test worker] o.h.type.descriptor.sql.BasicExtractor   : extracted value ([stock_n10_2_] : [INTEGER]) - [100]
2023-11-07 09:33:33.018 TRACE 10456 --- [    Test worker] o.h.type.descriptor.sql.BasicExtractor   : extracted value ([item_id1_2_] : [BIGINT]) - [55]
2023-11-07 09:33:33.018 TRACE 10456 --- [    Test worker] o.h.type.descriptor.sql.BasicExtractor   : extracted value ([reg_time2_2_] : [TIMESTAMP]) - [2023-11-07T09:33:32.948703]
2023-11-07 09:33:33.018 TRACE 10456 --- [    Test worker] o.h.type.descriptor.sql.BasicExtractor   : extracted value ([update_t3_2_] : [TIMESTAMP]) - [2023-11-07T09:33:32.948703]
2023-11-07 09:33:33.018 TRACE 10456 --- [    Test worker] o.h.type.descriptor.sql.BasicExtractor   : extracted value ([created_4_2_] : [VARCHAR]) - []
2023-11-07 09:33:33.018 TRACE 10456 --- [    Test worker] o.h.type.descriptor.sql.BasicExtractor   : extracted value ([modified5_2_] : [VARCHAR]) - []
2023-11-07 09:33:33.018 TRACE 10456 --- [    Test worker] o.h.type.descriptor.sql.BasicExtractor   : extracted value ([item_det6_2_] : [CLOB]) - [테스트 상품 상세 설명7]
2023-11-07 09:33:33.018 TRACE 10456 --- [    Test worker] o.h.type.descriptor.sql.BasicExtractor   : extracted value ([item_nm7_2_] : [VARCHAR]) - [테스트 상품7]
2023-11-07 09:33:33.018 TRACE 10456 --- [    Test worker] o.h.type.descriptor.sql.BasicExtractor   : extracted value ([item_sel8_2_] : [VARCHAR]) - [SELL]
2023-11-07 09:33:33.018 TRACE 10456 --- [    Test worker] o.h.type.descriptor.sql.BasicExtractor   : extracted value ([price9_2_] : [INTEGER]) - [10007]
2023-11-07 09:33:33.018 TRACE 10456 --- [    Test worker] o.h.type.descriptor.sql.BasicExtractor   : extracted value ([stock_n10_2_] : [INTEGER]) - [100]
2023-11-07 09:33:33.018 TRACE 10456 --- [    Test worker] o.h.type.descriptor.sql.BasicExtractor   : extracted value ([item_id1_2_] : [BIGINT]) - [65]
2023-11-07 09:33:33.018 TRACE 10456 --- [    Test worker] o.h.type.descriptor.sql.BasicExtractor   : extracted value ([reg_time2_2_] : [TIMESTAMP]) - [2023-11-07T09:33:32.969714]
2023-11-07 09:33:33.019 TRACE 10456 --- [    Test worker] o.h.type.descriptor.sql.BasicExtractor   : extracted value ([update_t3_2_] : [TIMESTAMP]) - [2023-11-07T09:33:32.969714]
2023-11-07 09:33:33.019 TRACE 10456 --- [    Test worker] o.h.type.descriptor.sql.BasicExtractor   : extracted value ([created_4_2_] : [VARCHAR]) - []
2023-11-07 09:33:33.019 TRACE 10456 --- [    Test worker] o.h.type.descriptor.sql.BasicExtractor   : extracted value ([modified5_2_] : [VARCHAR]) - []
2023-11-07 09:33:33.019 TRACE 10456 --- [    Test worker] o.h.type.descriptor.sql.BasicExtractor   : extracted value ([item_det6_2_] : [CLOB]) - [테스트 상품 상세 설명7]
2023-11-07 09:33:33.019 TRACE 10456 --- [    Test worker] o.h.type.descriptor.sql.BasicExtractor   : extracted value ([item_nm7_2_] : [VARCHAR]) - [테스트 상품7]
2023-11-07 09:33:33.019 TRACE 10456 --- [    Test worker] o.h.type.descriptor.sql.BasicExtractor   : extracted value ([item_sel8_2_] : [VARCHAR]) - [SELL]
2023-11-07 09:33:33.019 TRACE 10456 --- [    Test worker] o.h.type.descriptor.sql.BasicExtractor   : extracted value ([price9_2_] : [INTEGER]) - [10007]
2023-11-07 09:33:33.019 TRACE 10456 --- [    Test worker] o.h.type.descriptor.sql.BasicExtractor   : extracted value ([stock_n10_2_] : [INTEGER]) - [100]
2023-11-07 09:33:33.019 TRACE 10456 --- [    Test worker] o.h.type.descriptor.sql.BasicExtractor   : extracted value ([item_id1_2_] : [BIGINT]) - [75]
2023-11-07 09:33:33.019 TRACE 10456 --- [    Test worker] o.h.type.descriptor.sql.BasicExtractor   : extracted value ([reg_time2_2_] : [TIMESTAMP]) - [2023-11-07T09:33:32.990710]
2023-11-07 09:33:33.019 TRACE 10456 --- [    Test worker] o.h.type.descriptor.sql.BasicExtractor   : extracted value ([update_t3_2_] : [TIMESTAMP]) - [2023-11-07T09:33:32.990710]
2023-11-07 09:33:33.019 TRACE 10456 --- [    Test worker] o.h.type.descriptor.sql.BasicExtractor   : extracted value ([created_4_2_] : [VARCHAR]) - []
2023-11-07 09:33:33.019 TRACE 10456 --- [    Test worker] o.h.type.descriptor.sql.BasicExtractor   : extracted value ([modified5_2_] : [VARCHAR]) - []
2023-11-07 09:33:33.019 TRACE 10456 --- [    Test worker] o.h.type.descriptor.sql.BasicExtractor   : extracted value ([item_det6_2_] : [CLOB]) - [테스트 상품 상세 설명7]
2023-11-07 09:33:33.019 TRACE 10456 --- [    Test worker] o.h.type.descriptor.sql.BasicExtractor   : extracted value ([item_nm7_2_] : [VARCHAR]) - [테스트 상품7]
2023-11-07 09:33:33.019 TRACE 10456 --- [    Test worker] o.h.type.descriptor.sql.BasicExtractor   : extracted value ([item_sel8_2_] : [VARCHAR]) - [SELL]
2023-11-07 09:33:33.019 TRACE 10456 --- [    Test worker] o.h.type.descriptor.sql.BasicExtractor   : extracted value ([price9_2_] : [INTEGER]) - [10007]
2023-11-07 09:33:33.019 TRACE 10456 --- [    Test worker] o.h.type.descriptor.sql.BasicExtractor   : extracted value ([stock_n10_2_] : [INTEGER]) - [100]
2023-11-07 09:33:33.019 TRACE 10456 --- [    Test worker] o.h.type.descriptor.sql.BasicExtractor   : extracted value ([item_id1_2_] : [BIGINT]) - [85]
2023-11-07 09:33:33.019 TRACE 10456 --- [    Test worker] o.h.type.descriptor.sql.BasicExtractor   : extracted value ([reg_time2_2_] : [TIMESTAMP]) - [2023-11-07T09:33:33.006221]
2023-11-07 09:33:33.019 TRACE 10456 --- [    Test worker] o.h.type.descriptor.sql.BasicExtractor   : extracted value ([update_t3_2_] : [TIMESTAMP]) - [2023-11-07T09:33:33.006221]
2023-11-07 09:33:33.019 TRACE 10456 --- [    Test worker] o.h.type.descriptor.sql.BasicExtractor   : extracted value ([created_4_2_] : [VARCHAR]) - []
2023-11-07 09:33:33.019 TRACE 10456 --- [    Test worker] o.h.type.descriptor.sql.BasicExtractor   : extracted value ([modified5_2_] : [VARCHAR]) - []
2023-11-07 09:33:33.019 TRACE 10456 --- [    Test worker] o.h.type.descriptor.sql.BasicExtractor   : extracted value ([item_det6_2_] : [CLOB]) - [테스트 상품 상세 설명7]
2023-11-07 09:33:33.019 TRACE 10456 --- [    Test worker] o.h.type.descriptor.sql.BasicExtractor   : extracted value ([item_nm7_2_] : [VARCHAR]) - [테스트 상품7]
2023-11-07 09:33:33.019 TRACE 10456 --- [    Test worker] o.h.type.descriptor.sql.BasicExtractor   : extracted value ([item_sel8_2_] : [VARCHAR]) - [SELL]
2023-11-07 09:33:33.019 TRACE 10456 --- [    Test worker] o.h.type.descriptor.sql.BasicExtractor   : extracted value ([price9_2_] : [INTEGER]) - [10007]
2023-11-07 09:33:33.019 TRACE 10456 --- [    Test worker] o.h.type.descriptor.sql.BasicExtractor   : extracted value ([stock_n10_2_] : [INTEGER]) - [100]
2023-11-07 09:33:33.019 TRACE 10456 --- [    Test worker] o.h.type.descriptor.sql.BasicExtractor   : extracted value ([item_id1_2_] : [BIGINT]) - [34]
2023-11-07 09:33:33.019 TRACE 10456 --- [    Test worker] o.h.type.descriptor.sql.BasicExtractor   : extracted value ([reg_time2_2_] : [TIMESTAMP]) - [2023-11-07T09:33:32.836975]
2023-11-07 09:33:33.019 TRACE 10456 --- [    Test worker] o.h.type.descriptor.sql.BasicExtractor   : extracted value ([update_t3_2_] : [TIMESTAMP]) - [2023-11-07T09:33:32.836975]
2023-11-07 09:33:33.019 TRACE 10456 --- [    Test worker] o.h.type.descriptor.sql.BasicExtractor   : extracted value ([created_4_2_] : [VARCHAR]) - []
2023-11-07 09:33:33.019 TRACE 10456 --- [    Test worker] o.h.type.descriptor.sql.BasicExtractor   : extracted value ([modified5_2_] : [VARCHAR]) - []
2023-11-07 09:33:33.019 TRACE 10456 --- [    Test worker] o.h.type.descriptor.sql.BasicExtractor   : extracted value ([item_det6_2_] : [CLOB]) - [테스트 상품 상세 설명6]
2023-11-07 09:33:33.019 TRACE 10456 --- [    Test worker] o.h.type.descriptor.sql.BasicExtractor   : extracted value ([item_nm7_2_] : [VARCHAR]) - [테스트 상품6]
2023-11-07 09:33:33.019 TRACE 10456 --- [    Test worker] o.h.type.descriptor.sql.BasicExtractor   : extracted value ([item_sel8_2_] : [VARCHAR]) - [SELL]
2023-11-07 09:33:33.019 TRACE 10456 --- [    Test worker] o.h.type.descriptor.sql.BasicExtractor   : extracted value ([price9_2_] : [INTEGER]) - [10006]
2023-11-07 09:33:33.019 TRACE 10456 --- [    Test worker] o.h.type.descriptor.sql.BasicExtractor   : extracted value ([stock_n10_2_] : [INTEGER]) - [100]
2023-11-07 09:33:33.019 TRACE 10456 --- [    Test worker] o.h.type.descriptor.sql.BasicExtractor   : extracted value ([item_id1_2_] : [BIGINT]) - [44]
2023-11-07 09:33:33.019 TRACE 10456 --- [    Test worker] o.h.type.descriptor.sql.BasicExtractor   : extracted value ([reg_time2_2_] : [TIMESTAMP]) - [2023-11-07T09:33:32.875139]
2023-11-07 09:33:33.019 TRACE 10456 --- [    Test worker] o.h.type.descriptor.sql.BasicExtractor   : extracted value ([update_t3_2_] : [TIMESTAMP]) - [2023-11-07T09:33:32.875139]
2023-11-07 09:33:33.019 TRACE 10456 --- [    Test worker] o.h.type.descriptor.sql.BasicExtractor   : extracted value ([created_4_2_] : [VARCHAR]) - []
2023-11-07 09:33:33.019 TRACE 10456 --- [    Test worker] o.h.type.descriptor.sql.BasicExtractor   : extracted value ([modified5_2_] : [VARCHAR]) - []
2023-11-07 09:33:33.019 TRACE 10456 --- [    Test worker] o.h.type.descriptor.sql.BasicExtractor   : extracted value ([item_det6_2_] : [CLOB]) - [테스트 상품 상세 설명6]
2023-11-07 09:33:33.019 TRACE 10456 --- [    Test worker] o.h.type.descriptor.sql.BasicExtractor   : extracted value ([item_nm7_2_] : [VARCHAR]) - [테스트 상품6]
2023-11-07 09:33:33.019 TRACE 10456 --- [    Test worker] o.h.type.descriptor.sql.BasicExtractor   : extracted value ([item_sel8_2_] : [VARCHAR]) - [SELL]
2023-11-07 09:33:33.019 TRACE 10456 --- [    Test worker] o.h.type.descriptor.sql.BasicExtractor   : extracted value ([price9_2_] : [INTEGER]) - [10006]
2023-11-07 09:33:33.019 TRACE 10456 --- [    Test worker] o.h.type.descriptor.sql.BasicExtractor   : extracted value ([stock_n10_2_] : [INTEGER]) - [100]
2023-11-07 09:33:33.019 TRACE 10456 --- [    Test worker] o.h.type.descriptor.sql.BasicExtractor   : extracted value ([item_id1_2_] : [BIGINT]) - [54]
2023-11-07 09:33:33.019 TRACE 10456 --- [    Test worker] o.h.type.descriptor.sql.BasicExtractor   : extracted value ([reg_time2_2_] : [TIMESTAMP]) - [2023-11-07T09:33:32.947703]
2023-11-07 09:33:33.019 TRACE 10456 --- [    Test worker] o.h.type.descriptor.sql.BasicExtractor   : extracted value ([update_t3_2_] : [TIMESTAMP]) - [2023-11-07T09:33:32.947703]
2023-11-07 09:33:33.019 TRACE 10456 --- [    Test worker] o.h.type.descriptor.sql.BasicExtractor   : extracted value ([created_4_2_] : [VARCHAR]) - []
2023-11-07 09:33:33.019 TRACE 10456 --- [    Test worker] o.h.type.descriptor.sql.BasicExtractor   : extracted value ([modified5_2_] : [VARCHAR]) - []
2023-11-07 09:33:33.019 TRACE 10456 --- [    Test worker] o.h.type.descriptor.sql.BasicExtractor   : extracted value ([item_det6_2_] : [CLOB]) - [테스트 상품 상세 설명6]
2023-11-07 09:33:33.019 TRACE 10456 --- [    Test worker] o.h.type.descriptor.sql.BasicExtractor   : extracted value ([item_nm7_2_] : [VARCHAR]) - [테스트 상품6]
2023-11-07 09:33:33.019 TRACE 10456 --- [    Test worker] o.h.type.descriptor.sql.BasicExtractor   : extracted value ([item_sel8_2_] : [VARCHAR]) - [SELL]
2023-11-07 09:33:33.019 TRACE 10456 --- [    Test worker] o.h.type.descriptor.sql.BasicExtractor   : extracted value ([price9_2_] : [INTEGER]) - [10006]
2023-11-07 09:33:33.019 TRACE 10456 --- [    Test worker] o.h.type.descriptor.sql.BasicExtractor   : extracted value ([stock_n10_2_] : [INTEGER]) - [100]
2023-11-07 09:33:33.019 TRACE 10456 --- [    Test worker] o.h.type.descriptor.sql.BasicExtractor   : extracted value ([item_id1_2_] : [BIGINT]) - [64]
2023-11-07 09:33:33.019 TRACE 10456 --- [    Test worker] o.h.type.descriptor.sql.BasicExtractor   : extracted value ([reg_time2_2_] : [TIMESTAMP]) - [2023-11-07T09:33:32.967703]
2023-11-07 09:33:33.020 TRACE 10456 --- [    Test worker] o.h.type.descriptor.sql.BasicExtractor   : extracted value ([update_t3_2_] : [TIMESTAMP]) - [2023-11-07T09:33:32.967703]
2023-11-07 09:33:33.020 TRACE 10456 --- [    Test worker] o.h.type.descriptor.sql.BasicExtractor   : extracted value ([created_4_2_] : [VARCHAR]) - []
2023-11-07 09:33:33.020 TRACE 10456 --- [    Test worker] o.h.type.descriptor.sql.BasicExtractor   : extracted value ([modified5_2_] : [VARCHAR]) - []
2023-11-07 09:33:33.020 TRACE 10456 --- [    Test worker] o.h.type.descriptor.sql.BasicExtractor   : extracted value ([item_det6_2_] : [CLOB]) - [테스트 상품 상세 설명6]
2023-11-07 09:33:33.020 TRACE 10456 --- [    Test worker] o.h.type.descriptor.sql.BasicExtractor   : extracted value ([item_nm7_2_] : [VARCHAR]) - [테스트 상품6]
2023-11-07 09:33:33.020 TRACE 10456 --- [    Test worker] o.h.type.descriptor.sql.BasicExtractor   : extracted value ([item_sel8_2_] : [VARCHAR]) - [SELL]
2023-11-07 09:33:33.020 TRACE 10456 --- [    Test worker] o.h.type.descriptor.sql.BasicExtractor   : extracted value ([price9_2_] : [INTEGER]) - [10006]
2023-11-07 09:33:33.020 TRACE 10456 --- [    Test worker] o.h.type.descriptor.sql.BasicExtractor   : extracted value ([stock_n10_2_] : [INTEGER]) - [100]
2023-11-07 09:33:33.020 TRACE 10456 --- [    Test worker] o.h.type.descriptor.sql.BasicExtractor   : extracted value ([item_id1_2_] : [BIGINT]) - [74]
2023-11-07 09:33:33.020 TRACE 10456 --- [    Test worker] o.h.type.descriptor.sql.BasicExtractor   : extracted value ([reg_time2_2_] : [TIMESTAMP]) - [2023-11-07T09:33:32.989710]
2023-11-07 09:33:33.020 TRACE 10456 --- [    Test worker] o.h.type.descriptor.sql.BasicExtractor   : extracted value ([update_t3_2_] : [TIMESTAMP]) - [2023-11-07T09:33:32.989710]
2023-11-07 09:33:33.020 TRACE 10456 --- [    Test worker] o.h.type.descriptor.sql.BasicExtractor   : extracted value ([created_4_2_] : [VARCHAR]) - []
2023-11-07 09:33:33.020 TRACE 10456 --- [    Test worker] o.h.type.descriptor.sql.BasicExtractor   : extracted value ([modified5_2_] : [VARCHAR]) - []
2023-11-07 09:33:33.020 TRACE 10456 --- [    Test worker] o.h.type.descriptor.sql.BasicExtractor   : extracted value ([item_det6_2_] : [CLOB]) - [테스트 상품 상세 설명6]
2023-11-07 09:33:33.020 TRACE 10456 --- [    Test worker] o.h.type.descriptor.sql.BasicExtractor   : extracted value ([item_nm7_2_] : [VARCHAR]) - [테스트 상품6]
2023-11-07 09:33:33.020 TRACE 10456 --- [    Test worker] o.h.type.descriptor.sql.BasicExtractor   : extracted value ([item_sel8_2_] : [VARCHAR]) - [SELL]
2023-11-07 09:33:33.020 TRACE 10456 --- [    Test worker] o.h.type.descriptor.sql.BasicExtractor   : extracted value ([price9_2_] : [INTEGER]) - [10006]
2023-11-07 09:33:33.020 TRACE 10456 --- [    Test worker] o.h.type.descriptor.sql.BasicExtractor   : extracted value ([stock_n10_2_] : [INTEGER]) - [100]
2023-11-07 09:33:33.020 TRACE 10456 --- [    Test worker] o.h.type.descriptor.sql.BasicExtractor   : extracted value ([item_id1_2_] : [BIGINT]) - [84]
2023-11-07 09:33:33.020 TRACE 10456 --- [    Test worker] o.h.type.descriptor.sql.BasicExtractor   : extracted value ([reg_time2_2_] : [TIMESTAMP]) - [2023-11-07T09:33:33.005222]
2023-11-07 09:33:33.020 TRACE 10456 --- [    Test worker] o.h.type.descriptor.sql.BasicExtractor   : extracted value ([update_t3_2_] : [TIMESTAMP]) - [2023-11-07T09:33:33.005222]
2023-11-07 09:33:33.020 TRACE 10456 --- [    Test worker] o.h.type.descriptor.sql.BasicExtractor   : extracted value ([created_4_2_] : [VARCHAR]) - []
2023-11-07 09:33:33.020 TRACE 10456 --- [    Test worker] o.h.type.descriptor.sql.BasicExtractor   : extracted value ([modified5_2_] : [VARCHAR]) - []
2023-11-07 09:33:33.020 TRACE 10456 --- [    Test worker] o.h.type.descriptor.sql.BasicExtractor   : extracted value ([item_det6_2_] : [CLOB]) - [테스트 상품 상세 설명6]
2023-11-07 09:33:33.020 TRACE 10456 --- [    Test worker] o.h.type.descriptor.sql.BasicExtractor   : extracted value ([item_nm7_2_] : [VARCHAR]) - [테스트 상품6]
2023-11-07 09:33:33.020 TRACE 10456 --- [    Test worker] o.h.type.descriptor.sql.BasicExtractor   : extracted value ([item_sel8_2_] : [VARCHAR]) - [SELL]
2023-11-07 09:33:33.020 TRACE 10456 --- [    Test worker] o.h.type.descriptor.sql.BasicExtractor   : extracted value ([price9_2_] : [INTEGER]) - [10006]
2023-11-07 09:33:33.020 TRACE 10456 --- [    Test worker] o.h.type.descriptor.sql.BasicExtractor   : extracted value ([stock_n10_2_] : [INTEGER]) - [100]
2023-11-07 09:33:33.020 TRACE 10456 --- [    Test worker] o.h.type.descriptor.sql.BasicExtractor   : extracted value ([item_id1_2_] : [BIGINT]) - [33]
2023-11-07 09:33:33.020 TRACE 10456 --- [    Test worker] o.h.type.descriptor.sql.BasicExtractor   : extracted value ([reg_time2_2_] : [TIMESTAMP]) - [2023-11-07T09:33:32.835976]
2023-11-07 09:33:33.020 TRACE 10456 --- [    Test worker] o.h.type.descriptor.sql.BasicExtractor   : extracted value ([update_t3_2_] : [TIMESTAMP]) - [2023-11-07T09:33:32.835976]
2023-11-07 09:33:33.020 TRACE 10456 --- [    Test worker] o.h.type.descriptor.sql.BasicExtractor   : extracted value ([created_4_2_] : [VARCHAR]) - []
2023-11-07 09:33:33.020 TRACE 10456 --- [    Test worker] o.h.type.descriptor.sql.BasicExtractor   : extracted value ([modified5_2_] : [VARCHAR]) - []
2023-11-07 09:33:33.020 TRACE 10456 --- [    Test worker] o.h.type.descriptor.sql.BasicExtractor   : extracted value ([item_det6_2_] : [CLOB]) - [테스트 상품 상세 설명5]
2023-11-07 09:33:33.020 TRACE 10456 --- [    Test worker] o.h.type.descriptor.sql.BasicExtractor   : extracted value ([item_nm7_2_] : [VARCHAR]) - [테스트 상품5]
2023-11-07 09:33:33.020 TRACE 10456 --- [    Test worker] o.h.type.descriptor.sql.BasicExtractor   : extracted value ([item_sel8_2_] : [VARCHAR]) - [SELL]
2023-11-07 09:33:33.020 TRACE 10456 --- [    Test worker] o.h.type.descriptor.sql.BasicExtractor   : extracted value ([price9_2_] : [INTEGER]) - [10005]
2023-11-07 09:33:33.020 TRACE 10456 --- [    Test worker] o.h.type.descriptor.sql.BasicExtractor   : extracted value ([stock_n10_2_] : [INTEGER]) - [100]
2023-11-07 09:33:33.020 TRACE 10456 --- [    Test worker] o.h.type.descriptor.sql.BasicExtractor   : extracted value ([item_id1_2_] : [BIGINT]) - [43]
2023-11-07 09:33:33.020 TRACE 10456 --- [    Test worker] o.h.type.descriptor.sql.BasicExtractor   : extracted value ([reg_time2_2_] : [TIMESTAMP]) - [2023-11-07T09:33:32.874149]
2023-11-07 09:33:33.020 TRACE 10456 --- [    Test worker] o.h.type.descriptor.sql.BasicExtractor   : extracted value ([update_t3_2_] : [TIMESTAMP]) - [2023-11-07T09:33:32.874149]
2023-11-07 09:33:33.020 TRACE 10456 --- [    Test worker] o.h.type.descriptor.sql.BasicExtractor   : extracted value ([created_4_2_] : [VARCHAR]) - []
2023-11-07 09:33:33.020 TRACE 10456 --- [    Test worker] o.h.type.descriptor.sql.BasicExtractor   : extracted value ([modified5_2_] : [VARCHAR]) - []
2023-11-07 09:33:33.020 TRACE 10456 --- [    Test worker] o.h.type.descriptor.sql.BasicExtractor   : extracted value ([item_det6_2_] : [CLOB]) - [테스트 상품 상세 설명5]
2023-11-07 09:33:33.020 TRACE 10456 --- [    Test worker] o.h.type.descriptor.sql.BasicExtractor   : extracted value ([item_nm7_2_] : [VARCHAR]) - [테스트 상품5]
2023-11-07 09:33:33.020 TRACE 10456 --- [    Test worker] o.h.type.descriptor.sql.BasicExtractor   : extracted value ([item_sel8_2_] : [VARCHAR]) - [SELL]
2023-11-07 09:33:33.020 TRACE 10456 --- [    Test worker] o.h.type.descriptor.sql.BasicExtractor   : extracted value ([price9_2_] : [INTEGER]) - [10005]
2023-11-07 09:33:33.020 TRACE 10456 --- [    Test worker] o.h.type.descriptor.sql.BasicExtractor   : extracted value ([stock_n10_2_] : [INTEGER]) - [100]
2023-11-07 09:33:33.020 TRACE 10456 --- [    Test worker] o.h.type.descriptor.sql.BasicExtractor   : extracted value ([item_id1_2_] : [BIGINT]) - [53]
2023-11-07 09:33:33.020 TRACE 10456 --- [    Test worker] o.h.type.descriptor.sql.BasicExtractor   : extracted value ([reg_time2_2_] : [TIMESTAMP]) - [2023-11-07T09:33:32.946705]
2023-11-07 09:33:33.020 TRACE 10456 --- [    Test worker] o.h.type.descriptor.sql.BasicExtractor   : extracted value ([update_t3_2_] : [TIMESTAMP]) - [2023-11-07T09:33:32.946705]
2023-11-07 09:33:33.020 TRACE 10456 --- [    Test worker] o.h.type.descriptor.sql.BasicExtractor   : extracted value ([created_4_2_] : [VARCHAR]) - []
2023-11-07 09:33:33.020 TRACE 10456 --- [    Test worker] o.h.type.descriptor.sql.BasicExtractor   : extracted value ([modified5_2_] : [VARCHAR]) - []
2023-11-07 09:33:33.020 TRACE 10456 --- [    Test worker] o.h.type.descriptor.sql.BasicExtractor   : extracted value ([item_det6_2_] : [CLOB]) - [테스트 상품 상세 설명5]
2023-11-07 09:33:33.020 TRACE 10456 --- [    Test worker] o.h.type.descriptor.sql.BasicExtractor   : extracted value ([item_nm7_2_] : [VARCHAR]) - [테스트 상품5]
2023-11-07 09:33:33.020 TRACE 10456 --- [    Test worker] o.h.type.descriptor.sql.BasicExtractor   : extracted value ([item_sel8_2_] : [VARCHAR]) - [SELL]
2023-11-07 09:33:33.020 TRACE 10456 --- [    Test worker] o.h.type.descriptor.sql.BasicExtractor   : extracted value ([price9_2_] : [INTEGER]) - [10005]
2023-11-07 09:33:33.020 TRACE 10456 --- [    Test worker] o.h.type.descriptor.sql.BasicExtractor   : extracted value ([stock_n10_2_] : [INTEGER]) - [100]
2023-11-07 09:33:33.020 TRACE 10456 --- [    Test worker] o.h.type.descriptor.sql.BasicExtractor   : extracted value ([item_id1_2_] : [BIGINT]) - [63]
2023-11-07 09:33:33.020 TRACE 10456 --- [    Test worker] o.h.type.descriptor.sql.BasicExtractor   : extracted value ([reg_time2_2_] : [TIMESTAMP]) - [2023-11-07T09:33:32.966704]
2023-11-07 09:33:33.020 TRACE 10456 --- [    Test worker] o.h.type.descriptor.sql.BasicExtractor   : extracted value ([update_t3_2_] : [TIMESTAMP]) - [2023-11-07T09:33:32.966704]
2023-11-07 09:33:33.020 TRACE 10456 --- [    Test worker] o.h.type.descriptor.sql.BasicExtractor   : extracted value ([created_4_2_] : [VARCHAR]) - []
2023-11-07 09:33:33.020 TRACE 10456 --- [    Test worker] o.h.type.descriptor.sql.BasicExtractor   : extracted value ([modified5_2_] : [VARCHAR]) - []
2023-11-07 09:33:33.020 TRACE 10456 --- [    Test worker] o.h.type.descriptor.sql.BasicExtractor   : extracted value ([item_det6_2_] : [CLOB]) - [테스트 상품 상세 설명5]
2023-11-07 09:33:33.020 TRACE 10456 --- [    Test worker] o.h.type.descriptor.sql.BasicExtractor   : extracted value ([item_nm7_2_] : [VARCHAR]) - [테스트 상품5]
2023-11-07 09:33:33.020 TRACE 10456 --- [    Test worker] o.h.type.descriptor.sql.BasicExtractor   : extracted value ([item_sel8_2_] : [VARCHAR]) - [SELL]
2023-11-07 09:33:33.020 TRACE 10456 --- [    Test worker] o.h.type.descriptor.sql.BasicExtractor   : extracted value ([price9_2_] : [INTEGER]) - [10005]
2023-11-07 09:33:33.020 TRACE 10456 --- [    Test worker] o.h.type.descriptor.sql.BasicExtractor   : extracted value ([stock_n10_2_] : [INTEGER]) - [100]
2023-11-07 09:33:33.021 TRACE 10456 --- [    Test worker] o.h.type.descriptor.sql.BasicExtractor   : extracted value ([item_id1_2_] : [BIGINT]) - [73]
2023-11-07 09:33:33.021 TRACE 10456 --- [    Test worker] o.h.type.descriptor.sql.BasicExtractor   : extracted value ([reg_time2_2_] : [TIMESTAMP]) - [2023-11-07T09:33:32.988710]
2023-11-07 09:33:33.021 TRACE 10456 --- [    Test worker] o.h.type.descriptor.sql.BasicExtractor   : extracted value ([update_t3_2_] : [TIMESTAMP]) - [2023-11-07T09:33:32.988710]
2023-11-07 09:33:33.021 TRACE 10456 --- [    Test worker] o.h.type.descriptor.sql.BasicExtractor   : extracted value ([created_4_2_] : [VARCHAR]) - []
2023-11-07 09:33:33.021 TRACE 10456 --- [    Test worker] o.h.type.descriptor.sql.BasicExtractor   : extracted value ([modified5_2_] : [VARCHAR]) - []
2023-11-07 09:33:33.021 TRACE 10456 --- [    Test worker] o.h.type.descriptor.sql.BasicExtractor   : extracted value ([item_det6_2_] : [CLOB]) - [테스트 상품 상세 설명5]
2023-11-07 09:33:33.021 TRACE 10456 --- [    Test worker] o.h.type.descriptor.sql.BasicExtractor   : extracted value ([item_nm7_2_] : [VARCHAR]) - [테스트 상품5]
2023-11-07 09:33:33.021 TRACE 10456 --- [    Test worker] o.h.type.descriptor.sql.BasicExtractor   : extracted value ([item_sel8_2_] : [VARCHAR]) - [SELL]
2023-11-07 09:33:33.021 TRACE 10456 --- [    Test worker] o.h.type.descriptor.sql.BasicExtractor   : extracted value ([price9_2_] : [INTEGER]) - [10005]
2023-11-07 09:33:33.021 TRACE 10456 --- [    Test worker] o.h.type.descriptor.sql.BasicExtractor   : extracted value ([stock_n10_2_] : [INTEGER]) - [100]
2023-11-07 09:33:33.021 TRACE 10456 --- [    Test worker] o.h.type.descriptor.sql.BasicExtractor   : extracted value ([item_id1_2_] : [BIGINT]) - [83]
2023-11-07 09:33:33.021 TRACE 10456 --- [    Test worker] o.h.type.descriptor.sql.BasicExtractor   : extracted value ([reg_time2_2_] : [TIMESTAMP]) - [2023-11-07T09:33:33.004222]
2023-11-07 09:33:33.021 TRACE 10456 --- [    Test worker] o.h.type.descriptor.sql.BasicExtractor   : extracted value ([update_t3_2_] : [TIMESTAMP]) - [2023-11-07T09:33:33.004222]
2023-11-07 09:33:33.021 TRACE 10456 --- [    Test worker] o.h.type.descriptor.sql.BasicExtractor   : extracted value ([created_4_2_] : [VARCHAR]) - []
2023-11-07 09:33:33.021 TRACE 10456 --- [    Test worker] o.h.type.descriptor.sql.BasicExtractor   : extracted value ([modified5_2_] : [VARCHAR]) - []
2023-11-07 09:33:33.021 TRACE 10456 --- [    Test worker] o.h.type.descriptor.sql.BasicExtractor   : extracted value ([item_det6_2_] : [CLOB]) - [테스트 상품 상세 설명5]
2023-11-07 09:33:33.021 TRACE 10456 --- [    Test worker] o.h.type.descriptor.sql.BasicExtractor   : extracted value ([item_nm7_2_] : [VARCHAR]) - [테스트 상품5]
2023-11-07 09:33:33.021 TRACE 10456 --- [    Test worker] o.h.type.descriptor.sql.BasicExtractor   : extracted value ([item_sel8_2_] : [VARCHAR]) - [SELL]
2023-11-07 09:33:33.021 TRACE 10456 --- [    Test worker] o.h.type.descriptor.sql.BasicExtractor   : extracted value ([price9_2_] : [INTEGER]) - [10005]
2023-11-07 09:33:33.021 TRACE 10456 --- [    Test worker] o.h.type.descriptor.sql.BasicExtractor   : extracted value ([stock_n10_2_] : [INTEGER]) - [100]
2023-11-07 09:33:33.021 TRACE 10456 --- [    Test worker] o.h.type.descriptor.sql.BasicExtractor   : extracted value ([item_id1_2_] : [BIGINT]) - [32]
2023-11-07 09:33:33.021 TRACE 10456 --- [    Test worker] o.h.type.descriptor.sql.BasicExtractor   : extracted value ([reg_time2_2_] : [TIMESTAMP]) - [2023-11-07T09:33:32.834975]
2023-11-07 09:33:33.021 TRACE 10456 --- [    Test worker] o.h.type.descriptor.sql.BasicExtractor   : extracted value ([update_t3_2_] : [TIMESTAMP]) - [2023-11-07T09:33:32.834975]
2023-11-07 09:33:33.021 TRACE 10456 --- [    Test worker] o.h.type.descriptor.sql.BasicExtractor   : extracted value ([created_4_2_] : [VARCHAR]) - []
2023-11-07 09:33:33.021 TRACE 10456 --- [    Test worker] o.h.type.descriptor.sql.BasicExtractor   : extracted value ([modified5_2_] : [VARCHAR]) - []
2023-11-07 09:33:33.021 TRACE 10456 --- [    Test worker] o.h.type.descriptor.sql.BasicExtractor   : extracted value ([item_det6_2_] : [CLOB]) - [테스트 상품 상세 설명4]
2023-11-07 09:33:33.021 TRACE 10456 --- [    Test worker] o.h.type.descriptor.sql.BasicExtractor   : extracted value ([item_nm7_2_] : [VARCHAR]) - [테스트 상품4]
2023-11-07 09:33:33.021 TRACE 10456 --- [    Test worker] o.h.type.descriptor.sql.BasicExtractor   : extracted value ([item_sel8_2_] : [VARCHAR]) - [SELL]
2023-11-07 09:33:33.021 TRACE 10456 --- [    Test worker] o.h.type.descriptor.sql.BasicExtractor   : extracted value ([price9_2_] : [INTEGER]) - [10004]
2023-11-07 09:33:33.021 TRACE 10456 --- [    Test worker] o.h.type.descriptor.sql.BasicExtractor   : extracted value ([stock_n10_2_] : [INTEGER]) - [100]
2023-11-07 09:33:33.021 TRACE 10456 --- [    Test worker] o.h.type.descriptor.sql.BasicExtractor   : extracted value ([item_id1_2_] : [BIGINT]) - [42]
2023-11-07 09:33:33.021 TRACE 10456 --- [    Test worker] o.h.type.descriptor.sql.BasicExtractor   : extracted value ([reg_time2_2_] : [TIMESTAMP]) - [2023-11-07T09:33:32.873139]
2023-11-07 09:33:33.021 TRACE 10456 --- [    Test worker] o.h.type.descriptor.sql.BasicExtractor   : extracted value ([update_t3_2_] : [TIMESTAMP]) - [2023-11-07T09:33:32.873139]
2023-11-07 09:33:33.021 TRACE 10456 --- [    Test worker] o.h.type.descriptor.sql.BasicExtractor   : extracted value ([created_4_2_] : [VARCHAR]) - []
2023-11-07 09:33:33.021 TRACE 10456 --- [    Test worker] o.h.type.descriptor.sql.BasicExtractor   : extracted value ([modified5_2_] : [VARCHAR]) - []
2023-11-07 09:33:33.021 TRACE 10456 --- [    Test worker] o.h.type.descriptor.sql.BasicExtractor   : extracted value ([item_det6_2_] : [CLOB]) - [테스트 상품 상세 설명4]
2023-11-07 09:33:33.021 TRACE 10456 --- [    Test worker] o.h.type.descriptor.sql.BasicExtractor   : extracted value ([item_nm7_2_] : [VARCHAR]) - [테스트 상품4]
2023-11-07 09:33:33.021 TRACE 10456 --- [    Test worker] o.h.type.descriptor.sql.BasicExtractor   : extracted value ([item_sel8_2_] : [VARCHAR]) - [SELL]
2023-11-07 09:33:33.021 TRACE 10456 --- [    Test worker] o.h.type.descriptor.sql.BasicExtractor   : extracted value ([price9_2_] : [INTEGER]) - [10004]
2023-11-07 09:33:33.021 TRACE 10456 --- [    Test worker] o.h.type.descriptor.sql.BasicExtractor   : extracted value ([stock_n10_2_] : [INTEGER]) - [100]
2023-11-07 09:33:33.021 TRACE 10456 --- [    Test worker] o.h.type.descriptor.sql.BasicExtractor   : extracted value ([item_id1_2_] : [BIGINT]) - [52]
2023-11-07 09:33:33.021 TRACE 10456 --- [    Test worker] o.h.type.descriptor.sql.BasicExtractor   : extracted value ([reg_time2_2_] : [TIMESTAMP]) - [2023-11-07T09:33:32.944703]
2023-11-07 09:33:33.021 TRACE 10456 --- [    Test worker] o.h.type.descriptor.sql.BasicExtractor   : extracted value ([update_t3_2_] : [TIMESTAMP]) - [2023-11-07T09:33:32.944703]
2023-11-07 09:33:33.021 TRACE 10456 --- [    Test worker] o.h.type.descriptor.sql.BasicExtractor   : extracted value ([created_4_2_] : [VARCHAR]) - []
2023-11-07 09:33:33.021 TRACE 10456 --- [    Test worker] o.h.type.descriptor.sql.BasicExtractor   : extracted value ([modified5_2_] : [VARCHAR]) - []
2023-11-07 09:33:33.021 TRACE 10456 --- [    Test worker] o.h.type.descriptor.sql.BasicExtractor   : extracted value ([item_det6_2_] : [CLOB]) - [테스트 상품 상세 설명4]
2023-11-07 09:33:33.021 TRACE 10456 --- [    Test worker] o.h.type.descriptor.sql.BasicExtractor   : extracted value ([item_nm7_2_] : [VARCHAR]) - [테스트 상품4]
2023-11-07 09:33:33.021 TRACE 10456 --- [    Test worker] o.h.type.descriptor.sql.BasicExtractor   : extracted value ([item_sel8_2_] : [VARCHAR]) - [SELL]
2023-11-07 09:33:33.021 TRACE 10456 --- [    Test worker] o.h.type.descriptor.sql.BasicExtractor   : extracted value ([price9_2_] : [INTEGER]) - [10004]
2023-11-07 09:33:33.021 TRACE 10456 --- [    Test worker] o.h.type.descriptor.sql.BasicExtractor   : extracted value ([stock_n10_2_] : [INTEGER]) - [100]
2023-11-07 09:33:33.021 TRACE 10456 --- [    Test worker] o.h.type.descriptor.sql.BasicExtractor   : extracted value ([item_id1_2_] : [BIGINT]) - [62]
2023-11-07 09:33:33.021 TRACE 10456 --- [    Test worker] o.h.type.descriptor.sql.BasicExtractor   : extracted value ([reg_time2_2_] : [TIMESTAMP]) - [2023-11-07T09:33:32.964712]
2023-11-07 09:33:33.021 TRACE 10456 --- [    Test worker] o.h.type.descriptor.sql.BasicExtractor   : extracted value ([update_t3_2_] : [TIMESTAMP]) - [2023-11-07T09:33:32.964712]
2023-11-07 09:33:33.021 TRACE 10456 --- [    Test worker] o.h.type.descriptor.sql.BasicExtractor   : extracted value ([created_4_2_] : [VARCHAR]) - []
2023-11-07 09:33:33.021 TRACE 10456 --- [    Test worker] o.h.type.descriptor.sql.BasicExtractor   : extracted value ([modified5_2_] : [VARCHAR]) - []
2023-11-07 09:33:33.021 TRACE 10456 --- [    Test worker] o.h.type.descriptor.sql.BasicExtractor   : extracted value ([item_det6_2_] : [CLOB]) - [테스트 상품 상세 설명4]
2023-11-07 09:33:33.021 TRACE 10456 --- [    Test worker] o.h.type.descriptor.sql.BasicExtractor   : extracted value ([item_nm7_2_] : [VARCHAR]) - [테스트 상품4]
2023-11-07 09:33:33.021 TRACE 10456 --- [    Test worker] o.h.type.descriptor.sql.BasicExtractor   : extracted value ([item_sel8_2_] : [VARCHAR]) - [SELL]
2023-11-07 09:33:33.021 TRACE 10456 --- [    Test worker] o.h.type.descriptor.sql.BasicExtractor   : extracted value ([price9_2_] : [INTEGER]) - [10004]
2023-11-07 09:33:33.021 TRACE 10456 --- [    Test worker] o.h.type.descriptor.sql.BasicExtractor   : extracted value ([stock_n10_2_] : [INTEGER]) - [100]
2023-11-07 09:33:33.021 TRACE 10456 --- [    Test worker] o.h.type.descriptor.sql.BasicExtractor   : extracted value ([item_id1_2_] : [BIGINT]) - [72]
2023-11-07 09:33:33.021 TRACE 10456 --- [    Test worker] o.h.type.descriptor.sql.BasicExtractor   : extracted value ([reg_time2_2_] : [TIMESTAMP]) - [2023-11-07T09:33:32.987710]
2023-11-07 09:33:33.021 TRACE 10456 --- [    Test worker] o.h.type.descriptor.sql.BasicExtractor   : extracted value ([update_t3_2_] : [TIMESTAMP]) - [2023-11-07T09:33:32.987710]
2023-11-07 09:33:33.021 TRACE 10456 --- [    Test worker] o.h.type.descriptor.sql.BasicExtractor   : extracted value ([created_4_2_] : [VARCHAR]) - []
2023-11-07 09:33:33.021 TRACE 10456 --- [    Test worker] o.h.type.descriptor.sql.BasicExtractor   : extracted value ([modified5_2_] : [VARCHAR]) - []
2023-11-07 09:33:33.022 TRACE 10456 --- [    Test worker] o.h.type.descriptor.sql.BasicExtractor   : extracted value ([item_det6_2_] : [CLOB]) - [테스트 상품 상세 설명4]
2023-11-07 09:33:33.022 TRACE 10456 --- [    Test worker] o.h.type.descriptor.sql.BasicExtractor   : extracted value ([item_nm7_2_] : [VARCHAR]) - [테스트 상품4]
2023-11-07 09:33:33.022 TRACE 10456 --- [    Test worker] o.h.type.descriptor.sql.BasicExtractor   : extracted value ([item_sel8_2_] : [VARCHAR]) - [SELL]
2023-11-07 09:33:33.022 TRACE 10456 --- [    Test worker] o.h.type.descriptor.sql.BasicExtractor   : extracted value ([price9_2_] : [INTEGER]) - [10004]
2023-11-07 09:33:33.022 TRACE 10456 --- [    Test worker] o.h.type.descriptor.sql.BasicExtractor   : extracted value ([stock_n10_2_] : [INTEGER]) - [100]
2023-11-07 09:33:33.022 TRACE 10456 --- [    Test worker] o.h.type.descriptor.sql.BasicExtractor   : extracted value ([item_id1_2_] : [BIGINT]) - [82]
2023-11-07 09:33:33.022 TRACE 10456 --- [    Test worker] o.h.type.descriptor.sql.BasicExtractor   : extracted value ([reg_time2_2_] : [TIMESTAMP]) - [2023-11-07T09:33:33.002214]
2023-11-07 09:33:33.022 TRACE 10456 --- [    Test worker] o.h.type.descriptor.sql.BasicExtractor   : extracted value ([update_t3_2_] : [TIMESTAMP]) - [2023-11-07T09:33:33.002214]
2023-11-07 09:33:33.022 TRACE 10456 --- [    Test worker] o.h.type.descriptor.sql.BasicExtractor   : extracted value ([created_4_2_] : [VARCHAR]) - []
2023-11-07 09:33:33.022 TRACE 10456 --- [    Test worker] o.h.type.descriptor.sql.BasicExtractor   : extracted value ([modified5_2_] : [VARCHAR]) - []
2023-11-07 09:33:33.022 TRACE 10456 --- [    Test worker] o.h.type.descriptor.sql.BasicExtractor   : extracted value ([item_det6_2_] : [CLOB]) - [테스트 상품 상세 설명4]
2023-11-07 09:33:33.022 TRACE 10456 --- [    Test worker] o.h.type.descriptor.sql.BasicExtractor   : extracted value ([item_nm7_2_] : [VARCHAR]) - [테스트 상품4]
2023-11-07 09:33:33.022 TRACE 10456 --- [    Test worker] o.h.type.descriptor.sql.BasicExtractor   : extracted value ([item_sel8_2_] : [VARCHAR]) - [SELL]
2023-11-07 09:33:33.022 TRACE 10456 --- [    Test worker] o.h.type.descriptor.sql.BasicExtractor   : extracted value ([price9_2_] : [INTEGER]) - [10004]
2023-11-07 09:33:33.022 TRACE 10456 --- [    Test worker] o.h.type.descriptor.sql.BasicExtractor   : extracted value ([stock_n10_2_] : [INTEGER]) - [100]
2023-11-07 09:33:33.022 TRACE 10456 --- [    Test worker] o.h.type.descriptor.sql.BasicExtractor   : extracted value ([item_id1_2_] : [BIGINT]) - [31]
2023-11-07 09:33:33.022 TRACE 10456 --- [    Test worker] o.h.type.descriptor.sql.BasicExtractor   : extracted value ([reg_time2_2_] : [TIMESTAMP]) - [2023-11-07T09:33:32.833975]
2023-11-07 09:33:33.022 TRACE 10456 --- [    Test worker] o.h.type.descriptor.sql.BasicExtractor   : extracted value ([update_t3_2_] : [TIMESTAMP]) - [2023-11-07T09:33:32.833975]
2023-11-07 09:33:33.022 TRACE 10456 --- [    Test worker] o.h.type.descriptor.sql.BasicExtractor   : extracted value ([created_4_2_] : [VARCHAR]) - []
2023-11-07 09:33:33.022 TRACE 10456 --- [    Test worker] o.h.type.descriptor.sql.BasicExtractor   : extracted value ([modified5_2_] : [VARCHAR]) - []
2023-11-07 09:33:33.022 TRACE 10456 --- [    Test worker] o.h.type.descriptor.sql.BasicExtractor   : extracted value ([item_det6_2_] : [CLOB]) - [테스트 상품 상세 설명3]
2023-11-07 09:33:33.022 TRACE 10456 --- [    Test worker] o.h.type.descriptor.sql.BasicExtractor   : extracted value ([item_nm7_2_] : [VARCHAR]) - [테스트 상품3]
2023-11-07 09:33:33.022 TRACE 10456 --- [    Test worker] o.h.type.descriptor.sql.BasicExtractor   : extracted value ([item_sel8_2_] : [VARCHAR]) - [SELL]
2023-11-07 09:33:33.022 TRACE 10456 --- [    Test worker] o.h.type.descriptor.sql.BasicExtractor   : extracted value ([price9_2_] : [INTEGER]) - [10003]
2023-11-07 09:33:33.022 TRACE 10456 --- [    Test worker] o.h.type.descriptor.sql.BasicExtractor   : extracted value ([stock_n10_2_] : [INTEGER]) - [100]
2023-11-07 09:33:33.022 TRACE 10456 --- [    Test worker] o.h.type.descriptor.sql.BasicExtractor   : extracted value ([item_id1_2_] : [BIGINT]) - [41]
2023-11-07 09:33:33.022 TRACE 10456 --- [    Test worker] o.h.type.descriptor.sql.BasicExtractor   : extracted value ([reg_time2_2_] : [TIMESTAMP]) - [2023-11-07T09:33:32.872148]
2023-11-07 09:33:33.022 TRACE 10456 --- [    Test worker] o.h.type.descriptor.sql.BasicExtractor   : extracted value ([update_t3_2_] : [TIMESTAMP]) - [2023-11-07T09:33:32.872148]
2023-11-07 09:33:33.022 TRACE 10456 --- [    Test worker] o.h.type.descriptor.sql.BasicExtractor   : extracted value ([created_4_2_] : [VARCHAR]) - []
2023-11-07 09:33:33.022 TRACE 10456 --- [    Test worker] o.h.type.descriptor.sql.BasicExtractor   : extracted value ([modified5_2_] : [VARCHAR]) - []
2023-11-07 09:33:33.022 TRACE 10456 --- [    Test worker] o.h.type.descriptor.sql.BasicExtractor   : extracted value ([item_det6_2_] : [CLOB]) - [테스트 상품 상세 설명3]
2023-11-07 09:33:33.022 TRACE 10456 --- [    Test worker] o.h.type.descriptor.sql.BasicExtractor   : extracted value ([item_nm7_2_] : [VARCHAR]) - [테스트 상품3]
2023-11-07 09:33:33.022 TRACE 10456 --- [    Test worker] o.h.type.descriptor.sql.BasicExtractor   : extracted value ([item_sel8_2_] : [VARCHAR]) - [SELL]
2023-11-07 09:33:33.022 TRACE 10456 --- [    Test worker] o.h.type.descriptor.sql.BasicExtractor   : extracted value ([price9_2_] : [INTEGER]) - [10003]
2023-11-07 09:33:33.022 TRACE 10456 --- [    Test worker] o.h.type.descriptor.sql.BasicExtractor   : extracted value ([stock_n10_2_] : [INTEGER]) - [100]
2023-11-07 09:33:33.022 TRACE 10456 --- [    Test worker] o.h.type.descriptor.sql.BasicExtractor   : extracted value ([item_id1_2_] : [BIGINT]) - [51]
2023-11-07 09:33:33.022 TRACE 10456 --- [    Test worker] o.h.type.descriptor.sql.BasicExtractor   : extracted value ([reg_time2_2_] : [TIMESTAMP]) - [2023-11-07T09:33:32.942705]
2023-11-07 09:33:33.022 TRACE 10456 --- [    Test worker] o.h.type.descriptor.sql.BasicExtractor   : extracted value ([update_t3_2_] : [TIMESTAMP]) - [2023-11-07T09:33:32.942705]
2023-11-07 09:33:33.022 TRACE 10456 --- [    Test worker] o.h.type.descriptor.sql.BasicExtractor   : extracted value ([created_4_2_] : [VARCHAR]) - []
2023-11-07 09:33:33.022 TRACE 10456 --- [    Test worker] o.h.type.descriptor.sql.BasicExtractor   : extracted value ([modified5_2_] : [VARCHAR]) - []
2023-11-07 09:33:33.022 TRACE 10456 --- [    Test worker] o.h.type.descriptor.sql.BasicExtractor   : extracted value ([item_det6_2_] : [CLOB]) - [테스트 상품 상세 설명3]
2023-11-07 09:33:33.022 TRACE 10456 --- [    Test worker] o.h.type.descriptor.sql.BasicExtractor   : extracted value ([item_nm7_2_] : [VARCHAR]) - [테스트 상품3]
2023-11-07 09:33:33.022 TRACE 10456 --- [    Test worker] o.h.type.descriptor.sql.BasicExtractor   : extracted value ([item_sel8_2_] : [VARCHAR]) - [SELL]
2023-11-07 09:33:33.022 TRACE 10456 --- [    Test worker] o.h.type.descriptor.sql.BasicExtractor   : extracted value ([price9_2_] : [INTEGER]) - [10003]
2023-11-07 09:33:33.022 TRACE 10456 --- [    Test worker] o.h.type.descriptor.sql.BasicExtractor   : extracted value ([stock_n10_2_] : [INTEGER]) - [100]
2023-11-07 09:33:33.022 TRACE 10456 --- [    Test worker] o.h.type.descriptor.sql.BasicExtractor   : extracted value ([item_id1_2_] : [BIGINT]) - [61]
2023-11-07 09:33:33.022 TRACE 10456 --- [    Test worker] o.h.type.descriptor.sql.BasicExtractor   : extracted value ([reg_time2_2_] : [TIMESTAMP]) - [2023-11-07T09:33:32.963703]
2023-11-07 09:33:33.022 TRACE 10456 --- [    Test worker] o.h.type.descriptor.sql.BasicExtractor   : extracted value ([update_t3_2_] : [TIMESTAMP]) - [2023-11-07T09:33:32.963703]
2023-11-07 09:33:33.022 TRACE 10456 --- [    Test worker] o.h.type.descriptor.sql.BasicExtractor   : extracted value ([created_4_2_] : [VARCHAR]) - []
2023-11-07 09:33:33.022 TRACE 10456 --- [    Test worker] o.h.type.descriptor.sql.BasicExtractor   : extracted value ([modified5_2_] : [VARCHAR]) - []
2023-11-07 09:33:33.022 TRACE 10456 --- [    Test worker] o.h.type.descriptor.sql.BasicExtractor   : extracted value ([item_det6_2_] : [CLOB]) - [테스트 상품 상세 설명3]
2023-11-07 09:33:33.022 TRACE 10456 --- [    Test worker] o.h.type.descriptor.sql.BasicExtractor   : extracted value ([item_nm7_2_] : [VARCHAR]) - [테스트 상품3]
2023-11-07 09:33:33.022 TRACE 10456 --- [    Test worker] o.h.type.descriptor.sql.BasicExtractor   : extracted value ([item_sel8_2_] : [VARCHAR]) - [SELL]
2023-11-07 09:33:33.022 TRACE 10456 --- [    Test worker] o.h.type.descriptor.sql.BasicExtractor   : extracted value ([price9_2_] : [INTEGER]) - [10003]
2023-11-07 09:33:33.022 TRACE 10456 --- [    Test worker] o.h.type.descriptor.sql.BasicExtractor   : extracted value ([stock_n10_2_] : [INTEGER]) - [100]
2023-11-07 09:33:33.022 TRACE 10456 --- [    Test worker] o.h.type.descriptor.sql.BasicExtractor   : extracted value ([item_id1_2_] : [BIGINT]) - [71]
2023-11-07 09:33:33.022 TRACE 10456 --- [    Test worker] o.h.type.descriptor.sql.BasicExtractor   : extracted value ([reg_time2_2_] : [TIMESTAMP]) - [2023-11-07T09:33:32.986704]
2023-11-07 09:33:33.022 TRACE 10456 --- [    Test worker] o.h.type.descriptor.sql.BasicExtractor   : extracted value ([update_t3_2_] : [TIMESTAMP]) - [2023-11-07T09:33:32.986704]
2023-11-07 09:33:33.022 TRACE 10456 --- [    Test worker] o.h.type.descriptor.sql.BasicExtractor   : extracted value ([created_4_2_] : [VARCHAR]) - []
2023-11-07 09:33:33.022 TRACE 10456 --- [    Test worker] o.h.type.descriptor.sql.BasicExtractor   : extracted value ([modified5_2_] : [VARCHAR]) - []
2023-11-07 09:33:33.023 TRACE 10456 --- [    Test worker] o.h.type.descriptor.sql.BasicExtractor   : extracted value ([item_det6_2_] : [CLOB]) - [테스트 상품 상세 설명3]
2023-11-07 09:33:33.023 TRACE 10456 --- [    Test worker] o.h.type.descriptor.sql.BasicExtractor   : extracted value ([item_nm7_2_] : [VARCHAR]) - [테스트 상품3]
2023-11-07 09:33:33.023 TRACE 10456 --- [    Test worker] o.h.type.descriptor.sql.BasicExtractor   : extracted value ([item_sel8_2_] : [VARCHAR]) - [SELL]
2023-11-07 09:33:33.023 TRACE 10456 --- [    Test worker] o.h.type.descriptor.sql.BasicExtractor   : extracted value ([price9_2_] : [INTEGER]) - [10003]
2023-11-07 09:33:33.023 TRACE 10456 --- [    Test worker] o.h.type.descriptor.sql.BasicExtractor   : extracted value ([stock_n10_2_] : [INTEGER]) - [100]
2023-11-07 09:33:33.023 TRACE 10456 --- [    Test worker] o.h.type.descriptor.sql.BasicExtractor   : extracted value ([item_id1_2_] : [BIGINT]) - [81]
2023-11-07 09:33:33.023 TRACE 10456 --- [    Test worker] o.h.type.descriptor.sql.BasicExtractor   : extracted value ([reg_time2_2_] : [TIMESTAMP]) - [2023-11-07T09:33:33.000709]
2023-11-07 09:33:33.023 TRACE 10456 --- [    Test worker] o.h.type.descriptor.sql.BasicExtractor   : extracted value ([update_t3_2_] : [TIMESTAMP]) - [2023-11-07T09:33:33.000709]
2023-11-07 09:33:33.023 TRACE 10456 --- [    Test worker] o.h.type.descriptor.sql.BasicExtractor   : extracted value ([created_4_2_] : [VARCHAR]) - []
2023-11-07 09:33:33.023 TRACE 10456 --- [    Test worker] o.h.type.descriptor.sql.BasicExtractor   : extracted value ([modified5_2_] : [VARCHAR]) - []
2023-11-07 09:33:33.023 TRACE 10456 --- [    Test worker] o.h.type.descriptor.sql.BasicExtractor   : extracted value ([item_det6_2_] : [CLOB]) - [테스트 상품 상세 설명3]
2023-11-07 09:33:33.023 TRACE 10456 --- [    Test worker] o.h.type.descriptor.sql.BasicExtractor   : extracted value ([item_nm7_2_] : [VARCHAR]) - [테스트 상품3]
2023-11-07 09:33:33.023 TRACE 10456 --- [    Test worker] o.h.type.descriptor.sql.BasicExtractor   : extracted value ([item_sel8_2_] : [VARCHAR]) - [SELL]
2023-11-07 09:33:33.023 TRACE 10456 --- [    Test worker] o.h.type.descriptor.sql.BasicExtractor   : extracted value ([price9_2_] : [INTEGER]) - [10003]
2023-11-07 09:33:33.023 TRACE 10456 --- [    Test worker] o.h.type.descriptor.sql.BasicExtractor   : extracted value ([stock_n10_2_] : [INTEGER]) - [100]
2023-11-07 09:33:33.023 TRACE 10456 --- [    Test worker] o.h.type.descriptor.sql.BasicExtractor   : extracted value ([item_id1_2_] : [BIGINT]) - [30]
2023-11-07 09:33:33.023 TRACE 10456 --- [    Test worker] o.h.type.descriptor.sql.BasicExtractor   : extracted value ([reg_time2_2_] : [TIMESTAMP]) - [2023-11-07T09:33:32.831976]
2023-11-07 09:33:33.023 TRACE 10456 --- [    Test worker] o.h.type.descriptor.sql.BasicExtractor   : extracted value ([update_t3_2_] : [TIMESTAMP]) - [2023-11-07T09:33:32.831976]
2023-11-07 09:33:33.023 TRACE 10456 --- [    Test worker] o.h.type.descriptor.sql.BasicExtractor   : extracted value ([created_4_2_] : [VARCHAR]) - []
2023-11-07 09:33:33.023 TRACE 10456 --- [    Test worker] o.h.type.descriptor.sql.BasicExtractor   : extracted value ([modified5_2_] : [VARCHAR]) - []
2023-11-07 09:33:33.023 TRACE 10456 --- [    Test worker] o.h.type.descriptor.sql.BasicExtractor   : extracted value ([item_det6_2_] : [CLOB]) - [테스트 상품 상세 설명2]
2023-11-07 09:33:33.023 TRACE 10456 --- [    Test worker] o.h.type.descriptor.sql.BasicExtractor   : extracted value ([item_nm7_2_] : [VARCHAR]) - [테스트 상품2]
2023-11-07 09:33:33.023 TRACE 10456 --- [    Test worker] o.h.type.descriptor.sql.BasicExtractor   : extracted value ([item_sel8_2_] : [VARCHAR]) - [SELL]
2023-11-07 09:33:33.023 TRACE 10456 --- [    Test worker] o.h.type.descriptor.sql.BasicExtractor   : extracted value ([price9_2_] : [INTEGER]) - [10002]
2023-11-07 09:33:33.023 TRACE 10456 --- [    Test worker] o.h.type.descriptor.sql.BasicExtractor   : extracted value ([stock_n10_2_] : [INTEGER]) - [100]
2023-11-07 09:33:33.023 TRACE 10456 --- [    Test worker] o.h.type.descriptor.sql.BasicExtractor   : extracted value ([item_id1_2_] : [BIGINT]) - [40]
2023-11-07 09:33:33.023 TRACE 10456 --- [    Test worker] o.h.type.descriptor.sql.BasicExtractor   : extracted value ([reg_time2_2_] : [TIMESTAMP]) - [2023-11-07T09:33:32.871138]
2023-11-07 09:33:33.023 TRACE 10456 --- [    Test worker] o.h.type.descriptor.sql.BasicExtractor   : extracted value ([update_t3_2_] : [TIMESTAMP]) - [2023-11-07T09:33:32.871138]
2023-11-07 09:33:33.023 TRACE 10456 --- [    Test worker] o.h.type.descriptor.sql.BasicExtractor   : extracted value ([created_4_2_] : [VARCHAR]) - []
2023-11-07 09:33:33.023 TRACE 10456 --- [    Test worker] o.h.type.descriptor.sql.BasicExtractor   : extracted value ([modified5_2_] : [VARCHAR]) - []
2023-11-07 09:33:33.023 TRACE 10456 --- [    Test worker] o.h.type.descriptor.sql.BasicExtractor   : extracted value ([item_det6_2_] : [CLOB]) - [테스트 상품 상세 설명2]
2023-11-07 09:33:33.023 TRACE 10456 --- [    Test worker] o.h.type.descriptor.sql.BasicExtractor   : extracted value ([item_nm7_2_] : [VARCHAR]) - [테스트 상품2]
2023-11-07 09:33:33.023 TRACE 10456 --- [    Test worker] o.h.type.descriptor.sql.BasicExtractor   : extracted value ([item_sel8_2_] : [VARCHAR]) - [SELL]
2023-11-07 09:33:33.023 TRACE 10456 --- [    Test worker] o.h.type.descriptor.sql.BasicExtractor   : extracted value ([price9_2_] : [INTEGER]) - [10002]
2023-11-07 09:33:33.023 TRACE 10456 --- [    Test worker] o.h.type.descriptor.sql.BasicExtractor   : extracted value ([stock_n10_2_] : [INTEGER]) - [100]
2023-11-07 09:33:33.023 TRACE 10456 --- [    Test worker] o.h.type.descriptor.sql.BasicExtractor   : extracted value ([item_id1_2_] : [BIGINT]) - [50]
2023-11-07 09:33:33.023 TRACE 10456 --- [    Test worker] o.h.type.descriptor.sql.BasicExtractor   : extracted value ([reg_time2_2_] : [TIMESTAMP]) - [2023-11-07T09:33:32.941712]
2023-11-07 09:33:33.023 TRACE 10456 --- [    Test worker] o.h.type.descriptor.sql.BasicExtractor   : extracted value ([update_t3_2_] : [TIMESTAMP]) - [2023-11-07T09:33:32.941712]
2023-11-07 09:33:33.023 TRACE 10456 --- [    Test worker] o.h.type.descriptor.sql.BasicExtractor   : extracted value ([created_4_2_] : [VARCHAR]) - []
2023-11-07 09:33:33.023 TRACE 10456 --- [    Test worker] o.h.type.descriptor.sql.BasicExtractor   : extracted value ([modified5_2_] : [VARCHAR]) - []
2023-11-07 09:33:33.023 TRACE 10456 --- [    Test worker] o.h.type.descriptor.sql.BasicExtractor   : extracted value ([item_det6_2_] : [CLOB]) - [테스트 상품 상세 설명2]
2023-11-07 09:33:33.023 TRACE 10456 --- [    Test worker] o.h.type.descriptor.sql.BasicExtractor   : extracted value ([item_nm7_2_] : [VARCHAR]) - [테스트 상품2]
2023-11-07 09:33:33.023 TRACE 10456 --- [    Test worker] o.h.type.descriptor.sql.BasicExtractor   : extracted value ([item_sel8_2_] : [VARCHAR]) - [SELL]
2023-11-07 09:33:33.023 TRACE 10456 --- [    Test worker] o.h.type.descriptor.sql.BasicExtractor   : extracted value ([price9_2_] : [INTEGER]) - [10002]
2023-11-07 09:33:33.023 TRACE 10456 --- [    Test worker] o.h.type.descriptor.sql.BasicExtractor   : extracted value ([stock_n10_2_] : [INTEGER]) - [100]
2023-11-07 09:33:33.023 TRACE 10456 --- [    Test worker] o.h.type.descriptor.sql.BasicExtractor   : extracted value ([item_id1_2_] : [BIGINT]) - [60]
2023-11-07 09:33:33.023 TRACE 10456 --- [    Test worker] o.h.type.descriptor.sql.BasicExtractor   : extracted value ([reg_time2_2_] : [TIMESTAMP]) - [2023-11-07T09:33:32.962704]
2023-11-07 09:33:33.023 TRACE 10456 --- [    Test worker] o.h.type.descriptor.sql.BasicExtractor   : extracted value ([update_t3_2_] : [TIMESTAMP]) - [2023-11-07T09:33:32.962704]
2023-11-07 09:33:33.023 TRACE 10456 --- [    Test worker] o.h.type.descriptor.sql.BasicExtractor   : extracted value ([created_4_2_] : [VARCHAR]) - []
2023-11-07 09:33:33.023 TRACE 10456 --- [    Test worker] o.h.type.descriptor.sql.BasicExtractor   : extracted value ([modified5_2_] : [VARCHAR]) - []
2023-11-07 09:33:33.023 TRACE 10456 --- [    Test worker] o.h.type.descriptor.sql.BasicExtractor   : extracted value ([item_det6_2_] : [CLOB]) - [테스트 상품 상세 설명2]
2023-11-07 09:33:33.023 TRACE 10456 --- [    Test worker] o.h.type.descriptor.sql.BasicExtractor   : extracted value ([item_nm7_2_] : [VARCHAR]) - [테스트 상품2]
2023-11-07 09:33:33.023 TRACE 10456 --- [    Test worker] o.h.type.descriptor.sql.BasicExtractor   : extracted value ([item_sel8_2_] : [VARCHAR]) - [SELL]
2023-11-07 09:33:33.023 TRACE 10456 --- [    Test worker] o.h.type.descriptor.sql.BasicExtractor   : extracted value ([price9_2_] : [INTEGER]) - [10002]
2023-11-07 09:33:33.023 TRACE 10456 --- [    Test worker] o.h.type.descriptor.sql.BasicExtractor   : extracted value ([stock_n10_2_] : [INTEGER]) - [100]
2023-11-07 09:33:33.023 TRACE 10456 --- [    Test worker] o.h.type.descriptor.sql.BasicExtractor   : extracted value ([item_id1_2_] : [BIGINT]) - [70]
2023-11-07 09:33:33.023 TRACE 10456 --- [    Test worker] o.h.type.descriptor.sql.BasicExtractor   : extracted value ([reg_time2_2_] : [TIMESTAMP]) - [2023-11-07T09:33:32.984704]
2023-11-07 09:33:33.023 TRACE 10456 --- [    Test worker] o.h.type.descriptor.sql.BasicExtractor   : extracted value ([update_t3_2_] : [TIMESTAMP]) - [2023-11-07T09:33:32.984704]
2023-11-07 09:33:33.024 TRACE 10456 --- [    Test worker] o.h.type.descriptor.sql.BasicExtractor   : extracted value ([created_4_2_] : [VARCHAR]) - []
2023-11-07 09:33:33.024 TRACE 10456 --- [    Test worker] o.h.type.descriptor.sql.BasicExtractor   : extracted value ([modified5_2_] : [VARCHAR]) - []
2023-11-07 09:33:33.024 TRACE 10456 --- [    Test worker] o.h.type.descriptor.sql.BasicExtractor   : extracted value ([item_det6_2_] : [CLOB]) - [테스트 상품 상세 설명2]
2023-11-07 09:33:33.024 TRACE 10456 --- [    Test worker] o.h.type.descriptor.sql.BasicExtractor   : extracted value ([item_nm7_2_] : [VARCHAR]) - [테스트 상품2]
2023-11-07 09:33:33.024 TRACE 10456 --- [    Test worker] o.h.type.descriptor.sql.BasicExtractor   : extracted value ([item_sel8_2_] : [VARCHAR]) - [SELL]
2023-11-07 09:33:33.024 TRACE 10456 --- [    Test worker] o.h.type.descriptor.sql.BasicExtractor   : extracted value ([price9_2_] : [INTEGER]) - [10002]
2023-11-07 09:33:33.024 TRACE 10456 --- [    Test worker] o.h.type.descriptor.sql.BasicExtractor   : extracted value ([stock_n10_2_] : [INTEGER]) - [100]
2023-11-07 09:33:33.024 TRACE 10456 --- [    Test worker] o.h.type.descriptor.sql.BasicExtractor   : extracted value ([item_id1_2_] : [BIGINT]) - [80]
2023-11-07 09:33:33.024 TRACE 10456 --- [    Test worker] o.h.type.descriptor.sql.BasicExtractor   : extracted value ([reg_time2_2_] : [TIMESTAMP]) - [2023-11-07T09:33:33.000709]
2023-11-07 09:33:33.024 TRACE 10456 --- [    Test worker] o.h.type.descriptor.sql.BasicExtractor   : extracted value ([update_t3_2_] : [TIMESTAMP]) - [2023-11-07T09:33:33.000709]
2023-11-07 09:33:33.024 TRACE 10456 --- [    Test worker] o.h.type.descriptor.sql.BasicExtractor   : extracted value ([created_4_2_] : [VARCHAR]) - []
2023-11-07 09:33:33.024 TRACE 10456 --- [    Test worker] o.h.type.descriptor.sql.BasicExtractor   : extracted value ([modified5_2_] : [VARCHAR]) - []
2023-11-07 09:33:33.024 TRACE 10456 --- [    Test worker] o.h.type.descriptor.sql.BasicExtractor   : extracted value ([item_det6_2_] : [CLOB]) - [테스트 상품 상세 설명2]
2023-11-07 09:33:33.024 TRACE 10456 --- [    Test worker] o.h.type.descriptor.sql.BasicExtractor   : extracted value ([item_nm7_2_] : [VARCHAR]) - [테스트 상품2]
2023-11-07 09:33:33.024 TRACE 10456 --- [    Test worker] o.h.type.descriptor.sql.BasicExtractor   : extracted value ([item_sel8_2_] : [VARCHAR]) - [SELL]
2023-11-07 09:33:33.024 TRACE 10456 --- [    Test worker] o.h.type.descriptor.sql.BasicExtractor   : extracted value ([price9_2_] : [INTEGER]) - [10002]
2023-11-07 09:33:33.024 TRACE 10456 --- [    Test worker] o.h.type.descriptor.sql.BasicExtractor   : extracted value ([stock_n10_2_] : [INTEGER]) - [100]
2023-11-07 09:33:33.024 TRACE 10456 --- [    Test worker] o.h.type.descriptor.sql.BasicExtractor   : extracted value ([item_id1_2_] : [BIGINT]) - [29]
2023-11-07 09:33:33.024 TRACE 10456 --- [    Test worker] o.h.type.descriptor.sql.BasicExtractor   : extracted value ([reg_time2_2_] : [TIMESTAMP]) - [2023-11-07T09:33:32.829987]
2023-11-07 09:33:33.024 TRACE 10456 --- [    Test worker] o.h.type.descriptor.sql.BasicExtractor   : extracted value ([update_t3_2_] : [TIMESTAMP]) - [2023-11-07T09:33:32.829987]
2023-11-07 09:33:33.024 TRACE 10456 --- [    Test worker] o.h.type.descriptor.sql.BasicExtractor   : extracted value ([created_4_2_] : [VARCHAR]) - []
2023-11-07 09:33:33.024 TRACE 10456 --- [    Test worker] o.h.type.descriptor.sql.BasicExtractor   : extracted value ([modified5_2_] : [VARCHAR]) - []
2023-11-07 09:33:33.024 TRACE 10456 --- [    Test worker] o.h.type.descriptor.sql.BasicExtractor   : extracted value ([item_det6_2_] : [CLOB]) - [테스트 상품 상세 설명1]
2023-11-07 09:33:33.024 TRACE 10456 --- [    Test worker] o.h.type.descriptor.sql.BasicExtractor   : extracted value ([item_nm7_2_] : [VARCHAR]) - [테스트 상품1]
2023-11-07 09:33:33.024 TRACE 10456 --- [    Test worker] o.h.type.descriptor.sql.BasicExtractor   : extracted value ([item_sel8_2_] : [VARCHAR]) - [SELL]
2023-11-07 09:33:33.024 TRACE 10456 --- [    Test worker] o.h.type.descriptor.sql.BasicExtractor   : extracted value ([price9_2_] : [INTEGER]) - [10001]
2023-11-07 09:33:33.024 TRACE 10456 --- [    Test worker] o.h.type.descriptor.sql.BasicExtractor   : extracted value ([stock_n10_2_] : [INTEGER]) - [100]
2023-11-07 09:33:33.024 TRACE 10456 --- [    Test worker] o.h.type.descriptor.sql.BasicExtractor   : extracted value ([item_id1_2_] : [BIGINT]) - [39]
2023-11-07 09:33:33.024 TRACE 10456 --- [    Test worker] o.h.type.descriptor.sql.BasicExtractor   : extracted value ([reg_time2_2_] : [TIMESTAMP]) - [2023-11-07T09:33:32.870139]
2023-11-07 09:33:33.024 TRACE 10456 --- [    Test worker] o.h.type.descriptor.sql.BasicExtractor   : extracted value ([update_t3_2_] : [TIMESTAMP]) - [2023-11-07T09:33:32.870139]
2023-11-07 09:33:33.024 TRACE 10456 --- [    Test worker] o.h.type.descriptor.sql.BasicExtractor   : extracted value ([created_4_2_] : [VARCHAR]) - []
2023-11-07 09:33:33.024 TRACE 10456 --- [    Test worker] o.h.type.descriptor.sql.BasicExtractor   : extracted value ([modified5_2_] : [VARCHAR]) - []
2023-11-07 09:33:33.024 TRACE 10456 --- [    Test worker] o.h.type.descriptor.sql.BasicExtractor   : extracted value ([item_det6_2_] : [CLOB]) - [테스트 상품 상세 설명1]
2023-11-07 09:33:33.024 TRACE 10456 --- [    Test worker] o.h.type.descriptor.sql.BasicExtractor   : extracted value ([item_nm7_2_] : [VARCHAR]) - [테스트 상품1]
2023-11-07 09:33:33.024 TRACE 10456 --- [    Test worker] o.h.type.descriptor.sql.BasicExtractor   : extracted value ([item_sel8_2_] : [VARCHAR]) - [SELL]
2023-11-07 09:33:33.024 TRACE 10456 --- [    Test worker] o.h.type.descriptor.sql.BasicExtractor   : extracted value ([price9_2_] : [INTEGER]) - [10001]
2023-11-07 09:33:33.024 TRACE 10456 --- [    Test worker] o.h.type.descriptor.sql.BasicExtractor   : extracted value ([stock_n10_2_] : [INTEGER]) - [100]
2023-11-07 09:33:33.024 TRACE 10456 --- [    Test worker] o.h.type.descriptor.sql.BasicExtractor   : extracted value ([item_id1_2_] : [BIGINT]) - [49]
2023-11-07 09:33:33.024 TRACE 10456 --- [    Test worker] o.h.type.descriptor.sql.BasicExtractor   : extracted value ([reg_time2_2_] : [TIMESTAMP]) - [2023-11-07T09:33:32.939713]
2023-11-07 09:33:33.024 TRACE 10456 --- [    Test worker] o.h.type.descriptor.sql.BasicExtractor   : extracted value ([update_t3_2_] : [TIMESTAMP]) - [2023-11-07T09:33:32.939713]
2023-11-07 09:33:33.024 TRACE 10456 --- [    Test worker] o.h.type.descriptor.sql.BasicExtractor   : extracted value ([created_4_2_] : [VARCHAR]) - []
2023-11-07 09:33:33.024 TRACE 10456 --- [    Test worker] o.h.type.descriptor.sql.BasicExtractor   : extracted value ([modified5_2_] : [VARCHAR]) - []
2023-11-07 09:33:33.024 TRACE 10456 --- [    Test worker] o.h.type.descriptor.sql.BasicExtractor   : extracted value ([item_det6_2_] : [CLOB]) - [테스트 상품 상세 설명1]
2023-11-07 09:33:33.024 TRACE 10456 --- [    Test worker] o.h.type.descriptor.sql.BasicExtractor   : extracted value ([item_nm7_2_] : [VARCHAR]) - [테스트 상품1]
2023-11-07 09:33:33.024 TRACE 10456 --- [    Test worker] o.h.type.descriptor.sql.BasicExtractor   : extracted value ([item_sel8_2_] : [VARCHAR]) - [SELL]
2023-11-07 09:33:33.024 TRACE 10456 --- [    Test worker] o.h.type.descriptor.sql.BasicExtractor   : extracted value ([price9_2_] : [INTEGER]) - [10001]
2023-11-07 09:33:33.024 TRACE 10456 --- [    Test worker] o.h.type.descriptor.sql.BasicExtractor   : extracted value ([stock_n10_2_] : [INTEGER]) - [100]
2023-11-07 09:33:33.024 TRACE 10456 --- [    Test worker] o.h.type.descriptor.sql.BasicExtractor   : extracted value ([item_id1_2_] : [BIGINT]) - [59]
2023-11-07 09:33:33.024 TRACE 10456 --- [    Test worker] o.h.type.descriptor.sql.BasicExtractor   : extracted value ([reg_time2_2_] : [TIMESTAMP]) - [2023-11-07T09:33:32.961716]
2023-11-07 09:33:33.024 TRACE 10456 --- [    Test worker] o.h.type.descriptor.sql.BasicExtractor   : extracted value ([update_t3_2_] : [TIMESTAMP]) - [2023-11-07T09:33:32.961716]
2023-11-07 09:33:33.025 TRACE 10456 --- [    Test worker] o.h.type.descriptor.sql.BasicExtractor   : extracted value ([created_4_2_] : [VARCHAR]) - []
2023-11-07 09:33:33.025 TRACE 10456 --- [    Test worker] o.h.type.descriptor.sql.BasicExtractor   : extracted value ([modified5_2_] : [VARCHAR]) - []
2023-11-07 09:33:33.025 TRACE 10456 --- [    Test worker] o.h.type.descriptor.sql.BasicExtractor   : extracted value ([item_det6_2_] : [CLOB]) - [테스트 상품 상세 설명1]
2023-11-07 09:33:33.025 TRACE 10456 --- [    Test worker] o.h.type.descriptor.sql.BasicExtractor   : extracted value ([item_nm7_2_] : [VARCHAR]) - [테스트 상품1]
2023-11-07 09:33:33.025 TRACE 10456 --- [    Test worker] o.h.type.descriptor.sql.BasicExtractor   : extracted value ([item_sel8_2_] : [VARCHAR]) - [SELL]
2023-11-07 09:33:33.025 TRACE 10456 --- [    Test worker] o.h.type.descriptor.sql.BasicExtractor   : extracted value ([price9_2_] : [INTEGER]) - [10001]
2023-11-07 09:33:33.025 TRACE 10456 --- [    Test worker] o.h.type.descriptor.sql.BasicExtractor   : extracted value ([stock_n10_2_] : [INTEGER]) - [100]
2023-11-07 09:33:33.025 TRACE 10456 --- [    Test worker] o.h.type.descriptor.sql.BasicExtractor   : extracted value ([item_id1_2_] : [BIGINT]) - [69]
2023-11-07 09:33:33.025 TRACE 10456 --- [    Test worker] o.h.type.descriptor.sql.BasicExtractor   : extracted value ([reg_time2_2_] : [TIMESTAMP]) - [2023-11-07T09:33:32.983704]
2023-11-07 09:33:33.025 TRACE 10456 --- [    Test worker] o.h.type.descriptor.sql.BasicExtractor   : extracted value ([update_t3_2_] : [TIMESTAMP]) - [2023-11-07T09:33:32.983704]
2023-11-07 09:33:33.025 TRACE 10456 --- [    Test worker] o.h.type.descriptor.sql.BasicExtractor   : extracted value ([created_4_2_] : [VARCHAR]) - []
2023-11-07 09:33:33.025 TRACE 10456 --- [    Test worker] o.h.type.descriptor.sql.BasicExtractor   : extracted value ([modified5_2_] : [VARCHAR]) - []
2023-11-07 09:33:33.025 TRACE 10456 --- [    Test worker] o.h.type.descriptor.sql.BasicExtractor   : extracted value ([item_det6_2_] : [CLOB]) - [테스트 상품 상세 설명1]
2023-11-07 09:33:33.025 TRACE 10456 --- [    Test worker] o.h.type.descriptor.sql.BasicExtractor   : extracted value ([item_nm7_2_] : [VARCHAR]) - [테스트 상품1]
2023-11-07 09:33:33.025 TRACE 10456 --- [    Test worker] o.h.type.descriptor.sql.BasicExtractor   : extracted value ([item_sel8_2_] : [VARCHAR]) - [SELL]
2023-11-07 09:33:33.025 TRACE 10456 --- [    Test worker] o.h.type.descriptor.sql.BasicExtractor   : extracted value ([price9_2_] : [INTEGER]) - [10001]
2023-11-07 09:33:33.025 TRACE 10456 --- [    Test worker] o.h.type.descriptor.sql.BasicExtractor   : extracted value ([stock_n10_2_] : [INTEGER]) - [100]
2023-11-07 09:33:33.025 TRACE 10456 --- [    Test worker] o.h.type.descriptor.sql.BasicExtractor   : extracted value ([item_id1_2_] : [BIGINT]) - [79]
2023-11-07 09:33:33.025 TRACE 10456 --- [    Test worker] o.h.type.descriptor.sql.BasicExtractor   : extracted value ([reg_time2_2_] : [TIMESTAMP]) - [2023-11-07T09:33:32.999718]
2023-11-07 09:33:33.025 TRACE 10456 --- [    Test worker] o.h.type.descriptor.sql.BasicExtractor   : extracted value ([update_t3_2_] : [TIMESTAMP]) - [2023-11-07T09:33:32.999718]
2023-11-07 09:33:33.025 TRACE 10456 --- [    Test worker] o.h.type.descriptor.sql.BasicExtractor   : extracted value ([created_4_2_] : [VARCHAR]) - []
2023-11-07 09:33:33.025 TRACE 10456 --- [    Test worker] o.h.type.descriptor.sql.BasicExtractor   : extracted value ([modified5_2_] : [VARCHAR]) - []
2023-11-07 09:33:33.025 TRACE 10456 --- [    Test worker] o.h.type.descriptor.sql.BasicExtractor   : extracted value ([item_det6_2_] : [CLOB]) - [테스트 상품 상세 설명1]
2023-11-07 09:33:33.025 TRACE 10456 --- [    Test worker] o.h.type.descriptor.sql.BasicExtractor   : extracted value ([item_nm7_2_] : [VARCHAR]) - [테스트 상품1]
2023-11-07 09:33:33.025 TRACE 10456 --- [    Test worker] o.h.type.descriptor.sql.BasicExtractor   : extracted value ([item_sel8_2_] : [VARCHAR]) - [SELL]
2023-11-07 09:33:33.025 TRACE 10456 --- [    Test worker] o.h.type.descriptor.sql.BasicExtractor   : extracted value ([price9_2_] : [INTEGER]) - [10001]
2023-11-07 09:33:33.025 TRACE 10456 --- [    Test worker] o.h.type.descriptor.sql.BasicExtractor   : extracted value ([stock_n10_2_] : [INTEGER]) - [100]
Item(id=38, itemNm=테스트 상품10, price=10010, stockNumber=100, itemDetail=테스트 상품 상세 설명10, itemSellStatus=SELL)
Item(id=48, itemNm=테스트 상품10, price=10010, stockNumber=100, itemDetail=테스트 상품 상세 설명10, itemSellStatus=SELL)
Item(id=58, itemNm=테스트 상품10, price=10010, stockNumber=100, itemDetail=테스트 상품 상세 설명10, itemSellStatus=SELL)
Item(id=68, itemNm=테스트 상품10, price=10010, stockNumber=100, itemDetail=테스트 상품 상세 설명10, itemSellStatus=SELL)
Item(id=78, itemNm=테스트 상품10, price=10010, stockNumber=100, itemDetail=테스트 상품 상세 설명10, itemSellStatus=SELL)
Item(id=88, itemNm=테스트 상품10, price=10010, stockNumber=100, itemDetail=테스트 상품 상세 설명10, itemSellStatus=SELL)
Item(id=37, itemNm=테스트 상품9, price=10009, stockNumber=100, itemDetail=테스트 상품 상세 설명9, itemSellStatus=SELL)
Item(id=47, itemNm=테스트 상품9, price=10009, stockNumber=100, itemDetail=테스트 상품 상세 설명9, itemSellStatus=SELL)
Item(id=57, itemNm=테스트 상품9, price=10009, stockNumber=100, itemDetail=테스트 상품 상세 설명9, itemSellStatus=SELL)
Item(id=67, itemNm=테스트 상품9, price=10009, stockNumber=100, itemDetail=테스트 상품 상세 설명9, itemSellStatus=SELL)
Item(id=77, itemNm=테스트 상품9, price=10009, stockNumber=100, itemDetail=테스트 상품 상세 설명9, itemSellStatus=SELL)
Item(id=87, itemNm=테스트 상품9, price=10009, stockNumber=100, itemDetail=테스트 상품 상세 설명9, itemSellStatus=SELL)
Item(id=36, itemNm=테스트 상품8, price=10008, stockNumber=100, itemDetail=테스트 상품 상세 설명8, itemSellStatus=SELL)
Item(id=46, itemNm=테스트 상품8, price=10008, stockNumber=100, itemDetail=테스트 상품 상세 설명8, itemSellStatus=SELL)
Item(id=56, itemNm=테스트 상품8, price=10008, stockNumber=100, itemDetail=테스트 상품 상세 설명8, itemSellStatus=SELL)
Item(id=66, itemNm=테스트 상품8, price=10008, stockNumber=100, itemDetail=테스트 상품 상세 설명8, itemSellStatus=SELL)
Item(id=76, itemNm=테스트 상품8, price=10008, stockNumber=100, itemDetail=테스트 상품 상세 설명8, itemSellStatus=SELL)
Item(id=86, itemNm=테스트 상품8, price=10008, stockNumber=100, itemDetail=테스트 상품 상세 설명8, itemSellStatus=SELL)
Item(id=35, itemNm=테스트 상품7, price=10007, stockNumber=100, itemDetail=테스트 상품 상세 설명7, itemSellStatus=SELL)
Item(id=45, itemNm=테스트 상품7, price=10007, stockNumber=100, itemDetail=테스트 상품 상세 설명7, itemSellStatus=SELL)
Item(id=55, itemNm=테스트 상품7, price=10007, stockNumber=100, itemDetail=테스트 상품 상세 설명7, itemSellStatus=SELL)
Item(id=65, itemNm=테스트 상품7, price=10007, stockNumber=100, itemDetail=테스트 상품 상세 설명7, itemSellStatus=SELL)
Item(id=75, itemNm=테스트 상품7, price=10007, stockNumber=100, itemDetail=테스트 상품 상세 설명7, itemSellStatus=SELL)
Item(id=85, itemNm=테스트 상품7, price=10007, stockNumber=100, itemDetail=테스트 상품 상세 설명7, itemSellStatus=SELL)
Item(id=34, itemNm=테스트 상품6, price=10006, stockNumber=100, itemDetail=테스트 상품 상세 설명6, itemSellStatus=SELL)
Item(id=44, itemNm=테스트 상품6, price=10006, stockNumber=100, itemDetail=테스트 상품 상세 설명6, itemSellStatus=SELL)
Item(id=54, itemNm=테스트 상품6, price=10006, stockNumber=100, itemDetail=테스트 상품 상세 설명6, itemSellStatus=SELL)
Item(id=64, itemNm=테스트 상품6, price=10006, stockNumber=100, itemDetail=테스트 상품 상세 설명6, itemSellStatus=SELL)
Item(id=74, itemNm=테스트 상품6, price=10006, stockNumber=100, itemDetail=테스트 상품 상세 설명6, itemSellStatus=SELL)
Item(id=84, itemNm=테스트 상품6, price=10006, stockNumber=100, itemDetail=테스트 상품 상세 설명6, itemSellStatus=SELL)
Item(id=33, itemNm=테스트 상품5, price=10005, stockNumber=100, itemDetail=테스트 상품 상세 설명5, itemSellStatus=SELL)
Item(id=43, itemNm=테스트 상품5, price=10005, stockNumber=100, itemDetail=테스트 상품 상세 설명5, itemSellStatus=SELL)
Item(id=53, itemNm=테스트 상품5, price=10005, stockNumber=100, itemDetail=테스트 상품 상세 설명5, itemSellStatus=SELL)
Item(id=63, itemNm=테스트 상품5, price=10005, stockNumber=100, itemDetail=테스트 상품 상세 설명5, itemSellStatus=SELL)
Item(id=73, itemNm=테스트 상품5, price=10005, stockNumber=100, itemDetail=테스트 상품 상세 설명5, itemSellStatus=SELL)
Item(id=83, itemNm=테스트 상품5, price=10005, stockNumber=100, itemDetail=테스트 상품 상세 설명5, itemSellStatus=SELL)
Item(id=32, itemNm=테스트 상품4, price=10004, stockNumber=100, itemDetail=테스트 상품 상세 설명4, itemSellStatus=SELL)
Item(id=42, itemNm=테스트 상품4, price=10004, stockNumber=100, itemDetail=테스트 상품 상세 설명4, itemSellStatus=SELL)
Item(id=52, itemNm=테스트 상품4, price=10004, stockNumber=100, itemDetail=테스트 상품 상세 설명4, itemSellStatus=SELL)
Item(id=62, itemNm=테스트 상품4, price=10004, stockNumber=100, itemDetail=테스트 상품 상세 설명4, itemSellStatus=SELL)
Item(id=72, itemNm=테스트 상품4, price=10004, stockNumber=100, itemDetail=테스트 상품 상세 설명4, itemSellStatus=SELL)
Item(id=82, itemNm=테스트 상품4, price=10004, stockNumber=100, itemDetail=테스트 상품 상세 설명4, itemSellStatus=SELL)
Item(id=31, itemNm=테스트 상품3, price=10003, stockNumber=100, itemDetail=테스트 상품 상세 설명3, itemSellStatus=SELL)
Item(id=41, itemNm=테스트 상품3, price=10003, stockNumber=100, itemDetail=테스트 상품 상세 설명3, itemSellStatus=SELL)
Item(id=51, itemNm=테스트 상품3, price=10003, stockNumber=100, itemDetail=테스트 상품 상세 설명3, itemSellStatus=SELL)
Item(id=61, itemNm=테스트 상품3, price=10003, stockNumber=100, itemDetail=테스트 상품 상세 설명3, itemSellStatus=SELL)
Item(id=71, itemNm=테스트 상품3, price=10003, stockNumber=100, itemDetail=테스트 상품 상세 설명3, itemSellStatus=SELL)
Item(id=81, itemNm=테스트 상품3, price=10003, stockNumber=100, itemDetail=테스트 상품 상세 설명3, itemSellStatus=SELL)
Item(id=30, itemNm=테스트 상품2, price=10002, stockNumber=100, itemDetail=테스트 상품 상세 설명2, itemSellStatus=SELL)
Item(id=40, itemNm=테스트 상품2, price=10002, stockNumber=100, itemDetail=테스트 상품 상세 설명2, itemSellStatus=SELL)
Item(id=50, itemNm=테스트 상품2, price=10002, stockNumber=100, itemDetail=테스트 상품 상세 설명2, itemSellStatus=SELL)
Item(id=60, itemNm=테스트 상품2, price=10002, stockNumber=100, itemDetail=테스트 상품 상세 설명2, itemSellStatus=SELL)
Item(id=70, itemNm=테스트 상품2, price=10002, stockNumber=100, itemDetail=테스트 상품 상세 설명2, itemSellStatus=SELL)
Item(id=80, itemNm=테스트 상품2, price=10002, stockNumber=100, itemDetail=테스트 상품 상세 설명2, itemSellStatus=SELL)
Item(id=29, itemNm=테스트 상품1, price=10001, stockNumber=100, itemDetail=테스트 상품 상세 설명1, itemSellStatus=SELL)
Item(id=39, itemNm=테스트 상품1, price=10001, stockNumber=100, itemDetail=테스트 상품 상세 설명1, itemSellStatus=SELL)
Item(id=49, itemNm=테스트 상품1, price=10001, stockNumber=100, itemDetail=테스트 상품 상세 설명1, itemSellStatus=SELL)
Item(id=59, itemNm=테스트 상품1, price=10001, stockNumber=100, itemDetail=테스트 상품 상세 설명1, itemSellStatus=SELL)
Item(id=69, itemNm=테스트 상품1, price=10001, stockNumber=100, itemDetail=테스트 상품 상세 설명1, itemSellStatus=SELL)
Item(id=79, itemNm=테스트 상품1, price=10001, stockNumber=100, itemDetail=테스트 상품 상세 설명1, itemSellStatus=SELL)
Hibernate: 
    call next value for hibernate_sequence
Hibernate: 
    insert 
    into
        item
        (reg_time, update_time, created_by, modified_by, item_detail, item_nm, item_sell_status, price, stock_number, item_id) 
    values
        (?, ?, ?, ?, ?, ?, ?, ?, ?, ?)
2023-11-07 09:33:33.030 TRACE 10456 --- [    Test worker] o.h.type.descriptor.sql.BasicBinder      : binding parameter [1] as [TIMESTAMP] - [2023-11-07T09:33:33.029230]
2023-11-07 09:33:33.030 TRACE 10456 --- [    Test worker] o.h.type.descriptor.sql.BasicBinder      : binding parameter [2] as [TIMESTAMP] - [2023-11-07T09:33:33.029230]
2023-11-07 09:33:33.030 TRACE 10456 --- [    Test worker] o.h.type.descriptor.sql.BasicBinder      : binding parameter [3] as [VARCHAR] - []
2023-11-07 09:33:33.030 TRACE 10456 --- [    Test worker] o.h.type.descriptor.sql.BasicBinder      : binding parameter [4] as [VARCHAR] - []
2023-11-07 09:33:33.030 TRACE 10456 --- [    Test worker] o.h.type.descriptor.sql.BasicBinder      : binding parameter [5] as [CLOB] - [테스트 상품 상세 설명]
2023-11-07 09:33:33.030 TRACE 10456 --- [    Test worker] o.h.type.descriptor.sql.BasicBinder      : binding parameter [6] as [VARCHAR] - [테스트 상품]
2023-11-07 09:33:33.030 TRACE 10456 --- [    Test worker] o.h.type.descriptor.sql.BasicBinder      : binding parameter [7] as [VARCHAR] - [SELL]
2023-11-07 09:33:33.030 TRACE 10456 --- [    Test worker] o.h.type.descriptor.sql.BasicBinder      : binding parameter [8] as [INTEGER] - [10000]
2023-11-07 09:33:33.030 TRACE 10456 --- [    Test worker] o.h.type.descriptor.sql.BasicBinder      : binding parameter [9] as [INTEGER] - [100]
2023-11-07 09:33:33.030 TRACE 10456 --- [    Test worker] o.h.type.descriptor.sql.BasicBinder      : binding parameter [10] as [BIGINT] - [89]
Item(id=89, itemNm=테스트 상품, price=10000, stockNumber=100, itemDetail=테스트 상품 상세 설명, itemSellStatus=SELL)
Hibernate: 
    call next value for hibernate_sequence
Hibernate: 
    insert 
    into
        item
        (reg_time, update_time, created_by, modified_by, item_detail, item_nm, item_sell_status, price, stock_number, item_id) 
    values
        (?, ?, ?, ?, ?, ?, ?, ?, ?, ?)
2023-11-07 09:33:33.034 TRACE 10456 --- [    Test worker] o.h.type.descriptor.sql.BasicBinder      : binding parameter [1] as [TIMESTAMP] - [2023-11-07T09:33:33.034220600]
2023-11-07 09:33:33.034 TRACE 10456 --- [    Test worker] o.h.type.descriptor.sql.BasicBinder      : binding parameter [2] as [TIMESTAMP] - [2023-11-07T09:33:33.034220600]
2023-11-07 09:33:33.034 TRACE 10456 --- [    Test worker] o.h.type.descriptor.sql.BasicBinder      : binding parameter [3] as [VARCHAR] - []
2023-11-07 09:33:33.034 TRACE 10456 --- [    Test worker] o.h.type.descriptor.sql.BasicBinder      : binding parameter [4] as [VARCHAR] - []
2023-11-07 09:33:33.034 TRACE 10456 --- [    Test worker] o.h.type.descriptor.sql.BasicBinder      : binding parameter [5] as [CLOB] - [테스트 상품 상세 설명1]
2023-11-07 09:33:33.034 TRACE 10456 --- [    Test worker] o.h.type.descriptor.sql.BasicBinder      : binding parameter [6] as [VARCHAR] - [테스트 상품1]
2023-11-07 09:33:33.035 TRACE 10456 --- [    Test worker] o.h.type.descriptor.sql.BasicBinder      : binding parameter [7] as [VARCHAR] - [SELL]
2023-11-07 09:33:33.035 TRACE 10456 --- [    Test worker] o.h.type.descriptor.sql.BasicBinder      : binding parameter [8] as [INTEGER] - [10001]
2023-11-07 09:33:33.035 TRACE 10456 --- [    Test worker] o.h.type.descriptor.sql.BasicBinder      : binding parameter [9] as [INTEGER] - [100]
2023-11-07 09:33:33.035 TRACE 10456 --- [    Test worker] o.h.type.descriptor.sql.BasicBinder      : binding parameter [10] as [BIGINT] - [90]
Hibernate: 
    call next value for hibernate_sequence
Hibernate: 
    insert 
    into
        item
        (reg_time, update_time, created_by, modified_by, item_detail, item_nm, item_sell_status, price, stock_number, item_id) 
    values
        (?, ?, ?, ?, ?, ?, ?, ?, ?, ?)
2023-11-07 09:33:33.036 TRACE 10456 --- [    Test worker] o.h.type.descriptor.sql.BasicBinder      : binding parameter [1] as [TIMESTAMP] - [2023-11-07T09:33:33.035222400]
2023-11-07 09:33:33.036 TRACE 10456 --- [    Test worker] o.h.type.descriptor.sql.BasicBinder      : binding parameter [2] as [TIMESTAMP] - [2023-11-07T09:33:33.035222400]
2023-11-07 09:33:33.036 TRACE 10456 --- [    Test worker] o.h.type.descriptor.sql.BasicBinder      : binding parameter [3] as [VARCHAR] - []
2023-11-07 09:33:33.036 TRACE 10456 --- [    Test worker] o.h.type.descriptor.sql.BasicBinder      : binding parameter [4] as [VARCHAR] - []
2023-11-07 09:33:33.036 TRACE 10456 --- [    Test worker] o.h.type.descriptor.sql.BasicBinder      : binding parameter [5] as [CLOB] - [테스트 상품 상세 설명2]
2023-11-07 09:33:33.036 TRACE 10456 --- [    Test worker] o.h.type.descriptor.sql.BasicBinder      : binding parameter [6] as [VARCHAR] - [테스트 상품2]
2023-11-07 09:33:33.036 TRACE 10456 --- [    Test worker] o.h.type.descriptor.sql.BasicBinder      : binding parameter [7] as [VARCHAR] - [SELL]
2023-11-07 09:33:33.036 TRACE 10456 --- [    Test worker] o.h.type.descriptor.sql.BasicBinder      : binding parameter [8] as [INTEGER] - [10002]
2023-11-07 09:33:33.036 TRACE 10456 --- [    Test worker] o.h.type.descriptor.sql.BasicBinder      : binding parameter [9] as [INTEGER] - [100]
2023-11-07 09:33:33.036 TRACE 10456 --- [    Test worker] o.h.type.descriptor.sql.BasicBinder      : binding parameter [10] as [BIGINT] - [91]
Hibernate: 
    call next value for hibernate_sequence
Hibernate: 
    insert 
    into
        item
        (reg_time, update_time, created_by, modified_by, item_detail, item_nm, item_sell_status, price, stock_number, item_id) 
    values
        (?, ?, ?, ?, ?, ?, ?, ?, ?, ?)
2023-11-07 09:33:33.036 TRACE 10456 --- [    Test worker] o.h.type.descriptor.sql.BasicBinder      : binding parameter [1] as [TIMESTAMP] - [2023-11-07T09:33:33.036220900]
2023-11-07 09:33:33.037 TRACE 10456 --- [    Test worker] o.h.type.descriptor.sql.BasicBinder      : binding parameter [2] as [TIMESTAMP] - [2023-11-07T09:33:33.036220900]
2023-11-07 09:33:33.037 TRACE 10456 --- [    Test worker] o.h.type.descriptor.sql.BasicBinder      : binding parameter [3] as [VARCHAR] - []
2023-11-07 09:33:33.037 TRACE 10456 --- [    Test worker] o.h.type.descriptor.sql.BasicBinder      : binding parameter [4] as [VARCHAR] - []
2023-11-07 09:33:33.037 TRACE 10456 --- [    Test worker] o.h.type.descriptor.sql.BasicBinder      : binding parameter [5] as [CLOB] - [테스트 상품 상세 설명3]
2023-11-07 09:33:33.037 TRACE 10456 --- [    Test worker] o.h.type.descriptor.sql.BasicBinder      : binding parameter [6] as [VARCHAR] - [테스트 상품3]
2023-11-07 09:33:33.037 TRACE 10456 --- [    Test worker] o.h.type.descriptor.sql.BasicBinder      : binding parameter [7] as [VARCHAR] - [SELL]
2023-11-07 09:33:33.037 TRACE 10456 --- [    Test worker] o.h.type.descriptor.sql.BasicBinder      : binding parameter [8] as [INTEGER] - [10003]
2023-11-07 09:33:33.037 TRACE 10456 --- [    Test worker] o.h.type.descriptor.sql.BasicBinder      : binding parameter [9] as [INTEGER] - [100]
2023-11-07 09:33:33.037 TRACE 10456 --- [    Test worker] o.h.type.descriptor.sql.BasicBinder      : binding parameter [10] as [BIGINT] - [92]
Hibernate: 
    call next value for hibernate_sequence
Hibernate: 
    insert 
    into
        item
        (reg_time, update_time, created_by, modified_by, item_detail, item_nm, item_sell_status, price, stock_number, item_id) 
    values
        (?, ?, ?, ?, ?, ?, ?, ?, ?, ?)
2023-11-07 09:33:33.037 TRACE 10456 --- [    Test worker] o.h.type.descriptor.sql.BasicBinder      : binding parameter [1] as [TIMESTAMP] - [2023-11-07T09:33:33.037229200]
2023-11-07 09:33:33.037 TRACE 10456 --- [    Test worker] o.h.type.descriptor.sql.BasicBinder      : binding parameter [2] as [TIMESTAMP] - [2023-11-07T09:33:33.037229200]
2023-11-07 09:33:33.037 TRACE 10456 --- [    Test worker] o.h.type.descriptor.sql.BasicBinder      : binding parameter [3] as [VARCHAR] - []
2023-11-07 09:33:33.037 TRACE 10456 --- [    Test worker] o.h.type.descriptor.sql.BasicBinder      : binding parameter [4] as [VARCHAR] - []
2023-11-07 09:33:33.037 TRACE 10456 --- [    Test worker] o.h.type.descriptor.sql.BasicBinder      : binding parameter [5] as [CLOB] - [테스트 상품 상세 설명4]
2023-11-07 09:33:33.037 TRACE 10456 --- [    Test worker] o.h.type.descriptor.sql.BasicBinder      : binding parameter [6] as [VARCHAR] - [테스트 상품4]
2023-11-07 09:33:33.037 TRACE 10456 --- [    Test worker] o.h.type.descriptor.sql.BasicBinder      : binding parameter [7] as [VARCHAR] - [SELL]
2023-11-07 09:33:33.037 TRACE 10456 --- [    Test worker] o.h.type.descriptor.sql.BasicBinder      : binding parameter [8] as [INTEGER] - [10004]
2023-11-07 09:33:33.037 TRACE 10456 --- [    Test worker] o.h.type.descriptor.sql.BasicBinder      : binding parameter [9] as [INTEGER] - [100]
2023-11-07 09:33:33.037 TRACE 10456 --- [    Test worker] o.h.type.descriptor.sql.BasicBinder      : binding parameter [10] as [BIGINT] - [93]
Hibernate: 
    call next value for hibernate_sequence
Hibernate: 
    insert 
    into
        item
        (reg_time, update_time, created_by, modified_by, item_detail, item_nm, item_sell_status, price, stock_number, item_id) 
    values
        (?, ?, ?, ?, ?, ?, ?, ?, ?, ?)
2023-11-07 09:33:33.038 TRACE 10456 --- [    Test worker] o.h.type.descriptor.sql.BasicBinder      : binding parameter [1] as [TIMESTAMP] - [2023-11-07T09:33:33.038221]
2023-11-07 09:33:33.038 TRACE 10456 --- [    Test worker] o.h.type.descriptor.sql.BasicBinder      : binding parameter [2] as [TIMESTAMP] - [2023-11-07T09:33:33.038221]
2023-11-07 09:33:33.038 TRACE 10456 --- [    Test worker] o.h.type.descriptor.sql.BasicBinder      : binding parameter [3] as [VARCHAR] - []
2023-11-07 09:33:33.038 TRACE 10456 --- [    Test worker] o.h.type.descriptor.sql.BasicBinder      : binding parameter [4] as [VARCHAR] - []
2023-11-07 09:33:33.038 TRACE 10456 --- [    Test worker] o.h.type.descriptor.sql.BasicBinder      : binding parameter [5] as [CLOB] - [테스트 상품 상세 설명5]
2023-11-07 09:33:33.038 TRACE 10456 --- [    Test worker] o.h.type.descriptor.sql.BasicBinder      : binding parameter [6] as [VARCHAR] - [테스트 상품5]
2023-11-07 09:33:33.038 TRACE 10456 --- [    Test worker] o.h.type.descriptor.sql.BasicBinder      : binding parameter [7] as [VARCHAR] - [SELL]
2023-11-07 09:33:33.038 TRACE 10456 --- [    Test worker] o.h.type.descriptor.sql.BasicBinder      : binding parameter [8] as [INTEGER] - [10005]
2023-11-07 09:33:33.038 TRACE 10456 --- [    Test worker] o.h.type.descriptor.sql.BasicBinder      : binding parameter [9] as [INTEGER] - [100]
2023-11-07 09:33:33.038 TRACE 10456 --- [    Test worker] o.h.type.descriptor.sql.BasicBinder      : binding parameter [10] as [BIGINT] - [94]
Hibernate: 
    call next value for hibernate_sequence
Hibernate: 
    insert 
    into
        item
        (reg_time, update_time, created_by, modified_by, item_detail, item_nm, item_sell_status, price, stock_number, item_id) 
    values
        (?, ?, ?, ?, ?, ?, ?, ?, ?, ?)
2023-11-07 09:33:33.039 TRACE 10456 --- [    Test worker] o.h.type.descriptor.sql.BasicBinder      : binding parameter [1] as [TIMESTAMP] - [2023-11-07T09:33:33.039229900]
2023-11-07 09:33:33.039 TRACE 10456 --- [    Test worker] o.h.type.descriptor.sql.BasicBinder      : binding parameter [2] as [TIMESTAMP] - [2023-11-07T09:33:33.039229900]
2023-11-07 09:33:33.039 TRACE 10456 --- [    Test worker] o.h.type.descriptor.sql.BasicBinder      : binding parameter [3] as [VARCHAR] - []
2023-11-07 09:33:33.039 TRACE 10456 --- [    Test worker] o.h.type.descriptor.sql.BasicBinder      : binding parameter [4] as [VARCHAR] - []
2023-11-07 09:33:33.039 TRACE 10456 --- [    Test worker] o.h.type.descriptor.sql.BasicBinder      : binding parameter [5] as [CLOB] - [테스트 상품 상세 설명6]
2023-11-07 09:33:33.039 TRACE 10456 --- [    Test worker] o.h.type.descriptor.sql.BasicBinder      : binding parameter [6] as [VARCHAR] - [테스트 상품6]
2023-11-07 09:33:33.039 TRACE 10456 --- [    Test worker] o.h.type.descriptor.sql.BasicBinder      : binding parameter [7] as [VARCHAR] - [SOLD_OUT]
2023-11-07 09:33:33.039 TRACE 10456 --- [    Test worker] o.h.type.descriptor.sql.BasicBinder      : binding parameter [8] as [INTEGER] - [10006]
2023-11-07 09:33:33.039 TRACE 10456 --- [    Test worker] o.h.type.descriptor.sql.BasicBinder      : binding parameter [9] as [INTEGER] - [0]
2023-11-07 09:33:33.039 TRACE 10456 --- [    Test worker] o.h.type.descriptor.sql.BasicBinder      : binding parameter [10] as [BIGINT] - [95]
Hibernate: 
    call next value for hibernate_sequence
Hibernate: 
    insert 
    into
        item
        (reg_time, update_time, created_by, modified_by, item_detail, item_nm, item_sell_status, price, stock_number, item_id) 
    values
        (?, ?, ?, ?, ?, ?, ?, ?, ?, ?)
2023-11-07 09:33:33.040 TRACE 10456 --- [    Test worker] o.h.type.descriptor.sql.BasicBinder      : binding parameter [1] as [TIMESTAMP] - [2023-11-07T09:33:33.039229900]
2023-11-07 09:33:33.040 TRACE 10456 --- [    Test worker] o.h.type.descriptor.sql.BasicBinder      : binding parameter [2] as [TIMESTAMP] - [2023-11-07T09:33:33.039229900]
2023-11-07 09:33:33.040 TRACE 10456 --- [    Test worker] o.h.type.descriptor.sql.BasicBinder      : binding parameter [3] as [VARCHAR] - []
2023-11-07 09:33:33.040 TRACE 10456 --- [    Test worker] o.h.type.descriptor.sql.BasicBinder      : binding parameter [4] as [VARCHAR] - []
2023-11-07 09:33:33.040 TRACE 10456 --- [    Test worker] o.h.type.descriptor.sql.BasicBinder      : binding parameter [5] as [CLOB] - [테스트 상품 상세 설명7]
2023-11-07 09:33:33.040 TRACE 10456 --- [    Test worker] o.h.type.descriptor.sql.BasicBinder      : binding parameter [6] as [VARCHAR] - [테스트 상품7]
2023-11-07 09:33:33.040 TRACE 10456 --- [    Test worker] o.h.type.descriptor.sql.BasicBinder      : binding parameter [7] as [VARCHAR] - [SOLD_OUT]
2023-11-07 09:33:33.040 TRACE 10456 --- [    Test worker] o.h.type.descriptor.sql.BasicBinder      : binding parameter [8] as [INTEGER] - [10007]
2023-11-07 09:33:33.040 TRACE 10456 --- [    Test worker] o.h.type.descriptor.sql.BasicBinder      : binding parameter [9] as [INTEGER] - [0]
2023-11-07 09:33:33.040 TRACE 10456 --- [    Test worker] o.h.type.descriptor.sql.BasicBinder      : binding parameter [10] as [BIGINT] - [96]
Hibernate: 
    call next value for hibernate_sequence
Hibernate: 
    insert 
    into
        item
        (reg_time, update_time, created_by, modified_by, item_detail, item_nm, item_sell_status, price, stock_number, item_id) 
    values
        (?, ?, ?, ?, ?, ?, ?, ?, ?, ?)
2023-11-07 09:33:33.040 TRACE 10456 --- [    Test worker] o.h.type.descriptor.sql.BasicBinder      : binding parameter [1] as [TIMESTAMP] - [2023-11-07T09:33:33.040221200]
2023-11-07 09:33:33.040 TRACE 10456 --- [    Test worker] o.h.type.descriptor.sql.BasicBinder      : binding parameter [2] as [TIMESTAMP] - [2023-11-07T09:33:33.040221200]
2023-11-07 09:33:33.040 TRACE 10456 --- [    Test worker] o.h.type.descriptor.sql.BasicBinder      : binding parameter [3] as [VARCHAR] - []
2023-11-07 09:33:33.040 TRACE 10456 --- [    Test worker] o.h.type.descriptor.sql.BasicBinder      : binding parameter [4] as [VARCHAR] - []
2023-11-07 09:33:33.040 TRACE 10456 --- [    Test worker] o.h.type.descriptor.sql.BasicBinder      : binding parameter [5] as [CLOB] - [테스트 상품 상세 설명8]
2023-11-07 09:33:33.041 TRACE 10456 --- [    Test worker] o.h.type.descriptor.sql.BasicBinder      : binding parameter [6] as [VARCHAR] - [테스트 상품8]
2023-11-07 09:33:33.041 TRACE 10456 --- [    Test worker] o.h.type.descriptor.sql.BasicBinder      : binding parameter [7] as [VARCHAR] - [SOLD_OUT]
2023-11-07 09:33:33.041 TRACE 10456 --- [    Test worker] o.h.type.descriptor.sql.BasicBinder      : binding parameter [8] as [INTEGER] - [10008]
2023-11-07 09:33:33.041 TRACE 10456 --- [    Test worker] o.h.type.descriptor.sql.BasicBinder      : binding parameter [9] as [INTEGER] - [0]
2023-11-07 09:33:33.041 TRACE 10456 --- [    Test worker] o.h.type.descriptor.sql.BasicBinder      : binding parameter [10] as [BIGINT] - [97]
Hibernate: 
    call next value for hibernate_sequence
Hibernate: 
    insert 
    into
        item
        (reg_time, update_time, created_by, modified_by, item_detail, item_nm, item_sell_status, price, stock_number, item_id) 
    values
        (?, ?, ?, ?, ?, ?, ?, ?, ?, ?)
2023-11-07 09:33:33.041 TRACE 10456 --- [    Test worker] o.h.type.descriptor.sql.BasicBinder      : binding parameter [1] as [TIMESTAMP] - [2023-11-07T09:33:33.041221900]
2023-11-07 09:33:33.041 TRACE 10456 --- [    Test worker] o.h.type.descriptor.sql.BasicBinder      : binding parameter [2] as [TIMESTAMP] - [2023-11-07T09:33:33.041221900]
2023-11-07 09:33:33.041 TRACE 10456 --- [    Test worker] o.h.type.descriptor.sql.BasicBinder      : binding parameter [3] as [VARCHAR] - []
2023-11-07 09:33:33.041 TRACE 10456 --- [    Test worker] o.h.type.descriptor.sql.BasicBinder      : binding parameter [4] as [VARCHAR] - []
2023-11-07 09:33:33.041 TRACE 10456 --- [    Test worker] o.h.type.descriptor.sql.BasicBinder      : binding parameter [5] as [CLOB] - [테스트 상품 상세 설명9]
2023-11-07 09:33:33.041 TRACE 10456 --- [    Test worker] o.h.type.descriptor.sql.BasicBinder      : binding parameter [6] as [VARCHAR] - [테스트 상품9]
2023-11-07 09:33:33.041 TRACE 10456 --- [    Test worker] o.h.type.descriptor.sql.BasicBinder      : binding parameter [7] as [VARCHAR] - [SOLD_OUT]
2023-11-07 09:33:33.041 TRACE 10456 --- [    Test worker] o.h.type.descriptor.sql.BasicBinder      : binding parameter [8] as [INTEGER] - [10009]
2023-11-07 09:33:33.041 TRACE 10456 --- [    Test worker] o.h.type.descriptor.sql.BasicBinder      : binding parameter [9] as [INTEGER] - [0]
2023-11-07 09:33:33.041 TRACE 10456 --- [    Test worker] o.h.type.descriptor.sql.BasicBinder      : binding parameter [10] as [BIGINT] - [98]
Hibernate: 
    call next value for hibernate_sequence
Hibernate: 
    insert 
    into
        item
        (reg_time, update_time, created_by, modified_by, item_detail, item_nm, item_sell_status, price, stock_number, item_id) 
    values
        (?, ?, ?, ?, ?, ?, ?, ?, ?, ?)
2023-11-07 09:33:33.042 TRACE 10456 --- [    Test worker] o.h.type.descriptor.sql.BasicBinder      : binding parameter [1] as [TIMESTAMP] - [2023-11-07T09:33:33.042221800]
2023-11-07 09:33:33.042 TRACE 10456 --- [    Test worker] o.h.type.descriptor.sql.BasicBinder      : binding parameter [2] as [TIMESTAMP] - [2023-11-07T09:33:33.042221800]
2023-11-07 09:33:33.042 TRACE 10456 --- [    Test worker] o.h.type.descriptor.sql.BasicBinder      : binding parameter [3] as [VARCHAR] - []
2023-11-07 09:33:33.042 TRACE 10456 --- [    Test worker] o.h.type.descriptor.sql.BasicBinder      : binding parameter [4] as [VARCHAR] - []
2023-11-07 09:33:33.042 TRACE 10456 --- [    Test worker] o.h.type.descriptor.sql.BasicBinder      : binding parameter [5] as [CLOB] - [테스트 상품 상세 설명10]
2023-11-07 09:33:33.042 TRACE 10456 --- [    Test worker] o.h.type.descriptor.sql.BasicBinder      : binding parameter [6] as [VARCHAR] - [테스트 상품10]
2023-11-07 09:33:33.042 TRACE 10456 --- [    Test worker] o.h.type.descriptor.sql.BasicBinder      : binding parameter [7] as [VARCHAR] - [SOLD_OUT]
2023-11-07 09:33:33.042 TRACE 10456 --- [    Test worker] o.h.type.descriptor.sql.BasicBinder      : binding parameter [8] as [INTEGER] - [10010]
2023-11-07 09:33:33.042 TRACE 10456 --- [    Test worker] o.h.type.descriptor.sql.BasicBinder      : binding parameter [9] as [INTEGER] - [0]
2023-11-07 09:33:33.042 TRACE 10456 --- [    Test worker] o.h.type.descriptor.sql.BasicBinder      : binding parameter [10] as [BIGINT] - [99]
SELL
Hibernate: 
    select
        item0_.item_id as item_id1_2_,
        item0_.reg_time as reg_time2_2_,
        item0_.update_time as update_t3_2_,
        item0_.created_by as created_4_2_,
        item0_.modified_by as modified5_2_,
        item0_.item_detail as item_det6_2_,
        item0_.item_nm as item_nm7_2_,
        item0_.item_sell_status as item_sel8_2_,
        item0_.price as price9_2_,
        item0_.stock_number as stock_n10_2_ 
    from
        item item0_ 
    where
        (
            item0_.item_detail like ? escape '!'
        ) 
        and item0_.price>? 
        and item0_.item_sell_status=? limit ?
2023-11-07 09:33:33.048 TRACE 10456 --- [    Test worker] o.h.type.descriptor.sql.BasicBinder      : binding parameter [1] as [CLOB] - [%테스트 상품 상세 설명%]
2023-11-07 09:33:33.048 TRACE 10456 --- [    Test worker] o.h.type.descriptor.sql.BasicBinder      : binding parameter [2] as [INTEGER] - [10003]
2023-11-07 09:33:33.048 TRACE 10456 --- [    Test worker] o.h.type.descriptor.sql.BasicBinder      : binding parameter [3] as [VARCHAR] - [SELL]
2023-11-07 09:33:33.048 TRACE 10456 --- [    Test worker] o.h.type.descriptor.sql.BasicExtractor   : extracted value ([item_id1_2_] : [BIGINT]) - [32]
2023-11-07 09:33:33.048 TRACE 10456 --- [    Test worker] o.h.type.descriptor.sql.BasicExtractor   : extracted value ([reg_time2_2_] : [TIMESTAMP]) - [2023-11-07T09:33:32.834975]
2023-11-07 09:33:33.048 TRACE 10456 --- [    Test worker] o.h.type.descriptor.sql.BasicExtractor   : extracted value ([update_t3_2_] : [TIMESTAMP]) - [2023-11-07T09:33:32.834975]
2023-11-07 09:33:33.048 TRACE 10456 --- [    Test worker] o.h.type.descriptor.sql.BasicExtractor   : extracted value ([created_4_2_] : [VARCHAR]) - []
2023-11-07 09:33:33.048 TRACE 10456 --- [    Test worker] o.h.type.descriptor.sql.BasicExtractor   : extracted value ([modified5_2_] : [VARCHAR]) - []
2023-11-07 09:33:33.049 TRACE 10456 --- [    Test worker] o.h.type.descriptor.sql.BasicExtractor   : extracted value ([item_det6_2_] : [CLOB]) - [테스트 상품 상세 설명4]
2023-11-07 09:33:33.049 TRACE 10456 --- [    Test worker] o.h.type.descriptor.sql.BasicExtractor   : extracted value ([item_nm7_2_] : [VARCHAR]) - [테스트 상품4]
2023-11-07 09:33:33.049 TRACE 10456 --- [    Test worker] o.h.type.descriptor.sql.BasicExtractor   : extracted value ([item_sel8_2_] : [VARCHAR]) - [SELL]
2023-11-07 09:33:33.049 TRACE 10456 --- [    Test worker] o.h.type.descriptor.sql.BasicExtractor   : extracted value ([price9_2_] : [INTEGER]) - [10004]
2023-11-07 09:33:33.049 TRACE 10456 --- [    Test worker] o.h.type.descriptor.sql.BasicExtractor   : extracted value ([stock_n10_2_] : [INTEGER]) - [100]
2023-11-07 09:33:33.049 TRACE 10456 --- [    Test worker] o.h.type.descriptor.sql.BasicExtractor   : extracted value ([item_id1_2_] : [BIGINT]) - [33]
2023-11-07 09:33:33.049 TRACE 10456 --- [    Test worker] o.h.type.descriptor.sql.BasicExtractor   : extracted value ([reg_time2_2_] : [TIMESTAMP]) - [2023-11-07T09:33:32.835976]
2023-11-07 09:33:33.049 TRACE 10456 --- [    Test worker] o.h.type.descriptor.sql.BasicExtractor   : extracted value ([update_t3_2_] : [TIMESTAMP]) - [2023-11-07T09:33:32.835976]
2023-11-07 09:33:33.049 TRACE 10456 --- [    Test worker] o.h.type.descriptor.sql.BasicExtractor   : extracted value ([created_4_2_] : [VARCHAR]) - []
2023-11-07 09:33:33.049 TRACE 10456 --- [    Test worker] o.h.type.descriptor.sql.BasicExtractor   : extracted value ([modified5_2_] : [VARCHAR]) - []
2023-11-07 09:33:33.049 TRACE 10456 --- [    Test worker] o.h.type.descriptor.sql.BasicExtractor   : extracted value ([item_det6_2_] : [CLOB]) - [테스트 상품 상세 설명5]
2023-11-07 09:33:33.049 TRACE 10456 --- [    Test worker] o.h.type.descriptor.sql.BasicExtractor   : extracted value ([item_nm7_2_] : [VARCHAR]) - [테스트 상품5]
2023-11-07 09:33:33.049 TRACE 10456 --- [    Test worker] o.h.type.descriptor.sql.BasicExtractor   : extracted value ([item_sel8_2_] : [VARCHAR]) - [SELL]
2023-11-07 09:33:33.049 TRACE 10456 --- [    Test worker] o.h.type.descriptor.sql.BasicExtractor   : extracted value ([price9_2_] : [INTEGER]) - [10005]
2023-11-07 09:33:33.049 TRACE 10456 --- [    Test worker] o.h.type.descriptor.sql.BasicExtractor   : extracted value ([stock_n10_2_] : [INTEGER]) - [100]
2023-11-07 09:33:33.049 TRACE 10456 --- [    Test worker] o.h.type.descriptor.sql.BasicExtractor   : extracted value ([item_id1_2_] : [BIGINT]) - [34]
2023-11-07 09:33:33.049 TRACE 10456 --- [    Test worker] o.h.type.descriptor.sql.BasicExtractor   : extracted value ([reg_time2_2_] : [TIMESTAMP]) - [2023-11-07T09:33:32.836975]
2023-11-07 09:33:33.049 TRACE 10456 --- [    Test worker] o.h.type.descriptor.sql.BasicExtractor   : extracted value ([update_t3_2_] : [TIMESTAMP]) - [2023-11-07T09:33:32.836975]
2023-11-07 09:33:33.049 TRACE 10456 --- [    Test worker] o.h.type.descriptor.sql.BasicExtractor   : extracted value ([created_4_2_] : [VARCHAR]) - []
2023-11-07 09:33:33.049 TRACE 10456 --- [    Test worker] o.h.type.descriptor.sql.BasicExtractor   : extracted value ([modified5_2_] : [VARCHAR]) - []
2023-11-07 09:33:33.049 TRACE 10456 --- [    Test worker] o.h.type.descriptor.sql.BasicExtractor   : extracted value ([item_det6_2_] : [CLOB]) - [테스트 상품 상세 설명6]
2023-11-07 09:33:33.049 TRACE 10456 --- [    Test worker] o.h.type.descriptor.sql.BasicExtractor   : extracted value ([item_nm7_2_] : [VARCHAR]) - [테스트 상품6]
2023-11-07 09:33:33.049 TRACE 10456 --- [    Test worker] o.h.type.descriptor.sql.BasicExtractor   : extracted value ([item_sel8_2_] : [VARCHAR]) - [SELL]
2023-11-07 09:33:33.049 TRACE 10456 --- [    Test worker] o.h.type.descriptor.sql.BasicExtractor   : extracted value ([price9_2_] : [INTEGER]) - [10006]
2023-11-07 09:33:33.049 TRACE 10456 --- [    Test worker] o.h.type.descriptor.sql.BasicExtractor   : extracted value ([stock_n10_2_] : [INTEGER]) - [100]
2023-11-07 09:33:33.049 TRACE 10456 --- [    Test worker] o.h.type.descriptor.sql.BasicExtractor   : extracted value ([item_id1_2_] : [BIGINT]) - [35]
2023-11-07 09:33:33.049 TRACE 10456 --- [    Test worker] o.h.type.descriptor.sql.BasicExtractor   : extracted value ([reg_time2_2_] : [TIMESTAMP]) - [2023-11-07T09:33:32.838975]
2023-11-07 09:33:33.049 TRACE 10456 --- [    Test worker] o.h.type.descriptor.sql.BasicExtractor   : extracted value ([update_t3_2_] : [TIMESTAMP]) - [2023-11-07T09:33:32.838975]
2023-11-07 09:33:33.049 TRACE 10456 --- [    Test worker] o.h.type.descriptor.sql.BasicExtractor   : extracted value ([created_4_2_] : [VARCHAR]) - []
2023-11-07 09:33:33.049 TRACE 10456 --- [    Test worker] o.h.type.descriptor.sql.BasicExtractor   : extracted value ([modified5_2_] : [VARCHAR]) - []
2023-11-07 09:33:33.049 TRACE 10456 --- [    Test worker] o.h.type.descriptor.sql.BasicExtractor   : extracted value ([item_det6_2_] : [CLOB]) - [테스트 상품 상세 설명7]
2023-11-07 09:33:33.049 TRACE 10456 --- [    Test worker] o.h.type.descriptor.sql.BasicExtractor   : extracted value ([item_nm7_2_] : [VARCHAR]) - [테스트 상품7]
2023-11-07 09:33:33.049 TRACE 10456 --- [    Test worker] o.h.type.descriptor.sql.BasicExtractor   : extracted value ([item_sel8_2_] : [VARCHAR]) - [SELL]
2023-11-07 09:33:33.049 TRACE 10456 --- [    Test worker] o.h.type.descriptor.sql.BasicExtractor   : extracted value ([price9_2_] : [INTEGER]) - [10007]
2023-11-07 09:33:33.049 TRACE 10456 --- [    Test worker] o.h.type.descriptor.sql.BasicExtractor   : extracted value ([stock_n10_2_] : [INTEGER]) - [100]
2023-11-07 09:33:33.049 TRACE 10456 --- [    Test worker] o.h.type.descriptor.sql.BasicExtractor   : extracted value ([item_id1_2_] : [BIGINT]) - [36]
2023-11-07 09:33:33.049 TRACE 10456 --- [    Test worker] o.h.type.descriptor.sql.BasicExtractor   : extracted value ([reg_time2_2_] : [TIMESTAMP]) - [2023-11-07T09:33:32.839976]
2023-11-07 09:33:33.050 TRACE 10456 --- [    Test worker] o.h.type.descriptor.sql.BasicExtractor   : extracted value ([update_t3_2_] : [TIMESTAMP]) - [2023-11-07T09:33:32.839976]
2023-11-07 09:33:33.050 TRACE 10456 --- [    Test worker] o.h.type.descriptor.sql.BasicExtractor   : extracted value ([created_4_2_] : [VARCHAR]) - []
2023-11-07 09:33:33.050 TRACE 10456 --- [    Test worker] o.h.type.descriptor.sql.BasicExtractor   : extracted value ([modified5_2_] : [VARCHAR]) - []
2023-11-07 09:33:33.050 TRACE 10456 --- [    Test worker] o.h.type.descriptor.sql.BasicExtractor   : extracted value ([item_det6_2_] : [CLOB]) - [테스트 상품 상세 설명8]
2023-11-07 09:33:33.050 TRACE 10456 --- [    Test worker] o.h.type.descriptor.sql.BasicExtractor   : extracted value ([item_nm7_2_] : [VARCHAR]) - [테스트 상품8]
2023-11-07 09:33:33.050 TRACE 10456 --- [    Test worker] o.h.type.descriptor.sql.BasicExtractor   : extracted value ([item_sel8_2_] : [VARCHAR]) - [SELL]
2023-11-07 09:33:33.050 TRACE 10456 --- [    Test worker] o.h.type.descriptor.sql.BasicExtractor   : extracted value ([price9_2_] : [INTEGER]) - [10008]
2023-11-07 09:33:33.050 TRACE 10456 --- [    Test worker] o.h.type.descriptor.sql.BasicExtractor   : extracted value ([stock_n10_2_] : [INTEGER]) - [100]
Hibernate: 
    select
        count(item0_.item_id) as col_0_0_ 
    from
        item item0_ 
    where
        (
            item0_.item_detail like ? escape '!'
        ) 
        and item0_.price>? 
        and item0_.item_sell_status=?
2023-11-07 09:33:33.053 TRACE 10456 --- [    Test worker] o.h.type.descriptor.sql.BasicBinder      : binding parameter [1] as [CLOB] - [%테스트 상품 상세 설명%]
2023-11-07 09:33:33.053 TRACE 10456 --- [    Test worker] o.h.type.descriptor.sql.BasicBinder      : binding parameter [2] as [INTEGER] - [10003]
2023-11-07 09:33:33.053 TRACE 10456 --- [    Test worker] o.h.type.descriptor.sql.BasicBinder      : binding parameter [3] as [VARCHAR] - [SELL]
2023-11-07 09:33:33.056 TRACE 10456 --- [    Test worker] o.h.type.descriptor.sql.BasicExtractor   : extracted value ([col_0_0_] : [BIGINT]) - [44]
total elements : 44
Item(id=32, itemNm=테스트 상품4, price=10004, stockNumber=100, itemDetail=테스트 상품 상세 설명4, itemSellStatus=SELL)
Item(id=33, itemNm=테스트 상품5, price=10005, stockNumber=100, itemDetail=테스트 상품 상세 설명5, itemSellStatus=SELL)
Item(id=34, itemNm=테스트 상품6, price=10006, stockNumber=100, itemDetail=테스트 상품 상세 설명6, itemSellStatus=SELL)
Item(id=35, itemNm=테스트 상품7, price=10007, stockNumber=100, itemDetail=테스트 상품 상세 설명7, itemSellStatus=SELL)
Item(id=36, itemNm=테스트 상품8, price=10008, stockNumber=100, itemDetail=테스트 상품 상세 설명8, itemSellStatus=SELL)
]]></system-out>
  <system-err><![CDATA[]]></system-err>
</testsuite>
