<?xml version="1.0" encoding="UTF-8"?>
<testsuite name="com.shop.entity.MemberTest" tests="1" skipped="0" failures="0" errors="0" timestamp="2023-11-07T00:33:32" hostname="FULL8-000" time="0.007">
  <properties/>
  <testcase name="Auditing 테스트" classname="com.shop.entity.MemberTest" time="0.007"/>
  <system-out><![CDATA[2023-11-07 09:33:32.729  INFO 10456 --- [    Test worker] .b.t.c.SpringBootTestContextBootstrapper : Neither @ContextConfiguration nor @ContextHierarchy found for test class [com.shop.entity.MemberTest], using SpringBootContextLoader
2023-11-07 09:33:32.729  INFO 10456 --- [    Test worker] o.s.t.c.support.AbstractContextLoader    : Could not detect default resource locations for test class [com.shop.entity.MemberTest]: no resource found for suffixes {-context.xml, Context.groovy}.
2023-11-07 09:33:32.729  INFO 10456 --- [    Test worker] t.c.s.AnnotationConfigContextLoaderUtils : Could not detect default configuration classes for test class [com.shop.entity.MemberTest]: MemberTest does not declare any static, non-private, non-final, nested classes annotated with @Configuration.
2023-11-07 09:33:32.729  INFO 10456 --- [    Test worker] .b.t.c.SpringBootTestContextBootstrapper : Found @SpringBootConfiguration com.shop.ShopApplication for test class com.shop.entity.MemberTest
2023-11-07 09:33:32.730  INFO 10456 --- [    Test worker] .b.t.c.SpringBootTestContextBootstrapper : Loaded default TestExecutionListener class names from location [META-INF/spring.factories]: [org.springframework.security.test.context.support.WithSecurityContextTestExecutionListener, org.springframework.security.test.context.support.ReactorContextTestExecutionListener, org.springframework.boot.test.autoconfigure.restdocs.RestDocsTestExecutionListener, org.springframework.boot.test.autoconfigure.web.client.MockRestServiceServerResetTestExecutionListener, org.springframework.boot.test.autoconfigure.web.servlet.MockMvcPrintOnlyOnFailureTestExecutionListener, org.springframework.boot.test.autoconfigure.web.servlet.WebDriverTestExecutionListener, org.springframework.boot.test.autoconfigure.webservices.client.MockWebServiceServerTestExecutionListener, org.springframework.boot.test.mock.mockito.MockitoTestExecutionListener, org.springframework.boot.test.mock.mockito.ResetMocksTestExecutionListener, org.springframework.test.context.web.ServletTestExecutionListener, org.springframework.test.context.support.DirtiesContextBeforeModesTestExecutionListener, org.springframework.test.context.event.ApplicationEventsTestExecutionListener, org.springframework.test.context.support.DependencyInjectionTestExecutionListener, org.springframework.test.context.support.DirtiesContextTestExecutionListener, org.springframework.test.context.transaction.TransactionalTestExecutionListener, org.springframework.test.context.jdbc.SqlScriptsTestExecutionListener, org.springframework.test.context.event.EventPublishingTestExecutionListener]
2023-11-07 09:33:32.730  INFO 10456 --- [    Test worker] .b.t.c.SpringBootTestContextBootstrapper : Using TestExecutionListeners: [org.springframework.test.context.web.ServletTestExecutionListener@5677b9e3, org.springframework.test.context.support.DirtiesContextBeforeModesTestExecutionListener@6a6e6278, org.springframework.test.context.event.ApplicationEventsTestExecutionListener@296eda6c, org.springframework.boot.test.mock.mockito.MockitoTestExecutionListener@42c82f73, org.springframework.boot.test.autoconfigure.SpringBootDependencyInjectionTestExecutionListener@291b3e68, org.springframework.test.context.support.DirtiesContextTestExecutionListener@307fe491, org.springframework.test.context.transaction.TransactionalTestExecutionListener@6f9de548, org.springframework.test.context.jdbc.SqlScriptsTestExecutionListener@6c2dec7f, org.springframework.security.test.context.support.WithSecurityContextTestExecutionListener@1c3577ec, org.springframework.test.context.event.EventPublishingTestExecutionListener@53a15397, org.springframework.security.test.context.support.ReactorContextTestExecutionListener@53964b0e, org.springframework.boot.test.autoconfigure.restdocs.RestDocsTestExecutionListener@50db0b17, org.springframework.boot.test.autoconfigure.web.client.MockRestServiceServerResetTestExecutionListener@67668cf7, org.springframework.boot.test.autoconfigure.web.servlet.MockMvcPrintOnlyOnFailureTestExecutionListener@3e024667, org.springframework.boot.test.autoconfigure.web.servlet.WebDriverTestExecutionListener@5fada492, org.springframework.boot.test.autoconfigure.webservices.client.MockWebServiceServerTestExecutionListener@57268fc3, org.springframework.boot.test.mock.mockito.ResetMocksTestExecutionListener@4f4a0e4]
2023-11-07 09:33:32.732  INFO 10456 --- [    Test worker] o.s.t.c.transaction.TransactionContext   : Began transaction (1) for test context [DefaultTestContext@1a5247c8 testClass = MemberTest, testInstance = com.shop.entity.MemberTest@79e98bd6, testMethod = auditingTest@MemberTest, testException = [null], mergedContextConfiguration = [WebMergedContextConfiguration@58bbe78f testClass = MemberTest, locations = '{}', classes = '{class com.shop.ShopApplication}', contextInitializerClasses = '[]', activeProfiles = '{}', propertySourceLocations = '{classpath:application-test.properties}', propertySourceProperties = '{org.springframework.boot.test.context.SpringBootTestContextBootstrapper=true}', contextCustomizers = set[org.springframework.boot.test.autoconfigure.actuate.metrics.MetricsExportContextCustomizerFactory$DisableMetricExportContextCustomizer@51972dc7, org.springframework.boot.test.autoconfigure.properties.PropertyMappingContextCustomizer@0, org.springframework.boot.test.autoconfigure.web.servlet.WebDriverContextCustomizerFactory$Customizer@23fb172e, org.springframework.boot.test.context.filter.ExcludeFilterContextCustomizer@25a6944c, org.springframework.boot.test.json.DuplicateJsonObjectContextCustomizerFactory$DuplicateJsonObjectContextCustomizer@1d131e1b, org.springframework.boot.test.mock.mockito.MockitoContextCustomizer@0, org.springframework.boot.test.web.client.TestRestTemplateContextCustomizer@44e3a2b2, org.springframework.boot.test.context.SpringBootTestArgs@1, org.springframework.boot.test.context.SpringBootTestWebEnvironment@506ae4d4], resourceBasePath = 'src/main/webapp', contextLoader = 'org.springframework.boot.test.context.SpringBootContextLoader', parent = [null]], attributes = map['org.springframework.test.context.web.ServletTestExecutionListener.activateListener' -> true, 'org.springframework.test.context.web.ServletTestExecutionListener.populatedRequestContextHolder' -> true, 'org.springframework.test.context.web.ServletTestExecutionListener.resetRequestContextHolder' -> true, 'org.springframework.test.context.event.ApplicationEventsTestExecutionListener.recordApplicationEvents' -> false]]; transaction manager [org.springframework.orm.jpa.JpaTransactionManager@eaf3dd0]; rollback [true]
Hibernate: 
    call next value for hibernate_sequence
Hibernate: 
    insert 
    into
        member
        (reg_time, update_time, created_by, modified_by, address, email, name, password, role, member_id) 
    values
        (?, ?, ?, ?, ?, ?, ?, ?, ?, ?)
2023-11-07 09:33:32.734 TRACE 10456 --- [    Test worker] o.h.type.descriptor.sql.BasicBinder      : binding parameter [1] as [TIMESTAMP] - [2023-11-07T09:33:32.733463300]
2023-11-07 09:33:32.734 TRACE 10456 --- [    Test worker] o.h.type.descriptor.sql.BasicBinder      : binding parameter [2] as [TIMESTAMP] - [2023-11-07T09:33:32.733463300]
2023-11-07 09:33:32.734 TRACE 10456 --- [    Test worker] o.h.type.descriptor.sql.BasicBinder      : binding parameter [3] as [VARCHAR] - [gildong]
2023-11-07 09:33:32.735 TRACE 10456 --- [    Test worker] o.h.type.descriptor.sql.BasicBinder      : binding parameter [4] as [VARCHAR] - [gildong]
2023-11-07 09:33:32.735 TRACE 10456 --- [    Test worker] o.h.type.descriptor.sql.BasicBinder      : binding parameter [5] as [VARCHAR] - [null]
2023-11-07 09:33:32.735 TRACE 10456 --- [    Test worker] o.h.type.descriptor.sql.BasicBinder      : binding parameter [6] as [VARCHAR] - [null]
2023-11-07 09:33:32.735 TRACE 10456 --- [    Test worker] o.h.type.descriptor.sql.BasicBinder      : binding parameter [7] as [VARCHAR] - [null]
2023-11-07 09:33:32.735 TRACE 10456 --- [    Test worker] o.h.type.descriptor.sql.BasicBinder      : binding parameter [8] as [VARCHAR] - [null]
2023-11-07 09:33:32.735 TRACE 10456 --- [    Test worker] o.h.type.descriptor.sql.BasicBinder      : binding parameter [9] as [VARCHAR] - [null]
2023-11-07 09:33:32.735 TRACE 10456 --- [    Test worker] o.h.type.descriptor.sql.BasicBinder      : binding parameter [10] as [BIGINT] - [5]
Hibernate: 
    select
        member0_.member_id as member_i1_4_0_,
        member0_.reg_time as reg_time2_4_0_,
        member0_.update_time as update_t3_4_0_,
        member0_.created_by as created_4_4_0_,
        member0_.modified_by as modified5_4_0_,
        member0_.address as address6_4_0_,
        member0_.email as email7_4_0_,
        member0_.name as name8_4_0_,
        member0_.password as password9_4_0_,
        member0_.role as role10_4_0_ 
    from
        member member0_ 
    where
        member0_.member_id=?
2023-11-07 09:33:32.736 TRACE 10456 --- [    Test worker] o.h.type.descriptor.sql.BasicBinder      : binding parameter [1] as [BIGINT] - [5]
2023-11-07 09:33:32.736 TRACE 10456 --- [    Test worker] o.h.type.descriptor.sql.BasicExtractor   : extracted value ([reg_time2_4_0_] : [TIMESTAMP]) - [2023-11-07T09:33:32.733463]
2023-11-07 09:33:32.736 TRACE 10456 --- [    Test worker] o.h.type.descriptor.sql.BasicExtractor   : extracted value ([update_t3_4_0_] : [TIMESTAMP]) - [2023-11-07T09:33:32.733463]
2023-11-07 09:33:32.736 TRACE 10456 --- [    Test worker] o.h.type.descriptor.sql.BasicExtractor   : extracted value ([created_4_4_0_] : [VARCHAR]) - [gildong]
2023-11-07 09:33:32.736 TRACE 10456 --- [    Test worker] o.h.type.descriptor.sql.BasicExtractor   : extracted value ([modified5_4_0_] : [VARCHAR]) - [gildong]
2023-11-07 09:33:32.737 TRACE 10456 --- [    Test worker] o.h.type.descriptor.sql.BasicExtractor   : extracted value ([address6_4_0_] : [VARCHAR]) - [null]
2023-11-07 09:33:32.737 TRACE 10456 --- [    Test worker] o.h.type.descriptor.sql.BasicExtractor   : extracted value ([email7_4_0_] : [VARCHAR]) - [null]
2023-11-07 09:33:32.737 TRACE 10456 --- [    Test worker] o.h.type.descriptor.sql.BasicExtractor   : extracted value ([name8_4_0_] : [VARCHAR]) - [null]
2023-11-07 09:33:32.737 TRACE 10456 --- [    Test worker] o.h.type.descriptor.sql.BasicExtractor   : extracted value ([password9_4_0_] : [VARCHAR]) - [null]
2023-11-07 09:33:32.737 TRACE 10456 --- [    Test worker] o.h.type.descriptor.sql.BasicExtractor   : extracted value ([role10_4_0_] : [VARCHAR]) - [null]
register time : 2023-11-07T09:33:32.733463
update time : 2023-11-07T09:33:32.733463
create member : gildong
modify member : gildong
2023-11-07 09:33:32.739  INFO 10456 --- [    Test worker] o.s.t.c.transaction.TransactionContext   : Rolled back transaction for test: [DefaultTestContext@1a5247c8 testClass = MemberTest, testInstance = com.shop.entity.MemberTest@79e98bd6, testMethod = auditingTest@MemberTest, testException = [null], mergedContextConfiguration = [WebMergedContextConfiguration@58bbe78f testClass = MemberTest, locations = '{}', classes = '{class com.shop.ShopApplication}', contextInitializerClasses = '[]', activeProfiles = '{}', propertySourceLocations = '{classpath:application-test.properties}', propertySourceProperties = '{org.springframework.boot.test.context.SpringBootTestContextBootstrapper=true}', contextCustomizers = set[org.springframework.boot.test.autoconfigure.actuate.metrics.MetricsExportContextCustomizerFactory$DisableMetricExportContextCustomizer@51972dc7, org.springframework.boot.test.autoconfigure.properties.PropertyMappingContextCustomizer@0, org.springframework.boot.test.autoconfigure.web.servlet.WebDriverContextCustomizerFactory$Customizer@23fb172e, org.springframework.boot.test.context.filter.ExcludeFilterContextCustomizer@25a6944c, org.springframework.boot.test.json.DuplicateJsonObjectContextCustomizerFactory$DuplicateJsonObjectContextCustomizer@1d131e1b, org.springframework.boot.test.mock.mockito.MockitoContextCustomizer@0, org.springframework.boot.test.web.client.TestRestTemplateContextCustomizer@44e3a2b2, org.springframework.boot.test.context.SpringBootTestArgs@1, org.springframework.boot.test.context.SpringBootTestWebEnvironment@506ae4d4], resourceBasePath = 'src/main/webapp', contextLoader = 'org.springframework.boot.test.context.SpringBootContextLoader', parent = [null]], attributes = map['org.springframework.test.context.web.ServletTestExecutionListener.activateListener' -> true, 'org.springframework.test.context.web.ServletTestExecutionListener.populatedRequestContextHolder' -> true, 'org.springframework.test.context.web.ServletTestExecutionListener.resetRequestContextHolder' -> true, 'org.springframework.test.context.event.ApplicationEventsTestExecutionListener.recordApplicationEvents' -> false]]
]]></system-out>
  <system-err><![CDATA[]]></system-err>
</testsuite>
