<?xml version="1.0" encoding="UTF-8"?>
<testsuite name="com.shop.ShopApplicationTests" tests="1" skipped="0" failures="0" errors="0" timestamp="2023-11-07T00:33:30" hostname="FULL8-000" time="0.004">
  <properties/>
  <testcase name="contextLoads()" classname="com.shop.ShopApplicationTests" time="0.004"/>
  <system-out><![CDATA[2023-11-07 09:33:29.309  INFO 10456 --- [    Test worker] .b.t.c.SpringBootTestContextBootstrapper : Neither @ContextConfiguration nor @ContextHierarchy found for test class [com.shop.ShopApplicationTests], using SpringBootContextLoader
2023-11-07 09:33:29.310  INFO 10456 --- [    Test worker] o.s.t.c.support.AbstractContextLoader    : Could not detect default resource locations for test class [com.shop.ShopApplicationTests]: no resource found for suffixes {-context.xml, Context.groovy}.
2023-11-07 09:33:29.310  INFO 10456 --- [    Test worker] t.c.s.AnnotationConfigContextLoaderUtils : Could not detect default configuration classes for test class [com.shop.ShopApplicationTests]: ShopApplicationTests does not declare any static, non-private, non-final, nested classes annotated with @Configuration.
2023-11-07 09:33:29.313  INFO 10456 --- [    Test worker] .b.t.c.SpringBootTestContextBootstrapper : Found @SpringBootConfiguration com.shop.ShopApplication for test class com.shop.ShopApplicationTests
2023-11-07 09:33:29.315  INFO 10456 --- [    Test worker] .b.t.c.SpringBootTestContextBootstrapper : Loaded default TestExecutionListener class names from location [META-INF/spring.factories]: [org.springframework.security.test.context.support.WithSecurityContextTestExecutionListener, org.springframework.security.test.context.support.ReactorContextTestExecutionListener, org.springframework.boot.test.autoconfigure.restdocs.RestDocsTestExecutionListener, org.springframework.boot.test.autoconfigure.web.client.MockRestServiceServerResetTestExecutionListener, org.springframework.boot.test.autoconfigure.web.servlet.MockMvcPrintOnlyOnFailureTestExecutionListener, org.springframework.boot.test.autoconfigure.web.servlet.WebDriverTestExecutionListener, org.springframework.boot.test.autoconfigure.webservices.client.MockWebServiceServerTestExecutionListener, org.springframework.boot.test.mock.mockito.MockitoTestExecutionListener, org.springframework.boot.test.mock.mockito.ResetMocksTestExecutionListener, org.springframework.test.context.web.ServletTestExecutionListener, org.springframework.test.context.support.DirtiesContextBeforeModesTestExecutionListener, org.springframework.test.context.event.ApplicationEventsTestExecutionListener, org.springframework.test.context.support.DependencyInjectionTestExecutionListener, org.springframework.test.context.support.DirtiesContextTestExecutionListener, org.springframework.test.context.transaction.TransactionalTestExecutionListener, org.springframework.test.context.jdbc.SqlScriptsTestExecutionListener, org.springframework.test.context.event.EventPublishingTestExecutionListener]
2023-11-07 09:33:29.315  INFO 10456 --- [    Test worker] .b.t.c.SpringBootTestContextBootstrapper : Using TestExecutionListeners: [org.springframework.test.context.web.ServletTestExecutionListener@4756c8f3, org.springframework.test.context.support.DirtiesContextBeforeModesTestExecutionListener@3cc9bde9, org.springframework.test.context.event.ApplicationEventsTestExecutionListener@75bbeb89, org.springframework.boot.test.mock.mockito.MockitoTestExecutionListener@197bf5ef, org.springframework.boot.test.autoconfigure.SpringBootDependencyInjectionTestExecutionListener@681ba763, org.springframework.test.context.support.DirtiesContextTestExecutionListener@19cc697c, org.springframework.test.context.transaction.TransactionalTestExecutionListener@33012e6f, org.springframework.test.context.jdbc.SqlScriptsTestExecutionListener@7593716d, org.springframework.security.test.context.support.WithSecurityContextTestExecutionListener@4086e003, org.springframework.test.context.event.EventPublishingTestExecutionListener@3a7be6e6, org.springframework.security.test.context.support.ReactorContextTestExecutionListener@33c590, org.springframework.boot.test.autoconfigure.restdocs.RestDocsTestExecutionListener@6ec5c4e2, org.springframework.boot.test.autoconfigure.web.client.MockRestServiceServerResetTestExecutionListener@1934a7c1, org.springframework.boot.test.autoconfigure.web.servlet.MockMvcPrintOnlyOnFailureTestExecutionListener@7c9d2ed7, org.springframework.boot.test.autoconfigure.web.servlet.WebDriverTestExecutionListener@621c7b91, org.springframework.boot.test.autoconfigure.webservices.client.MockWebServiceServerTestExecutionListener@223e51e4, org.springframework.boot.test.mock.mockito.ResetMocksTestExecutionListener@1e08f0cd]

  .   ____          _            __ _ _
 /\\ / ___'_ __ _ _(_)_ __  __ _ \ \ \ \
( ( )\___ | '_ | '_| | '_ \/ _` | \ \ \ \
 \\/  ___)| |_)| | | | | || (_| |  ) ) ) )
  '  |____| .__|_| |_|_| |_\__, | / / / /
 =========|_|==============|___/=/_/_/_/
 :: Spring Boot ::                (v2.7.1)

2023-11-07 09:33:29.334  INFO 10456 --- [    Test worker] com.shop.ShopApplicationTests            : Starting ShopApplicationTests using Java 17.0.7 on FULL8-000 with PID 10456 (started by user in D:\kim\pro05\pro05_2)
2023-11-07 09:33:29.334  INFO 10456 --- [    Test worker] com.shop.ShopApplicationTests            : No active profile set, falling back to 1 default profile: "default"
2023-11-07 09:33:29.460  INFO 10456 --- [    Test worker] .s.d.r.c.RepositoryConfigurationDelegate : Bootstrapping Spring Data JPA repositories in DEFAULT mode.
2023-11-07 09:33:29.476  INFO 10456 --- [    Test worker] .s.d.r.c.RepositoryConfigurationDelegate : Finished Spring Data repository scanning in 16 ms. Found 7 JPA repository interfaces.
2023-11-07 09:33:29.587  INFO 10456 --- [    Test worker] o.hibernate.jpa.internal.util.LogHelper  : HHH000204: Processing PersistenceUnitInfo [name: default]
2023-11-07 09:33:29.591  INFO 10456 --- [    Test worker] com.zaxxer.hikari.HikariDataSource       : HikariPool-2 - Starting...
2023-11-07 09:33:29.687  INFO 10456 --- [    Test worker] com.zaxxer.hikari.HikariDataSource       : HikariPool-2 - Start completed.
2023-11-07 09:33:29.693  INFO 10456 --- [    Test worker] org.hibernate.dialect.Dialect            : HHH000400: Using dialect: org.hibernate.dialect.MariaDB103Dialect
2023-11-07 09:33:29.872  INFO 10456 --- [    Test worker] o.h.e.t.j.p.i.JtaPlatformInitiator       : HHH000490: Using JtaPlatform implementation: [org.hibernate.engine.transaction.jta.platform.internal.NoJtaPlatform]
2023-11-07 09:33:29.873  INFO 10456 --- [    Test worker] j.LocalContainerEntityManagerFactoryBean : Initialized JPA EntityManagerFactory for persistence unit 'default'
2023-11-07 09:33:30.057  WARN 10456 --- [    Test worker] JpaBaseConfiguration$JpaWebConfiguration : spring.jpa.open-in-view is enabled by default. Therefore, database queries may be performed during view rendering. Explicitly configure spring.jpa.open-in-view to disable this warning
2023-11-07 09:33:30.198  INFO 10456 --- [    Test worker] o.s.s.web.DefaultSecurityFilterChain     : Will secure any request with [org.springframework.security.web.session.DisableEncodeUrlFilter@5b3c491e, org.springframework.security.web.context.request.async.WebAsyncManagerIntegrationFilter@44c141ce, org.springframework.security.web.context.SecurityContextPersistenceFilter@222ebd21, org.springframework.security.web.header.HeaderWriterFilter@572c50b6, org.springframework.security.web.csrf.CsrfFilter@ac3739d, org.springframework.security.web.authentication.logout.LogoutFilter@76e14208, org.springframework.security.web.authentication.UsernamePasswordAuthenticationFilter@6809a461, org.springframework.security.web.savedrequest.RequestCacheAwareFilter@24c7563b, org.springframework.security.web.servletapi.SecurityContextHolderAwareRequestFilter@115b0bf5, org.springframework.security.web.authentication.AnonymousAuthenticationFilter@67dc8aa8, org.springframework.security.web.session.SessionManagementFilter@33606f4b, org.springframework.security.web.access.ExceptionTranslationFilter@6dad684f, org.springframework.security.web.access.intercept.FilterSecurityInterceptor@55aadbf2]
2023-11-07 09:33:30.451  INFO 10456 --- [    Test worker] com.shop.ShopApplicationTests            : Started ShopApplicationTests in 1.133 seconds (JVM running for 7.029)
]]></system-out>
  <system-err><![CDATA[]]></system-err>
</testsuite>
